ARM GAS  C:\Users\wl\AppData\Local\Temp\ccbeLiw0.s 			page 1


   1              		.syntax unified
   2              		.cpu cortex-m0
   3              		.fpu softvfp
   4              		.eabi_attribute 20, 1
   5              		.eabi_attribute 21, 1
   6              		.eabi_attribute 23, 3
   7              		.eabi_attribute 24, 1
   8              		.eabi_attribute 25, 1
   9              		.eabi_attribute 26, 1
  10              		.eabi_attribute 30, 1
  11              		.eabi_attribute 34, 0
  12              		.eabi_attribute 18, 4
  13              		.thumb
  14              		.syntax unified
  15              		.file	"cyfitter_cfg.c"
  16              		.text
  17              	.Ltext0:
  18              		.cfi_sections	.debug_frame
  19              		.section	.text.cfg_write_bytes32,"ax",%progbits
  20              		.align	2
  21              		.code	16
  22              		.thumb_func
  23              		.type	cfg_write_bytes32, %function
  24              	cfg_write_bytes32:
  25              	.LFB5:
  26              		.file 1 "Generated_Source\\PSoC4\\cyfitter_cfg.c"
   1:Generated_Source\PSoC4/cyfitter_cfg.c **** 
   2:Generated_Source\PSoC4/cyfitter_cfg.c **** /*******************************************************************************
   3:Generated_Source\PSoC4/cyfitter_cfg.c **** * File Name: cyfitter_cfg.c
   4:Generated_Source\PSoC4/cyfitter_cfg.c **** * 
   5:Generated_Source\PSoC4/cyfitter_cfg.c **** * PSoC Creator  4.2
   6:Generated_Source\PSoC4/cyfitter_cfg.c **** *
   7:Generated_Source\PSoC4/cyfitter_cfg.c **** * Description:
   8:Generated_Source\PSoC4/cyfitter_cfg.c **** * This file contains device initialization code.
   9:Generated_Source\PSoC4/cyfitter_cfg.c **** * Except for the user defined sections in CyClockStartupError(), this file should not be modified.
  10:Generated_Source\PSoC4/cyfitter_cfg.c **** * This file is automatically generated by PSoC Creator.
  11:Generated_Source\PSoC4/cyfitter_cfg.c **** *
  12:Generated_Source\PSoC4/cyfitter_cfg.c **** ********************************************************************************
  13:Generated_Source\PSoC4/cyfitter_cfg.c **** * Copyright (c) 2007-2018 Cypress Semiconductor.  All rights reserved.
  14:Generated_Source\PSoC4/cyfitter_cfg.c **** * You may use this file only in accordance with the license, terms, conditions, 
  15:Generated_Source\PSoC4/cyfitter_cfg.c **** * disclaimers, and limitations in the end user license agreement accompanying 
  16:Generated_Source\PSoC4/cyfitter_cfg.c **** * the software package with which this file was provided.
  17:Generated_Source\PSoC4/cyfitter_cfg.c **** ********************************************************************************/
  18:Generated_Source\PSoC4/cyfitter_cfg.c **** 
  19:Generated_Source\PSoC4/cyfitter_cfg.c **** #include <string.h>
  20:Generated_Source\PSoC4/cyfitter_cfg.c **** #include "cytypes.h"
  21:Generated_Source\PSoC4/cyfitter_cfg.c **** #include "cydevice_trm.h"
  22:Generated_Source\PSoC4/cyfitter_cfg.c **** #include "cyfitter.h"
  23:Generated_Source\PSoC4/cyfitter_cfg.c **** #include "CyLib.h"
  24:Generated_Source\PSoC4/cyfitter_cfg.c **** #include "CyLFClk.h"
  25:Generated_Source\PSoC4/cyfitter_cfg.c **** #include "cyfitter_cfg.h"
  26:Generated_Source\PSoC4/cyfitter_cfg.c **** #include "cyapicallbacks.h"
  27:Generated_Source\PSoC4/cyfitter_cfg.c **** 
  28:Generated_Source\PSoC4/cyfitter_cfg.c **** 
  29:Generated_Source\PSoC4/cyfitter_cfg.c **** #if defined(__GNUC__) || defined(__ARMCC_VERSION)
  30:Generated_Source\PSoC4/cyfitter_cfg.c ****     #define CYPACKED 
  31:Generated_Source\PSoC4/cyfitter_cfg.c ****     #define CYPACKED_ATTR __attribute__ ((packed))
ARM GAS  C:\Users\wl\AppData\Local\Temp\ccbeLiw0.s 			page 2


  32:Generated_Source\PSoC4/cyfitter_cfg.c ****     #define CYALIGNED __attribute__ ((aligned))
  33:Generated_Source\PSoC4/cyfitter_cfg.c ****     #define CY_CFG_UNUSED __attribute__ ((unused))
  34:Generated_Source\PSoC4/cyfitter_cfg.c ****     #ifndef CY_CFG_SECTION
  35:Generated_Source\PSoC4/cyfitter_cfg.c ****         #define CY_CFG_SECTION __attribute__ ((section(".psocinit")))
  36:Generated_Source\PSoC4/cyfitter_cfg.c ****     #endif
  37:Generated_Source\PSoC4/cyfitter_cfg.c ****     
  38:Generated_Source\PSoC4/cyfitter_cfg.c ****     #if defined(__ARMCC_VERSION)
  39:Generated_Source\PSoC4/cyfitter_cfg.c ****         #define CY_CFG_MEMORY_BARRIER() __memory_changed()
  40:Generated_Source\PSoC4/cyfitter_cfg.c ****     #else
  41:Generated_Source\PSoC4/cyfitter_cfg.c ****         #define CY_CFG_MEMORY_BARRIER() __sync_synchronize()
  42:Generated_Source\PSoC4/cyfitter_cfg.c ****     #endif
  43:Generated_Source\PSoC4/cyfitter_cfg.c ****     
  44:Generated_Source\PSoC4/cyfitter_cfg.c **** #elif defined(__ICCARM__)
  45:Generated_Source\PSoC4/cyfitter_cfg.c ****     #include <intrinsics.h>
  46:Generated_Source\PSoC4/cyfitter_cfg.c **** 
  47:Generated_Source\PSoC4/cyfitter_cfg.c ****     #define CYPACKED __packed
  48:Generated_Source\PSoC4/cyfitter_cfg.c ****     #define CYPACKED_ATTR 
  49:Generated_Source\PSoC4/cyfitter_cfg.c ****     #define CYALIGNED _Pragma("data_alignment=4")
  50:Generated_Source\PSoC4/cyfitter_cfg.c ****     #define CY_CFG_UNUSED _Pragma("diag_suppress=Pe177")
  51:Generated_Source\PSoC4/cyfitter_cfg.c ****     #define CY_CFG_SECTION _Pragma("location=\".psocinit\"")
  52:Generated_Source\PSoC4/cyfitter_cfg.c ****     
  53:Generated_Source\PSoC4/cyfitter_cfg.c ****     #define CY_CFG_MEMORY_BARRIER() __DMB()
  54:Generated_Source\PSoC4/cyfitter_cfg.c ****     
  55:Generated_Source\PSoC4/cyfitter_cfg.c **** #else
  56:Generated_Source\PSoC4/cyfitter_cfg.c ****     #error Unsupported toolchain
  57:Generated_Source\PSoC4/cyfitter_cfg.c **** #endif
  58:Generated_Source\PSoC4/cyfitter_cfg.c **** 
  59:Generated_Source\PSoC4/cyfitter_cfg.c **** #ifndef CYCODE
  60:Generated_Source\PSoC4/cyfitter_cfg.c ****     #define CYCODE
  61:Generated_Source\PSoC4/cyfitter_cfg.c **** #endif
  62:Generated_Source\PSoC4/cyfitter_cfg.c **** #ifndef CYDATA
  63:Generated_Source\PSoC4/cyfitter_cfg.c ****     #define CYDATA
  64:Generated_Source\PSoC4/cyfitter_cfg.c **** #endif
  65:Generated_Source\PSoC4/cyfitter_cfg.c **** #ifndef CYFAR
  66:Generated_Source\PSoC4/cyfitter_cfg.c ****     #define CYFAR
  67:Generated_Source\PSoC4/cyfitter_cfg.c **** #endif
  68:Generated_Source\PSoC4/cyfitter_cfg.c **** #ifndef CYXDATA
  69:Generated_Source\PSoC4/cyfitter_cfg.c ****     #define CYXDATA
  70:Generated_Source\PSoC4/cyfitter_cfg.c **** #endif
  71:Generated_Source\PSoC4/cyfitter_cfg.c **** 
  72:Generated_Source\PSoC4/cyfitter_cfg.c **** 
  73:Generated_Source\PSoC4/cyfitter_cfg.c **** CY_CFG_UNUSED
  74:Generated_Source\PSoC4/cyfitter_cfg.c **** static void CYMEMZERO(void *s, size_t n);
  75:Generated_Source\PSoC4/cyfitter_cfg.c **** CY_CFG_UNUSED
  76:Generated_Source\PSoC4/cyfitter_cfg.c **** static void CYMEMZERO(void *s, size_t n)
  77:Generated_Source\PSoC4/cyfitter_cfg.c **** {
  78:Generated_Source\PSoC4/cyfitter_cfg.c **** 	(void)memset(s, 0, n);
  79:Generated_Source\PSoC4/cyfitter_cfg.c **** }
  80:Generated_Source\PSoC4/cyfitter_cfg.c **** CY_CFG_UNUSED
  81:Generated_Source\PSoC4/cyfitter_cfg.c **** static void CYCONFIGCPY(void *dest, const void *src, size_t n);
  82:Generated_Source\PSoC4/cyfitter_cfg.c **** CY_CFG_UNUSED
  83:Generated_Source\PSoC4/cyfitter_cfg.c **** static void CYCONFIGCPY(void *dest, const void *src, size_t n)
  84:Generated_Source\PSoC4/cyfitter_cfg.c **** {
  85:Generated_Source\PSoC4/cyfitter_cfg.c **** 	(void)memcpy(dest, src, n);
  86:Generated_Source\PSoC4/cyfitter_cfg.c **** }
  87:Generated_Source\PSoC4/cyfitter_cfg.c **** CY_CFG_UNUSED
  88:Generated_Source\PSoC4/cyfitter_cfg.c **** static void CYCONFIGCPYCODE(void *dest, const void *src, size_t n);
ARM GAS  C:\Users\wl\AppData\Local\Temp\ccbeLiw0.s 			page 3


  89:Generated_Source\PSoC4/cyfitter_cfg.c **** CY_CFG_UNUSED
  90:Generated_Source\PSoC4/cyfitter_cfg.c **** static void CYCONFIGCPYCODE(void *dest, const void *src, size_t n)
  91:Generated_Source\PSoC4/cyfitter_cfg.c **** {
  92:Generated_Source\PSoC4/cyfitter_cfg.c **** 	(void)memcpy(dest, src, n);
  93:Generated_Source\PSoC4/cyfitter_cfg.c **** }
  94:Generated_Source\PSoC4/cyfitter_cfg.c **** 
  95:Generated_Source\PSoC4/cyfitter_cfg.c **** 
  96:Generated_Source\PSoC4/cyfitter_cfg.c **** 
  97:Generated_Source\PSoC4/cyfitter_cfg.c **** 
  98:Generated_Source\PSoC4/cyfitter_cfg.c **** /* Clock startup error codes                                                   */
  99:Generated_Source\PSoC4/cyfitter_cfg.c **** #define CYCLOCKSTART_NO_ERROR    0u
 100:Generated_Source\PSoC4/cyfitter_cfg.c **** #define CYCLOCKSTART_XTAL_ERROR  1u
 101:Generated_Source\PSoC4/cyfitter_cfg.c **** #define CYCLOCKSTART_32KHZ_ERROR 2u
 102:Generated_Source\PSoC4/cyfitter_cfg.c **** #define CYCLOCKSTART_PLL_ERROR   3u
 103:Generated_Source\PSoC4/cyfitter_cfg.c **** #define CYCLOCKSTART_FLL_ERROR   4u
 104:Generated_Source\PSoC4/cyfitter_cfg.c **** #define CYCLOCKSTART_WCO_ERROR   5u
 105:Generated_Source\PSoC4/cyfitter_cfg.c **** 
 106:Generated_Source\PSoC4/cyfitter_cfg.c **** 
 107:Generated_Source\PSoC4/cyfitter_cfg.c **** #ifdef CY_NEED_CYCLOCKSTARTUPERROR
 108:Generated_Source\PSoC4/cyfitter_cfg.c **** /*******************************************************************************
 109:Generated_Source\PSoC4/cyfitter_cfg.c **** * Function Name: CyClockStartupError
 110:Generated_Source\PSoC4/cyfitter_cfg.c **** ********************************************************************************
 111:Generated_Source\PSoC4/cyfitter_cfg.c **** * Summary:
 112:Generated_Source\PSoC4/cyfitter_cfg.c **** *  If an error is encountered during clock configuration (crystal startup error,
 113:Generated_Source\PSoC4/cyfitter_cfg.c **** *  PLL lock error, etc.), the system will end up here.  Unless reimplemented by
 114:Generated_Source\PSoC4/cyfitter_cfg.c **** *  the customer, this function will stop in an infinite loop.
 115:Generated_Source\PSoC4/cyfitter_cfg.c **** *
 116:Generated_Source\PSoC4/cyfitter_cfg.c **** * Parameters:
 117:Generated_Source\PSoC4/cyfitter_cfg.c **** *   void
 118:Generated_Source\PSoC4/cyfitter_cfg.c **** *
 119:Generated_Source\PSoC4/cyfitter_cfg.c **** * Return:
 120:Generated_Source\PSoC4/cyfitter_cfg.c **** *   void
 121:Generated_Source\PSoC4/cyfitter_cfg.c **** *
 122:Generated_Source\PSoC4/cyfitter_cfg.c **** *******************************************************************************/
 123:Generated_Source\PSoC4/cyfitter_cfg.c **** CY_CFG_UNUSED
 124:Generated_Source\PSoC4/cyfitter_cfg.c **** static void CyClockStartupError(uint8 errorCode);
 125:Generated_Source\PSoC4/cyfitter_cfg.c **** CY_CFG_UNUSED
 126:Generated_Source\PSoC4/cyfitter_cfg.c **** static void CyClockStartupError(uint8 errorCode)
 127:Generated_Source\PSoC4/cyfitter_cfg.c **** {
 128:Generated_Source\PSoC4/cyfitter_cfg.c ****     /* To remove the compiler warning if errorCode not used.                */
 129:Generated_Source\PSoC4/cyfitter_cfg.c ****     errorCode = errorCode;
 130:Generated_Source\PSoC4/cyfitter_cfg.c **** 
 131:Generated_Source\PSoC4/cyfitter_cfg.c ****     /* If we have a clock startup error (bad MHz crystal, PLL lock, etc.),  */
 132:Generated_Source\PSoC4/cyfitter_cfg.c ****     /* we will end up here to allow the customer to implement something to  */
 133:Generated_Source\PSoC4/cyfitter_cfg.c ****     /* deal with the clock condition.                                       */
 134:Generated_Source\PSoC4/cyfitter_cfg.c **** 
 135:Generated_Source\PSoC4/cyfitter_cfg.c **** #ifdef CY_CFG_CLOCK_STARTUP_ERROR_CALLBACK
 136:Generated_Source\PSoC4/cyfitter_cfg.c ****     CY_CFG_Clock_Startup_ErrorCallback();
 137:Generated_Source\PSoC4/cyfitter_cfg.c **** #else
 138:Generated_Source\PSoC4/cyfitter_cfg.c ****     /*  If not using CY_CFG_CLOCK_STARTUP_ERROR_CALLBACK, place your clock startup code here. */
 139:Generated_Source\PSoC4/cyfitter_cfg.c ****     /* `#START CyClockStartupError` */
 140:Generated_Source\PSoC4/cyfitter_cfg.c **** 
 141:Generated_Source\PSoC4/cyfitter_cfg.c **** 
 142:Generated_Source\PSoC4/cyfitter_cfg.c **** 
 143:Generated_Source\PSoC4/cyfitter_cfg.c ****     /* `#END` */
 144:Generated_Source\PSoC4/cyfitter_cfg.c **** 
 145:Generated_Source\PSoC4/cyfitter_cfg.c ****     while(1) {}
ARM GAS  C:\Users\wl\AppData\Local\Temp\ccbeLiw0.s 			page 4


 146:Generated_Source\PSoC4/cyfitter_cfg.c **** #endif /* CY_CFG_CLOCK_STARTUP_ERROR_CALLBACK */
 147:Generated_Source\PSoC4/cyfitter_cfg.c **** }
 148:Generated_Source\PSoC4/cyfitter_cfg.c **** #endif
 149:Generated_Source\PSoC4/cyfitter_cfg.c **** 
 150:Generated_Source\PSoC4/cyfitter_cfg.c **** #define CY_CFG_BASE_ADDR_COUNT 5u
 151:Generated_Source\PSoC4/cyfitter_cfg.c **** CYPACKED typedef struct
 152:Generated_Source\PSoC4/cyfitter_cfg.c **** {
 153:Generated_Source\PSoC4/cyfitter_cfg.c **** 	uint8 offset;
 154:Generated_Source\PSoC4/cyfitter_cfg.c **** 	uint8 value;
 155:Generated_Source\PSoC4/cyfitter_cfg.c **** } CYPACKED_ATTR cy_cfg_addrvalue_t;
 156:Generated_Source\PSoC4/cyfitter_cfg.c **** 
 157:Generated_Source\PSoC4/cyfitter_cfg.c **** 
 158:Generated_Source\PSoC4/cyfitter_cfg.c **** 
 159:Generated_Source\PSoC4/cyfitter_cfg.c **** /*******************************************************************************
 160:Generated_Source\PSoC4/cyfitter_cfg.c **** * Function Name: cfg_write_bytes32
 161:Generated_Source\PSoC4/cyfitter_cfg.c **** ********************************************************************************
 162:Generated_Source\PSoC4/cyfitter_cfg.c **** * Summary:
 163:Generated_Source\PSoC4/cyfitter_cfg.c **** *  This function is used for setting up the chip configuration areas that
 164:Generated_Source\PSoC4/cyfitter_cfg.c **** *  contain relatively sparse data.
 165:Generated_Source\PSoC4/cyfitter_cfg.c **** *
 166:Generated_Source\PSoC4/cyfitter_cfg.c **** * Parameters:
 167:Generated_Source\PSoC4/cyfitter_cfg.c **** *   void
 168:Generated_Source\PSoC4/cyfitter_cfg.c **** *
 169:Generated_Source\PSoC4/cyfitter_cfg.c **** * Return:
 170:Generated_Source\PSoC4/cyfitter_cfg.c **** *   void
 171:Generated_Source\PSoC4/cyfitter_cfg.c **** *
 172:Generated_Source\PSoC4/cyfitter_cfg.c **** *******************************************************************************/
 173:Generated_Source\PSoC4/cyfitter_cfg.c **** static void cfg_write_bytes32(const uint32 addr_table[], const cy_cfg_addrvalue_t data_table[]);
 174:Generated_Source\PSoC4/cyfitter_cfg.c **** static void cfg_write_bytes32(const uint32 addr_table[], const cy_cfg_addrvalue_t data_table[])
 175:Generated_Source\PSoC4/cyfitter_cfg.c **** {
  27              		.loc 1 175 0
  28              		.cfi_startproc
  29              		@ args = 0, pretend = 0, frame = 0
  30              		@ frame_needed = 0, uses_anonymous_args = 0
  31              	.LVL0:
  32 0000 F0B5     		push	{r4, r5, r6, r7, lr}
  33              		.cfi_def_cfa_offset 20
  34              		.cfi_offset 4, -20
  35              		.cfi_offset 5, -16
  36              		.cfi_offset 6, -12
  37              		.cfi_offset 7, -8
  38              		.cfi_offset 14, -4
  39              	.LVL1:
 176:Generated_Source\PSoC4/cyfitter_cfg.c **** 	/* For 32-bit little-endian architectures */
 177:Generated_Source\PSoC4/cyfitter_cfg.c **** 	uint32 i, j = 0u;
  40              		.loc 1 177 0
  41 0002 0025     		movs	r5, #0
 178:Generated_Source\PSoC4/cyfitter_cfg.c **** 	for (i = 0u; i < CY_CFG_BASE_ADDR_COUNT; i++)
  42              		.loc 1 178 0
  43 0004 0027     		movs	r7, #0
  44 0006 11E0     		b	.L2
  45              	.LVL2:
  46              	.L5:
  47              	.LBB2:
 179:Generated_Source\PSoC4/cyfitter_cfg.c **** 	{
 180:Generated_Source\PSoC4/cyfitter_cfg.c **** 		uint32 baseAddr = addr_table[i];
  48              		.loc 1 180 0
ARM GAS  C:\Users\wl\AppData\Local\Temp\ccbeLiw0.s 			page 5


  49 0008 BB00     		lsls	r3, r7, #2
  50 000a C658     		ldr	r6, [r0, r3]
  51              	.LVL3:
 181:Generated_Source\PSoC4/cyfitter_cfg.c **** 		uint8 count = (uint8)baseAddr;
  52              		.loc 1 181 0
  53 000c F3B2     		uxtb	r3, r6
  54              	.LVL4:
 182:Generated_Source\PSoC4/cyfitter_cfg.c **** 		baseAddr &= 0xFFFFFF00u;
  55              		.loc 1 182 0
  56 000e FF22     		movs	r2, #255
  57 0010 9643     		bics	r6, r2
  58              	.LVL5:
 183:Generated_Source\PSoC4/cyfitter_cfg.c **** 		while (count != 0u)
  59              		.loc 1 183 0
  60 0012 08E0     		b	.L3
  61              	.L4:
 184:Generated_Source\PSoC4/cyfitter_cfg.c **** 		{
 185:Generated_Source\PSoC4/cyfitter_cfg.c **** 			CY_SET_REG8((void *)(baseAddr + data_table[j].offset), data_table[j].value);
  62              		.loc 1 185 0
  63 0014 6A00     		lsls	r2, r5, #1
  64 0016 8A18     		adds	r2, r1, r2
  65 0018 1478     		ldrb	r4, [r2]
  66 001a A419     		adds	r4, r4, r6
  67 001c 5278     		ldrb	r2, [r2, #1]
  68 001e 2270     		strb	r2, [r4]
 186:Generated_Source\PSoC4/cyfitter_cfg.c **** 			j++;
  69              		.loc 1 186 0
  70 0020 0135     		adds	r5, r5, #1
  71              	.LVL6:
 187:Generated_Source\PSoC4/cyfitter_cfg.c **** 			count--;
  72              		.loc 1 187 0
  73 0022 013B     		subs	r3, r3, #1
  74              	.LVL7:
  75 0024 DBB2     		uxtb	r3, r3
  76              	.LVL8:
  77              	.L3:
 183:Generated_Source\PSoC4/cyfitter_cfg.c **** 		{
  78              		.loc 1 183 0
  79 0026 002B     		cmp	r3, #0
  80 0028 F4D1     		bne	.L4
  81              	.LBE2:
 178:Generated_Source\PSoC4/cyfitter_cfg.c **** 	{
  82              		.loc 1 178 0 discriminator 2
  83 002a 0137     		adds	r7, r7, #1
  84              	.LVL9:
  85              	.L2:
 178:Generated_Source\PSoC4/cyfitter_cfg.c **** 	{
  86              		.loc 1 178 0 is_stmt 0 discriminator 1
  87 002c 042F     		cmp	r7, #4
  88 002e EBD9     		bls	.L5
 188:Generated_Source\PSoC4/cyfitter_cfg.c **** 		}
 189:Generated_Source\PSoC4/cyfitter_cfg.c **** 	}
 190:Generated_Source\PSoC4/cyfitter_cfg.c **** }
  89              		.loc 1 190 0 is_stmt 1
  90              		@ sp needed
  91              	.LVL10:
  92              	.LVL11:
ARM GAS  C:\Users\wl\AppData\Local\Temp\ccbeLiw0.s 			page 6


  93 0030 F0BD     		pop	{r4, r5, r6, r7, pc}
  94              		.cfi_endproc
  95              	.LFE5:
  96              		.size	cfg_write_bytes32, .-cfg_write_bytes32
  97 0032 C046     		.section	.text.AnalogSetDefault,"ax",%progbits
  98              		.align	2
  99              		.code	16
 100              		.thumb_func
 101              		.type	AnalogSetDefault, %function
 102              	AnalogSetDefault:
 103              	.LFB7:
 191:Generated_Source\PSoC4/cyfitter_cfg.c **** 
 192:Generated_Source\PSoC4/cyfitter_cfg.c **** 
 193:Generated_Source\PSoC4/cyfitter_cfg.c **** /*******************************************************************************
 194:Generated_Source\PSoC4/cyfitter_cfg.c **** * Function Name: ClockSetup
 195:Generated_Source\PSoC4/cyfitter_cfg.c **** ********************************************************************************
 196:Generated_Source\PSoC4/cyfitter_cfg.c **** *
 197:Generated_Source\PSoC4/cyfitter_cfg.c **** * Summary:
 198:Generated_Source\PSoC4/cyfitter_cfg.c **** *   Performs the initialization of all of the clocks in the device based on the
 199:Generated_Source\PSoC4/cyfitter_cfg.c **** *   settings in the Clock tab of the DWR.  This includes enabling the requested
 200:Generated_Source\PSoC4/cyfitter_cfg.c **** *   clocks and setting the necessary dividers to produce the desired frequency. 
 201:Generated_Source\PSoC4/cyfitter_cfg.c **** *
 202:Generated_Source\PSoC4/cyfitter_cfg.c **** * Parameters:
 203:Generated_Source\PSoC4/cyfitter_cfg.c **** *   void
 204:Generated_Source\PSoC4/cyfitter_cfg.c **** *
 205:Generated_Source\PSoC4/cyfitter_cfg.c **** * Return:
 206:Generated_Source\PSoC4/cyfitter_cfg.c **** *   void
 207:Generated_Source\PSoC4/cyfitter_cfg.c **** *
 208:Generated_Source\PSoC4/cyfitter_cfg.c **** *******************************************************************************/
 209:Generated_Source\PSoC4/cyfitter_cfg.c **** static void ClockSetup(void);
 210:Generated_Source\PSoC4/cyfitter_cfg.c **** CY_CFG_SECTION
 211:Generated_Source\PSoC4/cyfitter_cfg.c **** static void ClockSetup(void)
 212:Generated_Source\PSoC4/cyfitter_cfg.c **** {
 213:Generated_Source\PSoC4/cyfitter_cfg.c **** 
 214:Generated_Source\PSoC4/cyfitter_cfg.c **** 	/* Set Flash Cycles based on max possible frequency in case a glitch occurs during ClockSetup(). *
 215:Generated_Source\PSoC4/cyfitter_cfg.c **** 	CY_SET_REG32((void CYXDATA *)(CYREG_CPUSS_FLASH_CTL), (0x0012u));
 216:Generated_Source\PSoC4/cyfitter_cfg.c **** 
 217:Generated_Source\PSoC4/cyfitter_cfg.c **** 	/* Start the WCO */
 218:Generated_Source\PSoC4/cyfitter_cfg.c **** 	CySysClkWcoStart();
 219:Generated_Source\PSoC4/cyfitter_cfg.c **** 	CyDelayCycles(12000000u); /* WCO may take up to 500ms to start */
 220:Generated_Source\PSoC4/cyfitter_cfg.c **** 	(void)CySysClkWcoSetPowerMode(CY_SYS_CLK_WCO_LPM);    /* Switch to the low power mode */
 221:Generated_Source\PSoC4/cyfitter_cfg.c **** 
 222:Generated_Source\PSoC4/cyfitter_cfg.c **** 	/* Setup and trim IMO based on desired frequency. */
 223:Generated_Source\PSoC4/cyfitter_cfg.c **** 	CySysClkWriteImoFreq(48u);
 224:Generated_Source\PSoC4/cyfitter_cfg.c **** 	/* CYDEV_CLK_ILO_CONFIG Starting address: CYDEV_CLK_ILO_CONFIG */
 225:Generated_Source\PSoC4/cyfitter_cfg.c **** 	CY_SET_REG32((void *)(CYREG_CLK_ILO_CONFIG), 0x80000006u);
 226:Generated_Source\PSoC4/cyfitter_cfg.c **** 
 227:Generated_Source\PSoC4/cyfitter_cfg.c **** 	/* CYDEV_WDT_CONFIG Starting address: CYDEV_WDT_CONFIG */
 228:Generated_Source\PSoC4/cyfitter_cfg.c **** 	CY_SET_REG32((void *)(CYREG_WDT_CONFIG), 0x40000000u);
 229:Generated_Source\PSoC4/cyfitter_cfg.c **** 
 230:Generated_Source\PSoC4/cyfitter_cfg.c **** 
 231:Generated_Source\PSoC4/cyfitter_cfg.c **** 	/* Enable fast start mode for XO */
 232:Generated_Source\PSoC4/cyfitter_cfg.c **** 	CY_SET_REG32((void*)CYREG_BLE_BLERD_BB_XO, CY_GET_REG32((void*)CYREG_BLE_BLERD_BB_XO) | (uint32)0x
 233:Generated_Source\PSoC4/cyfitter_cfg.c **** 	CY_SET_REG32((void *)(CYREG_BLE_BLERD_BB_XO_CAPTRIM), 0x00003E2Du);
 234:Generated_Source\PSoC4/cyfitter_cfg.c **** 	/*Set XTAL(ECO) divider*/
 235:Generated_Source\PSoC4/cyfitter_cfg.c **** 	CY_SET_REG32((void *)(CYREG_BLE_BLESS_XTAL_CLK_DIV_CONFIG), 0x00000000u);
 236:Generated_Source\PSoC4/cyfitter_cfg.c **** 	/* Disable Crystal Stable Interrupt before enabling ECO */
ARM GAS  C:\Users\wl\AppData\Local\Temp\ccbeLiw0.s 			page 7


 237:Generated_Source\PSoC4/cyfitter_cfg.c **** 	CY_SET_REG32((void*)CYREG_BLE_BLESS_LL_DSM_CTRL, CY_GET_REG32((void*)CYREG_BLE_BLESS_LL_DSM_CTRL) 
 238:Generated_Source\PSoC4/cyfitter_cfg.c **** 	/* Start the ECO and do not check status since it is not needed for HFCLK */
 239:Generated_Source\PSoC4/cyfitter_cfg.c **** 	(void)CySysClkEcoStart(2000u);
 240:Generated_Source\PSoC4/cyfitter_cfg.c **** 	CyDelayUs(1500u); /* Wait to stabilize */
 241:Generated_Source\PSoC4/cyfitter_cfg.c **** 
 242:Generated_Source\PSoC4/cyfitter_cfg.c **** 	/* Setup phase aligned clocks */
 243:Generated_Source\PSoC4/cyfitter_cfg.c **** 
 244:Generated_Source\PSoC4/cyfitter_cfg.c **** 	/* CYDEV_CLK_IMO_CONFIG Starting address: CYDEV_CLK_IMO_CONFIG */
 245:Generated_Source\PSoC4/cyfitter_cfg.c **** 	CY_SET_REG32((void *)(CYREG_CLK_IMO_CONFIG), 0x80000000u);
 246:Generated_Source\PSoC4/cyfitter_cfg.c **** 
 247:Generated_Source\PSoC4/cyfitter_cfg.c **** 	/* CYDEV_CLK_SELECT Starting address: CYDEV_CLK_SELECT */
 248:Generated_Source\PSoC4/cyfitter_cfg.c **** 	CY_SET_REG32((void *)(CYREG_CLK_SELECT), 0x00040000u);
 249:Generated_Source\PSoC4/cyfitter_cfg.c **** 
 250:Generated_Source\PSoC4/cyfitter_cfg.c **** 	(void)CyIntSetVector(8u, &CySysWdtIsr);
 251:Generated_Source\PSoC4/cyfitter_cfg.c **** 	CyIntEnable(8u);
 252:Generated_Source\PSoC4/cyfitter_cfg.c **** 	CY_SET_REG32((void *)(CYREG_WDT_CONFIG), 0x40000000u);
 253:Generated_Source\PSoC4/cyfitter_cfg.c **** }
 254:Generated_Source\PSoC4/cyfitter_cfg.c **** 
 255:Generated_Source\PSoC4/cyfitter_cfg.c **** 
 256:Generated_Source\PSoC4/cyfitter_cfg.c **** /* Analog API Functions */
 257:Generated_Source\PSoC4/cyfitter_cfg.c **** 
 258:Generated_Source\PSoC4/cyfitter_cfg.c **** 
 259:Generated_Source\PSoC4/cyfitter_cfg.c **** /*******************************************************************************
 260:Generated_Source\PSoC4/cyfitter_cfg.c **** * Function Name: AnalogSetDefault
 261:Generated_Source\PSoC4/cyfitter_cfg.c **** ********************************************************************************
 262:Generated_Source\PSoC4/cyfitter_cfg.c **** *
 263:Generated_Source\PSoC4/cyfitter_cfg.c **** * Summary:
 264:Generated_Source\PSoC4/cyfitter_cfg.c **** *  Sets up the analog portions of the chip to default values based on chip
 265:Generated_Source\PSoC4/cyfitter_cfg.c **** *  configuration options from the project.
 266:Generated_Source\PSoC4/cyfitter_cfg.c **** *
 267:Generated_Source\PSoC4/cyfitter_cfg.c **** * Parameters:
 268:Generated_Source\PSoC4/cyfitter_cfg.c **** *  void
 269:Generated_Source\PSoC4/cyfitter_cfg.c **** *
 270:Generated_Source\PSoC4/cyfitter_cfg.c **** * Return:
 271:Generated_Source\PSoC4/cyfitter_cfg.c **** *  void
 272:Generated_Source\PSoC4/cyfitter_cfg.c **** *
 273:Generated_Source\PSoC4/cyfitter_cfg.c **** *******************************************************************************/
 274:Generated_Source\PSoC4/cyfitter_cfg.c **** static void AnalogSetDefault(void);
 275:Generated_Source\PSoC4/cyfitter_cfg.c **** static void AnalogSetDefault(void)
 276:Generated_Source\PSoC4/cyfitter_cfg.c **** {
 104              		.loc 1 276 0
 105              		.cfi_startproc
 106              		@ args = 0, pretend = 0, frame = 0
 107              		@ frame_needed = 0, uses_anonymous_args = 0
 108              		@ link register save eliminated.
 277:Generated_Source\PSoC4/cyfitter_cfg.c **** 	CY_SET_XTND_REG32((void CYFAR *)CYREG_CTBM0_DFT_CTRL, 0x00000003u);
 109              		.loc 1 277 0
 110 0000 0323     		movs	r3, #3
 111 0002 044A     		ldr	r2, .L7
 112 0004 1360     		str	r3, [r2]
 278:Generated_Source\PSoC4/cyfitter_cfg.c **** 	CY_SET_XTND_REG32((void CYFAR *)CYREG_CTBM1_DFT_CTRL, 0x00000003u);
 113              		.loc 1 278 0
 114 0006 044A     		ldr	r2, .L7+4
 115 0008 1360     		str	r3, [r2]
 279:Generated_Source\PSoC4/cyfitter_cfg.c **** 	CY_SET_XTND_REG32((void CYFAR *)CYREG_PASS_DSAB_DSAB_CTRL, 0x00000000u);
 116              		.loc 1 279 0
 117 000a 0022     		movs	r2, #0
ARM GAS  C:\Users\wl\AppData\Local\Temp\ccbeLiw0.s 			page 8


 118 000c 034B     		ldr	r3, .L7+8
 119 000e 1A60     		str	r2, [r3]
 280:Generated_Source\PSoC4/cyfitter_cfg.c **** }
 120              		.loc 1 280 0
 121              		@ sp needed
 122 0010 7047     		bx	lr
 123              	.L8:
 124 0012 C046     		.align	2
 125              	.L7:
 126 0014 30003040 		.word	1076887600
 127 0018 30003140 		.word	1076953136
 128 001c 000E3F40 		.word	1077874176
 129              		.cfi_endproc
 130              	.LFE7:
 131              		.size	AnalogSetDefault, .-AnalogSetDefault
 132              		.section	.text.CYMEMZERO,"ax",%progbits
 133              		.align	2
 134              		.code	16
 135              		.thumb_func
 136              		.type	CYMEMZERO, %function
 137              	CYMEMZERO:
 138              	.LFB2:
  77:Generated_Source\PSoC4/cyfitter_cfg.c **** 	(void)memset(s, 0, n);
 139              		.loc 1 77 0
 140              		.cfi_startproc
 141              		@ args = 0, pretend = 0, frame = 0
 142              		@ frame_needed = 0, uses_anonymous_args = 0
 143              	.LVL12:
 144 0000 10B5     		push	{r4, lr}
 145              		.cfi_def_cfa_offset 8
 146              		.cfi_offset 4, -8
 147              		.cfi_offset 14, -4
 148 0002 0A00     		movs	r2, r1
  78:Generated_Source\PSoC4/cyfitter_cfg.c **** }
 149              		.loc 1 78 0
 150 0004 0021     		movs	r1, #0
 151              	.LVL13:
 152 0006 FFF7FEFF 		bl	memset
 153              	.LVL14:
  79:Generated_Source\PSoC4/cyfitter_cfg.c **** CY_CFG_UNUSED
 154              		.loc 1 79 0
 155              		@ sp needed
 156 000a 10BD     		pop	{r4, pc}
 157              		.cfi_endproc
 158              	.LFE2:
 159              		.size	CYMEMZERO, .-CYMEMZERO
 160              		.section	.psocinit,"ax",%progbits
 161              		.align	2
 162              		.code	16
 163              		.thumb_func
 164              		.type	ClockSetup, %function
 165              	ClockSetup:
 166              	.LFB6:
 212:Generated_Source\PSoC4/cyfitter_cfg.c **** 
 167              		.loc 1 212 0
 168              		.cfi_startproc
 169              		@ args = 0, pretend = 0, frame = 0
ARM GAS  C:\Users\wl\AppData\Local\Temp\ccbeLiw0.s 			page 9


 170              		@ frame_needed = 0, uses_anonymous_args = 0
 171 0000 70B5     		push	{r4, r5, r6, lr}
 172              		.cfi_def_cfa_offset 16
 173              		.cfi_offset 4, -16
 174              		.cfi_offset 5, -12
 175              		.cfi_offset 6, -8
 176              		.cfi_offset 14, -4
 215:Generated_Source\PSoC4/cyfitter_cfg.c **** 
 177              		.loc 1 215 0
 178 0002 1222     		movs	r2, #18
 179 0004 1D4B     		ldr	r3, .L11
 180 0006 1A60     		str	r2, [r3]
 218:Generated_Source\PSoC4/cyfitter_cfg.c **** 	CyDelayCycles(12000000u); /* WCO may take up to 500ms to start */
 181              		.loc 1 218 0
 182 0008 FFF7FEFF 		bl	CySysClkWcoStart
 183              	.LVL15:
 219:Generated_Source\PSoC4/cyfitter_cfg.c **** 	(void)CySysClkWcoSetPowerMode(CY_SYS_CLK_WCO_LPM);    /* Switch to the low power mode */
 184              		.loc 1 219 0
 185 000c 1C48     		ldr	r0, .L11+4
 186 000e FFF7FEFF 		bl	CyDelayCycles
 187              	.LVL16:
 220:Generated_Source\PSoC4/cyfitter_cfg.c **** 
 188              		.loc 1 220 0
 189 0012 0120     		movs	r0, #1
 190 0014 FFF7FEFF 		bl	CySysClkWcoSetPowerMode
 191              	.LVL17:
 223:Generated_Source\PSoC4/cyfitter_cfg.c **** 	/* CYDEV_CLK_ILO_CONFIG Starting address: CYDEV_CLK_ILO_CONFIG */
 192              		.loc 1 223 0
 193 0018 3020     		movs	r0, #48
 194 001a FFF7FEFF 		bl	CySysClkWriteImoFreq
 195              	.LVL18:
 225:Generated_Source\PSoC4/cyfitter_cfg.c **** 
 196              		.loc 1 225 0
 197 001e 194A     		ldr	r2, .L11+8
 198 0020 194B     		ldr	r3, .L11+12
 199 0022 1A60     		str	r2, [r3]
 228:Generated_Source\PSoC4/cyfitter_cfg.c **** 
 200              		.loc 1 228 0
 201 0024 194C     		ldr	r4, .L11+16
 202 0026 8025     		movs	r5, #128
 203 0028 ED05     		lsls	r5, r5, #23
 204 002a 2560     		str	r5, [r4]
 232:Generated_Source\PSoC4/cyfitter_cfg.c **** 	CY_SET_REG32((void *)(CYREG_BLE_BLERD_BB_XO_CAPTRIM), 0x00003E2Du);
 205              		.loc 1 232 0
 206 002c 184A     		ldr	r2, .L11+20
 207 002e 1168     		ldr	r1, [r2]
 208 0030 0223     		movs	r3, #2
 209 0032 0B43     		orrs	r3, r1
 210 0034 1360     		str	r3, [r2]
 233:Generated_Source\PSoC4/cyfitter_cfg.c **** 	/*Set XTAL(ECO) divider*/
 211              		.loc 1 233 0
 212 0036 174A     		ldr	r2, .L11+24
 213 0038 174B     		ldr	r3, .L11+28
 214 003a 1A60     		str	r2, [r3]
 235:Generated_Source\PSoC4/cyfitter_cfg.c **** 	/* Disable Crystal Stable Interrupt before enabling ECO */
 215              		.loc 1 235 0
 216 003c 0022     		movs	r2, #0
ARM GAS  C:\Users\wl\AppData\Local\Temp\ccbeLiw0.s 			page 10


 217 003e 174B     		ldr	r3, .L11+32
 218 0040 1A60     		str	r2, [r3]
 237:Generated_Source\PSoC4/cyfitter_cfg.c **** 	/* Start the ECO and do not check status since it is not needed for HFCLK */
 219              		.loc 1 237 0
 220 0042 174A     		ldr	r2, .L11+36
 221 0044 1368     		ldr	r3, [r2]
 222 0046 0821     		movs	r1, #8
 223 0048 8B43     		bics	r3, r1
 224 004a 1360     		str	r3, [r2]
 239:Generated_Source\PSoC4/cyfitter_cfg.c **** 	CyDelayUs(1500u); /* Wait to stabilize */
 225              		.loc 1 239 0
 226 004c FA20     		movs	r0, #250
 227 004e C000     		lsls	r0, r0, #3
 228 0050 FFF7FEFF 		bl	CySysClkEcoStart
 229              	.LVL19:
 240:Generated_Source\PSoC4/cyfitter_cfg.c **** 
 230              		.loc 1 240 0
 231 0054 1348     		ldr	r0, .L11+40
 232 0056 FFF7FEFF 		bl	CyDelayUs
 233              	.LVL20:
 245:Generated_Source\PSoC4/cyfitter_cfg.c **** 
 234              		.loc 1 245 0
 235 005a 8022     		movs	r2, #128
 236 005c 1206     		lsls	r2, r2, #24
 237 005e 124B     		ldr	r3, .L11+44
 238 0060 1A60     		str	r2, [r3]
 248:Generated_Source\PSoC4/cyfitter_cfg.c **** 
 239              		.loc 1 248 0
 240 0062 8022     		movs	r2, #128
 241 0064 D202     		lsls	r2, r2, #11
 242 0066 114B     		ldr	r3, .L11+48
 243 0068 1A60     		str	r2, [r3]
 250:Generated_Source\PSoC4/cyfitter_cfg.c **** 	CyIntEnable(8u);
 244              		.loc 1 250 0
 245 006a 1149     		ldr	r1, .L11+52
 246 006c 0820     		movs	r0, #8
 247 006e FFF7FEFF 		bl	CyIntSetVector
 248              	.LVL21:
 251:Generated_Source\PSoC4/cyfitter_cfg.c **** 	CY_SET_REG32((void *)(CYREG_WDT_CONFIG), 0x40000000u);
 249              		.loc 1 251 0
 250 0072 0820     		movs	r0, #8
 251 0074 FFF7FEFF 		bl	CyIntEnable
 252              	.LVL22:
 252:Generated_Source\PSoC4/cyfitter_cfg.c **** }
 253              		.loc 1 252 0
 254 0078 2560     		str	r5, [r4]
 253:Generated_Source\PSoC4/cyfitter_cfg.c **** 
 255              		.loc 1 253 0
 256              		@ sp needed
 257 007a 70BD     		pop	{r4, r5, r6, pc}
 258              	.L12:
 259              		.align	2
 260              	.L11:
 261 007c 30001040 		.word	1074790448
 262 0080 001BB700 		.word	12000000
 263 0084 06000080 		.word	-2147483642
 264 0088 04010B40 		.word	1074462980
ARM GAS  C:\Users\wl\AppData\Local\Temp\ccbeLiw0.s 			page 11


 265 008c 0C020B40 		.word	1074463244
 266 0090 78002E40 		.word	1076756600
 267 0094 2D3E0000 		.word	15917
 268 0098 7C002E40 		.word	1076756604
 269 009c 64F02E40 		.word	1076818020
 270 00a0 6CF02E40 		.word	1076818028
 271 00a4 DC050000 		.word	1500
 272 00a8 08010B40 		.word	1074462984
 273 00ac 00010B40 		.word	1074462976
 274 00b0 00000000 		.word	CySysWdtIsr
 275              		.cfi_endproc
 276              	.LFE6:
 277              		.size	ClockSetup, .-ClockSetup
 278              		.align	2
 279              		.global	cyfitter_cfg
 280              		.code	16
 281              		.thumb_func
 282              		.type	cyfitter_cfg, %function
 283              	cyfitter_cfg:
 284              	.LFB8:
 281:Generated_Source\PSoC4/cyfitter_cfg.c **** 
 282:Generated_Source\PSoC4/cyfitter_cfg.c **** 
 283:Generated_Source\PSoC4/cyfitter_cfg.c **** 
 284:Generated_Source\PSoC4/cyfitter_cfg.c **** 
 285:Generated_Source\PSoC4/cyfitter_cfg.c **** /*******************************************************************************
 286:Generated_Source\PSoC4/cyfitter_cfg.c **** * Function Name: cyfitter_cfg
 287:Generated_Source\PSoC4/cyfitter_cfg.c **** ********************************************************************************
 288:Generated_Source\PSoC4/cyfitter_cfg.c **** * Summary:
 289:Generated_Source\PSoC4/cyfitter_cfg.c **** *  This function is called by the start-up code for the selected device. It
 290:Generated_Source\PSoC4/cyfitter_cfg.c **** *  performs all of the necessary device configuration based on the design
 291:Generated_Source\PSoC4/cyfitter_cfg.c **** *  settings.  This includes settings from the Design Wide Resources (DWR) such
 292:Generated_Source\PSoC4/cyfitter_cfg.c **** *  as Clocks and Pins as well as any component configuration that is necessary.
 293:Generated_Source\PSoC4/cyfitter_cfg.c **** *
 294:Generated_Source\PSoC4/cyfitter_cfg.c **** * Parameters:
 295:Generated_Source\PSoC4/cyfitter_cfg.c **** *   void
 296:Generated_Source\PSoC4/cyfitter_cfg.c **** *
 297:Generated_Source\PSoC4/cyfitter_cfg.c **** * Return:
 298:Generated_Source\PSoC4/cyfitter_cfg.c **** *   void
 299:Generated_Source\PSoC4/cyfitter_cfg.c **** *
 300:Generated_Source\PSoC4/cyfitter_cfg.c **** *******************************************************************************/
 301:Generated_Source\PSoC4/cyfitter_cfg.c **** CY_CFG_SECTION
 302:Generated_Source\PSoC4/cyfitter_cfg.c **** void cyfitter_cfg(void)
 303:Generated_Source\PSoC4/cyfitter_cfg.c **** {
 285              		.loc 1 303 0
 286              		.cfi_startproc
 287              		@ args = 0, pretend = 0, frame = 0
 288              		@ frame_needed = 0, uses_anonymous_args = 0
 289 00b4 10B5     		push	{r4, lr}
 290              		.cfi_def_cfa_offset 8
 291              		.cfi_offset 4, -8
 292              		.cfi_offset 14, -4
 304:Generated_Source\PSoC4/cyfitter_cfg.c **** 	/* Disable interrupts by default. Let user enable if/when they want. */
 305:Generated_Source\PSoC4/cyfitter_cfg.c **** 	CyGlobalIntDisable;
 293              		.loc 1 305 0
 294              		.syntax divided
 295              	@ 305 "Generated_Source\PSoC4\cyfitter_cfg.c" 1
 296 00b6 72B6     		CPSID   i
ARM GAS  C:\Users\wl\AppData\Local\Temp\ccbeLiw0.s 			page 12


 297              	@ 0 "" 2
 306:Generated_Source\PSoC4/cyfitter_cfg.c **** 
 307:Generated_Source\PSoC4/cyfitter_cfg.c **** 	CY_SET_REG32((void *)(CYREG_BLE_BLESS_LL_DSM_CTRL), 0x00000000u);
 298              		.loc 1 307 0
 299              		.thumb
 300              		.syntax unified
 301 00b8 0022     		movs	r2, #0
 302 00ba 2C4B     		ldr	r3, .L16
 303 00bc 1A60     		str	r2, [r3]
 304              	.LVL23:
 305              	.LBB3:
 308:Generated_Source\PSoC4/cyfitter_cfg.c **** 
 309:Generated_Source\PSoC4/cyfitter_cfg.c **** 	{
 310:Generated_Source\PSoC4/cyfitter_cfg.c **** 		static const uint32 CYCODE cy_cfg_addr_table[] = {
 311:Generated_Source\PSoC4/cyfitter_cfg.c **** 			0x400F3004u, /* Base address: 0x400F3000 Count: 4 */
 312:Generated_Source\PSoC4/cyfitter_cfg.c **** 			0x400F3103u, /* Base address: 0x400F3100 Count: 3 */
 313:Generated_Source\PSoC4/cyfitter_cfg.c **** 			0x400F3302u, /* Base address: 0x400F3300 Count: 2 */
 314:Generated_Source\PSoC4/cyfitter_cfg.c **** 			0x400F4205u, /* Base address: 0x400F4200 Count: 5 */
 315:Generated_Source\PSoC4/cyfitter_cfg.c **** 			0x400F4307u, /* Base address: 0x400F4300 Count: 7 */
 316:Generated_Source\PSoC4/cyfitter_cfg.c **** 		};
 317:Generated_Source\PSoC4/cyfitter_cfg.c **** 
 318:Generated_Source\PSoC4/cyfitter_cfg.c **** 		static const cy_cfg_addrvalue_t CYCODE cy_cfg_data_table[] = {
 319:Generated_Source\PSoC4/cyfitter_cfg.c **** 			{0x3Au, 0xC0u},
 320:Generated_Source\PSoC4/cyfitter_cfg.c **** 			{0x58u, 0x04u},
 321:Generated_Source\PSoC4/cyfitter_cfg.c **** 			{0x5Cu, 0x08u},
 322:Generated_Source\PSoC4/cyfitter_cfg.c **** 			{0x5Fu, 0x31u},
 323:Generated_Source\PSoC4/cyfitter_cfg.c **** 			{0x18u, 0x01u},
 324:Generated_Source\PSoC4/cyfitter_cfg.c **** 			{0x78u, 0x01u},
 325:Generated_Source\PSoC4/cyfitter_cfg.c **** 			{0xDEu, 0x01u},
 326:Generated_Source\PSoC4/cyfitter_cfg.c **** 			{0xB0u, 0x01u},
 327:Generated_Source\PSoC4/cyfitter_cfg.c **** 			{0xB4u, 0x01u},
 328:Generated_Source\PSoC4/cyfitter_cfg.c **** 			{0x0Cu, 0x10u},
 329:Generated_Source\PSoC4/cyfitter_cfg.c **** 			{0x0Du, 0x10u},
 330:Generated_Source\PSoC4/cyfitter_cfg.c **** 			{0x61u, 0x02u},
 331:Generated_Source\PSoC4/cyfitter_cfg.c **** 			{0xC2u, 0x01u},
 332:Generated_Source\PSoC4/cyfitter_cfg.c **** 			{0xD8u, 0x02u},
 333:Generated_Source\PSoC4/cyfitter_cfg.c **** 			{0x64u, 0x10u},
 334:Generated_Source\PSoC4/cyfitter_cfg.c **** 			{0x98u, 0x10u},
 335:Generated_Source\PSoC4/cyfitter_cfg.c **** 			{0xB1u, 0x10u},
 336:Generated_Source\PSoC4/cyfitter_cfg.c **** 			{0xB5u, 0x02u},
 337:Generated_Source\PSoC4/cyfitter_cfg.c **** 			{0xD8u, 0x01u},
 338:Generated_Source\PSoC4/cyfitter_cfg.c **** 			{0xECu, 0x08u},
 339:Generated_Source\PSoC4/cyfitter_cfg.c **** 			{0xEEu, 0x04u},
 340:Generated_Source\PSoC4/cyfitter_cfg.c **** 		};
 341:Generated_Source\PSoC4/cyfitter_cfg.c **** 
 342:Generated_Source\PSoC4/cyfitter_cfg.c **** 
 343:Generated_Source\PSoC4/cyfitter_cfg.c **** 
 344:Generated_Source\PSoC4/cyfitter_cfg.c **** 		CYPACKED typedef struct {
 345:Generated_Source\PSoC4/cyfitter_cfg.c **** 			void CYFAR *address;
 346:Generated_Source\PSoC4/cyfitter_cfg.c **** 			uint16 size;
 347:Generated_Source\PSoC4/cyfitter_cfg.c **** 		} CYPACKED_ATTR cfg_memset_t;
 348:Generated_Source\PSoC4/cyfitter_cfg.c **** 
 349:Generated_Source\PSoC4/cyfitter_cfg.c **** 		static const cfg_memset_t CYCODE cfg_memset_list[] = {
 350:Generated_Source\PSoC4/cyfitter_cfg.c **** 			/* address, size */
 351:Generated_Source\PSoC4/cyfitter_cfg.c **** 			{(void CYFAR *)(CYDEV_UDB_P0_U0_BASE), 1024u},
 352:Generated_Source\PSoC4/cyfitter_cfg.c **** 			{(void CYFAR *)(CYDEV_UDB_DSI0_BASE), 1024u},
 353:Generated_Source\PSoC4/cyfitter_cfg.c **** 		};
ARM GAS  C:\Users\wl\AppData\Local\Temp\ccbeLiw0.s 			page 13


 354:Generated_Source\PSoC4/cyfitter_cfg.c **** 
 355:Generated_Source\PSoC4/cyfitter_cfg.c **** 		uint8 CYDATA i;
 356:Generated_Source\PSoC4/cyfitter_cfg.c **** 
 357:Generated_Source\PSoC4/cyfitter_cfg.c **** 		/* Zero out critical memory blocks before beginning configuration */
 358:Generated_Source\PSoC4/cyfitter_cfg.c **** 		for (i = 0u; i < (sizeof(cfg_memset_list)/sizeof(cfg_memset_list[0])); i++)
 306              		.loc 1 358 0
 307 00be 0024     		movs	r4, #0
 308 00c0 0FE0     		b	.L14
 309              	.LVL24:
 310              	.L15:
 311              	.LBB4:
 359:Generated_Source\PSoC4/cyfitter_cfg.c **** 		{
 360:Generated_Source\PSoC4/cyfitter_cfg.c **** 			const cfg_memset_t CYCODE * CYDATA ms = &cfg_memset_list[i];
 361:Generated_Source\PSoC4/cyfitter_cfg.c **** 			CYMEMZERO(ms->address, (size_t)(uint32)(ms->size));
 312              		.loc 1 361 0 discriminator 3
 313 00c2 2B48     		ldr	r0, .L16+4
 314 00c4 6200     		lsls	r2, r4, #1
 315 00c6 1319     		adds	r3, r2, r4
 316 00c8 5900     		lsls	r1, r3, #1
 317 00ca 0B00     		movs	r3, r1
 318 00cc 4118     		adds	r1, r0, r1
 319 00ce 8988     		ldrh	r1, [r1, #4]
 320 00d0 1A5A     		ldrh	r2, [r3, r0]
 321 00d2 C318     		adds	r3, r0, r3
 322 00d4 5888     		ldrh	r0, [r3, #2]
 323 00d6 0004     		lsls	r0, r0, #16
 324 00d8 1043     		orrs	r0, r2
 325 00da FFF7FEFF 		bl	CYMEMZERO
 326              	.LVL25:
 327              	.LBE4:
 358:Generated_Source\PSoC4/cyfitter_cfg.c **** 		{
 328              		.loc 1 358 0 discriminator 3
 329 00de 0134     		adds	r4, r4, #1
 330              	.LVL26:
 331 00e0 E4B2     		uxtb	r4, r4
 332              	.LVL27:
 333              	.L14:
 358:Generated_Source\PSoC4/cyfitter_cfg.c **** 		{
 334              		.loc 1 358 0 is_stmt 0 discriminator 1
 335 00e2 012C     		cmp	r4, #1
 336 00e4 EDD9     		bls	.L15
 362:Generated_Source\PSoC4/cyfitter_cfg.c **** 		}
 363:Generated_Source\PSoC4/cyfitter_cfg.c **** 
 364:Generated_Source\PSoC4/cyfitter_cfg.c **** 		cfg_write_bytes32(cy_cfg_addr_table, cy_cfg_data_table);
 337              		.loc 1 364 0 is_stmt 1
 338 00e6 2248     		ldr	r0, .L16+4
 339 00e8 0100     		movs	r1, r0
 340 00ea 0C31     		adds	r1, r1, #12
 341 00ec 3830     		adds	r0, r0, #56
 342 00ee FFF7FEFF 		bl	cfg_write_bytes32
 343              	.LVL28:
 365:Generated_Source\PSoC4/cyfitter_cfg.c **** 
 366:Generated_Source\PSoC4/cyfitter_cfg.c **** 		/* HSIOM Starting address: CYDEV_HSIOM_BASE */
 367:Generated_Source\PSoC4/cyfitter_cfg.c **** 		CY_SET_REG32((void *)(CYDEV_HSIOM_BASE), 0xEE000000u);
 344              		.loc 1 367 0
 345 00f2 EE22     		movs	r2, #238
 346 00f4 1206     		lsls	r2, r2, #24
ARM GAS  C:\Users\wl\AppData\Local\Temp\ccbeLiw0.s 			page 14


 347 00f6 1F4B     		ldr	r3, .L16+8
 348 00f8 1A60     		str	r2, [r3]
 368:Generated_Source\PSoC4/cyfitter_cfg.c **** 		CY_SET_REG32((void *)(CYREG_HSIOM_PORT_SEL2), 0x03000000u);
 349              		.loc 1 368 0
 350 00fa C023     		movs	r3, #192
 351 00fc 9B04     		lsls	r3, r3, #18
 352 00fe 1E4A     		ldr	r2, .L16+12
 353 0100 1360     		str	r3, [r2]
 369:Generated_Source\PSoC4/cyfitter_cfg.c **** 		CY_SET_REG32((void *)(CYREG_HSIOM_PORT_SEL3), 0x03000000u);
 354              		.loc 1 369 0
 355 0102 1E4A     		ldr	r2, .L16+16
 356 0104 1360     		str	r3, [r2]
 370:Generated_Source\PSoC4/cyfitter_cfg.c **** 
 371:Generated_Source\PSoC4/cyfitter_cfg.c **** 		/* UDB_PA_0 Starting address: CYDEV_UDB_PA0_BASE */
 372:Generated_Source\PSoC4/cyfitter_cfg.c **** 		CY_SET_REG32((void *)(CYDEV_UDB_PA0_BASE), 0x00990000u);
 357              		.loc 1 372 0
 358 0106 9923     		movs	r3, #153
 359 0108 1B04     		lsls	r3, r3, #16
 360 010a 1D4A     		ldr	r2, .L16+20
 361 010c 1360     		str	r3, [r2]
 373:Generated_Source\PSoC4/cyfitter_cfg.c **** 
 374:Generated_Source\PSoC4/cyfitter_cfg.c **** 		/* UDB_PA_2 Starting address: CYDEV_UDB_PA2_BASE */
 375:Generated_Source\PSoC4/cyfitter_cfg.c **** 		CY_SET_REG32((void *)(CYDEV_UDB_PA2_BASE), 0x00990000u);
 362              		.loc 1 375 0
 363 010e 1D4A     		ldr	r2, .L16+24
 364 0110 1360     		str	r3, [r2]
 376:Generated_Source\PSoC4/cyfitter_cfg.c **** 		CY_SET_REG32((void *)(CYREG_UDB_PA2_CFG8), 0x20000000u);
 365              		.loc 1 376 0
 366 0112 8021     		movs	r1, #128
 367 0114 8905     		lsls	r1, r1, #22
 368 0116 1C4A     		ldr	r2, .L16+28
 369 0118 1160     		str	r1, [r2]
 377:Generated_Source\PSoC4/cyfitter_cfg.c **** 
 378:Generated_Source\PSoC4/cyfitter_cfg.c **** 		/* UDB_PA_3 Starting address: CYDEV_UDB_PA3_BASE */
 379:Generated_Source\PSoC4/cyfitter_cfg.c **** 		CY_SET_REG32((void *)(CYDEV_UDB_PA3_BASE), 0x00990000u);
 370              		.loc 1 379 0
 371 011a 1C4A     		ldr	r2, .L16+32
 372 011c 1360     		str	r3, [r2]
 380:Generated_Source\PSoC4/cyfitter_cfg.c **** 		CY_SET_REG32((void *)(CYREG_UDB_PA3_CFG8), 0x30000000u);
 373              		.loc 1 380 0
 374 011e C022     		movs	r2, #192
 375 0120 9205     		lsls	r2, r2, #22
 376 0122 1B4B     		ldr	r3, .L16+36
 377 0124 1A60     		str	r2, [r3]
 381:Generated_Source\PSoC4/cyfitter_cfg.c **** 
 382:Generated_Source\PSoC4/cyfitter_cfg.c **** 		/* Enable UDB array and digital routing */
 383:Generated_Source\PSoC4/cyfitter_cfg.c **** 		CY_SET_XTND_REG8((void *)CYREG_UDB_UDBIF_WAIT_CFG, (uint8)((CY_GET_XTND_REG8((void *)CYREG_UDB_UD
 378              		.loc 1 383 0
 379 0126 1B49     		ldr	r1, .L16+40
 380 0128 0B78     		ldrb	r3, [r1]
 381 012a 3C22     		movs	r2, #60
 382 012c 9343     		bics	r3, r2
 383 012e 1422     		movs	r2, #20
 384 0130 1343     		orrs	r3, r2
 385 0132 DBB2     		uxtb	r3, r3
 386 0134 0B70     		strb	r3, [r1]
 384:Generated_Source\PSoC4/cyfitter_cfg.c **** 		CY_SET_XTND_REG8((void *)CYREG_UDB_UDBIF_BANK_CTL, (uint8)(CY_GET_XTND_REG8((void *)CYREG_UDB_UDB
ARM GAS  C:\Users\wl\AppData\Local\Temp\ccbeLiw0.s 			page 15


 387              		.loc 1 384 0
 388 0136 184A     		ldr	r2, .L16+44
 389 0138 1178     		ldrb	r1, [r2]
 390 013a 1623     		movs	r3, #22
 391 013c 0B43     		orrs	r3, r1
 392 013e DBB2     		uxtb	r3, r3
 393 0140 1370     		strb	r3, [r2]
 394              	.LBE3:
 385:Generated_Source\PSoC4/cyfitter_cfg.c **** 	}
 386:Generated_Source\PSoC4/cyfitter_cfg.c **** 
 387:Generated_Source\PSoC4/cyfitter_cfg.c **** 	/* Perform second pass device configuration. These items must be configured in specific order afte
 388:Generated_Source\PSoC4/cyfitter_cfg.c **** 	/* IOPINS0_0 Starting address: CYDEV_GPIO_PRT0_BASE */
 389:Generated_Source\PSoC4/cyfitter_cfg.c **** 	CY_SET_REG32((void *)(CYREG_GPIO_PRT0_PC), 0x00D80000u);
 395              		.loc 1 389 0
 396 0142 D823     		movs	r3, #216
 397 0144 1B04     		lsls	r3, r3, #16
 398 0146 154A     		ldr	r2, .L16+48
 399 0148 1360     		str	r3, [r2]
 390:Generated_Source\PSoC4/cyfitter_cfg.c **** 
 391:Generated_Source\PSoC4/cyfitter_cfg.c **** 	/* IOPINS0_2 Starting address: CYDEV_GPIO_PRT2_BASE */
 392:Generated_Source\PSoC4/cyfitter_cfg.c **** 	CY_SET_REG32((void *)(CYDEV_GPIO_PRT2_BASE), 0x000000C0u);
 400              		.loc 1 392 0
 401 014a C022     		movs	r2, #192
 402 014c 1449     		ldr	r1, .L16+52
 403 014e 0A60     		str	r2, [r1]
 393:Generated_Source\PSoC4/cyfitter_cfg.c **** 	CY_SET_REG32((void *)(CYREG_GPIO_PRT2_PC), 0x00580000u);
 404              		.loc 1 393 0
 405 0150 B020     		movs	r0, #176
 406 0152 C003     		lsls	r0, r0, #15
 407 0154 1349     		ldr	r1, .L16+56
 408 0156 0860     		str	r0, [r1]
 394:Generated_Source\PSoC4/cyfitter_cfg.c **** 
 395:Generated_Source\PSoC4/cyfitter_cfg.c **** 	/* IOPINS0_3 Starting address: CYDEV_GPIO_PRT3_BASE */
 396:Generated_Source\PSoC4/cyfitter_cfg.c **** 	CY_SET_REG32((void *)(CYDEV_GPIO_PRT3_BASE), 0x000000C0u);
 409              		.loc 1 396 0
 410 0158 1349     		ldr	r1, .L16+60
 411 015a 0A60     		str	r2, [r1]
 397:Generated_Source\PSoC4/cyfitter_cfg.c **** 	CY_SET_REG32((void *)(CYREG_GPIO_PRT3_PC), 0x00D80000u);
 412              		.loc 1 397 0
 413 015c 134A     		ldr	r2, .L16+64
 414 015e 1360     		str	r3, [r2]
 398:Generated_Source\PSoC4/cyfitter_cfg.c **** 
 399:Generated_Source\PSoC4/cyfitter_cfg.c **** 
 400:Generated_Source\PSoC4/cyfitter_cfg.c **** 	/* Setup clocks based on selections from Clock DWR */
 401:Generated_Source\PSoC4/cyfitter_cfg.c **** 	ClockSetup();
 415              		.loc 1 401 0
 416 0160 FFF74EFF 		bl	ClockSetup
 417              	.LVL29:
 402:Generated_Source\PSoC4/cyfitter_cfg.c **** 
 403:Generated_Source\PSoC4/cyfitter_cfg.c **** 	/* Perform basic analog initialization to defaults */
 404:Generated_Source\PSoC4/cyfitter_cfg.c **** 	AnalogSetDefault();
 418              		.loc 1 404 0
 419 0164 FFF7FEFF 		bl	AnalogSetDefault
 420              	.LVL30:
 405:Generated_Source\PSoC4/cyfitter_cfg.c **** 
 406:Generated_Source\PSoC4/cyfitter_cfg.c **** }
 421              		.loc 1 406 0
ARM GAS  C:\Users\wl\AppData\Local\Temp\ccbeLiw0.s 			page 16


 422              		@ sp needed
 423              	.LVL31:
 424 0168 10BD     		pop	{r4, pc}
 425              	.L17:
 426 016a C046     		.align	2
 427              	.L16:
 428 016c 6CF02E40 		.word	1076818028
 429 0170 00000000 		.word	.LANCHOR0
 430 0174 00000240 		.word	1073872896
 431 0178 00020240 		.word	1073873408
 432 017c 00030240 		.word	1073873664
 433 0180 00500F40 		.word	1074745344
 434 0184 20500F40 		.word	1074745376
 435 0188 28500F40 		.word	1074745384
 436 018c 30500F40 		.word	1074745392
 437 0190 38500F40 		.word	1074745400
 438 0194 01700F40 		.word	1074753537
 439 0198 00700F40 		.word	1074753536
 440 019c 08000440 		.word	1074003976
 441 01a0 00020440 		.word	1074004480
 442 01a4 08020440 		.word	1074004488
 443 01a8 00030440 		.word	1074004736
 444 01ac 08030440 		.word	1074004744
 445              		.cfi_endproc
 446              	.LFE8:
 447              		.size	cyfitter_cfg, .-cyfitter_cfg
 448              		.section	.rodata
 449              		.align	2
 450              		.set	.LANCHOR0,. + 0
 451              		.type	cfg_memset_list.4916, %object
 452              		.size	cfg_memset_list.4916, 12
 453              	cfg_memset_list.4916:
 454 0000 00300F40 		.word	1074737152
 455 0004 0004     		.short	1024
 456 0006 00400F40 		.4byte	1074741248
 457 000a 0004     		.short	1024
 458              		.type	cy_cfg_data_table.4911, %object
 459              		.size	cy_cfg_data_table.4911, 42
 460              	cy_cfg_data_table.4911:
 461 000c 3A       		.byte	58
 462 000d C0       		.byte	-64
 463 000e 58       		.byte	88
 464 000f 04       		.byte	4
 465 0010 5C       		.byte	92
 466 0011 08       		.byte	8
 467 0012 5F       		.byte	95
 468 0013 31       		.byte	49
 469 0014 18       		.byte	24
 470 0015 01       		.byte	1
 471 0016 78       		.byte	120
 472 0017 01       		.byte	1
 473 0018 DE       		.byte	-34
 474 0019 01       		.byte	1
 475 001a B0       		.byte	-80
 476 001b 01       		.byte	1
 477 001c B4       		.byte	-76
 478 001d 01       		.byte	1
ARM GAS  C:\Users\wl\AppData\Local\Temp\ccbeLiw0.s 			page 17


 479 001e 0C       		.byte	12
 480 001f 10       		.byte	16
 481 0020 0D       		.byte	13
 482 0021 10       		.byte	16
 483 0022 61       		.byte	97
 484 0023 02       		.byte	2
 485 0024 C2       		.byte	-62
 486 0025 01       		.byte	1
 487 0026 D8       		.byte	-40
 488 0027 02       		.byte	2
 489 0028 64       		.byte	100
 490 0029 10       		.byte	16
 491 002a 98       		.byte	-104
 492 002b 10       		.byte	16
 493 002c B1       		.byte	-79
 494 002d 10       		.byte	16
 495 002e B5       		.byte	-75
 496 002f 02       		.byte	2
 497 0030 D8       		.byte	-40
 498 0031 01       		.byte	1
 499 0032 EC       		.byte	-20
 500 0033 08       		.byte	8
 501 0034 EE       		.byte	-18
 502 0035 04       		.byte	4
 503 0036 0000     		.space	2
 504              		.type	cy_cfg_addr_table.4910, %object
 505              		.size	cy_cfg_addr_table.4910, 20
 506              	cy_cfg_addr_table.4910:
 507 0038 04300F40 		.word	1074737156
 508 003c 03310F40 		.word	1074737411
 509 0040 02330F40 		.word	1074737922
 510 0044 05420F40 		.word	1074741765
 511 0048 07430F40 		.word	1074742023
 512              		.text
 513              	.Letext0:
 514              		.file 2 "c:\\program files (x86)\\cypress\\psoc creator\\4.2\\psoc creator\\import\\gnu\\arm\\5.4.
 515              		.file 3 "Generated_Source\\PSoC4\\cytypes.h"
 516              		.file 4 "Generated_Source\\PSoC4\\CyLFClk.h"
 517              		.file 5 "Generated_Source\\PSoC4\\CyLib.h"
 518              		.section	.debug_info,"",%progbits
 519              	.Ldebug_info0:
 520 0000 4C040000 		.4byte	0x44c
 521 0004 0400     		.2byte	0x4
 522 0006 00000000 		.4byte	.Ldebug_abbrev0
 523 000a 04       		.byte	0x4
 524 000b 01       		.uleb128 0x1
 525 000c 78010000 		.4byte	.LASF44
 526 0010 0C       		.byte	0xc
 527 0011 18030000 		.4byte	.LASF45
 528 0015 9F020000 		.4byte	.LASF46
 529 0019 00000000 		.4byte	.Ldebug_ranges0+0
 530 001d 00000000 		.4byte	0
 531 0021 00000000 		.4byte	.Ldebug_line0
 532 0025 02       		.uleb128 0x2
 533 0026 04       		.byte	0x4
 534 0027 05       		.byte	0x5
 535 0028 696E7400 		.ascii	"int\000"
ARM GAS  C:\Users\wl\AppData\Local\Temp\ccbeLiw0.s 			page 18


 536 002c 03       		.uleb128 0x3
 537 002d 14000000 		.4byte	.LASF12
 538 0031 02       		.byte	0x2
 539 0032 D8       		.byte	0xd8
 540 0033 37000000 		.4byte	0x37
 541 0037 04       		.uleb128 0x4
 542 0038 04       		.byte	0x4
 543 0039 07       		.byte	0x7
 544 003a 3F010000 		.4byte	.LASF0
 545 003e 04       		.uleb128 0x4
 546 003f 08       		.byte	0x8
 547 0040 05       		.byte	0x5
 548 0041 38020000 		.4byte	.LASF1
 549 0045 04       		.uleb128 0x4
 550 0046 08       		.byte	0x8
 551 0047 04       		.byte	0x4
 552 0048 00030000 		.4byte	.LASF2
 553 004c 04       		.uleb128 0x4
 554 004d 01       		.byte	0x1
 555 004e 06       		.byte	0x6
 556 004f 0C030000 		.4byte	.LASF3
 557 0053 04       		.uleb128 0x4
 558 0054 01       		.byte	0x1
 559 0055 08       		.byte	0x8
 560 0056 E1000000 		.4byte	.LASF4
 561 005a 04       		.uleb128 0x4
 562 005b 02       		.byte	0x2
 563 005c 05       		.byte	0x5
 564 005d 80020000 		.4byte	.LASF5
 565 0061 04       		.uleb128 0x4
 566 0062 02       		.byte	0x2
 567 0063 07       		.byte	0x7
 568 0064 25020000 		.4byte	.LASF6
 569 0068 04       		.uleb128 0x4
 570 0069 04       		.byte	0x4
 571 006a 05       		.byte	0x5
 572 006b F7020000 		.4byte	.LASF7
 573 006f 04       		.uleb128 0x4
 574 0070 04       		.byte	0x4
 575 0071 07       		.byte	0x7
 576 0072 AE000000 		.4byte	.LASF8
 577 0076 04       		.uleb128 0x4
 578 0077 08       		.byte	0x8
 579 0078 07       		.byte	0x7
 580 0079 61010000 		.4byte	.LASF9
 581 007d 04       		.uleb128 0x4
 582 007e 04       		.byte	0x4
 583 007f 07       		.byte	0x7
 584 0080 1C020000 		.4byte	.LASF10
 585 0084 05       		.uleb128 0x5
 586 0085 04       		.byte	0x4
 587 0086 04       		.uleb128 0x4
 588 0087 01       		.byte	0x1
 589 0088 08       		.byte	0x8
 590 0089 50020000 		.4byte	.LASF11
 591 008d 06       		.uleb128 0x6
 592 008e C0000000 		.4byte	.LASF13
ARM GAS  C:\Users\wl\AppData\Local\Temp\ccbeLiw0.s 			page 19


 593 0092 03       		.byte	0x3
 594 0093 E401     		.2byte	0x1e4
 595 0095 53000000 		.4byte	0x53
 596 0099 06       		.uleb128 0x6
 597 009a 26010000 		.4byte	.LASF14
 598 009e 03       		.byte	0x3
 599 009f E501     		.2byte	0x1e5
 600 00a1 61000000 		.4byte	0x61
 601 00a5 06       		.uleb128 0x6
 602 00a6 38010000 		.4byte	.LASF15
 603 00aa 03       		.byte	0x3
 604 00ab E601     		.2byte	0x1e6
 605 00ad 6F000000 		.4byte	0x6f
 606 00b1 04       		.uleb128 0x4
 607 00b2 04       		.byte	0x4
 608 00b3 04       		.byte	0x4
 609 00b4 76000000 		.4byte	.LASF16
 610 00b8 04       		.uleb128 0x4
 611 00b9 08       		.byte	0x8
 612 00ba 04       		.byte	0x4
 613 00bb F6000000 		.4byte	.LASF17
 614 00bf 06       		.uleb128 0x6
 615 00c0 A9000000 		.4byte	.LASF18
 616 00c4 03       		.byte	0x3
 617 00c5 8E02     		.2byte	0x28e
 618 00c7 CB000000 		.4byte	0xcb
 619 00cb 07       		.uleb128 0x7
 620 00cc 8D000000 		.4byte	0x8d
 621 00d0 06       		.uleb128 0x6
 622 00d1 0E000000 		.4byte	.LASF19
 623 00d5 03       		.byte	0x3
 624 00d6 9002     		.2byte	0x290
 625 00d8 DC000000 		.4byte	0xdc
 626 00dc 07       		.uleb128 0x7
 627 00dd A5000000 		.4byte	0xa5
 628 00e1 08       		.uleb128 0x8
 629 00e2 02       		.byte	0x2
 630 00e3 01       		.byte	0x1
 631 00e4 97       		.byte	0x97
 632 00e5 02010000 		.4byte	0x102
 633 00e9 09       		.uleb128 0x9
 634 00ea 79020000 		.4byte	.LASF20
 635 00ee 01       		.byte	0x1
 636 00ef 99       		.byte	0x99
 637 00f0 8D000000 		.4byte	0x8d
 638 00f4 00       		.byte	0
 639 00f5 09       		.uleb128 0x9
 640 00f6 3B000000 		.4byte	.LASF21
 641 00fa 01       		.byte	0x1
 642 00fb 9A       		.byte	0x9a
 643 00fc 8D000000 		.4byte	0x8d
 644 0100 01       		.byte	0x1
 645 0101 00       		.byte	0
 646 0102 03       		.uleb128 0x3
 647 0103 66020000 		.4byte	.LASF22
 648 0107 01       		.byte	0x1
 649 0108 9B       		.byte	0x9b
ARM GAS  C:\Users\wl\AppData\Local\Temp\ccbeLiw0.s 			page 20


 650 0109 E1000000 		.4byte	0xe1
 651 010d 0A       		.uleb128 0xa
 652 010e FD000000 		.4byte	.LASF27
 653 0112 01       		.byte	0x1
 654 0113 AE       		.byte	0xae
 655 0114 00000000 		.4byte	.LFB5
 656 0118 32000000 		.4byte	.LFE5-.LFB5
 657 011c 01       		.uleb128 0x1
 658 011d 9C       		.byte	0x9c
 659 011e 7F010000 		.4byte	0x17f
 660 0122 0B       		.uleb128 0xb
 661 0123 1B010000 		.4byte	.LASF23
 662 0127 01       		.byte	0x1
 663 0128 AE       		.byte	0xae
 664 0129 7F010000 		.4byte	0x17f
 665 012d 01       		.uleb128 0x1
 666 012e 50       		.byte	0x50
 667 012f 0B       		.uleb128 0xb
 668 0130 2D010000 		.4byte	.LASF24
 669 0134 01       		.byte	0x1
 670 0135 AE       		.byte	0xae
 671 0136 8A010000 		.4byte	0x18a
 672 013a 01       		.uleb128 0x1
 673 013b 51       		.byte	0x51
 674 013c 0C       		.uleb128 0xc
 675 013d 6900     		.ascii	"i\000"
 676 013f 01       		.byte	0x1
 677 0140 B1       		.byte	0xb1
 678 0141 A5000000 		.4byte	0xa5
 679 0145 00000000 		.4byte	.LLST0
 680 0149 0C       		.uleb128 0xc
 681 014a 6A00     		.ascii	"j\000"
 682 014c 01       		.byte	0x1
 683 014d B1       		.byte	0xb1
 684 014e A5000000 		.4byte	0xa5
 685 0152 1F000000 		.4byte	.LLST1
 686 0156 0D       		.uleb128 0xd
 687 0157 08000000 		.4byte	.LBB2
 688 015b 22000000 		.4byte	.LBE2-.LBB2
 689 015f 0E       		.uleb128 0xe
 690 0160 13020000 		.4byte	.LASF25
 691 0164 01       		.byte	0x1
 692 0165 B4       		.byte	0xb4
 693 0166 A5000000 		.4byte	0xa5
 694 016a 3E000000 		.4byte	.LLST2
 695 016e 0E       		.uleb128 0xe
 696 016f 41000000 		.4byte	.LASF26
 697 0173 01       		.byte	0x1
 698 0174 B5       		.byte	0xb5
 699 0175 8D000000 		.4byte	0x8d
 700 0179 51000000 		.4byte	.LLST3
 701 017d 00       		.byte	0
 702 017e 00       		.byte	0
 703 017f 0F       		.uleb128 0xf
 704 0180 04       		.byte	0x4
 705 0181 85010000 		.4byte	0x185
 706 0185 10       		.uleb128 0x10
ARM GAS  C:\Users\wl\AppData\Local\Temp\ccbeLiw0.s 			page 21


 707 0186 A5000000 		.4byte	0xa5
 708 018a 0F       		.uleb128 0xf
 709 018b 04       		.byte	0x4
 710 018c 90010000 		.4byte	0x190
 711 0190 10       		.uleb128 0x10
 712 0191 02010000 		.4byte	0x102
 713 0195 11       		.uleb128 0x11
 714 0196 1B000000 		.4byte	.LASF47
 715 019a 01       		.byte	0x1
 716 019b 1301     		.2byte	0x113
 717 019d 00000000 		.4byte	.LFB7
 718 01a1 20000000 		.4byte	.LFE7-.LFB7
 719 01a5 01       		.uleb128 0x1
 720 01a6 9C       		.byte	0x9c
 721 01a7 0A       		.uleb128 0xa
 722 01a8 D7000000 		.4byte	.LASF28
 723 01ac 01       		.byte	0x1
 724 01ad 4C       		.byte	0x4c
 725 01ae 00000000 		.4byte	.LFB2
 726 01b2 0C000000 		.4byte	.LFE2-.LFB2
 727 01b6 01       		.uleb128 0x1
 728 01b7 9C       		.byte	0x9c
 729 01b8 F4010000 		.4byte	0x1f4
 730 01bc 12       		.uleb128 0x12
 731 01bd 7300     		.ascii	"s\000"
 732 01bf 01       		.byte	0x1
 733 01c0 4C       		.byte	0x4c
 734 01c1 84000000 		.4byte	0x84
 735 01c5 6F000000 		.4byte	.LLST4
 736 01c9 12       		.uleb128 0x12
 737 01ca 6E00     		.ascii	"n\000"
 738 01cc 01       		.byte	0x1
 739 01cd 4C       		.byte	0x4c
 740 01ce 2C000000 		.4byte	0x2c
 741 01d2 90000000 		.4byte	.LLST5
 742 01d6 13       		.uleb128 0x13
 743 01d7 0A000000 		.4byte	.LVL14
 744 01db EE030000 		.4byte	0x3ee
 745 01df 14       		.uleb128 0x14
 746 01e0 01       		.uleb128 0x1
 747 01e1 50       		.byte	0x50
 748 01e2 03       		.uleb128 0x3
 749 01e3 F3       		.byte	0xf3
 750 01e4 01       		.uleb128 0x1
 751 01e5 50       		.byte	0x50
 752 01e6 14       		.uleb128 0x14
 753 01e7 01       		.uleb128 0x1
 754 01e8 51       		.byte	0x51
 755 01e9 01       		.uleb128 0x1
 756 01ea 30       		.byte	0x30
 757 01eb 14       		.uleb128 0x14
 758 01ec 01       		.uleb128 0x1
 759 01ed 52       		.byte	0x52
 760 01ee 03       		.uleb128 0x3
 761 01ef F3       		.byte	0xf3
 762 01f0 01       		.uleb128 0x1
 763 01f1 51       		.byte	0x51
ARM GAS  C:\Users\wl\AppData\Local\Temp\ccbeLiw0.s 			page 22


 764 01f2 00       		.byte	0
 765 01f3 00       		.byte	0
 766 01f4 0A       		.uleb128 0xa
 767 01f5 47000000 		.4byte	.LASF29
 768 01f9 01       		.byte	0x1
 769 01fa D3       		.byte	0xd3
 770 01fb 00000000 		.4byte	.LFB6
 771 01ff B4000000 		.4byte	.LFE6-.LFB6
 772 0203 01       		.uleb128 0x1
 773 0204 9C       		.byte	0x9c
 774 0205 9D020000 		.4byte	0x29d
 775 0209 15       		.uleb128 0x15
 776 020a 0C000000 		.4byte	.LVL15
 777 020e F7030000 		.4byte	0x3f7
 778 0212 16       		.uleb128 0x16
 779 0213 12000000 		.4byte	.LVL16
 780 0217 02040000 		.4byte	0x402
 781 021b 29020000 		.4byte	0x229
 782 021f 14       		.uleb128 0x14
 783 0220 01       		.uleb128 0x1
 784 0221 50       		.byte	0x50
 785 0222 05       		.uleb128 0x5
 786 0223 0C       		.byte	0xc
 787 0224 001BB700 		.4byte	0xb71b00
 788 0228 00       		.byte	0
 789 0229 16       		.uleb128 0x16
 790 022a 18000000 		.4byte	.LVL17
 791 022e 0D040000 		.4byte	0x40d
 792 0232 3C020000 		.4byte	0x23c
 793 0236 14       		.uleb128 0x14
 794 0237 01       		.uleb128 0x1
 795 0238 50       		.byte	0x50
 796 0239 01       		.uleb128 0x1
 797 023a 31       		.byte	0x31
 798 023b 00       		.byte	0
 799 023c 16       		.uleb128 0x16
 800 023d 1E000000 		.4byte	.LVL18
 801 0241 18040000 		.4byte	0x418
 802 0245 50020000 		.4byte	0x250
 803 0249 14       		.uleb128 0x14
 804 024a 01       		.uleb128 0x1
 805 024b 50       		.byte	0x50
 806 024c 02       		.uleb128 0x2
 807 024d 08       		.byte	0x8
 808 024e 30       		.byte	0x30
 809 024f 00       		.byte	0
 810 0250 16       		.uleb128 0x16
 811 0251 54000000 		.4byte	.LVL19
 812 0255 23040000 		.4byte	0x423
 813 0259 65020000 		.4byte	0x265
 814 025d 14       		.uleb128 0x14
 815 025e 01       		.uleb128 0x1
 816 025f 50       		.byte	0x50
 817 0260 03       		.uleb128 0x3
 818 0261 0A       		.byte	0xa
 819 0262 D007     		.2byte	0x7d0
 820 0264 00       		.byte	0
ARM GAS  C:\Users\wl\AppData\Local\Temp\ccbeLiw0.s 			page 23


 821 0265 16       		.uleb128 0x16
 822 0266 5A000000 		.4byte	.LVL20
 823 026a 2E040000 		.4byte	0x42e
 824 026e 7A020000 		.4byte	0x27a
 825 0272 14       		.uleb128 0x14
 826 0273 01       		.uleb128 0x1
 827 0274 50       		.byte	0x50
 828 0275 03       		.uleb128 0x3
 829 0276 0A       		.byte	0xa
 830 0277 DC05     		.2byte	0x5dc
 831 0279 00       		.byte	0
 832 027a 16       		.uleb128 0x16
 833 027b 72000000 		.4byte	.LVL21
 834 027f 39040000 		.4byte	0x439
 835 0283 8D020000 		.4byte	0x28d
 836 0287 14       		.uleb128 0x14
 837 0288 01       		.uleb128 0x1
 838 0289 50       		.byte	0x50
 839 028a 01       		.uleb128 0x1
 840 028b 38       		.byte	0x38
 841 028c 00       		.byte	0
 842 028d 13       		.uleb128 0x13
 843 028e 78000000 		.4byte	.LVL22
 844 0292 44040000 		.4byte	0x444
 845 0296 14       		.uleb128 0x14
 846 0297 01       		.uleb128 0x1
 847 0298 50       		.byte	0x50
 848 0299 01       		.uleb128 0x1
 849 029a 38       		.byte	0x38
 850 029b 00       		.byte	0
 851 029c 00       		.byte	0
 852 029d 17       		.uleb128 0x17
 853 029e 4C010000 		.4byte	.LASF48
 854 02a2 01       		.byte	0x1
 855 02a3 2E01     		.2byte	0x12e
 856 02a5 B4000000 		.4byte	.LFB8
 857 02a9 FC000000 		.4byte	.LFE8-.LFB8
 858 02ad 01       		.uleb128 0x1
 859 02ae 9C       		.byte	0x9c
 860 02af C4030000 		.4byte	0x3c4
 861 02b3 18       		.uleb128 0x18
 862 02b4 BE000000 		.4byte	.LBB3
 863 02b8 84000000 		.4byte	.LBE3-.LBB3
 864 02bc B1030000 		.4byte	0x3b1
 865 02c0 19       		.uleb128 0x19
 866 02c1 52000000 		.4byte	.LASF30
 867 02c5 01       		.byte	0x1
 868 02c6 3601     		.2byte	0x136
 869 02c8 D4030000 		.4byte	0x3d4
 870 02cc 05       		.uleb128 0x5
 871 02cd 03       		.byte	0x3
 872 02ce 38000000 		.4byte	cy_cfg_addr_table.4910
 873 02d2 19       		.uleb128 0x19
 874 02d3 64000000 		.4byte	.LASF31
 875 02d7 01       		.byte	0x1
 876 02d8 3E01     		.2byte	0x13e
 877 02da E9030000 		.4byte	0x3e9
ARM GAS  C:\Users\wl\AppData\Local\Temp\ccbeLiw0.s 			page 24


 878 02de 05       		.uleb128 0x5
 879 02df 03       		.byte	0x3
 880 02e0 0C000000 		.4byte	cy_cfg_data_table.4911
 881 02e4 1A       		.uleb128 0x1a
 882 02e5 06       		.byte	0x6
 883 02e6 01       		.byte	0x1
 884 02e7 5801     		.2byte	0x158
 885 02e9 08030000 		.4byte	0x308
 886 02ed 1B       		.uleb128 0x1b
 887 02ee 59010000 		.4byte	.LASF32
 888 02f2 01       		.byte	0x1
 889 02f3 5901     		.2byte	0x159
 890 02f5 84000000 		.4byte	0x84
 891 02f9 00       		.byte	0
 892 02fa 1B       		.uleb128 0x1b
 893 02fb 8C000000 		.4byte	.LASF33
 894 02ff 01       		.byte	0x1
 895 0300 5A01     		.2byte	0x15a
 896 0302 99000000 		.4byte	0x99
 897 0306 04       		.byte	0x4
 898 0307 00       		.byte	0
 899 0308 06       		.uleb128 0x6
 900 0309 06020000 		.4byte	.LASF34
 901 030d 01       		.byte	0x1
 902 030e 5B01     		.2byte	0x15b
 903 0310 E4020000 		.4byte	0x2e4
 904 0314 1C       		.uleb128 0x1c
 905 0315 24030000 		.4byte	0x324
 906 0319 24030000 		.4byte	0x324
 907 031d 1D       		.uleb128 0x1d
 908 031e 7D000000 		.4byte	0x7d
 909 0322 01       		.byte	0x1
 910 0323 00       		.byte	0
 911 0324 10       		.uleb128 0x10
 912 0325 08030000 		.4byte	0x308
 913 0329 19       		.uleb128 0x19
 914 032a 7C000000 		.4byte	.LASF35
 915 032e 01       		.byte	0x1
 916 032f 5D01     		.2byte	0x15d
 917 0331 3B030000 		.4byte	0x33b
 918 0335 05       		.uleb128 0x5
 919 0336 03       		.byte	0x3
 920 0337 00000000 		.4byte	cfg_memset_list.4916
 921 033b 10       		.uleb128 0x10
 922 033c 14030000 		.4byte	0x314
 923 0340 1E       		.uleb128 0x1e
 924 0341 6900     		.ascii	"i\000"
 925 0343 01       		.byte	0x1
 926 0344 6301     		.2byte	0x163
 927 0346 8D000000 		.4byte	0x8d
 928 034a BC000000 		.4byte	.LLST6
 929 034e 18       		.uleb128 0x18
 930 034f C2000000 		.4byte	.LBB4
 931 0353 1C000000 		.4byte	.LBE4-.LBB4
 932 0357 94030000 		.4byte	0x394
 933 035b 1E       		.uleb128 0x1e
 934 035c 6D7300   		.ascii	"ms\000"
ARM GAS  C:\Users\wl\AppData\Local\Temp\ccbeLiw0.s 			page 25


 935 035f 01       		.byte	0x1
 936 0360 6801     		.2byte	0x168
 937 0362 6A030000 		.4byte	0x36a
 938 0366 E6000000 		.4byte	.LLST7
 939 036a 0F       		.uleb128 0xf
 940 036b 04       		.byte	0x4
 941 036c 24030000 		.4byte	0x324
 942 0370 13       		.uleb128 0x13
 943 0371 DE000000 		.4byte	.LVL25
 944 0375 A7010000 		.4byte	0x1a7
 945 0379 14       		.uleb128 0x14
 946 037a 01       		.uleb128 0x1
 947 037b 51       		.byte	0x51
 948 037c 15       		.uleb128 0x15
 949 037d 74       		.byte	0x74
 950 037e 00       		.sleb128 0
 951 037f 31       		.byte	0x31
 952 0380 24       		.byte	0x24
 953 0381 74       		.byte	0x74
 954 0382 00       		.sleb128 0
 955 0383 22       		.byte	0x22
 956 0384 31       		.byte	0x31
 957 0385 24       		.byte	0x24
 958 0386 03       		.byte	0x3
 959 0387 04000000 		.4byte	.LANCHOR0+4
 960 038b 22       		.byte	0x22
 961 038c 94       		.byte	0x94
 962 038d 02       		.byte	0x2
 963 038e 0A       		.byte	0xa
 964 038f FFFF     		.2byte	0xffff
 965 0391 1A       		.byte	0x1a
 966 0392 00       		.byte	0
 967 0393 00       		.byte	0
 968 0394 13       		.uleb128 0x13
 969 0395 F2000000 		.4byte	.LVL28
 970 0399 0D010000 		.4byte	0x10d
 971 039d 14       		.uleb128 0x14
 972 039e 01       		.uleb128 0x1
 973 039f 50       		.byte	0x50
 974 03a0 05       		.uleb128 0x5
 975 03a1 03       		.byte	0x3
 976 03a2 38000000 		.4byte	.LANCHOR0+56
 977 03a6 14       		.uleb128 0x14
 978 03a7 01       		.uleb128 0x1
 979 03a8 51       		.byte	0x51
 980 03a9 05       		.uleb128 0x5
 981 03aa 03       		.byte	0x3
 982 03ab 0C000000 		.4byte	.LANCHOR0+12
 983 03af 00       		.byte	0
 984 03b0 00       		.byte	0
 985 03b1 15       		.uleb128 0x15
 986 03b2 64010000 		.4byte	.LVL29
 987 03b6 F4010000 		.4byte	0x1f4
 988 03ba 15       		.uleb128 0x15
 989 03bb 68010000 		.4byte	.LVL30
 990 03bf 95010000 		.4byte	0x195
 991 03c3 00       		.byte	0
ARM GAS  C:\Users\wl\AppData\Local\Temp\ccbeLiw0.s 			page 26


 992 03c4 1C       		.uleb128 0x1c
 993 03c5 85010000 		.4byte	0x185
 994 03c9 D4030000 		.4byte	0x3d4
 995 03cd 1D       		.uleb128 0x1d
 996 03ce 7D000000 		.4byte	0x7d
 997 03d2 04       		.byte	0x4
 998 03d3 00       		.byte	0
 999 03d4 10       		.uleb128 0x10
 1000 03d5 C4030000 		.4byte	0x3c4
 1001 03d9 1C       		.uleb128 0x1c
 1002 03da 90010000 		.4byte	0x190
 1003 03de E9030000 		.4byte	0x3e9
 1004 03e2 1D       		.uleb128 0x1d
 1005 03e3 7D000000 		.4byte	0x7d
 1006 03e7 14       		.byte	0x14
 1007 03e8 00       		.byte	0
 1008 03e9 10       		.uleb128 0x10
 1009 03ea D9030000 		.4byte	0x3d9
 1010 03ee 1F       		.uleb128 0x1f
 1011 03ef EF000000 		.4byte	.LASF49
 1012 03f3 EF000000 		.4byte	.LASF49
 1013 03f7 20       		.uleb128 0x20
 1014 03f8 C6000000 		.4byte	.LASF36
 1015 03fc C6000000 		.4byte	.LASF36
 1016 0400 04       		.byte	0x4
 1017 0401 4E       		.byte	0x4e
 1018 0402 20       		.uleb128 0x20
 1019 0403 00000000 		.4byte	.LASF37
 1020 0407 00000000 		.4byte	.LASF37
 1021 040b 05       		.byte	0x5
 1022 040c DC       		.byte	0xdc
 1023 040d 20       		.uleb128 0x20
 1024 040e 91000000 		.4byte	.LASF38
 1025 0412 91000000 		.4byte	.LASF38
 1026 0416 04       		.byte	0x4
 1027 0417 50       		.byte	0x50
 1028 0418 20       		.uleb128 0x20
 1029 0419 8A020000 		.4byte	.LASF39
 1030 041d 8A020000 		.4byte	.LASF39
 1031 0421 05       		.byte	0x5
 1032 0422 6C       		.byte	0x6c
 1033 0423 20       		.uleb128 0x20
 1034 0424 55020000 		.4byte	.LASF40
 1035 0428 55020000 		.4byte	.LASF40
 1036 042c 05       		.byte	0x5
 1037 042d 84       		.byte	0x84
 1038 042e 20       		.uleb128 0x20
 1039 042f 46020000 		.4byte	.LASF41
 1040 0433 46020000 		.4byte	.LASF41
 1041 0437 05       		.byte	0x5
 1042 0438 DA       		.byte	0xda
 1043 0439 20       		.uleb128 0x20
 1044 043a 2C000000 		.4byte	.LASF42
 1045 043e 2C000000 		.4byte	.LASF42
 1046 0442 05       		.byte	0x5
 1047 0443 BD       		.byte	0xbd
 1048 0444 20       		.uleb128 0x20
ARM GAS  C:\Users\wl\AppData\Local\Temp\ccbeLiw0.s 			page 27


 1049 0445 0F010000 		.4byte	.LASF43
 1050 0449 0F010000 		.4byte	.LASF43
 1051 044d 05       		.byte	0x5
 1052 044e C3       		.byte	0xc3
 1053 044f 00       		.byte	0
 1054              		.section	.debug_abbrev,"",%progbits
 1055              	.Ldebug_abbrev0:
 1056 0000 01       		.uleb128 0x1
 1057 0001 11       		.uleb128 0x11
 1058 0002 01       		.byte	0x1
 1059 0003 25       		.uleb128 0x25
 1060 0004 0E       		.uleb128 0xe
 1061 0005 13       		.uleb128 0x13
 1062 0006 0B       		.uleb128 0xb
 1063 0007 03       		.uleb128 0x3
 1064 0008 0E       		.uleb128 0xe
 1065 0009 1B       		.uleb128 0x1b
 1066 000a 0E       		.uleb128 0xe
 1067 000b 55       		.uleb128 0x55
 1068 000c 17       		.uleb128 0x17
 1069 000d 11       		.uleb128 0x11
 1070 000e 01       		.uleb128 0x1
 1071 000f 10       		.uleb128 0x10
 1072 0010 17       		.uleb128 0x17
 1073 0011 00       		.byte	0
 1074 0012 00       		.byte	0
 1075 0013 02       		.uleb128 0x2
 1076 0014 24       		.uleb128 0x24
 1077 0015 00       		.byte	0
 1078 0016 0B       		.uleb128 0xb
 1079 0017 0B       		.uleb128 0xb
 1080 0018 3E       		.uleb128 0x3e
 1081 0019 0B       		.uleb128 0xb
 1082 001a 03       		.uleb128 0x3
 1083 001b 08       		.uleb128 0x8
 1084 001c 00       		.byte	0
 1085 001d 00       		.byte	0
 1086 001e 03       		.uleb128 0x3
 1087 001f 16       		.uleb128 0x16
 1088 0020 00       		.byte	0
 1089 0021 03       		.uleb128 0x3
 1090 0022 0E       		.uleb128 0xe
 1091 0023 3A       		.uleb128 0x3a
 1092 0024 0B       		.uleb128 0xb
 1093 0025 3B       		.uleb128 0x3b
 1094 0026 0B       		.uleb128 0xb
 1095 0027 49       		.uleb128 0x49
 1096 0028 13       		.uleb128 0x13
 1097 0029 00       		.byte	0
 1098 002a 00       		.byte	0
 1099 002b 04       		.uleb128 0x4
 1100 002c 24       		.uleb128 0x24
 1101 002d 00       		.byte	0
 1102 002e 0B       		.uleb128 0xb
 1103 002f 0B       		.uleb128 0xb
 1104 0030 3E       		.uleb128 0x3e
 1105 0031 0B       		.uleb128 0xb
ARM GAS  C:\Users\wl\AppData\Local\Temp\ccbeLiw0.s 			page 28


 1106 0032 03       		.uleb128 0x3
 1107 0033 0E       		.uleb128 0xe
 1108 0034 00       		.byte	0
 1109 0035 00       		.byte	0
 1110 0036 05       		.uleb128 0x5
 1111 0037 0F       		.uleb128 0xf
 1112 0038 00       		.byte	0
 1113 0039 0B       		.uleb128 0xb
 1114 003a 0B       		.uleb128 0xb
 1115 003b 00       		.byte	0
 1116 003c 00       		.byte	0
 1117 003d 06       		.uleb128 0x6
 1118 003e 16       		.uleb128 0x16
 1119 003f 00       		.byte	0
 1120 0040 03       		.uleb128 0x3
 1121 0041 0E       		.uleb128 0xe
 1122 0042 3A       		.uleb128 0x3a
 1123 0043 0B       		.uleb128 0xb
 1124 0044 3B       		.uleb128 0x3b
 1125 0045 05       		.uleb128 0x5
 1126 0046 49       		.uleb128 0x49
 1127 0047 13       		.uleb128 0x13
 1128 0048 00       		.byte	0
 1129 0049 00       		.byte	0
 1130 004a 07       		.uleb128 0x7
 1131 004b 35       		.uleb128 0x35
 1132 004c 00       		.byte	0
 1133 004d 49       		.uleb128 0x49
 1134 004e 13       		.uleb128 0x13
 1135 004f 00       		.byte	0
 1136 0050 00       		.byte	0
 1137 0051 08       		.uleb128 0x8
 1138 0052 13       		.uleb128 0x13
 1139 0053 01       		.byte	0x1
 1140 0054 0B       		.uleb128 0xb
 1141 0055 0B       		.uleb128 0xb
 1142 0056 3A       		.uleb128 0x3a
 1143 0057 0B       		.uleb128 0xb
 1144 0058 3B       		.uleb128 0x3b
 1145 0059 0B       		.uleb128 0xb
 1146 005a 01       		.uleb128 0x1
 1147 005b 13       		.uleb128 0x13
 1148 005c 00       		.byte	0
 1149 005d 00       		.byte	0
 1150 005e 09       		.uleb128 0x9
 1151 005f 0D       		.uleb128 0xd
 1152 0060 00       		.byte	0
 1153 0061 03       		.uleb128 0x3
 1154 0062 0E       		.uleb128 0xe
 1155 0063 3A       		.uleb128 0x3a
 1156 0064 0B       		.uleb128 0xb
 1157 0065 3B       		.uleb128 0x3b
 1158 0066 0B       		.uleb128 0xb
 1159 0067 49       		.uleb128 0x49
 1160 0068 13       		.uleb128 0x13
 1161 0069 38       		.uleb128 0x38
 1162 006a 0B       		.uleb128 0xb
ARM GAS  C:\Users\wl\AppData\Local\Temp\ccbeLiw0.s 			page 29


 1163 006b 00       		.byte	0
 1164 006c 00       		.byte	0
 1165 006d 0A       		.uleb128 0xa
 1166 006e 2E       		.uleb128 0x2e
 1167 006f 01       		.byte	0x1
 1168 0070 03       		.uleb128 0x3
 1169 0071 0E       		.uleb128 0xe
 1170 0072 3A       		.uleb128 0x3a
 1171 0073 0B       		.uleb128 0xb
 1172 0074 3B       		.uleb128 0x3b
 1173 0075 0B       		.uleb128 0xb
 1174 0076 27       		.uleb128 0x27
 1175 0077 19       		.uleb128 0x19
 1176 0078 11       		.uleb128 0x11
 1177 0079 01       		.uleb128 0x1
 1178 007a 12       		.uleb128 0x12
 1179 007b 06       		.uleb128 0x6
 1180 007c 40       		.uleb128 0x40
 1181 007d 18       		.uleb128 0x18
 1182 007e 9742     		.uleb128 0x2117
 1183 0080 19       		.uleb128 0x19
 1184 0081 01       		.uleb128 0x1
 1185 0082 13       		.uleb128 0x13
 1186 0083 00       		.byte	0
 1187 0084 00       		.byte	0
 1188 0085 0B       		.uleb128 0xb
 1189 0086 05       		.uleb128 0x5
 1190 0087 00       		.byte	0
 1191 0088 03       		.uleb128 0x3
 1192 0089 0E       		.uleb128 0xe
 1193 008a 3A       		.uleb128 0x3a
 1194 008b 0B       		.uleb128 0xb
 1195 008c 3B       		.uleb128 0x3b
 1196 008d 0B       		.uleb128 0xb
 1197 008e 49       		.uleb128 0x49
 1198 008f 13       		.uleb128 0x13
 1199 0090 02       		.uleb128 0x2
 1200 0091 18       		.uleb128 0x18
 1201 0092 00       		.byte	0
 1202 0093 00       		.byte	0
 1203 0094 0C       		.uleb128 0xc
 1204 0095 34       		.uleb128 0x34
 1205 0096 00       		.byte	0
 1206 0097 03       		.uleb128 0x3
 1207 0098 08       		.uleb128 0x8
 1208 0099 3A       		.uleb128 0x3a
 1209 009a 0B       		.uleb128 0xb
 1210 009b 3B       		.uleb128 0x3b
 1211 009c 0B       		.uleb128 0xb
 1212 009d 49       		.uleb128 0x49
 1213 009e 13       		.uleb128 0x13
 1214 009f 02       		.uleb128 0x2
 1215 00a0 17       		.uleb128 0x17
 1216 00a1 00       		.byte	0
 1217 00a2 00       		.byte	0
 1218 00a3 0D       		.uleb128 0xd
 1219 00a4 0B       		.uleb128 0xb
ARM GAS  C:\Users\wl\AppData\Local\Temp\ccbeLiw0.s 			page 30


 1220 00a5 01       		.byte	0x1
 1221 00a6 11       		.uleb128 0x11
 1222 00a7 01       		.uleb128 0x1
 1223 00a8 12       		.uleb128 0x12
 1224 00a9 06       		.uleb128 0x6
 1225 00aa 00       		.byte	0
 1226 00ab 00       		.byte	0
 1227 00ac 0E       		.uleb128 0xe
 1228 00ad 34       		.uleb128 0x34
 1229 00ae 00       		.byte	0
 1230 00af 03       		.uleb128 0x3
 1231 00b0 0E       		.uleb128 0xe
 1232 00b1 3A       		.uleb128 0x3a
 1233 00b2 0B       		.uleb128 0xb
 1234 00b3 3B       		.uleb128 0x3b
 1235 00b4 0B       		.uleb128 0xb
 1236 00b5 49       		.uleb128 0x49
 1237 00b6 13       		.uleb128 0x13
 1238 00b7 02       		.uleb128 0x2
 1239 00b8 17       		.uleb128 0x17
 1240 00b9 00       		.byte	0
 1241 00ba 00       		.byte	0
 1242 00bb 0F       		.uleb128 0xf
 1243 00bc 0F       		.uleb128 0xf
 1244 00bd 00       		.byte	0
 1245 00be 0B       		.uleb128 0xb
 1246 00bf 0B       		.uleb128 0xb
 1247 00c0 49       		.uleb128 0x49
 1248 00c1 13       		.uleb128 0x13
 1249 00c2 00       		.byte	0
 1250 00c3 00       		.byte	0
 1251 00c4 10       		.uleb128 0x10
 1252 00c5 26       		.uleb128 0x26
 1253 00c6 00       		.byte	0
 1254 00c7 49       		.uleb128 0x49
 1255 00c8 13       		.uleb128 0x13
 1256 00c9 00       		.byte	0
 1257 00ca 00       		.byte	0
 1258 00cb 11       		.uleb128 0x11
 1259 00cc 2E       		.uleb128 0x2e
 1260 00cd 00       		.byte	0
 1261 00ce 03       		.uleb128 0x3
 1262 00cf 0E       		.uleb128 0xe
 1263 00d0 3A       		.uleb128 0x3a
 1264 00d1 0B       		.uleb128 0xb
 1265 00d2 3B       		.uleb128 0x3b
 1266 00d3 05       		.uleb128 0x5
 1267 00d4 27       		.uleb128 0x27
 1268 00d5 19       		.uleb128 0x19
 1269 00d6 11       		.uleb128 0x11
 1270 00d7 01       		.uleb128 0x1
 1271 00d8 12       		.uleb128 0x12
 1272 00d9 06       		.uleb128 0x6
 1273 00da 40       		.uleb128 0x40
 1274 00db 18       		.uleb128 0x18
 1275 00dc 9742     		.uleb128 0x2117
 1276 00de 19       		.uleb128 0x19
ARM GAS  C:\Users\wl\AppData\Local\Temp\ccbeLiw0.s 			page 31


 1277 00df 00       		.byte	0
 1278 00e0 00       		.byte	0
 1279 00e1 12       		.uleb128 0x12
 1280 00e2 05       		.uleb128 0x5
 1281 00e3 00       		.byte	0
 1282 00e4 03       		.uleb128 0x3
 1283 00e5 08       		.uleb128 0x8
 1284 00e6 3A       		.uleb128 0x3a
 1285 00e7 0B       		.uleb128 0xb
 1286 00e8 3B       		.uleb128 0x3b
 1287 00e9 0B       		.uleb128 0xb
 1288 00ea 49       		.uleb128 0x49
 1289 00eb 13       		.uleb128 0x13
 1290 00ec 02       		.uleb128 0x2
 1291 00ed 17       		.uleb128 0x17
 1292 00ee 00       		.byte	0
 1293 00ef 00       		.byte	0
 1294 00f0 13       		.uleb128 0x13
 1295 00f1 898201   		.uleb128 0x4109
 1296 00f4 01       		.byte	0x1
 1297 00f5 11       		.uleb128 0x11
 1298 00f6 01       		.uleb128 0x1
 1299 00f7 31       		.uleb128 0x31
 1300 00f8 13       		.uleb128 0x13
 1301 00f9 00       		.byte	0
 1302 00fa 00       		.byte	0
 1303 00fb 14       		.uleb128 0x14
 1304 00fc 8A8201   		.uleb128 0x410a
 1305 00ff 00       		.byte	0
 1306 0100 02       		.uleb128 0x2
 1307 0101 18       		.uleb128 0x18
 1308 0102 9142     		.uleb128 0x2111
 1309 0104 18       		.uleb128 0x18
 1310 0105 00       		.byte	0
 1311 0106 00       		.byte	0
 1312 0107 15       		.uleb128 0x15
 1313 0108 898201   		.uleb128 0x4109
 1314 010b 00       		.byte	0
 1315 010c 11       		.uleb128 0x11
 1316 010d 01       		.uleb128 0x1
 1317 010e 31       		.uleb128 0x31
 1318 010f 13       		.uleb128 0x13
 1319 0110 00       		.byte	0
 1320 0111 00       		.byte	0
 1321 0112 16       		.uleb128 0x16
 1322 0113 898201   		.uleb128 0x4109
 1323 0116 01       		.byte	0x1
 1324 0117 11       		.uleb128 0x11
 1325 0118 01       		.uleb128 0x1
 1326 0119 31       		.uleb128 0x31
 1327 011a 13       		.uleb128 0x13
 1328 011b 01       		.uleb128 0x1
 1329 011c 13       		.uleb128 0x13
 1330 011d 00       		.byte	0
 1331 011e 00       		.byte	0
 1332 011f 17       		.uleb128 0x17
 1333 0120 2E       		.uleb128 0x2e
ARM GAS  C:\Users\wl\AppData\Local\Temp\ccbeLiw0.s 			page 32


 1334 0121 01       		.byte	0x1
 1335 0122 3F       		.uleb128 0x3f
 1336 0123 19       		.uleb128 0x19
 1337 0124 03       		.uleb128 0x3
 1338 0125 0E       		.uleb128 0xe
 1339 0126 3A       		.uleb128 0x3a
 1340 0127 0B       		.uleb128 0xb
 1341 0128 3B       		.uleb128 0x3b
 1342 0129 05       		.uleb128 0x5
 1343 012a 27       		.uleb128 0x27
 1344 012b 19       		.uleb128 0x19
 1345 012c 11       		.uleb128 0x11
 1346 012d 01       		.uleb128 0x1
 1347 012e 12       		.uleb128 0x12
 1348 012f 06       		.uleb128 0x6
 1349 0130 40       		.uleb128 0x40
 1350 0131 18       		.uleb128 0x18
 1351 0132 9742     		.uleb128 0x2117
 1352 0134 19       		.uleb128 0x19
 1353 0135 01       		.uleb128 0x1
 1354 0136 13       		.uleb128 0x13
 1355 0137 00       		.byte	0
 1356 0138 00       		.byte	0
 1357 0139 18       		.uleb128 0x18
 1358 013a 0B       		.uleb128 0xb
 1359 013b 01       		.byte	0x1
 1360 013c 11       		.uleb128 0x11
 1361 013d 01       		.uleb128 0x1
 1362 013e 12       		.uleb128 0x12
 1363 013f 06       		.uleb128 0x6
 1364 0140 01       		.uleb128 0x1
 1365 0141 13       		.uleb128 0x13
 1366 0142 00       		.byte	0
 1367 0143 00       		.byte	0
 1368 0144 19       		.uleb128 0x19
 1369 0145 34       		.uleb128 0x34
 1370 0146 00       		.byte	0
 1371 0147 03       		.uleb128 0x3
 1372 0148 0E       		.uleb128 0xe
 1373 0149 3A       		.uleb128 0x3a
 1374 014a 0B       		.uleb128 0xb
 1375 014b 3B       		.uleb128 0x3b
 1376 014c 05       		.uleb128 0x5
 1377 014d 49       		.uleb128 0x49
 1378 014e 13       		.uleb128 0x13
 1379 014f 02       		.uleb128 0x2
 1380 0150 18       		.uleb128 0x18
 1381 0151 00       		.byte	0
 1382 0152 00       		.byte	0
 1383 0153 1A       		.uleb128 0x1a
 1384 0154 13       		.uleb128 0x13
 1385 0155 01       		.byte	0x1
 1386 0156 0B       		.uleb128 0xb
 1387 0157 0B       		.uleb128 0xb
 1388 0158 3A       		.uleb128 0x3a
 1389 0159 0B       		.uleb128 0xb
 1390 015a 3B       		.uleb128 0x3b
ARM GAS  C:\Users\wl\AppData\Local\Temp\ccbeLiw0.s 			page 33


 1391 015b 05       		.uleb128 0x5
 1392 015c 01       		.uleb128 0x1
 1393 015d 13       		.uleb128 0x13
 1394 015e 00       		.byte	0
 1395 015f 00       		.byte	0
 1396 0160 1B       		.uleb128 0x1b
 1397 0161 0D       		.uleb128 0xd
 1398 0162 00       		.byte	0
 1399 0163 03       		.uleb128 0x3
 1400 0164 0E       		.uleb128 0xe
 1401 0165 3A       		.uleb128 0x3a
 1402 0166 0B       		.uleb128 0xb
 1403 0167 3B       		.uleb128 0x3b
 1404 0168 05       		.uleb128 0x5
 1405 0169 49       		.uleb128 0x49
 1406 016a 13       		.uleb128 0x13
 1407 016b 38       		.uleb128 0x38
 1408 016c 0B       		.uleb128 0xb
 1409 016d 00       		.byte	0
 1410 016e 00       		.byte	0
 1411 016f 1C       		.uleb128 0x1c
 1412 0170 01       		.uleb128 0x1
 1413 0171 01       		.byte	0x1
 1414 0172 49       		.uleb128 0x49
 1415 0173 13       		.uleb128 0x13
 1416 0174 01       		.uleb128 0x1
 1417 0175 13       		.uleb128 0x13
 1418 0176 00       		.byte	0
 1419 0177 00       		.byte	0
 1420 0178 1D       		.uleb128 0x1d
 1421 0179 21       		.uleb128 0x21
 1422 017a 00       		.byte	0
 1423 017b 49       		.uleb128 0x49
 1424 017c 13       		.uleb128 0x13
 1425 017d 2F       		.uleb128 0x2f
 1426 017e 0B       		.uleb128 0xb
 1427 017f 00       		.byte	0
 1428 0180 00       		.byte	0
 1429 0181 1E       		.uleb128 0x1e
 1430 0182 34       		.uleb128 0x34
 1431 0183 00       		.byte	0
 1432 0184 03       		.uleb128 0x3
 1433 0185 08       		.uleb128 0x8
 1434 0186 3A       		.uleb128 0x3a
 1435 0187 0B       		.uleb128 0xb
 1436 0188 3B       		.uleb128 0x3b
 1437 0189 05       		.uleb128 0x5
 1438 018a 49       		.uleb128 0x49
 1439 018b 13       		.uleb128 0x13
 1440 018c 02       		.uleb128 0x2
 1441 018d 17       		.uleb128 0x17
 1442 018e 00       		.byte	0
 1443 018f 00       		.byte	0
 1444 0190 1F       		.uleb128 0x1f
 1445 0191 2E       		.uleb128 0x2e
 1446 0192 00       		.byte	0
 1447 0193 3F       		.uleb128 0x3f
ARM GAS  C:\Users\wl\AppData\Local\Temp\ccbeLiw0.s 			page 34


 1448 0194 19       		.uleb128 0x19
 1449 0195 3C       		.uleb128 0x3c
 1450 0196 19       		.uleb128 0x19
 1451 0197 6E       		.uleb128 0x6e
 1452 0198 0E       		.uleb128 0xe
 1453 0199 03       		.uleb128 0x3
 1454 019a 0E       		.uleb128 0xe
 1455 019b 00       		.byte	0
 1456 019c 00       		.byte	0
 1457 019d 20       		.uleb128 0x20
 1458 019e 2E       		.uleb128 0x2e
 1459 019f 00       		.byte	0
 1460 01a0 3F       		.uleb128 0x3f
 1461 01a1 19       		.uleb128 0x19
 1462 01a2 3C       		.uleb128 0x3c
 1463 01a3 19       		.uleb128 0x19
 1464 01a4 6E       		.uleb128 0x6e
 1465 01a5 0E       		.uleb128 0xe
 1466 01a6 03       		.uleb128 0x3
 1467 01a7 0E       		.uleb128 0xe
 1468 01a8 3A       		.uleb128 0x3a
 1469 01a9 0B       		.uleb128 0xb
 1470 01aa 3B       		.uleb128 0x3b
 1471 01ab 0B       		.uleb128 0xb
 1472 01ac 00       		.byte	0
 1473 01ad 00       		.byte	0
 1474 01ae 00       		.byte	0
 1475              		.section	.debug_loc,"",%progbits
 1476              	.Ldebug_loc0:
 1477              	.LLST0:
 1478 0000 02000000 		.4byte	.LVL1
 1479 0004 08000000 		.4byte	.LVL2
 1480 0008 0200     		.2byte	0x2
 1481 000a 30       		.byte	0x30
 1482 000b 9F       		.byte	0x9f
 1483 000c 08000000 		.4byte	.LVL2
 1484 0010 30000000 		.4byte	.LVL11
 1485 0014 0100     		.2byte	0x1
 1486 0016 57       		.byte	0x57
 1487 0017 00000000 		.4byte	0
 1488 001b 00000000 		.4byte	0
 1489              	.LLST1:
 1490 001f 02000000 		.4byte	.LVL1
 1491 0023 08000000 		.4byte	.LVL2
 1492 0027 0200     		.2byte	0x2
 1493 0029 30       		.byte	0x30
 1494 002a 9F       		.byte	0x9f
 1495 002b 08000000 		.4byte	.LVL2
 1496 002f 30000000 		.4byte	.LVL10
 1497 0033 0100     		.2byte	0x1
 1498 0035 55       		.byte	0x55
 1499 0036 00000000 		.4byte	0
 1500 003a 00000000 		.4byte	0
 1501              	.LLST2:
 1502 003e 0C000000 		.4byte	.LVL3
 1503 0042 2C000000 		.4byte	.LVL9
 1504 0046 0100     		.2byte	0x1
ARM GAS  C:\Users\wl\AppData\Local\Temp\ccbeLiw0.s 			page 35


 1505 0048 56       		.byte	0x56
 1506 0049 00000000 		.4byte	0
 1507 004d 00000000 		.4byte	0
 1508              	.LLST3:
 1509 0051 0E000000 		.4byte	.LVL4
 1510 0055 24000000 		.4byte	.LVL7
 1511 0059 0100     		.2byte	0x1
 1512 005b 53       		.byte	0x53
 1513 005c 26000000 		.4byte	.LVL8
 1514 0060 2C000000 		.4byte	.LVL9
 1515 0064 0100     		.2byte	0x1
 1516 0066 53       		.byte	0x53
 1517 0067 00000000 		.4byte	0
 1518 006b 00000000 		.4byte	0
 1519              	.LLST4:
 1520 006f 00000000 		.4byte	.LVL12
 1521 0073 09000000 		.4byte	.LVL14-1
 1522 0077 0100     		.2byte	0x1
 1523 0079 50       		.byte	0x50
 1524 007a 09000000 		.4byte	.LVL14-1
 1525 007e 0C000000 		.4byte	.LFE2
 1526 0082 0400     		.2byte	0x4
 1527 0084 F3       		.byte	0xf3
 1528 0085 01       		.uleb128 0x1
 1529 0086 50       		.byte	0x50
 1530 0087 9F       		.byte	0x9f
 1531 0088 00000000 		.4byte	0
 1532 008c 00000000 		.4byte	0
 1533              	.LLST5:
 1534 0090 00000000 		.4byte	.LVL12
 1535 0094 06000000 		.4byte	.LVL13
 1536 0098 0100     		.2byte	0x1
 1537 009a 51       		.byte	0x51
 1538 009b 06000000 		.4byte	.LVL13
 1539 009f 09000000 		.4byte	.LVL14-1
 1540 00a3 0100     		.2byte	0x1
 1541 00a5 52       		.byte	0x52
 1542 00a6 09000000 		.4byte	.LVL14-1
 1543 00aa 0C000000 		.4byte	.LFE2
 1544 00ae 0400     		.2byte	0x4
 1545 00b0 F3       		.byte	0xf3
 1546 00b1 01       		.uleb128 0x1
 1547 00b2 51       		.byte	0x51
 1548 00b3 9F       		.byte	0x9f
 1549 00b4 00000000 		.4byte	0
 1550 00b8 00000000 		.4byte	0
 1551              	.LLST6:
 1552 00bc BE000000 		.4byte	.LVL23
 1553 00c0 C2000000 		.4byte	.LVL24
 1554 00c4 0200     		.2byte	0x2
 1555 00c6 30       		.byte	0x30
 1556 00c7 9F       		.byte	0x9f
 1557 00c8 C2000000 		.4byte	.LVL24
 1558 00cc E0000000 		.4byte	.LVL26
 1559 00d0 0100     		.2byte	0x1
 1560 00d2 54       		.byte	0x54
 1561 00d3 E2000000 		.4byte	.LVL27
ARM GAS  C:\Users\wl\AppData\Local\Temp\ccbeLiw0.s 			page 36


 1562 00d7 68010000 		.4byte	.LVL31
 1563 00db 0100     		.2byte	0x1
 1564 00dd 54       		.byte	0x54
 1565 00de 00000000 		.4byte	0
 1566 00e2 00000000 		.4byte	0
 1567              	.LLST7:
 1568 00e6 C2000000 		.4byte	.LVL24
 1569 00ea E0000000 		.4byte	.LVL26
 1570 00ee 0B00     		.2byte	0xb
 1571 00f0 74       		.byte	0x74
 1572 00f1 00       		.sleb128 0
 1573 00f2 36       		.byte	0x36
 1574 00f3 1E       		.byte	0x1e
 1575 00f4 03       		.byte	0x3
 1576 00f5 00000000 		.4byte	cfg_memset_list.4916
 1577 00f9 22       		.byte	0x22
 1578 00fa 9F       		.byte	0x9f
 1579 00fb E0000000 		.4byte	.LVL26
 1580 00ff E2000000 		.4byte	.LVL27
 1581 0103 0B00     		.2byte	0xb
 1582 0105 74       		.byte	0x74
 1583 0106 7F       		.sleb128 -1
 1584 0107 36       		.byte	0x36
 1585 0108 1E       		.byte	0x1e
 1586 0109 03       		.byte	0x3
 1587 010a 00000000 		.4byte	cfg_memset_list.4916
 1588 010e 22       		.byte	0x22
 1589 010f 9F       		.byte	0x9f
 1590 0110 00000000 		.4byte	0
 1591 0114 00000000 		.4byte	0
 1592              		.section	.debug_aranges,"",%progbits
 1593 0000 3C000000 		.4byte	0x3c
 1594 0004 0200     		.2byte	0x2
 1595 0006 00000000 		.4byte	.Ldebug_info0
 1596 000a 04       		.byte	0x4
 1597 000b 00       		.byte	0
 1598 000c 0000     		.2byte	0
 1599 000e 0000     		.2byte	0
 1600 0010 00000000 		.4byte	.LFB5
 1601 0014 32000000 		.4byte	.LFE5-.LFB5
 1602 0018 00000000 		.4byte	.LFB7
 1603 001c 20000000 		.4byte	.LFE7-.LFB7
 1604 0020 00000000 		.4byte	.LFB2
 1605 0024 0C000000 		.4byte	.LFE2-.LFB2
 1606 0028 00000000 		.4byte	.LFB6
 1607 002c B4000000 		.4byte	.LFE6-.LFB6
 1608 0030 B4000000 		.4byte	.LFB8
 1609 0034 FC000000 		.4byte	.LFE8-.LFB8
 1610 0038 00000000 		.4byte	0
 1611 003c 00000000 		.4byte	0
 1612              		.section	.debug_ranges,"",%progbits
 1613              	.Ldebug_ranges0:
 1614 0000 00000000 		.4byte	.LFB5
 1615 0004 32000000 		.4byte	.LFE5
 1616 0008 00000000 		.4byte	.LFB7
 1617 000c 20000000 		.4byte	.LFE7
 1618 0010 00000000 		.4byte	.LFB2
ARM GAS  C:\Users\wl\AppData\Local\Temp\ccbeLiw0.s 			page 37


 1619 0014 0C000000 		.4byte	.LFE2
 1620 0018 00000000 		.4byte	.LFB6
 1621 001c B4000000 		.4byte	.LFE6
 1622 0020 B4000000 		.4byte	.LFB8
 1623 0024 B0010000 		.4byte	.LFE8
 1624 0028 00000000 		.4byte	0
 1625 002c 00000000 		.4byte	0
 1626              		.section	.debug_line,"",%progbits
 1627              	.Ldebug_line0:
 1628 0000 88010000 		.section	.debug_str,"MS",%progbits,1
 1628      0200E300 
 1628      00000201 
 1628      FB0E0D00 
 1628      01010101 
 1629              	.LASF37:
 1630 0000 43794465 		.ascii	"CyDelayCycles\000"
 1630      6C617943 
 1630      79636C65 
 1630      7300
 1631              	.LASF19:
 1632 000e 72656733 		.ascii	"reg32\000"
 1632      3200
 1633              	.LASF12:
 1634 0014 73697A65 		.ascii	"size_t\000"
 1634      5F7400
 1635              	.LASF47:
 1636 001b 416E616C 		.ascii	"AnalogSetDefault\000"
 1636      6F675365 
 1636      74446566 
 1636      61756C74 
 1636      00
 1637              	.LASF42:
 1638 002c 4379496E 		.ascii	"CyIntSetVector\000"
 1638      74536574 
 1638      56656374 
 1638      6F7200
 1639              	.LASF21:
 1640 003b 76616C75 		.ascii	"value\000"
 1640      6500
 1641              	.LASF26:
 1642 0041 636F756E 		.ascii	"count\000"
 1642      7400
 1643              	.LASF29:
 1644 0047 436C6F63 		.ascii	"ClockSetup\000"
 1644      6B536574 
 1644      757000
 1645              	.LASF30:
 1646 0052 63795F63 		.ascii	"cy_cfg_addr_table\000"
 1646      66675F61 
 1646      6464725F 
 1646      7461626C 
 1646      6500
 1647              	.LASF31:
 1648 0064 63795F63 		.ascii	"cy_cfg_data_table\000"
 1648      66675F64 
 1648      6174615F 
 1648      7461626C 
ARM GAS  C:\Users\wl\AppData\Local\Temp\ccbeLiw0.s 			page 38


 1648      6500
 1649              	.LASF16:
 1650 0076 666C6F61 		.ascii	"float\000"
 1650      7400
 1651              	.LASF35:
 1652 007c 6366675F 		.ascii	"cfg_memset_list\000"
 1652      6D656D73 
 1652      65745F6C 
 1652      69737400 
 1653              	.LASF33:
 1654 008c 73697A65 		.ascii	"size\000"
 1654      00
 1655              	.LASF38:
 1656 0091 43795379 		.ascii	"CySysClkWcoSetPowerMode\000"
 1656      73436C6B 
 1656      57636F53 
 1656      6574506F 
 1656      7765724D 
 1657              	.LASF18:
 1658 00a9 72656738 		.ascii	"reg8\000"
 1658      00
 1659              	.LASF8:
 1660 00ae 6C6F6E67 		.ascii	"long unsigned int\000"
 1660      20756E73 
 1660      69676E65 
 1660      6420696E 
 1660      7400
 1661              	.LASF13:
 1662 00c0 75696E74 		.ascii	"uint8\000"
 1662      3800
 1663              	.LASF36:
 1664 00c6 43795379 		.ascii	"CySysClkWcoStart\000"
 1664      73436C6B 
 1664      57636F53 
 1664      74617274 
 1664      00
 1665              	.LASF28:
 1666 00d7 43594D45 		.ascii	"CYMEMZERO\000"
 1666      4D5A4552 
 1666      4F00
 1667              	.LASF4:
 1668 00e1 756E7369 		.ascii	"unsigned char\000"
 1668      676E6564 
 1668      20636861 
 1668      7200
 1669              	.LASF49:
 1670 00ef 6D656D73 		.ascii	"memset\000"
 1670      657400
 1671              	.LASF17:
 1672 00f6 646F7562 		.ascii	"double\000"
 1672      6C6500
 1673              	.LASF27:
 1674 00fd 6366675F 		.ascii	"cfg_write_bytes32\000"
 1674      77726974 
 1674      655F6279 
 1674      74657333 
 1674      3200
ARM GAS  C:\Users\wl\AppData\Local\Temp\ccbeLiw0.s 			page 39


 1675              	.LASF43:
 1676 010f 4379496E 		.ascii	"CyIntEnable\000"
 1676      74456E61 
 1676      626C6500 
 1677              	.LASF23:
 1678 011b 61646472 		.ascii	"addr_table\000"
 1678      5F746162 
 1678      6C6500
 1679              	.LASF14:
 1680 0126 75696E74 		.ascii	"uint16\000"
 1680      313600
 1681              	.LASF24:
 1682 012d 64617461 		.ascii	"data_table\000"
 1682      5F746162 
 1682      6C6500
 1683              	.LASF15:
 1684 0138 75696E74 		.ascii	"uint32\000"
 1684      333200
 1685              	.LASF0:
 1686 013f 756E7369 		.ascii	"unsigned int\000"
 1686      676E6564 
 1686      20696E74 
 1686      00
 1687              	.LASF48:
 1688 014c 63796669 		.ascii	"cyfitter_cfg\000"
 1688      74746572 
 1688      5F636667 
 1688      00
 1689              	.LASF32:
 1690 0159 61646472 		.ascii	"address\000"
 1690      65737300 
 1691              	.LASF9:
 1692 0161 6C6F6E67 		.ascii	"long long unsigned int\000"
 1692      206C6F6E 
 1692      6720756E 
 1692      7369676E 
 1692      65642069 
 1693              	.LASF44:
 1694 0178 474E5520 		.ascii	"GNU C11 5.4.1 20160609 (release) [ARM/embedded-5-br"
 1694      43313120 
 1694      352E342E 
 1694      31203230 
 1694      31363036 
 1695 01ab 616E6368 		.ascii	"anch revision 237715] -mcpu=cortex-m0 -mthumb -g -O"
 1695      20726576 
 1695      6973696F 
 1695      6E203233 
 1695      37373135 
 1696 01de 67202D66 		.ascii	"g -ffunction-sections -ffat-lto-objects\000"
 1696      66756E63 
 1696      74696F6E 
 1696      2D736563 
 1696      74696F6E 
 1697              	.LASF34:
 1698 0206 6366675F 		.ascii	"cfg_memset_t\000"
 1698      6D656D73 
 1698      65745F74 
ARM GAS  C:\Users\wl\AppData\Local\Temp\ccbeLiw0.s 			page 40


 1698      00
 1699              	.LASF25:
 1700 0213 62617365 		.ascii	"baseAddr\000"
 1700      41646472 
 1700      00
 1701              	.LASF10:
 1702 021c 73697A65 		.ascii	"sizetype\000"
 1702      74797065 
 1702      00
 1703              	.LASF6:
 1704 0225 73686F72 		.ascii	"short unsigned int\000"
 1704      7420756E 
 1704      7369676E 
 1704      65642069 
 1704      6E7400
 1705              	.LASF1:
 1706 0238 6C6F6E67 		.ascii	"long long int\000"
 1706      206C6F6E 
 1706      6720696E 
 1706      7400
 1707              	.LASF41:
 1708 0246 43794465 		.ascii	"CyDelayUs\000"
 1708      6C617955 
 1708      7300
 1709              	.LASF11:
 1710 0250 63686172 		.ascii	"char\000"
 1710      00
 1711              	.LASF40:
 1712 0255 43795379 		.ascii	"CySysClkEcoStart\000"
 1712      73436C6B 
 1712      45636F53 
 1712      74617274 
 1712      00
 1713              	.LASF22:
 1714 0266 63795F63 		.ascii	"cy_cfg_addrvalue_t\000"
 1714      66675F61 
 1714      64647276 
 1714      616C7565 
 1714      5F7400
 1715              	.LASF20:
 1716 0279 6F666673 		.ascii	"offset\000"
 1716      657400
 1717              	.LASF5:
 1718 0280 73686F72 		.ascii	"short int\000"
 1718      7420696E 
 1718      7400
 1719              	.LASF39:
 1720 028a 43795379 		.ascii	"CySysClkWriteImoFreq\000"
 1720      73436C6B 
 1720      57726974 
 1720      65496D6F 
 1720      46726571 
 1721              	.LASF46:
 1722 029f 433A5C55 		.ascii	"C:\\Users\\wl\\Desktop\\cypressResource\\projects\\"
 1722      73657273 
 1722      5C776C5C 
 1722      4465736B 
ARM GAS  C:\Users\wl\AppData\Local\Temp\ccbeLiw0.s 			page 41


 1722      746F705C 
 1723 02cc 576F726B 		.ascii	"Workspace01\\Lesson5-Toggle Flip-Flop.cydsn\000"
 1723      73706163 
 1723      6530315C 
 1723      4C657373 
 1723      6F6E352D 
 1724              	.LASF7:
 1725 02f7 6C6F6E67 		.ascii	"long int\000"
 1725      20696E74 
 1725      00
 1726              	.LASF2:
 1727 0300 6C6F6E67 		.ascii	"long double\000"
 1727      20646F75 
 1727      626C6500 
 1728              	.LASF3:
 1729 030c 7369676E 		.ascii	"signed char\000"
 1729      65642063 
 1729      68617200 
 1730              	.LASF45:
 1731 0318 47656E65 		.ascii	"Generated_Source\\PSoC4\\cyfitter_cfg.c\000"
 1731      72617465 
 1731      645F536F 
 1731      75726365 
 1731      5C50536F 
 1732              		.ident	"GCC: (GNU Tools for ARM Embedded Processors) 5.4.1 20160609 (release) [ARM/embedded-5-bran
