ARM GAS  C:\Users\wl\AppData\Local\Temp\ccjq0lnY.s 			page 1


   1              		.syntax unified
   2              		.cpu cortex-m0
   3              		.fpu softvfp
   4              		.eabi_attribute 20, 1
   5              		.eabi_attribute 21, 1
   6              		.eabi_attribute 23, 3
   7              		.eabi_attribute 24, 1
   8              		.eabi_attribute 25, 1
   9              		.eabi_attribute 26, 1
  10              		.eabi_attribute 30, 1
  11              		.eabi_attribute 34, 0
  12              		.eabi_attribute 18, 4
  13              		.thumb
  14              		.syntax unified
  15              		.file	"cyfitter_cfg.c"
  16              		.text
  17              	.Ltext0:
  18              		.cfi_sections	.debug_frame
  19              		.section	.text.AnalogSetDefault,"ax",%progbits
  20              		.align	2
  21              		.code	16
  22              		.thumb_func
  23              		.type	AnalogSetDefault, %function
  24              	AnalogSetDefault:
  25              	.LFB6:
  26              		.file 1 "Generated_Source\\PSoC4\\cyfitter_cfg.c"
   1:Generated_Source\PSoC4/cyfitter_cfg.c **** 
   2:Generated_Source\PSoC4/cyfitter_cfg.c **** /*******************************************************************************
   3:Generated_Source\PSoC4/cyfitter_cfg.c **** * File Name: cyfitter_cfg.c
   4:Generated_Source\PSoC4/cyfitter_cfg.c **** * 
   5:Generated_Source\PSoC4/cyfitter_cfg.c **** * PSoC Creator  4.2
   6:Generated_Source\PSoC4/cyfitter_cfg.c **** *
   7:Generated_Source\PSoC4/cyfitter_cfg.c **** * Description:
   8:Generated_Source\PSoC4/cyfitter_cfg.c **** * This file contains device initialization code.
   9:Generated_Source\PSoC4/cyfitter_cfg.c **** * Except for the user defined sections in CyClockStartupError(), this file should not be modified.
  10:Generated_Source\PSoC4/cyfitter_cfg.c **** * This file is automatically generated by PSoC Creator.
  11:Generated_Source\PSoC4/cyfitter_cfg.c **** *
  12:Generated_Source\PSoC4/cyfitter_cfg.c **** ********************************************************************************
  13:Generated_Source\PSoC4/cyfitter_cfg.c **** * Copyright (c) 2007-2018 Cypress Semiconductor.  All rights reserved.
  14:Generated_Source\PSoC4/cyfitter_cfg.c **** * You may use this file only in accordance with the license, terms, conditions, 
  15:Generated_Source\PSoC4/cyfitter_cfg.c **** * disclaimers, and limitations in the end user license agreement accompanying 
  16:Generated_Source\PSoC4/cyfitter_cfg.c **** * the software package with which this file was provided.
  17:Generated_Source\PSoC4/cyfitter_cfg.c **** ********************************************************************************/
  18:Generated_Source\PSoC4/cyfitter_cfg.c **** 
  19:Generated_Source\PSoC4/cyfitter_cfg.c **** #include <string.h>
  20:Generated_Source\PSoC4/cyfitter_cfg.c **** #include "cytypes.h"
  21:Generated_Source\PSoC4/cyfitter_cfg.c **** #include "cydevice_trm.h"
  22:Generated_Source\PSoC4/cyfitter_cfg.c **** #include "cyfitter.h"
  23:Generated_Source\PSoC4/cyfitter_cfg.c **** #include "CyLib.h"
  24:Generated_Source\PSoC4/cyfitter_cfg.c **** #include "CyLFClk.h"
  25:Generated_Source\PSoC4/cyfitter_cfg.c **** #include "cyfitter_cfg.h"
  26:Generated_Source\PSoC4/cyfitter_cfg.c **** #include "cyapicallbacks.h"
  27:Generated_Source\PSoC4/cyfitter_cfg.c **** 
  28:Generated_Source\PSoC4/cyfitter_cfg.c **** 
  29:Generated_Source\PSoC4/cyfitter_cfg.c **** #if defined(__GNUC__) || defined(__ARMCC_VERSION)
  30:Generated_Source\PSoC4/cyfitter_cfg.c ****     #define CYPACKED 
  31:Generated_Source\PSoC4/cyfitter_cfg.c ****     #define CYPACKED_ATTR __attribute__ ((packed))
ARM GAS  C:\Users\wl\AppData\Local\Temp\ccjq0lnY.s 			page 2


  32:Generated_Source\PSoC4/cyfitter_cfg.c ****     #define CYALIGNED __attribute__ ((aligned))
  33:Generated_Source\PSoC4/cyfitter_cfg.c ****     #define CY_CFG_UNUSED __attribute__ ((unused))
  34:Generated_Source\PSoC4/cyfitter_cfg.c ****     #ifndef CY_CFG_SECTION
  35:Generated_Source\PSoC4/cyfitter_cfg.c ****         #define CY_CFG_SECTION __attribute__ ((section(".psocinit")))
  36:Generated_Source\PSoC4/cyfitter_cfg.c ****     #endif
  37:Generated_Source\PSoC4/cyfitter_cfg.c ****     
  38:Generated_Source\PSoC4/cyfitter_cfg.c ****     #if defined(__ARMCC_VERSION)
  39:Generated_Source\PSoC4/cyfitter_cfg.c ****         #define CY_CFG_MEMORY_BARRIER() __memory_changed()
  40:Generated_Source\PSoC4/cyfitter_cfg.c ****     #else
  41:Generated_Source\PSoC4/cyfitter_cfg.c ****         #define CY_CFG_MEMORY_BARRIER() __sync_synchronize()
  42:Generated_Source\PSoC4/cyfitter_cfg.c ****     #endif
  43:Generated_Source\PSoC4/cyfitter_cfg.c ****     
  44:Generated_Source\PSoC4/cyfitter_cfg.c **** #elif defined(__ICCARM__)
  45:Generated_Source\PSoC4/cyfitter_cfg.c ****     #include <intrinsics.h>
  46:Generated_Source\PSoC4/cyfitter_cfg.c **** 
  47:Generated_Source\PSoC4/cyfitter_cfg.c ****     #define CYPACKED __packed
  48:Generated_Source\PSoC4/cyfitter_cfg.c ****     #define CYPACKED_ATTR 
  49:Generated_Source\PSoC4/cyfitter_cfg.c ****     #define CYALIGNED _Pragma("data_alignment=4")
  50:Generated_Source\PSoC4/cyfitter_cfg.c ****     #define CY_CFG_UNUSED _Pragma("diag_suppress=Pe177")
  51:Generated_Source\PSoC4/cyfitter_cfg.c ****     #define CY_CFG_SECTION _Pragma("location=\".psocinit\"")
  52:Generated_Source\PSoC4/cyfitter_cfg.c ****     
  53:Generated_Source\PSoC4/cyfitter_cfg.c ****     #define CY_CFG_MEMORY_BARRIER() __DMB()
  54:Generated_Source\PSoC4/cyfitter_cfg.c ****     
  55:Generated_Source\PSoC4/cyfitter_cfg.c **** #else
  56:Generated_Source\PSoC4/cyfitter_cfg.c ****     #error Unsupported toolchain
  57:Generated_Source\PSoC4/cyfitter_cfg.c **** #endif
  58:Generated_Source\PSoC4/cyfitter_cfg.c **** 
  59:Generated_Source\PSoC4/cyfitter_cfg.c **** #ifndef CYCODE
  60:Generated_Source\PSoC4/cyfitter_cfg.c ****     #define CYCODE
  61:Generated_Source\PSoC4/cyfitter_cfg.c **** #endif
  62:Generated_Source\PSoC4/cyfitter_cfg.c **** #ifndef CYDATA
  63:Generated_Source\PSoC4/cyfitter_cfg.c ****     #define CYDATA
  64:Generated_Source\PSoC4/cyfitter_cfg.c **** #endif
  65:Generated_Source\PSoC4/cyfitter_cfg.c **** #ifndef CYFAR
  66:Generated_Source\PSoC4/cyfitter_cfg.c ****     #define CYFAR
  67:Generated_Source\PSoC4/cyfitter_cfg.c **** #endif
  68:Generated_Source\PSoC4/cyfitter_cfg.c **** #ifndef CYXDATA
  69:Generated_Source\PSoC4/cyfitter_cfg.c ****     #define CYXDATA
  70:Generated_Source\PSoC4/cyfitter_cfg.c **** #endif
  71:Generated_Source\PSoC4/cyfitter_cfg.c **** 
  72:Generated_Source\PSoC4/cyfitter_cfg.c **** 
  73:Generated_Source\PSoC4/cyfitter_cfg.c **** CY_CFG_UNUSED
  74:Generated_Source\PSoC4/cyfitter_cfg.c **** static void CYMEMZERO(void *s, size_t n);
  75:Generated_Source\PSoC4/cyfitter_cfg.c **** CY_CFG_UNUSED
  76:Generated_Source\PSoC4/cyfitter_cfg.c **** static void CYMEMZERO(void *s, size_t n)
  77:Generated_Source\PSoC4/cyfitter_cfg.c **** {
  78:Generated_Source\PSoC4/cyfitter_cfg.c **** 	(void)memset(s, 0, n);
  79:Generated_Source\PSoC4/cyfitter_cfg.c **** }
  80:Generated_Source\PSoC4/cyfitter_cfg.c **** CY_CFG_UNUSED
  81:Generated_Source\PSoC4/cyfitter_cfg.c **** static void CYCONFIGCPY(void *dest, const void *src, size_t n);
  82:Generated_Source\PSoC4/cyfitter_cfg.c **** CY_CFG_UNUSED
  83:Generated_Source\PSoC4/cyfitter_cfg.c **** static void CYCONFIGCPY(void *dest, const void *src, size_t n)
  84:Generated_Source\PSoC4/cyfitter_cfg.c **** {
  85:Generated_Source\PSoC4/cyfitter_cfg.c **** 	(void)memcpy(dest, src, n);
  86:Generated_Source\PSoC4/cyfitter_cfg.c **** }
  87:Generated_Source\PSoC4/cyfitter_cfg.c **** CY_CFG_UNUSED
  88:Generated_Source\PSoC4/cyfitter_cfg.c **** static void CYCONFIGCPYCODE(void *dest, const void *src, size_t n);
ARM GAS  C:\Users\wl\AppData\Local\Temp\ccjq0lnY.s 			page 3


  89:Generated_Source\PSoC4/cyfitter_cfg.c **** CY_CFG_UNUSED
  90:Generated_Source\PSoC4/cyfitter_cfg.c **** static void CYCONFIGCPYCODE(void *dest, const void *src, size_t n)
  91:Generated_Source\PSoC4/cyfitter_cfg.c **** {
  92:Generated_Source\PSoC4/cyfitter_cfg.c **** 	(void)memcpy(dest, src, n);
  93:Generated_Source\PSoC4/cyfitter_cfg.c **** }
  94:Generated_Source\PSoC4/cyfitter_cfg.c **** 
  95:Generated_Source\PSoC4/cyfitter_cfg.c **** 
  96:Generated_Source\PSoC4/cyfitter_cfg.c **** 
  97:Generated_Source\PSoC4/cyfitter_cfg.c **** 
  98:Generated_Source\PSoC4/cyfitter_cfg.c **** /* Clock startup error codes                                                   */
  99:Generated_Source\PSoC4/cyfitter_cfg.c **** #define CYCLOCKSTART_NO_ERROR    0u
 100:Generated_Source\PSoC4/cyfitter_cfg.c **** #define CYCLOCKSTART_XTAL_ERROR  1u
 101:Generated_Source\PSoC4/cyfitter_cfg.c **** #define CYCLOCKSTART_32KHZ_ERROR 2u
 102:Generated_Source\PSoC4/cyfitter_cfg.c **** #define CYCLOCKSTART_PLL_ERROR   3u
 103:Generated_Source\PSoC4/cyfitter_cfg.c **** #define CYCLOCKSTART_FLL_ERROR   4u
 104:Generated_Source\PSoC4/cyfitter_cfg.c **** #define CYCLOCKSTART_WCO_ERROR   5u
 105:Generated_Source\PSoC4/cyfitter_cfg.c **** 
 106:Generated_Source\PSoC4/cyfitter_cfg.c **** 
 107:Generated_Source\PSoC4/cyfitter_cfg.c **** #ifdef CY_NEED_CYCLOCKSTARTUPERROR
 108:Generated_Source\PSoC4/cyfitter_cfg.c **** /*******************************************************************************
 109:Generated_Source\PSoC4/cyfitter_cfg.c **** * Function Name: CyClockStartupError
 110:Generated_Source\PSoC4/cyfitter_cfg.c **** ********************************************************************************
 111:Generated_Source\PSoC4/cyfitter_cfg.c **** * Summary:
 112:Generated_Source\PSoC4/cyfitter_cfg.c **** *  If an error is encountered during clock configuration (crystal startup error,
 113:Generated_Source\PSoC4/cyfitter_cfg.c **** *  PLL lock error, etc.), the system will end up here.  Unless reimplemented by
 114:Generated_Source\PSoC4/cyfitter_cfg.c **** *  the customer, this function will stop in an infinite loop.
 115:Generated_Source\PSoC4/cyfitter_cfg.c **** *
 116:Generated_Source\PSoC4/cyfitter_cfg.c **** * Parameters:
 117:Generated_Source\PSoC4/cyfitter_cfg.c **** *   void
 118:Generated_Source\PSoC4/cyfitter_cfg.c **** *
 119:Generated_Source\PSoC4/cyfitter_cfg.c **** * Return:
 120:Generated_Source\PSoC4/cyfitter_cfg.c **** *   void
 121:Generated_Source\PSoC4/cyfitter_cfg.c **** *
 122:Generated_Source\PSoC4/cyfitter_cfg.c **** *******************************************************************************/
 123:Generated_Source\PSoC4/cyfitter_cfg.c **** CY_CFG_UNUSED
 124:Generated_Source\PSoC4/cyfitter_cfg.c **** static void CyClockStartupError(uint8 errorCode);
 125:Generated_Source\PSoC4/cyfitter_cfg.c **** CY_CFG_UNUSED
 126:Generated_Source\PSoC4/cyfitter_cfg.c **** static void CyClockStartupError(uint8 errorCode)
 127:Generated_Source\PSoC4/cyfitter_cfg.c **** {
 128:Generated_Source\PSoC4/cyfitter_cfg.c ****     /* To remove the compiler warning if errorCode not used.                */
 129:Generated_Source\PSoC4/cyfitter_cfg.c ****     errorCode = errorCode;
 130:Generated_Source\PSoC4/cyfitter_cfg.c **** 
 131:Generated_Source\PSoC4/cyfitter_cfg.c ****     /* If we have a clock startup error (bad MHz crystal, PLL lock, etc.),  */
 132:Generated_Source\PSoC4/cyfitter_cfg.c ****     /* we will end up here to allow the customer to implement something to  */
 133:Generated_Source\PSoC4/cyfitter_cfg.c ****     /* deal with the clock condition.                                       */
 134:Generated_Source\PSoC4/cyfitter_cfg.c **** 
 135:Generated_Source\PSoC4/cyfitter_cfg.c **** #ifdef CY_CFG_CLOCK_STARTUP_ERROR_CALLBACK
 136:Generated_Source\PSoC4/cyfitter_cfg.c ****     CY_CFG_Clock_Startup_ErrorCallback();
 137:Generated_Source\PSoC4/cyfitter_cfg.c **** #else
 138:Generated_Source\PSoC4/cyfitter_cfg.c ****     /*  If not using CY_CFG_CLOCK_STARTUP_ERROR_CALLBACK, place your clock startup code here. */
 139:Generated_Source\PSoC4/cyfitter_cfg.c ****     /* `#START CyClockStartupError` */
 140:Generated_Source\PSoC4/cyfitter_cfg.c **** 
 141:Generated_Source\PSoC4/cyfitter_cfg.c **** 
 142:Generated_Source\PSoC4/cyfitter_cfg.c **** 
 143:Generated_Source\PSoC4/cyfitter_cfg.c ****     /* `#END` */
 144:Generated_Source\PSoC4/cyfitter_cfg.c **** 
 145:Generated_Source\PSoC4/cyfitter_cfg.c ****     while(1) {}
ARM GAS  C:\Users\wl\AppData\Local\Temp\ccjq0lnY.s 			page 4


 146:Generated_Source\PSoC4/cyfitter_cfg.c **** #endif /* CY_CFG_CLOCK_STARTUP_ERROR_CALLBACK */
 147:Generated_Source\PSoC4/cyfitter_cfg.c **** }
 148:Generated_Source\PSoC4/cyfitter_cfg.c **** #endif
 149:Generated_Source\PSoC4/cyfitter_cfg.c **** 
 150:Generated_Source\PSoC4/cyfitter_cfg.c **** 
 151:Generated_Source\PSoC4/cyfitter_cfg.c **** 
 152:Generated_Source\PSoC4/cyfitter_cfg.c **** /*******************************************************************************
 153:Generated_Source\PSoC4/cyfitter_cfg.c **** * Function Name: ClockSetup
 154:Generated_Source\PSoC4/cyfitter_cfg.c **** ********************************************************************************
 155:Generated_Source\PSoC4/cyfitter_cfg.c **** *
 156:Generated_Source\PSoC4/cyfitter_cfg.c **** * Summary:
 157:Generated_Source\PSoC4/cyfitter_cfg.c **** *   Performs the initialization of all of the clocks in the device based on the
 158:Generated_Source\PSoC4/cyfitter_cfg.c **** *   settings in the Clock tab of the DWR.  This includes enabling the requested
 159:Generated_Source\PSoC4/cyfitter_cfg.c **** *   clocks and setting the necessary dividers to produce the desired frequency. 
 160:Generated_Source\PSoC4/cyfitter_cfg.c **** *
 161:Generated_Source\PSoC4/cyfitter_cfg.c **** * Parameters:
 162:Generated_Source\PSoC4/cyfitter_cfg.c **** *   void
 163:Generated_Source\PSoC4/cyfitter_cfg.c **** *
 164:Generated_Source\PSoC4/cyfitter_cfg.c **** * Return:
 165:Generated_Source\PSoC4/cyfitter_cfg.c **** *   void
 166:Generated_Source\PSoC4/cyfitter_cfg.c **** *
 167:Generated_Source\PSoC4/cyfitter_cfg.c **** *******************************************************************************/
 168:Generated_Source\PSoC4/cyfitter_cfg.c **** static void ClockSetup(void);
 169:Generated_Source\PSoC4/cyfitter_cfg.c **** CY_CFG_SECTION
 170:Generated_Source\PSoC4/cyfitter_cfg.c **** static void ClockSetup(void)
 171:Generated_Source\PSoC4/cyfitter_cfg.c **** {
 172:Generated_Source\PSoC4/cyfitter_cfg.c **** 
 173:Generated_Source\PSoC4/cyfitter_cfg.c **** 	/* Set Flash Cycles based on max possible frequency in case a glitch occurs during ClockSetup(). *
 174:Generated_Source\PSoC4/cyfitter_cfg.c **** 	CY_SET_REG32((void CYXDATA *)(CYREG_CPUSS_FLASH_CTL), (0x0012u));
 175:Generated_Source\PSoC4/cyfitter_cfg.c **** 
 176:Generated_Source\PSoC4/cyfitter_cfg.c **** 	/* Start the WCO */
 177:Generated_Source\PSoC4/cyfitter_cfg.c **** 	CySysClkWcoStart();
 178:Generated_Source\PSoC4/cyfitter_cfg.c **** 	CyDelayCycles(12000000u); /* WCO may take up to 500ms to start */
 179:Generated_Source\PSoC4/cyfitter_cfg.c **** 	(void)CySysClkWcoSetPowerMode(CY_SYS_CLK_WCO_LPM);    /* Switch to the low power mode */
 180:Generated_Source\PSoC4/cyfitter_cfg.c **** 
 181:Generated_Source\PSoC4/cyfitter_cfg.c **** 	/* Setup and trim IMO based on desired frequency. */
 182:Generated_Source\PSoC4/cyfitter_cfg.c **** 	CySysClkWriteImoFreq(48u);
 183:Generated_Source\PSoC4/cyfitter_cfg.c **** 	/* CYDEV_CLK_ILO_CONFIG Starting address: CYDEV_CLK_ILO_CONFIG */
 184:Generated_Source\PSoC4/cyfitter_cfg.c **** 	CY_SET_REG32((void *)(CYREG_CLK_ILO_CONFIG), 0x80000006u);
 185:Generated_Source\PSoC4/cyfitter_cfg.c **** 
 186:Generated_Source\PSoC4/cyfitter_cfg.c **** 	/* CYDEV_WDT_CONFIG Starting address: CYDEV_WDT_CONFIG */
 187:Generated_Source\PSoC4/cyfitter_cfg.c **** 	CY_SET_REG32((void *)(CYREG_WDT_CONFIG), 0x40000000u);
 188:Generated_Source\PSoC4/cyfitter_cfg.c **** 
 189:Generated_Source\PSoC4/cyfitter_cfg.c **** 
 190:Generated_Source\PSoC4/cyfitter_cfg.c **** 	/* Enable fast start mode for XO */
 191:Generated_Source\PSoC4/cyfitter_cfg.c **** 	CY_SET_REG32((void*)CYREG_BLE_BLERD_BB_XO, CY_GET_REG32((void*)CYREG_BLE_BLERD_BB_XO) | (uint32)0x
 192:Generated_Source\PSoC4/cyfitter_cfg.c **** 	CY_SET_REG32((void *)(CYREG_BLE_BLERD_BB_XO_CAPTRIM), 0x00003E2Du);
 193:Generated_Source\PSoC4/cyfitter_cfg.c **** 	/*Set XTAL(ECO) divider*/
 194:Generated_Source\PSoC4/cyfitter_cfg.c **** 	CY_SET_REG32((void *)(CYREG_BLE_BLESS_XTAL_CLK_DIV_CONFIG), 0x00000000u);
 195:Generated_Source\PSoC4/cyfitter_cfg.c **** 	/* Disable Crystal Stable Interrupt before enabling ECO */
 196:Generated_Source\PSoC4/cyfitter_cfg.c **** 	CY_SET_REG32((void*)CYREG_BLE_BLESS_LL_DSM_CTRL, CY_GET_REG32((void*)CYREG_BLE_BLESS_LL_DSM_CTRL) 
 197:Generated_Source\PSoC4/cyfitter_cfg.c **** 	/* Start the ECO and do not check status since it is not needed for HFCLK */
 198:Generated_Source\PSoC4/cyfitter_cfg.c **** 	(void)CySysClkEcoStart(2000u);
 199:Generated_Source\PSoC4/cyfitter_cfg.c **** 	CyDelayUs(1500u); /* Wait to stabilize */
 200:Generated_Source\PSoC4/cyfitter_cfg.c **** 
 201:Generated_Source\PSoC4/cyfitter_cfg.c **** 	/* Setup phase aligned clocks */
 202:Generated_Source\PSoC4/cyfitter_cfg.c **** 	CY_SET_REG32((void *)CYREG_PERI_DIV_16_CTL0, 0x00002200u);
ARM GAS  C:\Users\wl\AppData\Local\Temp\ccjq0lnY.s 			page 5


 203:Generated_Source\PSoC4/cyfitter_cfg.c **** 	CY_SET_REG32((void *)CYREG_PERI_DIV_CMD, 0x8000FF40u);
 204:Generated_Source\PSoC4/cyfitter_cfg.c **** 
 205:Generated_Source\PSoC4/cyfitter_cfg.c **** 	/* CYDEV_CLK_IMO_CONFIG Starting address: CYDEV_CLK_IMO_CONFIG */
 206:Generated_Source\PSoC4/cyfitter_cfg.c **** 	CY_SET_REG32((void *)(CYREG_CLK_IMO_CONFIG), 0x80000000u);
 207:Generated_Source\PSoC4/cyfitter_cfg.c **** 
 208:Generated_Source\PSoC4/cyfitter_cfg.c **** 	/* CYDEV_CLK_SELECT Starting address: CYDEV_CLK_SELECT */
 209:Generated_Source\PSoC4/cyfitter_cfg.c **** 	CY_SET_REG32((void *)(CYREG_CLK_SELECT), 0x00040000u);
 210:Generated_Source\PSoC4/cyfitter_cfg.c **** 
 211:Generated_Source\PSoC4/cyfitter_cfg.c **** 	/* CYDEV_PERI_PCLK_CTL1 Starting address: CYDEV_PERI_PCLK_CTL1 */
 212:Generated_Source\PSoC4/cyfitter_cfg.c **** 	CY_SET_REG32((void *)(CYREG_PERI_PCLK_CTL1), 0x00000040u);
 213:Generated_Source\PSoC4/cyfitter_cfg.c **** 
 214:Generated_Source\PSoC4/cyfitter_cfg.c **** 	(void)CyIntSetVector(8u, &CySysWdtIsr);
 215:Generated_Source\PSoC4/cyfitter_cfg.c **** 	CyIntEnable(8u);
 216:Generated_Source\PSoC4/cyfitter_cfg.c **** 	CY_SET_REG32((void *)(CYREG_WDT_CONFIG), 0x40000000u);
 217:Generated_Source\PSoC4/cyfitter_cfg.c **** }
 218:Generated_Source\PSoC4/cyfitter_cfg.c **** 
 219:Generated_Source\PSoC4/cyfitter_cfg.c **** 
 220:Generated_Source\PSoC4/cyfitter_cfg.c **** /* Analog API Functions */
 221:Generated_Source\PSoC4/cyfitter_cfg.c **** 
 222:Generated_Source\PSoC4/cyfitter_cfg.c **** 
 223:Generated_Source\PSoC4/cyfitter_cfg.c **** /*******************************************************************************
 224:Generated_Source\PSoC4/cyfitter_cfg.c **** * Function Name: AnalogSetDefault
 225:Generated_Source\PSoC4/cyfitter_cfg.c **** ********************************************************************************
 226:Generated_Source\PSoC4/cyfitter_cfg.c **** *
 227:Generated_Source\PSoC4/cyfitter_cfg.c **** * Summary:
 228:Generated_Source\PSoC4/cyfitter_cfg.c **** *  Sets up the analog portions of the chip to default values based on chip
 229:Generated_Source\PSoC4/cyfitter_cfg.c **** *  configuration options from the project.
 230:Generated_Source\PSoC4/cyfitter_cfg.c **** *
 231:Generated_Source\PSoC4/cyfitter_cfg.c **** * Parameters:
 232:Generated_Source\PSoC4/cyfitter_cfg.c **** *  void
 233:Generated_Source\PSoC4/cyfitter_cfg.c **** *
 234:Generated_Source\PSoC4/cyfitter_cfg.c **** * Return:
 235:Generated_Source\PSoC4/cyfitter_cfg.c **** *  void
 236:Generated_Source\PSoC4/cyfitter_cfg.c **** *
 237:Generated_Source\PSoC4/cyfitter_cfg.c **** *******************************************************************************/
 238:Generated_Source\PSoC4/cyfitter_cfg.c **** static void AnalogSetDefault(void);
 239:Generated_Source\PSoC4/cyfitter_cfg.c **** static void AnalogSetDefault(void)
 240:Generated_Source\PSoC4/cyfitter_cfg.c **** {
  27              		.loc 1 240 0
  28              		.cfi_startproc
  29              		@ args = 0, pretend = 0, frame = 0
  30              		@ frame_needed = 0, uses_anonymous_args = 0
  31              		@ link register save eliminated.
 241:Generated_Source\PSoC4/cyfitter_cfg.c **** 	CY_SET_XTND_REG32((void CYFAR *)CYREG_CTBM0_DFT_CTRL, 0x00000003u);
  32              		.loc 1 241 0
  33 0000 0323     		movs	r3, #3
  34 0002 044A     		ldr	r2, .L2
  35 0004 1360     		str	r3, [r2]
 242:Generated_Source\PSoC4/cyfitter_cfg.c **** 	CY_SET_XTND_REG32((void CYFAR *)CYREG_CTBM1_DFT_CTRL, 0x00000003u);
  36              		.loc 1 242 0
  37 0006 044A     		ldr	r2, .L2+4
  38 0008 1360     		str	r3, [r2]
 243:Generated_Source\PSoC4/cyfitter_cfg.c **** 	CY_SET_XTND_REG32((void CYFAR *)CYREG_PASS_DSAB_DSAB_CTRL, 0x00000000u);
  39              		.loc 1 243 0
  40 000a 0022     		movs	r2, #0
  41 000c 034B     		ldr	r3, .L2+8
  42 000e 1A60     		str	r2, [r3]
ARM GAS  C:\Users\wl\AppData\Local\Temp\ccjq0lnY.s 			page 6


 244:Generated_Source\PSoC4/cyfitter_cfg.c **** }
  43              		.loc 1 244 0
  44              		@ sp needed
  45 0010 7047     		bx	lr
  46              	.L3:
  47 0012 C046     		.align	2
  48              	.L2:
  49 0014 30003040 		.word	1076887600
  50 0018 30003140 		.word	1076953136
  51 001c 000E3F40 		.word	1077874176
  52              		.cfi_endproc
  53              	.LFE6:
  54              		.size	AnalogSetDefault, .-AnalogSetDefault
  55              		.section	.text.CYMEMZERO,"ax",%progbits
  56              		.align	2
  57              		.code	16
  58              		.thumb_func
  59              		.type	CYMEMZERO, %function
  60              	CYMEMZERO:
  61              	.LFB2:
  77:Generated_Source\PSoC4/cyfitter_cfg.c **** 	(void)memset(s, 0, n);
  62              		.loc 1 77 0
  63              		.cfi_startproc
  64              		@ args = 0, pretend = 0, frame = 0
  65              		@ frame_needed = 0, uses_anonymous_args = 0
  66              	.LVL0:
  67 0000 10B5     		push	{r4, lr}
  68              		.cfi_def_cfa_offset 8
  69              		.cfi_offset 4, -8
  70              		.cfi_offset 14, -4
  71 0002 0A00     		movs	r2, r1
  78:Generated_Source\PSoC4/cyfitter_cfg.c **** }
  72              		.loc 1 78 0
  73 0004 0021     		movs	r1, #0
  74              	.LVL1:
  75 0006 FFF7FEFF 		bl	memset
  76              	.LVL2:
  79:Generated_Source\PSoC4/cyfitter_cfg.c **** CY_CFG_UNUSED
  77              		.loc 1 79 0
  78              		@ sp needed
  79 000a 10BD     		pop	{r4, pc}
  80              		.cfi_endproc
  81              	.LFE2:
  82              		.size	CYMEMZERO, .-CYMEMZERO
  83              		.section	.psocinit,"ax",%progbits
  84              		.align	2
  85              		.code	16
  86              		.thumb_func
  87              		.type	ClockSetup, %function
  88              	ClockSetup:
  89              	.LFB5:
 171:Generated_Source\PSoC4/cyfitter_cfg.c **** 
  90              		.loc 1 171 0
  91              		.cfi_startproc
  92              		@ args = 0, pretend = 0, frame = 0
  93              		@ frame_needed = 0, uses_anonymous_args = 0
  94 0000 70B5     		push	{r4, r5, r6, lr}
ARM GAS  C:\Users\wl\AppData\Local\Temp\ccjq0lnY.s 			page 7


  95              		.cfi_def_cfa_offset 16
  96              		.cfi_offset 4, -16
  97              		.cfi_offset 5, -12
  98              		.cfi_offset 6, -8
  99              		.cfi_offset 14, -4
 174:Generated_Source\PSoC4/cyfitter_cfg.c **** 
 100              		.loc 1 174 0
 101 0002 1222     		movs	r2, #18
 102 0004 224B     		ldr	r3, .L6
 103 0006 1A60     		str	r2, [r3]
 177:Generated_Source\PSoC4/cyfitter_cfg.c **** 	CyDelayCycles(12000000u); /* WCO may take up to 500ms to start */
 104              		.loc 1 177 0
 105 0008 FFF7FEFF 		bl	CySysClkWcoStart
 106              	.LVL3:
 178:Generated_Source\PSoC4/cyfitter_cfg.c **** 	(void)CySysClkWcoSetPowerMode(CY_SYS_CLK_WCO_LPM);    /* Switch to the low power mode */
 107              		.loc 1 178 0
 108 000c 2148     		ldr	r0, .L6+4
 109 000e FFF7FEFF 		bl	CyDelayCycles
 110              	.LVL4:
 179:Generated_Source\PSoC4/cyfitter_cfg.c **** 
 111              		.loc 1 179 0
 112 0012 0120     		movs	r0, #1
 113 0014 FFF7FEFF 		bl	CySysClkWcoSetPowerMode
 114              	.LVL5:
 182:Generated_Source\PSoC4/cyfitter_cfg.c **** 	/* CYDEV_CLK_ILO_CONFIG Starting address: CYDEV_CLK_ILO_CONFIG */
 115              		.loc 1 182 0
 116 0018 3020     		movs	r0, #48
 117 001a FFF7FEFF 		bl	CySysClkWriteImoFreq
 118              	.LVL6:
 184:Generated_Source\PSoC4/cyfitter_cfg.c **** 
 119              		.loc 1 184 0
 120 001e 1E4A     		ldr	r2, .L6+8
 121 0020 1E4B     		ldr	r3, .L6+12
 122 0022 1A60     		str	r2, [r3]
 187:Generated_Source\PSoC4/cyfitter_cfg.c **** 
 123              		.loc 1 187 0
 124 0024 1E4C     		ldr	r4, .L6+16
 125 0026 8025     		movs	r5, #128
 126 0028 ED05     		lsls	r5, r5, #23
 127 002a 2560     		str	r5, [r4]
 191:Generated_Source\PSoC4/cyfitter_cfg.c **** 	CY_SET_REG32((void *)(CYREG_BLE_BLERD_BB_XO_CAPTRIM), 0x00003E2Du);
 128              		.loc 1 191 0
 129 002c 1D4A     		ldr	r2, .L6+20
 130 002e 1168     		ldr	r1, [r2]
 131 0030 0223     		movs	r3, #2
 132 0032 0B43     		orrs	r3, r1
 133 0034 1360     		str	r3, [r2]
 192:Generated_Source\PSoC4/cyfitter_cfg.c **** 	/*Set XTAL(ECO) divider*/
 134              		.loc 1 192 0
 135 0036 1C4A     		ldr	r2, .L6+24
 136 0038 1C4B     		ldr	r3, .L6+28
 137 003a 1A60     		str	r2, [r3]
 194:Generated_Source\PSoC4/cyfitter_cfg.c **** 	/* Disable Crystal Stable Interrupt before enabling ECO */
 138              		.loc 1 194 0
 139 003c 0022     		movs	r2, #0
 140 003e 1C4B     		ldr	r3, .L6+32
 141 0040 1A60     		str	r2, [r3]
ARM GAS  C:\Users\wl\AppData\Local\Temp\ccjq0lnY.s 			page 8


 196:Generated_Source\PSoC4/cyfitter_cfg.c **** 	/* Start the ECO and do not check status since it is not needed for HFCLK */
 142              		.loc 1 196 0
 143 0042 1C4A     		ldr	r2, .L6+36
 144 0044 1368     		ldr	r3, [r2]
 145 0046 0821     		movs	r1, #8
 146 0048 8B43     		bics	r3, r1
 147 004a 1360     		str	r3, [r2]
 198:Generated_Source\PSoC4/cyfitter_cfg.c **** 	CyDelayUs(1500u); /* Wait to stabilize */
 148              		.loc 1 198 0
 149 004c FA20     		movs	r0, #250
 150 004e C000     		lsls	r0, r0, #3
 151 0050 FFF7FEFF 		bl	CySysClkEcoStart
 152              	.LVL7:
 199:Generated_Source\PSoC4/cyfitter_cfg.c **** 
 153              		.loc 1 199 0
 154 0054 1848     		ldr	r0, .L6+40
 155 0056 FFF7FEFF 		bl	CyDelayUs
 156              	.LVL8:
 202:Generated_Source\PSoC4/cyfitter_cfg.c **** 	CY_SET_REG32((void *)CYREG_PERI_DIV_CMD, 0x8000FF40u);
 157              		.loc 1 202 0
 158 005a 8822     		movs	r2, #136
 159 005c 9201     		lsls	r2, r2, #6
 160 005e 174B     		ldr	r3, .L6+44
 161 0060 1A60     		str	r2, [r3]
 203:Generated_Source\PSoC4/cyfitter_cfg.c **** 
 162              		.loc 1 203 0
 163 0062 174A     		ldr	r2, .L6+48
 164 0064 174B     		ldr	r3, .L6+52
 165 0066 1A60     		str	r2, [r3]
 206:Generated_Source\PSoC4/cyfitter_cfg.c **** 
 166              		.loc 1 206 0
 167 0068 8022     		movs	r2, #128
 168 006a 1206     		lsls	r2, r2, #24
 169 006c 164B     		ldr	r3, .L6+56
 170 006e 1A60     		str	r2, [r3]
 209:Generated_Source\PSoC4/cyfitter_cfg.c **** 
 171              		.loc 1 209 0
 172 0070 8022     		movs	r2, #128
 173 0072 D202     		lsls	r2, r2, #11
 174 0074 154B     		ldr	r3, .L6+60
 175 0076 1A60     		str	r2, [r3]
 212:Generated_Source\PSoC4/cyfitter_cfg.c **** 
 176              		.loc 1 212 0
 177 0078 4022     		movs	r2, #64
 178 007a 154B     		ldr	r3, .L6+64
 179 007c 1A60     		str	r2, [r3]
 214:Generated_Source\PSoC4/cyfitter_cfg.c **** 	CyIntEnable(8u);
 180              		.loc 1 214 0
 181 007e 1549     		ldr	r1, .L6+68
 182 0080 0820     		movs	r0, #8
 183 0082 FFF7FEFF 		bl	CyIntSetVector
 184              	.LVL9:
 215:Generated_Source\PSoC4/cyfitter_cfg.c **** 	CY_SET_REG32((void *)(CYREG_WDT_CONFIG), 0x40000000u);
 185              		.loc 1 215 0
 186 0086 0820     		movs	r0, #8
 187 0088 FFF7FEFF 		bl	CyIntEnable
 188              	.LVL10:
ARM GAS  C:\Users\wl\AppData\Local\Temp\ccjq0lnY.s 			page 9


 216:Generated_Source\PSoC4/cyfitter_cfg.c **** }
 189              		.loc 1 216 0
 190 008c 2560     		str	r5, [r4]
 217:Generated_Source\PSoC4/cyfitter_cfg.c **** 
 191              		.loc 1 217 0
 192              		@ sp needed
 193 008e 70BD     		pop	{r4, r5, r6, pc}
 194              	.L7:
 195              		.align	2
 196              	.L6:
 197 0090 30001040 		.word	1074790448
 198 0094 001BB700 		.word	12000000
 199 0098 06000080 		.word	-2147483642
 200 009c 04010B40 		.word	1074462980
 201 00a0 0C020B40 		.word	1074463244
 202 00a4 78002E40 		.word	1076756600
 203 00a8 2D3E0000 		.word	15917
 204 00ac 7C002E40 		.word	1076756604
 205 00b0 64F02E40 		.word	1076818020
 206 00b4 6CF02E40 		.word	1076818028
 207 00b8 DC050000 		.word	1500
 208 00bc 00030140 		.word	1073808128
 209 00c0 40FF0080 		.word	-2147418304
 210 00c4 00000140 		.word	1073807360
 211 00c8 08010B40 		.word	1074462984
 212 00cc 00010B40 		.word	1074462976
 213 00d0 04010140 		.word	1073807620
 214 00d4 00000000 		.word	CySysWdtIsr
 215              		.cfi_endproc
 216              	.LFE5:
 217              		.size	ClockSetup, .-ClockSetup
 218              		.align	2
 219              		.global	cyfitter_cfg
 220              		.code	16
 221              		.thumb_func
 222              		.type	cyfitter_cfg, %function
 223              	cyfitter_cfg:
 224              	.LFB7:
 245:Generated_Source\PSoC4/cyfitter_cfg.c **** 
 246:Generated_Source\PSoC4/cyfitter_cfg.c **** 
 247:Generated_Source\PSoC4/cyfitter_cfg.c **** 
 248:Generated_Source\PSoC4/cyfitter_cfg.c **** 
 249:Generated_Source\PSoC4/cyfitter_cfg.c **** /*******************************************************************************
 250:Generated_Source\PSoC4/cyfitter_cfg.c **** * Function Name: cyfitter_cfg
 251:Generated_Source\PSoC4/cyfitter_cfg.c **** ********************************************************************************
 252:Generated_Source\PSoC4/cyfitter_cfg.c **** * Summary:
 253:Generated_Source\PSoC4/cyfitter_cfg.c **** *  This function is called by the start-up code for the selected device. It
 254:Generated_Source\PSoC4/cyfitter_cfg.c **** *  performs all of the necessary device configuration based on the design
 255:Generated_Source\PSoC4/cyfitter_cfg.c **** *  settings.  This includes settings from the Design Wide Resources (DWR) such
 256:Generated_Source\PSoC4/cyfitter_cfg.c **** *  as Clocks and Pins as well as any component configuration that is necessary.
 257:Generated_Source\PSoC4/cyfitter_cfg.c **** *
 258:Generated_Source\PSoC4/cyfitter_cfg.c **** * Parameters:
 259:Generated_Source\PSoC4/cyfitter_cfg.c **** *   void
 260:Generated_Source\PSoC4/cyfitter_cfg.c **** *
 261:Generated_Source\PSoC4/cyfitter_cfg.c **** * Return:
 262:Generated_Source\PSoC4/cyfitter_cfg.c **** *   void
 263:Generated_Source\PSoC4/cyfitter_cfg.c **** *
ARM GAS  C:\Users\wl\AppData\Local\Temp\ccjq0lnY.s 			page 10


 264:Generated_Source\PSoC4/cyfitter_cfg.c **** *******************************************************************************/
 265:Generated_Source\PSoC4/cyfitter_cfg.c **** CY_CFG_SECTION
 266:Generated_Source\PSoC4/cyfitter_cfg.c **** void cyfitter_cfg(void)
 267:Generated_Source\PSoC4/cyfitter_cfg.c **** {
 225              		.loc 1 267 0
 226              		.cfi_startproc
 227              		@ args = 0, pretend = 0, frame = 0
 228              		@ frame_needed = 0, uses_anonymous_args = 0
 229 00d8 10B5     		push	{r4, lr}
 230              		.cfi_def_cfa_offset 8
 231              		.cfi_offset 4, -8
 232              		.cfi_offset 14, -4
 268:Generated_Source\PSoC4/cyfitter_cfg.c **** 	/* Disable interrupts by default. Let user enable if/when they want. */
 269:Generated_Source\PSoC4/cyfitter_cfg.c **** 	CyGlobalIntDisable;
 233              		.loc 1 269 0
 234              		.syntax divided
 235              	@ 269 "Generated_Source\PSoC4\cyfitter_cfg.c" 1
 236 00da 72B6     		CPSID   i
 237              	@ 0 "" 2
 270:Generated_Source\PSoC4/cyfitter_cfg.c **** 
 271:Generated_Source\PSoC4/cyfitter_cfg.c **** 	CY_SET_REG32((void *)(CYREG_BLE_BLESS_LL_DSM_CTRL), 0x00000000u);
 238              		.loc 1 271 0
 239              		.thumb
 240              		.syntax unified
 241 00dc 0022     		movs	r2, #0
 242 00de 1D4B     		ldr	r3, .L11
 243 00e0 1A60     		str	r2, [r3]
 244              	.LVL11:
 245              	.LBB2:
 272:Generated_Source\PSoC4/cyfitter_cfg.c **** 
 273:Generated_Source\PSoC4/cyfitter_cfg.c **** 	{
 274:Generated_Source\PSoC4/cyfitter_cfg.c **** 
 275:Generated_Source\PSoC4/cyfitter_cfg.c **** 		CYPACKED typedef struct {
 276:Generated_Source\PSoC4/cyfitter_cfg.c **** 			void CYFAR *address;
 277:Generated_Source\PSoC4/cyfitter_cfg.c **** 			uint16 size;
 278:Generated_Source\PSoC4/cyfitter_cfg.c **** 		} CYPACKED_ATTR cfg_memset_t;
 279:Generated_Source\PSoC4/cyfitter_cfg.c **** 
 280:Generated_Source\PSoC4/cyfitter_cfg.c **** 		static const cfg_memset_t CYCODE cfg_memset_list[] = {
 281:Generated_Source\PSoC4/cyfitter_cfg.c **** 			/* address, size */
 282:Generated_Source\PSoC4/cyfitter_cfg.c **** 			{(void CYFAR *)(CYDEV_UDB_P0_U0_BASE), 1024u},
 283:Generated_Source\PSoC4/cyfitter_cfg.c **** 			{(void CYFAR *)(CYDEV_UDB_DSI0_BASE), 1024u},
 284:Generated_Source\PSoC4/cyfitter_cfg.c **** 		};
 285:Generated_Source\PSoC4/cyfitter_cfg.c **** 
 286:Generated_Source\PSoC4/cyfitter_cfg.c **** 		uint8 CYDATA i;
 287:Generated_Source\PSoC4/cyfitter_cfg.c **** 
 288:Generated_Source\PSoC4/cyfitter_cfg.c **** 		/* Zero out critical memory blocks before beginning configuration */
 289:Generated_Source\PSoC4/cyfitter_cfg.c **** 		for (i = 0u; i < (sizeof(cfg_memset_list)/sizeof(cfg_memset_list[0])); i++)
 246              		.loc 1 289 0
 247 00e2 0024     		movs	r4, #0
 248 00e4 0FE0     		b	.L9
 249              	.LVL12:
 250              	.L10:
 251              	.LBB3:
 290:Generated_Source\PSoC4/cyfitter_cfg.c **** 		{
 291:Generated_Source\PSoC4/cyfitter_cfg.c **** 			const cfg_memset_t CYCODE * CYDATA ms = &cfg_memset_list[i];
 292:Generated_Source\PSoC4/cyfitter_cfg.c **** 			CYMEMZERO(ms->address, (size_t)(uint32)(ms->size));
 252              		.loc 1 292 0 discriminator 3
ARM GAS  C:\Users\wl\AppData\Local\Temp\ccjq0lnY.s 			page 11


 253 00e6 1C48     		ldr	r0, .L11+4
 254 00e8 6200     		lsls	r2, r4, #1
 255 00ea 1319     		adds	r3, r2, r4
 256 00ec 5900     		lsls	r1, r3, #1
 257 00ee 0B00     		movs	r3, r1
 258 00f0 4118     		adds	r1, r0, r1
 259 00f2 8988     		ldrh	r1, [r1, #4]
 260 00f4 1A5A     		ldrh	r2, [r3, r0]
 261 00f6 C318     		adds	r3, r0, r3
 262 00f8 5888     		ldrh	r0, [r3, #2]
 263 00fa 0004     		lsls	r0, r0, #16
 264 00fc 1043     		orrs	r0, r2
 265 00fe FFF7FEFF 		bl	CYMEMZERO
 266              	.LVL13:
 267              	.LBE3:
 289:Generated_Source\PSoC4/cyfitter_cfg.c **** 		{
 268              		.loc 1 289 0 discriminator 3
 269 0102 0134     		adds	r4, r4, #1
 270              	.LVL14:
 271 0104 E4B2     		uxtb	r4, r4
 272              	.LVL15:
 273              	.L9:
 289:Generated_Source\PSoC4/cyfitter_cfg.c **** 		{
 274              		.loc 1 289 0 is_stmt 0 discriminator 1
 275 0106 012C     		cmp	r4, #1
 276 0108 EDD9     		bls	.L10
 293:Generated_Source\PSoC4/cyfitter_cfg.c **** 		}
 294:Generated_Source\PSoC4/cyfitter_cfg.c **** 
 295:Generated_Source\PSoC4/cyfitter_cfg.c **** 		/* HSIOM Starting address: CYDEV_HSIOM_BASE */
 296:Generated_Source\PSoC4/cyfitter_cfg.c **** 		CY_SET_REG32((void *)(CYDEV_HSIOM_BASE), 0xEE000000u);
 277              		.loc 1 296 0 is_stmt 1
 278 010a EE22     		movs	r2, #238
 279 010c 1206     		lsls	r2, r2, #24
 280 010e 134B     		ldr	r3, .L11+8
 281 0110 1A60     		str	r2, [r3]
 297:Generated_Source\PSoC4/cyfitter_cfg.c **** 		CY_SET_REG32((void *)(CYREG_HSIOM_PORT_SEL1), 0x00990000u);
 282              		.loc 1 297 0
 283 0112 9923     		movs	r3, #153
 284 0114 1B04     		lsls	r3, r3, #16
 285 0116 124A     		ldr	r2, .L11+12
 286 0118 1360     		str	r3, [r2]
 298:Generated_Source\PSoC4/cyfitter_cfg.c **** 
 299:Generated_Source\PSoC4/cyfitter_cfg.c **** 		/* UDB_PA_0 Starting address: CYDEV_UDB_PA0_BASE */
 300:Generated_Source\PSoC4/cyfitter_cfg.c **** 		CY_SET_REG32((void *)(CYDEV_UDB_PA0_BASE), 0x00990000u);
 287              		.loc 1 300 0
 288 011a 124A     		ldr	r2, .L11+16
 289 011c 1360     		str	r3, [r2]
 301:Generated_Source\PSoC4/cyfitter_cfg.c **** 
 302:Generated_Source\PSoC4/cyfitter_cfg.c **** 		/* UDB_PA_1 Starting address: CYDEV_UDB_PA1_BASE */
 303:Generated_Source\PSoC4/cyfitter_cfg.c **** 		CY_SET_REG32((void *)(CYDEV_UDB_PA1_BASE), 0x00990000u);
 290              		.loc 1 303 0
 291 011e 124A     		ldr	r2, .L11+20
 292 0120 1360     		str	r3, [r2]
 304:Generated_Source\PSoC4/cyfitter_cfg.c **** 
 305:Generated_Source\PSoC4/cyfitter_cfg.c **** 		/* Enable digital routing */
 306:Generated_Source\PSoC4/cyfitter_cfg.c **** 		CY_SET_XTND_REG8((void *)CYREG_UDB_UDBIF_BANK_CTL, (uint8)(CY_GET_XTND_REG8((void *)CYREG_UDB_UDB
 293              		.loc 1 306 0
ARM GAS  C:\Users\wl\AppData\Local\Temp\ccjq0lnY.s 			page 12


 294 0122 124A     		ldr	r2, .L11+24
 295 0124 1178     		ldrb	r1, [r2]
 296 0126 0623     		movs	r3, #6
 297 0128 0B43     		orrs	r3, r1
 298 012a DBB2     		uxtb	r3, r3
 299 012c 1370     		strb	r3, [r2]
 300              	.LBE2:
 307:Generated_Source\PSoC4/cyfitter_cfg.c **** 	}
 308:Generated_Source\PSoC4/cyfitter_cfg.c **** 
 309:Generated_Source\PSoC4/cyfitter_cfg.c **** 	/* Perform second pass device configuration. These items must be configured in specific order afte
 310:Generated_Source\PSoC4/cyfitter_cfg.c **** 	/* IOPINS0_0 Starting address: CYDEV_GPIO_PRT0_BASE */
 311:Generated_Source\PSoC4/cyfitter_cfg.c **** 	CY_SET_REG32((void *)(CYREG_GPIO_PRT0_PC), 0x00D80000u);
 301              		.loc 1 311 0
 302 012e D822     		movs	r2, #216
 303 0130 1204     		lsls	r2, r2, #16
 304 0132 0F4B     		ldr	r3, .L11+28
 305 0134 1A60     		str	r2, [r3]
 312:Generated_Source\PSoC4/cyfitter_cfg.c **** 
 313:Generated_Source\PSoC4/cyfitter_cfg.c **** 	/* IOPINS0_1 Starting address: CYDEV_GPIO_PRT1_BASE */
 314:Generated_Source\PSoC4/cyfitter_cfg.c **** 	CY_SET_REG32((void *)(CYDEV_GPIO_PRT1_BASE), 0x00000020u);
 306              		.loc 1 314 0
 307 0136 2023     		movs	r3, #32
 308 0138 0E4A     		ldr	r2, .L11+32
 309 013a 1360     		str	r3, [r2]
 315:Generated_Source\PSoC4/cyfitter_cfg.c **** 	CY_SET_REG32((void *)(CYREG_GPIO_PRT1_PC), 0x00031000u);
 310              		.loc 1 315 0
 311 013c C421     		movs	r1, #196
 312 013e 8902     		lsls	r1, r1, #10
 313 0140 0D4A     		ldr	r2, .L11+36
 314 0142 1160     		str	r1, [r2]
 316:Generated_Source\PSoC4/cyfitter_cfg.c **** 	CY_SET_REG32((void *)(CYREG_GPIO_PRT1_PC2), 0x00000020u);
 315              		.loc 1 316 0
 316 0144 0D4A     		ldr	r2, .L11+40
 317 0146 1360     		str	r3, [r2]
 317:Generated_Source\PSoC4/cyfitter_cfg.c **** 
 318:Generated_Source\PSoC4/cyfitter_cfg.c **** 
 319:Generated_Source\PSoC4/cyfitter_cfg.c **** 	/* Setup clocks based on selections from Clock DWR */
 320:Generated_Source\PSoC4/cyfitter_cfg.c **** 	ClockSetup();
 318              		.loc 1 320 0
 319 0148 FFF75AFF 		bl	ClockSetup
 320              	.LVL16:
 321:Generated_Source\PSoC4/cyfitter_cfg.c **** 
 322:Generated_Source\PSoC4/cyfitter_cfg.c **** 	/* Perform basic analog initialization to defaults */
 323:Generated_Source\PSoC4/cyfitter_cfg.c **** 	AnalogSetDefault();
 321              		.loc 1 323 0
 322 014c FFF7FEFF 		bl	AnalogSetDefault
 323              	.LVL17:
 324:Generated_Source\PSoC4/cyfitter_cfg.c **** 
 325:Generated_Source\PSoC4/cyfitter_cfg.c **** }
 324              		.loc 1 325 0
 325              		@ sp needed
 326              	.LVL18:
 327 0150 10BD     		pop	{r4, pc}
 328              	.L12:
 329 0152 C046     		.align	2
 330              	.L11:
 331 0154 6CF02E40 		.word	1076818028
ARM GAS  C:\Users\wl\AppData\Local\Temp\ccjq0lnY.s 			page 13


 332 0158 00000000 		.word	.LANCHOR0
 333 015c 00000240 		.word	1073872896
 334 0160 00010240 		.word	1073873152
 335 0164 00500F40 		.word	1074745344
 336 0168 10500F40 		.word	1074745360
 337 016c 00700F40 		.word	1074753536
 338 0170 08000440 		.word	1074003976
 339 0174 00010440 		.word	1074004224
 340 0178 08010440 		.word	1074004232
 341 017c 18010440 		.word	1074004248
 342              		.cfi_endproc
 343              	.LFE7:
 344              		.size	cyfitter_cfg, .-cyfitter_cfg
 345              		.section	.rodata
 346              		.align	2
 347              		.set	.LANCHOR0,. + 0
 348              		.type	cfg_memset_list.4893, %object
 349              		.size	cfg_memset_list.4893, 12
 350              	cfg_memset_list.4893:
 351 0000 00300F40 		.word	1074737152
 352 0004 0004     		.short	1024
 353 0006 00400F40 		.4byte	1074741248
 354 000a 0004     		.short	1024
 355              		.text
 356              	.Letext0:
 357              		.file 2 "c:\\program files (x86)\\cypress\\psoc creator\\4.2\\psoc creator\\import\\gnu\\arm\\5.4.
 358              		.file 3 "Generated_Source\\PSoC4\\cytypes.h"
 359              		.file 4 "Generated_Source\\PSoC4\\CyLFClk.h"
 360              		.file 5 "Generated_Source\\PSoC4\\CyLib.h"
 361              		.section	.debug_info,"",%progbits
 362              	.Ldebug_info0:
 363 0000 29030000 		.4byte	0x329
 364 0004 0400     		.2byte	0x4
 365 0006 00000000 		.4byte	.Ldebug_abbrev0
 366 000a 04       		.byte	0x4
 367 000b 01       		.uleb128 0x1
 368 000c 33010000 		.4byte	.LASF34
 369 0010 0C       		.byte	0xc
 370 0011 92020000 		.4byte	.LASF35
 371 0015 0F020000 		.4byte	.LASF36
 372 0019 00000000 		.4byte	.Ldebug_ranges0+0
 373 001d 00000000 		.4byte	0
 374 0021 00000000 		.4byte	.Ldebug_line0
 375 0025 02       		.uleb128 0x2
 376 0026 04       		.byte	0x4
 377 0027 05       		.byte	0x5
 378 0028 696E7400 		.ascii	"int\000"
 379 002c 03       		.uleb128 0x3
 380 002d 14000000 		.4byte	.LASF12
 381 0031 02       		.byte	0x2
 382 0032 D8       		.byte	0xd8
 383 0033 37000000 		.4byte	0x37
 384 0037 04       		.uleb128 0x4
 385 0038 04       		.byte	0x4
 386 0039 07       		.byte	0x7
 387 003a FA000000 		.4byte	.LASF0
 388 003e 04       		.uleb128 0x4
ARM GAS  C:\Users\wl\AppData\Local\Temp\ccjq0lnY.s 			page 14


 389 003f 08       		.byte	0x8
 390 0040 05       		.byte	0x5
 391 0041 D7010000 		.4byte	.LASF1
 392 0045 04       		.uleb128 0x4
 393 0046 08       		.byte	0x8
 394 0047 04       		.byte	0x4
 395 0048 7A020000 		.4byte	.LASF2
 396 004c 04       		.uleb128 0x4
 397 004d 01       		.byte	0x1
 398 004e 06       		.byte	0x6
 399 004f 86020000 		.4byte	.LASF3
 400 0053 04       		.uleb128 0x4
 401 0054 01       		.byte	0x1
 402 0055 08       		.byte	0x8
 403 0056 C4000000 		.4byte	.LASF4
 404 005a 04       		.uleb128 0x4
 405 005b 02       		.byte	0x2
 406 005c 05       		.byte	0x5
 407 005d 05020000 		.4byte	.LASF5
 408 0061 04       		.uleb128 0x4
 409 0062 02       		.byte	0x2
 410 0063 07       		.byte	0x7
 411 0064 56000000 		.4byte	.LASF6
 412 0068 04       		.uleb128 0x4
 413 0069 04       		.byte	0x4
 414 006a 05       		.byte	0x5
 415 006b 71020000 		.4byte	.LASF7
 416 006f 04       		.uleb128 0x4
 417 0070 04       		.byte	0x4
 418 0071 07       		.byte	0x7
 419 0072 91000000 		.4byte	.LASF8
 420 0076 04       		.uleb128 0x4
 421 0077 08       		.byte	0x8
 422 0078 07       		.byte	0x7
 423 0079 1C010000 		.4byte	.LASF9
 424 007d 04       		.uleb128 0x4
 425 007e 04       		.byte	0x4
 426 007f 07       		.byte	0x7
 427 0080 CE010000 		.4byte	.LASF10
 428 0084 05       		.uleb128 0x5
 429 0085 04       		.byte	0x4
 430 0086 04       		.uleb128 0x4
 431 0087 01       		.byte	0x1
 432 0088 08       		.byte	0x8
 433 0089 EF010000 		.4byte	.LASF11
 434 008d 06       		.uleb128 0x6
 435 008e A3000000 		.4byte	.LASF13
 436 0092 03       		.byte	0x3
 437 0093 E401     		.2byte	0x1e4
 438 0095 53000000 		.4byte	0x53
 439 0099 06       		.uleb128 0x6
 440 009a EC000000 		.4byte	.LASF14
 441 009e 03       		.byte	0x3
 442 009f E501     		.2byte	0x1e5
 443 00a1 61000000 		.4byte	0x61
 444 00a5 06       		.uleb128 0x6
 445 00a6 F3000000 		.4byte	.LASF15
ARM GAS  C:\Users\wl\AppData\Local\Temp\ccjq0lnY.s 			page 15


 446 00aa 03       		.byte	0x3
 447 00ab E601     		.2byte	0x1e6
 448 00ad 6F000000 		.4byte	0x6f
 449 00b1 04       		.uleb128 0x4
 450 00b2 04       		.byte	0x4
 451 00b3 04       		.byte	0x4
 452 00b4 69000000 		.4byte	.LASF16
 453 00b8 04       		.uleb128 0x4
 454 00b9 08       		.byte	0x8
 455 00ba 04       		.byte	0x4
 456 00bb D9000000 		.4byte	.LASF17
 457 00bf 06       		.uleb128 0x6
 458 00c0 8C000000 		.4byte	.LASF18
 459 00c4 03       		.byte	0x3
 460 00c5 8E02     		.2byte	0x28e
 461 00c7 CB000000 		.4byte	0xcb
 462 00cb 07       		.uleb128 0x7
 463 00cc 8D000000 		.4byte	0x8d
 464 00d0 06       		.uleb128 0x6
 465 00d1 0E000000 		.4byte	.LASF19
 466 00d5 03       		.byte	0x3
 467 00d6 9002     		.2byte	0x290
 468 00d8 DC000000 		.4byte	0xdc
 469 00dc 07       		.uleb128 0x7
 470 00dd A5000000 		.4byte	0xa5
 471 00e1 08       		.uleb128 0x8
 472 00e2 1B000000 		.4byte	.LASF37
 473 00e6 01       		.byte	0x1
 474 00e7 EF       		.byte	0xef
 475 00e8 00000000 		.4byte	.LFB6
 476 00ec 20000000 		.4byte	.LFE6-.LFB6
 477 00f0 01       		.uleb128 0x1
 478 00f1 9C       		.byte	0x9c
 479 00f2 09       		.uleb128 0x9
 480 00f3 BA000000 		.4byte	.LASF20
 481 00f7 01       		.byte	0x1
 482 00f8 4C       		.byte	0x4c
 483 00f9 00000000 		.4byte	.LFB2
 484 00fd 0C000000 		.4byte	.LFE2-.LFB2
 485 0101 01       		.uleb128 0x1
 486 0102 9C       		.byte	0x9c
 487 0103 3F010000 		.4byte	0x13f
 488 0107 0A       		.uleb128 0xa
 489 0108 7300     		.ascii	"s\000"
 490 010a 01       		.byte	0x1
 491 010b 4C       		.byte	0x4c
 492 010c 84000000 		.4byte	0x84
 493 0110 00000000 		.4byte	.LLST0
 494 0114 0A       		.uleb128 0xa
 495 0115 6E00     		.ascii	"n\000"
 496 0117 01       		.byte	0x1
 497 0118 4C       		.byte	0x4c
 498 0119 2C000000 		.4byte	0x2c
 499 011d 21000000 		.4byte	.LLST1
 500 0121 0B       		.uleb128 0xb
 501 0122 0A000000 		.4byte	.LVL2
 502 0126 CB020000 		.4byte	0x2cb
ARM GAS  C:\Users\wl\AppData\Local\Temp\ccjq0lnY.s 			page 16


 503 012a 0C       		.uleb128 0xc
 504 012b 01       		.uleb128 0x1
 505 012c 50       		.byte	0x50
 506 012d 03       		.uleb128 0x3
 507 012e F3       		.byte	0xf3
 508 012f 01       		.uleb128 0x1
 509 0130 50       		.byte	0x50
 510 0131 0C       		.uleb128 0xc
 511 0132 01       		.uleb128 0x1
 512 0133 51       		.byte	0x51
 513 0134 01       		.uleb128 0x1
 514 0135 30       		.byte	0x30
 515 0136 0C       		.uleb128 0xc
 516 0137 01       		.uleb128 0x1
 517 0138 52       		.byte	0x52
 518 0139 03       		.uleb128 0x3
 519 013a F3       		.byte	0xf3
 520 013b 01       		.uleb128 0x1
 521 013c 51       		.byte	0x51
 522 013d 00       		.byte	0
 523 013e 00       		.byte	0
 524 013f 09       		.uleb128 0x9
 525 0140 4B000000 		.4byte	.LASF21
 526 0144 01       		.byte	0x1
 527 0145 AA       		.byte	0xaa
 528 0146 00000000 		.4byte	.LFB5
 529 014a D8000000 		.4byte	.LFE5-.LFB5
 530 014e 01       		.uleb128 0x1
 531 014f 9C       		.byte	0x9c
 532 0150 E8010000 		.4byte	0x1e8
 533 0154 0D       		.uleb128 0xd
 534 0155 0C000000 		.4byte	.LVL3
 535 0159 D4020000 		.4byte	0x2d4
 536 015d 0E       		.uleb128 0xe
 537 015e 12000000 		.4byte	.LVL4
 538 0162 DF020000 		.4byte	0x2df
 539 0166 74010000 		.4byte	0x174
 540 016a 0C       		.uleb128 0xc
 541 016b 01       		.uleb128 0x1
 542 016c 50       		.byte	0x50
 543 016d 05       		.uleb128 0x5
 544 016e 0C       		.byte	0xc
 545 016f 001BB700 		.4byte	0xb71b00
 546 0173 00       		.byte	0
 547 0174 0E       		.uleb128 0xe
 548 0175 18000000 		.4byte	.LVL5
 549 0179 EA020000 		.4byte	0x2ea
 550 017d 87010000 		.4byte	0x187
 551 0181 0C       		.uleb128 0xc
 552 0182 01       		.uleb128 0x1
 553 0183 50       		.byte	0x50
 554 0184 01       		.uleb128 0x1
 555 0185 31       		.byte	0x31
 556 0186 00       		.byte	0
 557 0187 0E       		.uleb128 0xe
 558 0188 1E000000 		.4byte	.LVL6
 559 018c F5020000 		.4byte	0x2f5
ARM GAS  C:\Users\wl\AppData\Local\Temp\ccjq0lnY.s 			page 17


 560 0190 9B010000 		.4byte	0x19b
 561 0194 0C       		.uleb128 0xc
 562 0195 01       		.uleb128 0x1
 563 0196 50       		.byte	0x50
 564 0197 02       		.uleb128 0x2
 565 0198 08       		.byte	0x8
 566 0199 30       		.byte	0x30
 567 019a 00       		.byte	0
 568 019b 0E       		.uleb128 0xe
 569 019c 54000000 		.4byte	.LVL7
 570 01a0 00030000 		.4byte	0x300
 571 01a4 B0010000 		.4byte	0x1b0
 572 01a8 0C       		.uleb128 0xc
 573 01a9 01       		.uleb128 0x1
 574 01aa 50       		.byte	0x50
 575 01ab 03       		.uleb128 0x3
 576 01ac 0A       		.byte	0xa
 577 01ad D007     		.2byte	0x7d0
 578 01af 00       		.byte	0
 579 01b0 0E       		.uleb128 0xe
 580 01b1 5A000000 		.4byte	.LVL8
 581 01b5 0B030000 		.4byte	0x30b
 582 01b9 C5010000 		.4byte	0x1c5
 583 01bd 0C       		.uleb128 0xc
 584 01be 01       		.uleb128 0x1
 585 01bf 50       		.byte	0x50
 586 01c0 03       		.uleb128 0x3
 587 01c1 0A       		.byte	0xa
 588 01c2 DC05     		.2byte	0x5dc
 589 01c4 00       		.byte	0
 590 01c5 0E       		.uleb128 0xe
 591 01c6 86000000 		.4byte	.LVL9
 592 01ca 16030000 		.4byte	0x316
 593 01ce D8010000 		.4byte	0x1d8
 594 01d2 0C       		.uleb128 0xc
 595 01d3 01       		.uleb128 0x1
 596 01d4 50       		.byte	0x50
 597 01d5 01       		.uleb128 0x1
 598 01d6 38       		.byte	0x38
 599 01d7 00       		.byte	0
 600 01d8 0B       		.uleb128 0xb
 601 01d9 8C000000 		.4byte	.LVL10
 602 01dd 21030000 		.4byte	0x321
 603 01e1 0C       		.uleb128 0xc
 604 01e2 01       		.uleb128 0x1
 605 01e3 50       		.byte	0x50
 606 01e4 01       		.uleb128 0x1
 607 01e5 38       		.byte	0x38
 608 01e6 00       		.byte	0
 609 01e7 00       		.byte	0
 610 01e8 0F       		.uleb128 0xf
 611 01e9 07010000 		.4byte	.LASF38
 612 01ed 01       		.byte	0x1
 613 01ee 0A01     		.2byte	0x10a
 614 01f0 D8000000 		.4byte	.LFB7
 615 01f4 A8000000 		.4byte	.LFE7-.LFB7
 616 01f8 01       		.uleb128 0x1
ARM GAS  C:\Users\wl\AppData\Local\Temp\ccjq0lnY.s 			page 18


 617 01f9 9C       		.byte	0x9c
 618 01fa CB020000 		.4byte	0x2cb
 619 01fe 10       		.uleb128 0x10
 620 01ff E2000000 		.4byte	.LBB2
 621 0203 4C000000 		.4byte	.LBE2-.LBB2
 622 0207 B8020000 		.4byte	0x2b8
 623 020b 11       		.uleb128 0x11
 624 020c 06       		.byte	0x6
 625 020d 01       		.byte	0x1
 626 020e 1301     		.2byte	0x113
 627 0210 2F020000 		.4byte	0x22f
 628 0214 12       		.uleb128 0x12
 629 0215 14010000 		.4byte	.LASF22
 630 0219 01       		.byte	0x1
 631 021a 1401     		.2byte	0x114
 632 021c 84000000 		.4byte	0x84
 633 0220 00       		.byte	0
 634 0221 12       		.uleb128 0x12
 635 0222 6F000000 		.4byte	.LASF23
 636 0226 01       		.byte	0x1
 637 0227 1501     		.2byte	0x115
 638 0229 99000000 		.4byte	0x99
 639 022d 04       		.byte	0x4
 640 022e 00       		.byte	0
 641 022f 06       		.uleb128 0x6
 642 0230 C1010000 		.4byte	.LASF24
 643 0234 01       		.byte	0x1
 644 0235 1601     		.2byte	0x116
 645 0237 0B020000 		.4byte	0x20b
 646 023b 13       		.uleb128 0x13
 647 023c 4B020000 		.4byte	0x24b
 648 0240 4B020000 		.4byte	0x24b
 649 0244 14       		.uleb128 0x14
 650 0245 7D000000 		.4byte	0x7d
 651 0249 01       		.byte	0x1
 652 024a 00       		.byte	0
 653 024b 15       		.uleb128 0x15
 654 024c 2F020000 		.4byte	0x22f
 655 0250 16       		.uleb128 0x16
 656 0251 3B000000 		.4byte	.LASF25
 657 0255 01       		.byte	0x1
 658 0256 1801     		.2byte	0x118
 659 0258 62020000 		.4byte	0x262
 660 025c 05       		.uleb128 0x5
 661 025d 03       		.byte	0x3
 662 025e 00000000 		.4byte	cfg_memset_list.4893
 663 0262 15       		.uleb128 0x15
 664 0263 3B020000 		.4byte	0x23b
 665 0267 17       		.uleb128 0x17
 666 0268 6900     		.ascii	"i\000"
 667 026a 01       		.byte	0x1
 668 026b 1E01     		.2byte	0x11e
 669 026d 8D000000 		.4byte	0x8d
 670 0271 4D000000 		.4byte	.LLST2
 671 0275 18       		.uleb128 0x18
 672 0276 E6000000 		.4byte	.LBB3
 673 027a 1C000000 		.4byte	.LBE3-.LBB3
ARM GAS  C:\Users\wl\AppData\Local\Temp\ccjq0lnY.s 			page 19


 674 027e 17       		.uleb128 0x17
 675 027f 6D7300   		.ascii	"ms\000"
 676 0282 01       		.byte	0x1
 677 0283 2301     		.2byte	0x123
 678 0285 8D020000 		.4byte	0x28d
 679 0289 77000000 		.4byte	.LLST3
 680 028d 19       		.uleb128 0x19
 681 028e 04       		.byte	0x4
 682 028f 4B020000 		.4byte	0x24b
 683 0293 0B       		.uleb128 0xb
 684 0294 02010000 		.4byte	.LVL13
 685 0298 F2000000 		.4byte	0xf2
 686 029c 0C       		.uleb128 0xc
 687 029d 01       		.uleb128 0x1
 688 029e 51       		.byte	0x51
 689 029f 15       		.uleb128 0x15
 690 02a0 74       		.byte	0x74
 691 02a1 00       		.sleb128 0
 692 02a2 31       		.byte	0x31
 693 02a3 24       		.byte	0x24
 694 02a4 74       		.byte	0x74
 695 02a5 00       		.sleb128 0
 696 02a6 22       		.byte	0x22
 697 02a7 31       		.byte	0x31
 698 02a8 24       		.byte	0x24
 699 02a9 03       		.byte	0x3
 700 02aa 04000000 		.4byte	.LANCHOR0+4
 701 02ae 22       		.byte	0x22
 702 02af 94       		.byte	0x94
 703 02b0 02       		.byte	0x2
 704 02b1 0A       		.byte	0xa
 705 02b2 FFFF     		.2byte	0xffff
 706 02b4 1A       		.byte	0x1a
 707 02b5 00       		.byte	0
 708 02b6 00       		.byte	0
 709 02b7 00       		.byte	0
 710 02b8 0D       		.uleb128 0xd
 711 02b9 4C010000 		.4byte	.LVL16
 712 02bd 3F010000 		.4byte	0x13f
 713 02c1 0D       		.uleb128 0xd
 714 02c2 50010000 		.4byte	.LVL17
 715 02c6 E1000000 		.4byte	0xe1
 716 02ca 00       		.byte	0
 717 02cb 1A       		.uleb128 0x1a
 718 02cc D2000000 		.4byte	.LASF39
 719 02d0 D2000000 		.4byte	.LASF39
 720 02d4 1B       		.uleb128 0x1b
 721 02d5 A9000000 		.4byte	.LASF26
 722 02d9 A9000000 		.4byte	.LASF26
 723 02dd 04       		.byte	0x4
 724 02de 4E       		.byte	0x4e
 725 02df 1B       		.uleb128 0x1b
 726 02e0 00000000 		.4byte	.LASF27
 727 02e4 00000000 		.4byte	.LASF27
 728 02e8 05       		.byte	0x5
 729 02e9 DC       		.byte	0xdc
 730 02ea 1B       		.uleb128 0x1b
ARM GAS  C:\Users\wl\AppData\Local\Temp\ccjq0lnY.s 			page 20


 731 02eb 74000000 		.4byte	.LASF28
 732 02ef 74000000 		.4byte	.LASF28
 733 02f3 04       		.byte	0x4
 734 02f4 50       		.byte	0x50
 735 02f5 1B       		.uleb128 0x1b
 736 02f6 5C020000 		.4byte	.LASF29
 737 02fa 5C020000 		.4byte	.LASF29
 738 02fe 05       		.byte	0x5
 739 02ff 6C       		.byte	0x6c
 740 0300 1B       		.uleb128 0x1b
 741 0301 F4010000 		.4byte	.LASF30
 742 0305 F4010000 		.4byte	.LASF30
 743 0309 05       		.byte	0x5
 744 030a 84       		.byte	0x84
 745 030b 1B       		.uleb128 0x1b
 746 030c E5010000 		.4byte	.LASF31
 747 0310 E5010000 		.4byte	.LASF31
 748 0314 05       		.byte	0x5
 749 0315 DA       		.byte	0xda
 750 0316 1B       		.uleb128 0x1b
 751 0317 2C000000 		.4byte	.LASF32
 752 031b 2C000000 		.4byte	.LASF32
 753 031f 05       		.byte	0x5
 754 0320 BD       		.byte	0xbd
 755 0321 1B       		.uleb128 0x1b
 756 0322 E0000000 		.4byte	.LASF33
 757 0326 E0000000 		.4byte	.LASF33
 758 032a 05       		.byte	0x5
 759 032b C3       		.byte	0xc3
 760 032c 00       		.byte	0
 761              		.section	.debug_abbrev,"",%progbits
 762              	.Ldebug_abbrev0:
 763 0000 01       		.uleb128 0x1
 764 0001 11       		.uleb128 0x11
 765 0002 01       		.byte	0x1
 766 0003 25       		.uleb128 0x25
 767 0004 0E       		.uleb128 0xe
 768 0005 13       		.uleb128 0x13
 769 0006 0B       		.uleb128 0xb
 770 0007 03       		.uleb128 0x3
 771 0008 0E       		.uleb128 0xe
 772 0009 1B       		.uleb128 0x1b
 773 000a 0E       		.uleb128 0xe
 774 000b 55       		.uleb128 0x55
 775 000c 17       		.uleb128 0x17
 776 000d 11       		.uleb128 0x11
 777 000e 01       		.uleb128 0x1
 778 000f 10       		.uleb128 0x10
 779 0010 17       		.uleb128 0x17
 780 0011 00       		.byte	0
 781 0012 00       		.byte	0
 782 0013 02       		.uleb128 0x2
 783 0014 24       		.uleb128 0x24
 784 0015 00       		.byte	0
 785 0016 0B       		.uleb128 0xb
 786 0017 0B       		.uleb128 0xb
 787 0018 3E       		.uleb128 0x3e
ARM GAS  C:\Users\wl\AppData\Local\Temp\ccjq0lnY.s 			page 21


 788 0019 0B       		.uleb128 0xb
 789 001a 03       		.uleb128 0x3
 790 001b 08       		.uleb128 0x8
 791 001c 00       		.byte	0
 792 001d 00       		.byte	0
 793 001e 03       		.uleb128 0x3
 794 001f 16       		.uleb128 0x16
 795 0020 00       		.byte	0
 796 0021 03       		.uleb128 0x3
 797 0022 0E       		.uleb128 0xe
 798 0023 3A       		.uleb128 0x3a
 799 0024 0B       		.uleb128 0xb
 800 0025 3B       		.uleb128 0x3b
 801 0026 0B       		.uleb128 0xb
 802 0027 49       		.uleb128 0x49
 803 0028 13       		.uleb128 0x13
 804 0029 00       		.byte	0
 805 002a 00       		.byte	0
 806 002b 04       		.uleb128 0x4
 807 002c 24       		.uleb128 0x24
 808 002d 00       		.byte	0
 809 002e 0B       		.uleb128 0xb
 810 002f 0B       		.uleb128 0xb
 811 0030 3E       		.uleb128 0x3e
 812 0031 0B       		.uleb128 0xb
 813 0032 03       		.uleb128 0x3
 814 0033 0E       		.uleb128 0xe
 815 0034 00       		.byte	0
 816 0035 00       		.byte	0
 817 0036 05       		.uleb128 0x5
 818 0037 0F       		.uleb128 0xf
 819 0038 00       		.byte	0
 820 0039 0B       		.uleb128 0xb
 821 003a 0B       		.uleb128 0xb
 822 003b 00       		.byte	0
 823 003c 00       		.byte	0
 824 003d 06       		.uleb128 0x6
 825 003e 16       		.uleb128 0x16
 826 003f 00       		.byte	0
 827 0040 03       		.uleb128 0x3
 828 0041 0E       		.uleb128 0xe
 829 0042 3A       		.uleb128 0x3a
 830 0043 0B       		.uleb128 0xb
 831 0044 3B       		.uleb128 0x3b
 832 0045 05       		.uleb128 0x5
 833 0046 49       		.uleb128 0x49
 834 0047 13       		.uleb128 0x13
 835 0048 00       		.byte	0
 836 0049 00       		.byte	0
 837 004a 07       		.uleb128 0x7
 838 004b 35       		.uleb128 0x35
 839 004c 00       		.byte	0
 840 004d 49       		.uleb128 0x49
 841 004e 13       		.uleb128 0x13
 842 004f 00       		.byte	0
 843 0050 00       		.byte	0
 844 0051 08       		.uleb128 0x8
ARM GAS  C:\Users\wl\AppData\Local\Temp\ccjq0lnY.s 			page 22


 845 0052 2E       		.uleb128 0x2e
 846 0053 00       		.byte	0
 847 0054 03       		.uleb128 0x3
 848 0055 0E       		.uleb128 0xe
 849 0056 3A       		.uleb128 0x3a
 850 0057 0B       		.uleb128 0xb
 851 0058 3B       		.uleb128 0x3b
 852 0059 0B       		.uleb128 0xb
 853 005a 27       		.uleb128 0x27
 854 005b 19       		.uleb128 0x19
 855 005c 11       		.uleb128 0x11
 856 005d 01       		.uleb128 0x1
 857 005e 12       		.uleb128 0x12
 858 005f 06       		.uleb128 0x6
 859 0060 40       		.uleb128 0x40
 860 0061 18       		.uleb128 0x18
 861 0062 9742     		.uleb128 0x2117
 862 0064 19       		.uleb128 0x19
 863 0065 00       		.byte	0
 864 0066 00       		.byte	0
 865 0067 09       		.uleb128 0x9
 866 0068 2E       		.uleb128 0x2e
 867 0069 01       		.byte	0x1
 868 006a 03       		.uleb128 0x3
 869 006b 0E       		.uleb128 0xe
 870 006c 3A       		.uleb128 0x3a
 871 006d 0B       		.uleb128 0xb
 872 006e 3B       		.uleb128 0x3b
 873 006f 0B       		.uleb128 0xb
 874 0070 27       		.uleb128 0x27
 875 0071 19       		.uleb128 0x19
 876 0072 11       		.uleb128 0x11
 877 0073 01       		.uleb128 0x1
 878 0074 12       		.uleb128 0x12
 879 0075 06       		.uleb128 0x6
 880 0076 40       		.uleb128 0x40
 881 0077 18       		.uleb128 0x18
 882 0078 9742     		.uleb128 0x2117
 883 007a 19       		.uleb128 0x19
 884 007b 01       		.uleb128 0x1
 885 007c 13       		.uleb128 0x13
 886 007d 00       		.byte	0
 887 007e 00       		.byte	0
 888 007f 0A       		.uleb128 0xa
 889 0080 05       		.uleb128 0x5
 890 0081 00       		.byte	0
 891 0082 03       		.uleb128 0x3
 892 0083 08       		.uleb128 0x8
 893 0084 3A       		.uleb128 0x3a
 894 0085 0B       		.uleb128 0xb
 895 0086 3B       		.uleb128 0x3b
 896 0087 0B       		.uleb128 0xb
 897 0088 49       		.uleb128 0x49
 898 0089 13       		.uleb128 0x13
 899 008a 02       		.uleb128 0x2
 900 008b 17       		.uleb128 0x17
 901 008c 00       		.byte	0
ARM GAS  C:\Users\wl\AppData\Local\Temp\ccjq0lnY.s 			page 23


 902 008d 00       		.byte	0
 903 008e 0B       		.uleb128 0xb
 904 008f 898201   		.uleb128 0x4109
 905 0092 01       		.byte	0x1
 906 0093 11       		.uleb128 0x11
 907 0094 01       		.uleb128 0x1
 908 0095 31       		.uleb128 0x31
 909 0096 13       		.uleb128 0x13
 910 0097 00       		.byte	0
 911 0098 00       		.byte	0
 912 0099 0C       		.uleb128 0xc
 913 009a 8A8201   		.uleb128 0x410a
 914 009d 00       		.byte	0
 915 009e 02       		.uleb128 0x2
 916 009f 18       		.uleb128 0x18
 917 00a0 9142     		.uleb128 0x2111
 918 00a2 18       		.uleb128 0x18
 919 00a3 00       		.byte	0
 920 00a4 00       		.byte	0
 921 00a5 0D       		.uleb128 0xd
 922 00a6 898201   		.uleb128 0x4109
 923 00a9 00       		.byte	0
 924 00aa 11       		.uleb128 0x11
 925 00ab 01       		.uleb128 0x1
 926 00ac 31       		.uleb128 0x31
 927 00ad 13       		.uleb128 0x13
 928 00ae 00       		.byte	0
 929 00af 00       		.byte	0
 930 00b0 0E       		.uleb128 0xe
 931 00b1 898201   		.uleb128 0x4109
 932 00b4 01       		.byte	0x1
 933 00b5 11       		.uleb128 0x11
 934 00b6 01       		.uleb128 0x1
 935 00b7 31       		.uleb128 0x31
 936 00b8 13       		.uleb128 0x13
 937 00b9 01       		.uleb128 0x1
 938 00ba 13       		.uleb128 0x13
 939 00bb 00       		.byte	0
 940 00bc 00       		.byte	0
 941 00bd 0F       		.uleb128 0xf
 942 00be 2E       		.uleb128 0x2e
 943 00bf 01       		.byte	0x1
 944 00c0 3F       		.uleb128 0x3f
 945 00c1 19       		.uleb128 0x19
 946 00c2 03       		.uleb128 0x3
 947 00c3 0E       		.uleb128 0xe
 948 00c4 3A       		.uleb128 0x3a
 949 00c5 0B       		.uleb128 0xb
 950 00c6 3B       		.uleb128 0x3b
 951 00c7 05       		.uleb128 0x5
 952 00c8 27       		.uleb128 0x27
 953 00c9 19       		.uleb128 0x19
 954 00ca 11       		.uleb128 0x11
 955 00cb 01       		.uleb128 0x1
 956 00cc 12       		.uleb128 0x12
 957 00cd 06       		.uleb128 0x6
 958 00ce 40       		.uleb128 0x40
ARM GAS  C:\Users\wl\AppData\Local\Temp\ccjq0lnY.s 			page 24


 959 00cf 18       		.uleb128 0x18
 960 00d0 9742     		.uleb128 0x2117
 961 00d2 19       		.uleb128 0x19
 962 00d3 01       		.uleb128 0x1
 963 00d4 13       		.uleb128 0x13
 964 00d5 00       		.byte	0
 965 00d6 00       		.byte	0
 966 00d7 10       		.uleb128 0x10
 967 00d8 0B       		.uleb128 0xb
 968 00d9 01       		.byte	0x1
 969 00da 11       		.uleb128 0x11
 970 00db 01       		.uleb128 0x1
 971 00dc 12       		.uleb128 0x12
 972 00dd 06       		.uleb128 0x6
 973 00de 01       		.uleb128 0x1
 974 00df 13       		.uleb128 0x13
 975 00e0 00       		.byte	0
 976 00e1 00       		.byte	0
 977 00e2 11       		.uleb128 0x11
 978 00e3 13       		.uleb128 0x13
 979 00e4 01       		.byte	0x1
 980 00e5 0B       		.uleb128 0xb
 981 00e6 0B       		.uleb128 0xb
 982 00e7 3A       		.uleb128 0x3a
 983 00e8 0B       		.uleb128 0xb
 984 00e9 3B       		.uleb128 0x3b
 985 00ea 05       		.uleb128 0x5
 986 00eb 01       		.uleb128 0x1
 987 00ec 13       		.uleb128 0x13
 988 00ed 00       		.byte	0
 989 00ee 00       		.byte	0
 990 00ef 12       		.uleb128 0x12
 991 00f0 0D       		.uleb128 0xd
 992 00f1 00       		.byte	0
 993 00f2 03       		.uleb128 0x3
 994 00f3 0E       		.uleb128 0xe
 995 00f4 3A       		.uleb128 0x3a
 996 00f5 0B       		.uleb128 0xb
 997 00f6 3B       		.uleb128 0x3b
 998 00f7 05       		.uleb128 0x5
 999 00f8 49       		.uleb128 0x49
 1000 00f9 13       		.uleb128 0x13
 1001 00fa 38       		.uleb128 0x38
 1002 00fb 0B       		.uleb128 0xb
 1003 00fc 00       		.byte	0
 1004 00fd 00       		.byte	0
 1005 00fe 13       		.uleb128 0x13
 1006 00ff 01       		.uleb128 0x1
 1007 0100 01       		.byte	0x1
 1008 0101 49       		.uleb128 0x49
 1009 0102 13       		.uleb128 0x13
 1010 0103 01       		.uleb128 0x1
 1011 0104 13       		.uleb128 0x13
 1012 0105 00       		.byte	0
 1013 0106 00       		.byte	0
 1014 0107 14       		.uleb128 0x14
 1015 0108 21       		.uleb128 0x21
ARM GAS  C:\Users\wl\AppData\Local\Temp\ccjq0lnY.s 			page 25


 1016 0109 00       		.byte	0
 1017 010a 49       		.uleb128 0x49
 1018 010b 13       		.uleb128 0x13
 1019 010c 2F       		.uleb128 0x2f
 1020 010d 0B       		.uleb128 0xb
 1021 010e 00       		.byte	0
 1022 010f 00       		.byte	0
 1023 0110 15       		.uleb128 0x15
 1024 0111 26       		.uleb128 0x26
 1025 0112 00       		.byte	0
 1026 0113 49       		.uleb128 0x49
 1027 0114 13       		.uleb128 0x13
 1028 0115 00       		.byte	0
 1029 0116 00       		.byte	0
 1030 0117 16       		.uleb128 0x16
 1031 0118 34       		.uleb128 0x34
 1032 0119 00       		.byte	0
 1033 011a 03       		.uleb128 0x3
 1034 011b 0E       		.uleb128 0xe
 1035 011c 3A       		.uleb128 0x3a
 1036 011d 0B       		.uleb128 0xb
 1037 011e 3B       		.uleb128 0x3b
 1038 011f 05       		.uleb128 0x5
 1039 0120 49       		.uleb128 0x49
 1040 0121 13       		.uleb128 0x13
 1041 0122 02       		.uleb128 0x2
 1042 0123 18       		.uleb128 0x18
 1043 0124 00       		.byte	0
 1044 0125 00       		.byte	0
 1045 0126 17       		.uleb128 0x17
 1046 0127 34       		.uleb128 0x34
 1047 0128 00       		.byte	0
 1048 0129 03       		.uleb128 0x3
 1049 012a 08       		.uleb128 0x8
 1050 012b 3A       		.uleb128 0x3a
 1051 012c 0B       		.uleb128 0xb
 1052 012d 3B       		.uleb128 0x3b
 1053 012e 05       		.uleb128 0x5
 1054 012f 49       		.uleb128 0x49
 1055 0130 13       		.uleb128 0x13
 1056 0131 02       		.uleb128 0x2
 1057 0132 17       		.uleb128 0x17
 1058 0133 00       		.byte	0
 1059 0134 00       		.byte	0
 1060 0135 18       		.uleb128 0x18
 1061 0136 0B       		.uleb128 0xb
 1062 0137 01       		.byte	0x1
 1063 0138 11       		.uleb128 0x11
 1064 0139 01       		.uleb128 0x1
 1065 013a 12       		.uleb128 0x12
 1066 013b 06       		.uleb128 0x6
 1067 013c 00       		.byte	0
 1068 013d 00       		.byte	0
 1069 013e 19       		.uleb128 0x19
 1070 013f 0F       		.uleb128 0xf
 1071 0140 00       		.byte	0
 1072 0141 0B       		.uleb128 0xb
ARM GAS  C:\Users\wl\AppData\Local\Temp\ccjq0lnY.s 			page 26


 1073 0142 0B       		.uleb128 0xb
 1074 0143 49       		.uleb128 0x49
 1075 0144 13       		.uleb128 0x13
 1076 0145 00       		.byte	0
 1077 0146 00       		.byte	0
 1078 0147 1A       		.uleb128 0x1a
 1079 0148 2E       		.uleb128 0x2e
 1080 0149 00       		.byte	0
 1081 014a 3F       		.uleb128 0x3f
 1082 014b 19       		.uleb128 0x19
 1083 014c 3C       		.uleb128 0x3c
 1084 014d 19       		.uleb128 0x19
 1085 014e 6E       		.uleb128 0x6e
 1086 014f 0E       		.uleb128 0xe
 1087 0150 03       		.uleb128 0x3
 1088 0151 0E       		.uleb128 0xe
 1089 0152 00       		.byte	0
 1090 0153 00       		.byte	0
 1091 0154 1B       		.uleb128 0x1b
 1092 0155 2E       		.uleb128 0x2e
 1093 0156 00       		.byte	0
 1094 0157 3F       		.uleb128 0x3f
 1095 0158 19       		.uleb128 0x19
 1096 0159 3C       		.uleb128 0x3c
 1097 015a 19       		.uleb128 0x19
 1098 015b 6E       		.uleb128 0x6e
 1099 015c 0E       		.uleb128 0xe
 1100 015d 03       		.uleb128 0x3
 1101 015e 0E       		.uleb128 0xe
 1102 015f 3A       		.uleb128 0x3a
 1103 0160 0B       		.uleb128 0xb
 1104 0161 3B       		.uleb128 0x3b
 1105 0162 0B       		.uleb128 0xb
 1106 0163 00       		.byte	0
 1107 0164 00       		.byte	0
 1108 0165 00       		.byte	0
 1109              		.section	.debug_loc,"",%progbits
 1110              	.Ldebug_loc0:
 1111              	.LLST0:
 1112 0000 00000000 		.4byte	.LVL0
 1113 0004 09000000 		.4byte	.LVL2-1
 1114 0008 0100     		.2byte	0x1
 1115 000a 50       		.byte	0x50
 1116 000b 09000000 		.4byte	.LVL2-1
 1117 000f 0C000000 		.4byte	.LFE2
 1118 0013 0400     		.2byte	0x4
 1119 0015 F3       		.byte	0xf3
 1120 0016 01       		.uleb128 0x1
 1121 0017 50       		.byte	0x50
 1122 0018 9F       		.byte	0x9f
 1123 0019 00000000 		.4byte	0
 1124 001d 00000000 		.4byte	0
 1125              	.LLST1:
 1126 0021 00000000 		.4byte	.LVL0
 1127 0025 06000000 		.4byte	.LVL1
 1128 0029 0100     		.2byte	0x1
 1129 002b 51       		.byte	0x51
ARM GAS  C:\Users\wl\AppData\Local\Temp\ccjq0lnY.s 			page 27


 1130 002c 06000000 		.4byte	.LVL1
 1131 0030 09000000 		.4byte	.LVL2-1
 1132 0034 0100     		.2byte	0x1
 1133 0036 52       		.byte	0x52
 1134 0037 09000000 		.4byte	.LVL2-1
 1135 003b 0C000000 		.4byte	.LFE2
 1136 003f 0400     		.2byte	0x4
 1137 0041 F3       		.byte	0xf3
 1138 0042 01       		.uleb128 0x1
 1139 0043 51       		.byte	0x51
 1140 0044 9F       		.byte	0x9f
 1141 0045 00000000 		.4byte	0
 1142 0049 00000000 		.4byte	0
 1143              	.LLST2:
 1144 004d E2000000 		.4byte	.LVL11
 1145 0051 E6000000 		.4byte	.LVL12
 1146 0055 0200     		.2byte	0x2
 1147 0057 30       		.byte	0x30
 1148 0058 9F       		.byte	0x9f
 1149 0059 E6000000 		.4byte	.LVL12
 1150 005d 04010000 		.4byte	.LVL14
 1151 0061 0100     		.2byte	0x1
 1152 0063 54       		.byte	0x54
 1153 0064 06010000 		.4byte	.LVL15
 1154 0068 50010000 		.4byte	.LVL18
 1155 006c 0100     		.2byte	0x1
 1156 006e 54       		.byte	0x54
 1157 006f 00000000 		.4byte	0
 1158 0073 00000000 		.4byte	0
 1159              	.LLST3:
 1160 0077 E6000000 		.4byte	.LVL12
 1161 007b 04010000 		.4byte	.LVL14
 1162 007f 0B00     		.2byte	0xb
 1163 0081 74       		.byte	0x74
 1164 0082 00       		.sleb128 0
 1165 0083 36       		.byte	0x36
 1166 0084 1E       		.byte	0x1e
 1167 0085 03       		.byte	0x3
 1168 0086 00000000 		.4byte	cfg_memset_list.4893
 1169 008a 22       		.byte	0x22
 1170 008b 9F       		.byte	0x9f
 1171 008c 04010000 		.4byte	.LVL14
 1172 0090 06010000 		.4byte	.LVL15
 1173 0094 0B00     		.2byte	0xb
 1174 0096 74       		.byte	0x74
 1175 0097 7F       		.sleb128 -1
 1176 0098 36       		.byte	0x36
 1177 0099 1E       		.byte	0x1e
 1178 009a 03       		.byte	0x3
 1179 009b 00000000 		.4byte	cfg_memset_list.4893
 1180 009f 22       		.byte	0x22
 1181 00a0 9F       		.byte	0x9f
 1182 00a1 00000000 		.4byte	0
 1183 00a5 00000000 		.4byte	0
 1184              		.section	.debug_aranges,"",%progbits
 1185 0000 34000000 		.4byte	0x34
 1186 0004 0200     		.2byte	0x2
ARM GAS  C:\Users\wl\AppData\Local\Temp\ccjq0lnY.s 			page 28


 1187 0006 00000000 		.4byte	.Ldebug_info0
 1188 000a 04       		.byte	0x4
 1189 000b 00       		.byte	0
 1190 000c 0000     		.2byte	0
 1191 000e 0000     		.2byte	0
 1192 0010 00000000 		.4byte	.LFB6
 1193 0014 20000000 		.4byte	.LFE6-.LFB6
 1194 0018 00000000 		.4byte	.LFB2
 1195 001c 0C000000 		.4byte	.LFE2-.LFB2
 1196 0020 00000000 		.4byte	.LFB5
 1197 0024 D8000000 		.4byte	.LFE5-.LFB5
 1198 0028 D8000000 		.4byte	.LFB7
 1199 002c A8000000 		.4byte	.LFE7-.LFB7
 1200 0030 00000000 		.4byte	0
 1201 0034 00000000 		.4byte	0
 1202              		.section	.debug_ranges,"",%progbits
 1203              	.Ldebug_ranges0:
 1204 0000 00000000 		.4byte	.LFB6
 1205 0004 20000000 		.4byte	.LFE6
 1206 0008 00000000 		.4byte	.LFB2
 1207 000c 0C000000 		.4byte	.LFE2
 1208 0010 00000000 		.4byte	.LFB5
 1209 0014 D8000000 		.4byte	.LFE5
 1210 0018 D8000000 		.4byte	.LFB7
 1211 001c 80010000 		.4byte	.LFE7
 1212 0020 00000000 		.4byte	0
 1213 0024 00000000 		.4byte	0
 1214              		.section	.debug_line,"",%progbits
 1215              	.Ldebug_line0:
 1216 0000 5C010000 		.section	.debug_str,"MS",%progbits,1
 1216      0200E300 
 1216      00000201 
 1216      FB0E0D00 
 1216      01010101 
 1217              	.LASF27:
 1218 0000 43794465 		.ascii	"CyDelayCycles\000"
 1218      6C617943 
 1218      79636C65 
 1218      7300
 1219              	.LASF19:
 1220 000e 72656733 		.ascii	"reg32\000"
 1220      3200
 1221              	.LASF12:
 1222 0014 73697A65 		.ascii	"size_t\000"
 1222      5F7400
 1223              	.LASF37:
 1224 001b 416E616C 		.ascii	"AnalogSetDefault\000"
 1224      6F675365 
 1224      74446566 
 1224      61756C74 
 1224      00
 1225              	.LASF32:
 1226 002c 4379496E 		.ascii	"CyIntSetVector\000"
 1226      74536574 
 1226      56656374 
 1226      6F7200
 1227              	.LASF25:
ARM GAS  C:\Users\wl\AppData\Local\Temp\ccjq0lnY.s 			page 29


 1228 003b 6366675F 		.ascii	"cfg_memset_list\000"
 1228      6D656D73 
 1228      65745F6C 
 1228      69737400 
 1229              	.LASF21:
 1230 004b 436C6F63 		.ascii	"ClockSetup\000"
 1230      6B536574 
 1230      757000
 1231              	.LASF6:
 1232 0056 73686F72 		.ascii	"short unsigned int\000"
 1232      7420756E 
 1232      7369676E 
 1232      65642069 
 1232      6E7400
 1233              	.LASF16:
 1234 0069 666C6F61 		.ascii	"float\000"
 1234      7400
 1235              	.LASF23:
 1236 006f 73697A65 		.ascii	"size\000"
 1236      00
 1237              	.LASF28:
 1238 0074 43795379 		.ascii	"CySysClkWcoSetPowerMode\000"
 1238      73436C6B 
 1238      57636F53 
 1238      6574506F 
 1238      7765724D 
 1239              	.LASF18:
 1240 008c 72656738 		.ascii	"reg8\000"
 1240      00
 1241              	.LASF8:
 1242 0091 6C6F6E67 		.ascii	"long unsigned int\000"
 1242      20756E73 
 1242      69676E65 
 1242      6420696E 
 1242      7400
 1243              	.LASF13:
 1244 00a3 75696E74 		.ascii	"uint8\000"
 1244      3800
 1245              	.LASF26:
 1246 00a9 43795379 		.ascii	"CySysClkWcoStart\000"
 1246      73436C6B 
 1246      57636F53 
 1246      74617274 
 1246      00
 1247              	.LASF20:
 1248 00ba 43594D45 		.ascii	"CYMEMZERO\000"
 1248      4D5A4552 
 1248      4F00
 1249              	.LASF4:
 1250 00c4 756E7369 		.ascii	"unsigned char\000"
 1250      676E6564 
 1250      20636861 
 1250      7200
 1251              	.LASF39:
 1252 00d2 6D656D73 		.ascii	"memset\000"
 1252      657400
 1253              	.LASF17:
ARM GAS  C:\Users\wl\AppData\Local\Temp\ccjq0lnY.s 			page 30


 1254 00d9 646F7562 		.ascii	"double\000"
 1254      6C6500
 1255              	.LASF33:
 1256 00e0 4379496E 		.ascii	"CyIntEnable\000"
 1256      74456E61 
 1256      626C6500 
 1257              	.LASF14:
 1258 00ec 75696E74 		.ascii	"uint16\000"
 1258      313600
 1259              	.LASF15:
 1260 00f3 75696E74 		.ascii	"uint32\000"
 1260      333200
 1261              	.LASF0:
 1262 00fa 756E7369 		.ascii	"unsigned int\000"
 1262      676E6564 
 1262      20696E74 
 1262      00
 1263              	.LASF38:
 1264 0107 63796669 		.ascii	"cyfitter_cfg\000"
 1264      74746572 
 1264      5F636667 
 1264      00
 1265              	.LASF22:
 1266 0114 61646472 		.ascii	"address\000"
 1266      65737300 
 1267              	.LASF9:
 1268 011c 6C6F6E67 		.ascii	"long long unsigned int\000"
 1268      206C6F6E 
 1268      6720756E 
 1268      7369676E 
 1268      65642069 
 1269              	.LASF34:
 1270 0133 474E5520 		.ascii	"GNU C11 5.4.1 20160609 (release) [ARM/embedded-5-br"
 1270      43313120 
 1270      352E342E 
 1270      31203230 
 1270      31363036 
 1271 0166 616E6368 		.ascii	"anch revision 237715] -mcpu=cortex-m0 -mthumb -g -O"
 1271      20726576 
 1271      6973696F 
 1271      6E203233 
 1271      37373135 
 1272 0199 67202D66 		.ascii	"g -ffunction-sections -ffat-lto-objects\000"
 1272      66756E63 
 1272      74696F6E 
 1272      2D736563 
 1272      74696F6E 
 1273              	.LASF24:
 1274 01c1 6366675F 		.ascii	"cfg_memset_t\000"
 1274      6D656D73 
 1274      65745F74 
 1274      00
 1275              	.LASF10:
 1276 01ce 73697A65 		.ascii	"sizetype\000"
 1276      74797065 
 1276      00
 1277              	.LASF1:
ARM GAS  C:\Users\wl\AppData\Local\Temp\ccjq0lnY.s 			page 31


 1278 01d7 6C6F6E67 		.ascii	"long long int\000"
 1278      206C6F6E 
 1278      6720696E 
 1278      7400
 1279              	.LASF31:
 1280 01e5 43794465 		.ascii	"CyDelayUs\000"
 1280      6C617955 
 1280      7300
 1281              	.LASF11:
 1282 01ef 63686172 		.ascii	"char\000"
 1282      00
 1283              	.LASF30:
 1284 01f4 43795379 		.ascii	"CySysClkEcoStart\000"
 1284      73436C6B 
 1284      45636F53 
 1284      74617274 
 1284      00
 1285              	.LASF5:
 1286 0205 73686F72 		.ascii	"short int\000"
 1286      7420696E 
 1286      7400
 1287              	.LASF36:
 1288 020f 433A5C55 		.ascii	"C:\\Users\\wl\\Desktop\\cypressResource\\projects\\"
 1288      73657273 
 1288      5C776C5C 
 1288      4465736B 
 1288      746F705C 
 1289 023c 576F726B 		.ascii	"Workspace01\\Lesson12-Uart.cydsn\000"
 1289      73706163 
 1289      6530315C 
 1289      4C657373 
 1289      6F6E3132 
 1290              	.LASF29:
 1291 025c 43795379 		.ascii	"CySysClkWriteImoFreq\000"
 1291      73436C6B 
 1291      57726974 
 1291      65496D6F 
 1291      46726571 
 1292              	.LASF7:
 1293 0271 6C6F6E67 		.ascii	"long int\000"
 1293      20696E74 
 1293      00
 1294              	.LASF2:
 1295 027a 6C6F6E67 		.ascii	"long double\000"
 1295      20646F75 
 1295      626C6500 
 1296              	.LASF3:
 1297 0286 7369676E 		.ascii	"signed char\000"
 1297      65642063 
 1297      68617200 
 1298              	.LASF35:
 1299 0292 47656E65 		.ascii	"Generated_Source\\PSoC4\\cyfitter_cfg.c\000"
 1299      72617465 
 1299      645F536F 
 1299      75726365 
 1299      5C50536F 
 1300              		.ident	"GCC: (GNU Tools for ARM Embedded Processors) 5.4.1 20160609 (release) [ARM/embedded-5-bran
ARM GAS  C:\Users\wl\AppData\Local\Temp\ccjq0lnY.s 			page 32


