ARM GAS  C:\Users\wl\AppData\Local\Temp\ccOQcyaW.s 			page 1


   1              		.syntax unified
   2              		.cpu cortex-m0
   3              		.fpu softvfp
   4              		.eabi_attribute 20, 1
   5              		.eabi_attribute 21, 1
   6              		.eabi_attribute 23, 3
   7              		.eabi_attribute 24, 1
   8              		.eabi_attribute 25, 1
   9              		.eabi_attribute 26, 1
  10              		.eabi_attribute 30, 1
  11              		.eabi_attribute 34, 0
  12              		.eabi_attribute 18, 4
  13              		.thumb
  14              		.syntax unified
  15              		.file	"main.c"
  16              		.text
  17              	.Ltext0:
  18              		.cfi_sections	.debug_frame
  19              		.section	.text.main,"ax",%progbits
  20              		.align	2
  21              		.global	main
  22              		.code	16
  23              		.thumb_func
  24              		.type	main, %function
  25              	main:
  26              	.LFB35:
  27              		.file 1 "main.c"
   1:main.c        **** /* ========================================
   2:main.c        ****  *
   3:main.c        ****  * Copyright YOUR COMPANY, THE YEAR
   4:main.c        ****  * All Rights Reserved
   5:main.c        ****  * UNPUBLISHED, LICENSED SOFTWARE.
   6:main.c        ****  *
   7:main.c        ****  * CONFIDENTIAL AND PROPRIETARY INFORMATION
   8:main.c        ****  * WHICH IS THE PROPERTY OF your company.
   9:main.c        ****  *
  10:main.c        ****  * ========================================
  11:main.c        **** */
  12:main.c        **** #include "project.h"
  13:main.c        **** 
  14:main.c        **** int main(void)
  15:main.c        **** {
  28              		.loc 1 15 0
  29              		.cfi_startproc
  30              		@ args = 0, pretend = 0, frame = 0
  31              		@ frame_needed = 0, uses_anonymous_args = 0
  32 0000 10B5     		push	{r4, lr}
  33              		.cfi_def_cfa_offset 8
  34              		.cfi_offset 4, -8
  35              		.cfi_offset 14, -4
  16:main.c        ****     CyGlobalIntEnable; /* Enable global interrupts. */
  36              		.loc 1 16 0
  37              		.syntax divided
  38              	@ 16 "main.c" 1
  39 0002 62B6     		CPSIE   i
  40              	@ 0 "" 2
  17:main.c        **** 
ARM GAS  C:\Users\wl\AppData\Local\Temp\ccOQcyaW.s 			page 2


  18:main.c        ****     /* Place your initialization/startup code here (e.g. MyInst_Start()) */
  19:main.c        ****     UART_Start();
  41              		.loc 1 19 0
  42              		.thumb
  43              		.syntax unified
  44 0004 FFF7FEFF 		bl	UART_Start
  45              	.LVL0:
  20:main.c        ****     UART_UartPutString("Hello World");
  46              		.loc 1 20 0
  47 0008 0648     		ldr	r0, .L4
  48 000a FFF7FEFF 		bl	UART_UartPutString
  49              	.LVL1:
  50              	.L2:
  21:main.c        ****     
  22:main.c        ****      
  23:main.c        ****     uint32 value = 0;
  24:main.c        **** 
  25:main.c        ****     for(;;)
  26:main.c        ****     {
  27:main.c        ****        value = UART_UartGetChar();
  51              		.loc 1 27 0
  52 000e FFF7FEFF 		bl	UART_UartGetChar
  53              	.LVL2:
  28:main.c        ****        if(value >= 'a' && value <= 'z') {
  54              		.loc 1 28 0
  55 0012 0300     		movs	r3, r0
  56 0014 613B     		subs	r3, r3, #97
  57 0016 192B     		cmp	r3, #25
  58 0018 F9D8     		bhi	.L2
  29:main.c        ****             UART_UartPutChar(value + 'A' - 'a');     
  59              		.loc 1 29 0
  60 001a 2038     		subs	r0, r0, #32
  61              	.LVL3:
  62 001c FFF7FEFF 		bl	UART_SpiUartWriteTxData
  63              	.LVL4:
  64 0020 F5E7     		b	.L2
  65              	.L5:
  66 0022 C046     		.align	2
  67              	.L4:
  68 0024 00000000 		.word	.LC0
  69              		.cfi_endproc
  70              	.LFE35:
  71              		.size	main, .-main
  72              		.section	.rodata.str1.4,"aMS",%progbits,1
  73              		.align	2
  74              	.LC0:
  75 0000 48656C6C 		.ascii	"Hello World\000"
  75      6F20576F 
  75      726C6400 
  76              		.text
  77              	.Letext0:
  78              		.file 2 "Generated_Source\\PSoC4/UART.h"
  79              		.file 3 "Generated_Source\\PSoC4/UART_SPI_UART.h"
  80              		.file 4 "Generated_Source\\PSoC4/cytypes.h"
  81              		.section	.debug_info,"",%progbits
  82              	.Ldebug_info0:
  83 0000 21010000 		.4byte	0x121
ARM GAS  C:\Users\wl\AppData\Local\Temp\ccOQcyaW.s 			page 3


  84 0004 0400     		.2byte	0x4
  85 0006 00000000 		.4byte	.Ldebug_abbrev0
  86 000a 04       		.byte	0x4
  87 000b 01       		.uleb128 0x1
  88 000c B4000000 		.4byte	.LASF18
  89 0010 0C       		.byte	0xc
  90 0011 22000000 		.4byte	.LASF19
  91 0015 73010000 		.4byte	.LASF20
  92 0019 00000000 		.4byte	.Ldebug_ranges0+0
  93 001d 00000000 		.4byte	0
  94 0021 00000000 		.4byte	.Ldebug_line0
  95 0025 02       		.uleb128 0x2
  96 0026 01       		.byte	0x1
  97 0027 06       		.byte	0x6
  98 0028 55010000 		.4byte	.LASF0
  99 002c 02       		.uleb128 0x2
 100 002d 01       		.byte	0x1
 101 002e 08       		.byte	0x8
 102 002f 7E000000 		.4byte	.LASF1
 103 0033 02       		.uleb128 0x2
 104 0034 02       		.byte	0x2
 105 0035 05       		.byte	0x5
 106 0036 C0010000 		.4byte	.LASF2
 107 003a 02       		.uleb128 0x2
 108 003b 02       		.byte	0x2
 109 003c 07       		.byte	0x7
 110 003d 42010000 		.4byte	.LASF3
 111 0041 02       		.uleb128 0x2
 112 0042 04       		.byte	0x4
 113 0043 05       		.byte	0x5
 114 0044 A4000000 		.4byte	.LASF4
 115 0048 02       		.uleb128 0x2
 116 0049 04       		.byte	0x4
 117 004a 07       		.byte	0x7
 118 004b 3F000000 		.4byte	.LASF5
 119 004f 02       		.uleb128 0x2
 120 0050 08       		.byte	0x8
 121 0051 05       		.byte	0x5
 122 0052 00000000 		.4byte	.LASF6
 123 0056 02       		.uleb128 0x2
 124 0057 08       		.byte	0x8
 125 0058 07       		.byte	0x7
 126 0059 51000000 		.4byte	.LASF7
 127 005d 03       		.uleb128 0x3
 128 005e 04       		.byte	0x4
 129 005f 05       		.byte	0x5
 130 0060 696E7400 		.ascii	"int\000"
 131 0064 02       		.uleb128 0x2
 132 0065 04       		.byte	0x4
 133 0066 07       		.byte	0x7
 134 0067 15000000 		.4byte	.LASF8
 135 006b 04       		.uleb128 0x4
 136 006c 0E000000 		.4byte	.LASF21
 137 0070 04       		.byte	0x4
 138 0071 E601     		.2byte	0x1e6
 139 0073 48000000 		.4byte	0x48
 140 0077 02       		.uleb128 0x2
ARM GAS  C:\Users\wl\AppData\Local\Temp\ccOQcyaW.s 			page 4


 141 0078 04       		.byte	0x4
 142 0079 04       		.byte	0x4
 143 007a 68000000 		.4byte	.LASF9
 144 007e 02       		.uleb128 0x2
 145 007f 08       		.byte	0x8
 146 0080 04       		.byte	0x4
 147 0081 AD000000 		.4byte	.LASF10
 148 0085 02       		.uleb128 0x2
 149 0086 01       		.byte	0x1
 150 0087 08       		.byte	0x8
 151 0088 6E000000 		.4byte	.LASF11
 152 008c 02       		.uleb128 0x2
 153 008d 08       		.byte	0x8
 154 008e 04       		.byte	0x4
 155 008f 61010000 		.4byte	.LASF12
 156 0093 02       		.uleb128 0x2
 157 0094 04       		.byte	0x4
 158 0095 07       		.byte	0x7
 159 0096 DD010000 		.4byte	.LASF13
 160 009a 05       		.uleb128 0x5
 161 009b 29000000 		.4byte	.LASF22
 162 009f 01       		.byte	0x1
 163 00a0 0E       		.byte	0xe
 164 00a1 5D000000 		.4byte	0x5d
 165 00a5 00000000 		.4byte	.LFB35
 166 00a9 28000000 		.4byte	.LFE35-.LFB35
 167 00ad 01       		.uleb128 0x1
 168 00ae 9C       		.byte	0x9c
 169 00af F5000000 		.4byte	0xf5
 170 00b3 06       		.uleb128 0x6
 171 00b4 6D010000 		.4byte	.LASF23
 172 00b8 01       		.byte	0x1
 173 00b9 17       		.byte	0x17
 174 00ba 6B000000 		.4byte	0x6b
 175 00be 00000000 		.4byte	.LLST0
 176 00c2 07       		.uleb128 0x7
 177 00c3 08000000 		.4byte	.LVL0
 178 00c7 F5000000 		.4byte	0xf5
 179 00cb 08       		.uleb128 0x8
 180 00cc 0E000000 		.4byte	.LVL1
 181 00d0 00010000 		.4byte	0x100
 182 00d4 E2000000 		.4byte	0xe2
 183 00d8 09       		.uleb128 0x9
 184 00d9 01       		.uleb128 0x1
 185 00da 50       		.byte	0x50
 186 00db 05       		.uleb128 0x5
 187 00dc 03       		.byte	0x3
 188 00dd 00000000 		.4byte	.LC0
 189 00e1 00       		.byte	0
 190 00e2 07       		.uleb128 0x7
 191 00e3 12000000 		.4byte	.LVL2
 192 00e7 0C010000 		.4byte	0x10c
 193 00eb 07       		.uleb128 0x7
 194 00ec 20000000 		.4byte	.LVL4
 195 00f0 18010000 		.4byte	0x118
 196 00f4 00       		.byte	0
 197 00f5 0A       		.uleb128 0xa
ARM GAS  C:\Users\wl\AppData\Local\Temp\ccOQcyaW.s 			page 5


 198 00f6 73000000 		.4byte	.LASF14
 199 00fa 73000000 		.4byte	.LASF14
 200 00fe 02       		.byte	0x2
 201 00ff 72       		.byte	0x72
 202 0100 0B       		.uleb128 0xb
 203 0101 CA010000 		.4byte	.LASF15
 204 0105 CA010000 		.4byte	.LASF15
 205 0109 03       		.byte	0x3
 206 010a 2A03     		.2byte	0x32a
 207 010c 0B       		.uleb128 0xb
 208 010d 2E000000 		.4byte	.LASF16
 209 0111 2E000000 		.4byte	.LASF16
 210 0115 03       		.byte	0x3
 211 0116 0F03     		.2byte	0x30f
 212 0118 0B       		.uleb128 0xb
 213 0119 8C000000 		.4byte	.LASF17
 214 011d 8C000000 		.4byte	.LASF17
 215 0121 03       		.byte	0x3
 216 0122 4403     		.2byte	0x344
 217 0124 00       		.byte	0
 218              		.section	.debug_abbrev,"",%progbits
 219              	.Ldebug_abbrev0:
 220 0000 01       		.uleb128 0x1
 221 0001 11       		.uleb128 0x11
 222 0002 01       		.byte	0x1
 223 0003 25       		.uleb128 0x25
 224 0004 0E       		.uleb128 0xe
 225 0005 13       		.uleb128 0x13
 226 0006 0B       		.uleb128 0xb
 227 0007 03       		.uleb128 0x3
 228 0008 0E       		.uleb128 0xe
 229 0009 1B       		.uleb128 0x1b
 230 000a 0E       		.uleb128 0xe
 231 000b 55       		.uleb128 0x55
 232 000c 17       		.uleb128 0x17
 233 000d 11       		.uleb128 0x11
 234 000e 01       		.uleb128 0x1
 235 000f 10       		.uleb128 0x10
 236 0010 17       		.uleb128 0x17
 237 0011 00       		.byte	0
 238 0012 00       		.byte	0
 239 0013 02       		.uleb128 0x2
 240 0014 24       		.uleb128 0x24
 241 0015 00       		.byte	0
 242 0016 0B       		.uleb128 0xb
 243 0017 0B       		.uleb128 0xb
 244 0018 3E       		.uleb128 0x3e
 245 0019 0B       		.uleb128 0xb
 246 001a 03       		.uleb128 0x3
 247 001b 0E       		.uleb128 0xe
 248 001c 00       		.byte	0
 249 001d 00       		.byte	0
 250 001e 03       		.uleb128 0x3
 251 001f 24       		.uleb128 0x24
 252 0020 00       		.byte	0
 253 0021 0B       		.uleb128 0xb
 254 0022 0B       		.uleb128 0xb
ARM GAS  C:\Users\wl\AppData\Local\Temp\ccOQcyaW.s 			page 6


 255 0023 3E       		.uleb128 0x3e
 256 0024 0B       		.uleb128 0xb
 257 0025 03       		.uleb128 0x3
 258 0026 08       		.uleb128 0x8
 259 0027 00       		.byte	0
 260 0028 00       		.byte	0
 261 0029 04       		.uleb128 0x4
 262 002a 16       		.uleb128 0x16
 263 002b 00       		.byte	0
 264 002c 03       		.uleb128 0x3
 265 002d 0E       		.uleb128 0xe
 266 002e 3A       		.uleb128 0x3a
 267 002f 0B       		.uleb128 0xb
 268 0030 3B       		.uleb128 0x3b
 269 0031 05       		.uleb128 0x5
 270 0032 49       		.uleb128 0x49
 271 0033 13       		.uleb128 0x13
 272 0034 00       		.byte	0
 273 0035 00       		.byte	0
 274 0036 05       		.uleb128 0x5
 275 0037 2E       		.uleb128 0x2e
 276 0038 01       		.byte	0x1
 277 0039 3F       		.uleb128 0x3f
 278 003a 19       		.uleb128 0x19
 279 003b 03       		.uleb128 0x3
 280 003c 0E       		.uleb128 0xe
 281 003d 3A       		.uleb128 0x3a
 282 003e 0B       		.uleb128 0xb
 283 003f 3B       		.uleb128 0x3b
 284 0040 0B       		.uleb128 0xb
 285 0041 27       		.uleb128 0x27
 286 0042 19       		.uleb128 0x19
 287 0043 49       		.uleb128 0x49
 288 0044 13       		.uleb128 0x13
 289 0045 8701     		.uleb128 0x87
 290 0047 19       		.uleb128 0x19
 291 0048 11       		.uleb128 0x11
 292 0049 01       		.uleb128 0x1
 293 004a 12       		.uleb128 0x12
 294 004b 06       		.uleb128 0x6
 295 004c 40       		.uleb128 0x40
 296 004d 18       		.uleb128 0x18
 297 004e 9742     		.uleb128 0x2117
 298 0050 19       		.uleb128 0x19
 299 0051 01       		.uleb128 0x1
 300 0052 13       		.uleb128 0x13
 301 0053 00       		.byte	0
 302 0054 00       		.byte	0
 303 0055 06       		.uleb128 0x6
 304 0056 34       		.uleb128 0x34
 305 0057 00       		.byte	0
 306 0058 03       		.uleb128 0x3
 307 0059 0E       		.uleb128 0xe
 308 005a 3A       		.uleb128 0x3a
 309 005b 0B       		.uleb128 0xb
 310 005c 3B       		.uleb128 0x3b
 311 005d 0B       		.uleb128 0xb
ARM GAS  C:\Users\wl\AppData\Local\Temp\ccOQcyaW.s 			page 7


 312 005e 49       		.uleb128 0x49
 313 005f 13       		.uleb128 0x13
 314 0060 02       		.uleb128 0x2
 315 0061 17       		.uleb128 0x17
 316 0062 00       		.byte	0
 317 0063 00       		.byte	0
 318 0064 07       		.uleb128 0x7
 319 0065 898201   		.uleb128 0x4109
 320 0068 00       		.byte	0
 321 0069 11       		.uleb128 0x11
 322 006a 01       		.uleb128 0x1
 323 006b 31       		.uleb128 0x31
 324 006c 13       		.uleb128 0x13
 325 006d 00       		.byte	0
 326 006e 00       		.byte	0
 327 006f 08       		.uleb128 0x8
 328 0070 898201   		.uleb128 0x4109
 329 0073 01       		.byte	0x1
 330 0074 11       		.uleb128 0x11
 331 0075 01       		.uleb128 0x1
 332 0076 31       		.uleb128 0x31
 333 0077 13       		.uleb128 0x13
 334 0078 01       		.uleb128 0x1
 335 0079 13       		.uleb128 0x13
 336 007a 00       		.byte	0
 337 007b 00       		.byte	0
 338 007c 09       		.uleb128 0x9
 339 007d 8A8201   		.uleb128 0x410a
 340 0080 00       		.byte	0
 341 0081 02       		.uleb128 0x2
 342 0082 18       		.uleb128 0x18
 343 0083 9142     		.uleb128 0x2111
 344 0085 18       		.uleb128 0x18
 345 0086 00       		.byte	0
 346 0087 00       		.byte	0
 347 0088 0A       		.uleb128 0xa
 348 0089 2E       		.uleb128 0x2e
 349 008a 00       		.byte	0
 350 008b 3F       		.uleb128 0x3f
 351 008c 19       		.uleb128 0x19
 352 008d 3C       		.uleb128 0x3c
 353 008e 19       		.uleb128 0x19
 354 008f 6E       		.uleb128 0x6e
 355 0090 0E       		.uleb128 0xe
 356 0091 03       		.uleb128 0x3
 357 0092 0E       		.uleb128 0xe
 358 0093 3A       		.uleb128 0x3a
 359 0094 0B       		.uleb128 0xb
 360 0095 3B       		.uleb128 0x3b
 361 0096 0B       		.uleb128 0xb
 362 0097 00       		.byte	0
 363 0098 00       		.byte	0
 364 0099 0B       		.uleb128 0xb
 365 009a 2E       		.uleb128 0x2e
 366 009b 00       		.byte	0
 367 009c 3F       		.uleb128 0x3f
 368 009d 19       		.uleb128 0x19
ARM GAS  C:\Users\wl\AppData\Local\Temp\ccOQcyaW.s 			page 8


 369 009e 3C       		.uleb128 0x3c
 370 009f 19       		.uleb128 0x19
 371 00a0 6E       		.uleb128 0x6e
 372 00a1 0E       		.uleb128 0xe
 373 00a2 03       		.uleb128 0x3
 374 00a3 0E       		.uleb128 0xe
 375 00a4 3A       		.uleb128 0x3a
 376 00a5 0B       		.uleb128 0xb
 377 00a6 3B       		.uleb128 0x3b
 378 00a7 05       		.uleb128 0x5
 379 00a8 00       		.byte	0
 380 00a9 00       		.byte	0
 381 00aa 00       		.byte	0
 382              		.section	.debug_loc,"",%progbits
 383              	.Ldebug_loc0:
 384              	.LLST0:
 385 0000 12000000 		.4byte	.LVL2
 386 0004 1C000000 		.4byte	.LVL3
 387 0008 0100     		.2byte	0x1
 388 000a 50       		.byte	0x50
 389 000b 1C000000 		.4byte	.LVL3
 390 000f 1F000000 		.4byte	.LVL4-1
 391 0013 0300     		.2byte	0x3
 392 0015 70       		.byte	0x70
 393 0016 20       		.sleb128 32
 394 0017 9F       		.byte	0x9f
 395 0018 00000000 		.4byte	0
 396 001c 00000000 		.4byte	0
 397              		.section	.debug_aranges,"",%progbits
 398 0000 1C000000 		.4byte	0x1c
 399 0004 0200     		.2byte	0x2
 400 0006 00000000 		.4byte	.Ldebug_info0
 401 000a 04       		.byte	0x4
 402 000b 00       		.byte	0
 403 000c 0000     		.2byte	0
 404 000e 0000     		.2byte	0
 405 0010 00000000 		.4byte	.LFB35
 406 0014 28000000 		.4byte	.LFE35-.LFB35
 407 0018 00000000 		.4byte	0
 408 001c 00000000 		.4byte	0
 409              		.section	.debug_ranges,"",%progbits
 410              	.Ldebug_ranges0:
 411 0000 00000000 		.4byte	.LFB35
 412 0004 28000000 		.4byte	.LFE35
 413 0008 00000000 		.4byte	0
 414 000c 00000000 		.4byte	0
 415              		.section	.debug_line,"",%progbits
 416              	.Ldebug_line0:
 417 0000 79000000 		.section	.debug_str,"MS",%progbits,1
 417      02005E00 
 417      00000201 
 417      FB0E0D00 
 417      01010101 
 418              	.LASF6:
 419 0000 6C6F6E67 		.ascii	"long long int\000"
 419      206C6F6E 
 419      6720696E 
ARM GAS  C:\Users\wl\AppData\Local\Temp\ccOQcyaW.s 			page 9


 419      7400
 420              	.LASF21:
 421 000e 75696E74 		.ascii	"uint32\000"
 421      333200
 422              	.LASF8:
 423 0015 756E7369 		.ascii	"unsigned int\000"
 423      676E6564 
 423      20696E74 
 423      00
 424              	.LASF19:
 425 0022 6D61696E 		.ascii	"main.c\000"
 425      2E6300
 426              	.LASF22:
 427 0029 6D61696E 		.ascii	"main\000"
 427      00
 428              	.LASF16:
 429 002e 55415254 		.ascii	"UART_UartGetChar\000"
 429      5F556172 
 429      74476574 
 429      43686172 
 429      00
 430              	.LASF5:
 431 003f 6C6F6E67 		.ascii	"long unsigned int\000"
 431      20756E73 
 431      69676E65 
 431      6420696E 
 431      7400
 432              	.LASF7:
 433 0051 6C6F6E67 		.ascii	"long long unsigned int\000"
 433      206C6F6E 
 433      6720756E 
 433      7369676E 
 433      65642069 
 434              	.LASF9:
 435 0068 666C6F61 		.ascii	"float\000"
 435      7400
 436              	.LASF11:
 437 006e 63686172 		.ascii	"char\000"
 437      00
 438              	.LASF14:
 439 0073 55415254 		.ascii	"UART_Start\000"
 439      5F537461 
 439      727400
 440              	.LASF1:
 441 007e 756E7369 		.ascii	"unsigned char\000"
 441      676E6564 
 441      20636861 
 441      7200
 442              	.LASF17:
 443 008c 55415254 		.ascii	"UART_SpiUartWriteTxData\000"
 443      5F537069 
 443      55617274 
 443      57726974 
 443      65547844 
 444              	.LASF4:
 445 00a4 6C6F6E67 		.ascii	"long int\000"
 445      20696E74 
ARM GAS  C:\Users\wl\AppData\Local\Temp\ccOQcyaW.s 			page 10


 445      00
 446              	.LASF10:
 447 00ad 646F7562 		.ascii	"double\000"
 447      6C6500
 448              	.LASF18:
 449 00b4 474E5520 		.ascii	"GNU C11 5.4.1 20160609 (release) [ARM/embedded-5-br"
 449      43313120 
 449      352E342E 
 449      31203230 
 449      31363036 
 450 00e7 616E6368 		.ascii	"anch revision 237715] -mcpu=cortex-m0 -mthumb -g -O"
 450      20726576 
 450      6973696F 
 450      6E203233 
 450      37373135 
 451 011a 67202D66 		.ascii	"g -ffunction-sections -ffat-lto-objects\000"
 451      66756E63 
 451      74696F6E 
 451      2D736563 
 451      74696F6E 
 452              	.LASF3:
 453 0142 73686F72 		.ascii	"short unsigned int\000"
 453      7420756E 
 453      7369676E 
 453      65642069 
 453      6E7400
 454              	.LASF0:
 455 0155 7369676E 		.ascii	"signed char\000"
 455      65642063 
 455      68617200 
 456              	.LASF12:
 457 0161 6C6F6E67 		.ascii	"long double\000"
 457      20646F75 
 457      626C6500 
 458              	.LASF23:
 459 016d 76616C75 		.ascii	"value\000"
 459      6500
 460              	.LASF20:
 461 0173 433A5C55 		.ascii	"C:\\Users\\wl\\Desktop\\cypressResource\\projects\\"
 461      73657273 
 461      5C776C5C 
 461      4465736B 
 461      746F705C 
 462 01a0 576F726B 		.ascii	"Workspace01\\Lesson12-Uart.cydsn\000"
 462      73706163 
 462      6530315C 
 462      4C657373 
 462      6F6E3132 
 463              	.LASF2:
 464 01c0 73686F72 		.ascii	"short int\000"
 464      7420696E 
 464      7400
 465              	.LASF15:
 466 01ca 55415254 		.ascii	"UART_UartPutString\000"
 466      5F556172 
 466      74507574 
 466      53747269 
ARM GAS  C:\Users\wl\AppData\Local\Temp\ccOQcyaW.s 			page 11


 466      6E6700
 467              	.LASF13:
 468 01dd 73697A65 		.ascii	"sizetype\000"
 468      74797065 
 468      00
 469              		.ident	"GCC: (GNU Tools for ARM Embedded Processors) 5.4.1 20160609 (release) [ARM/embedded-5-bran
