Loading plugins phase: Elapsed time ==> 0s.116ms
<CYPRESSTAG name="CyDsfit arguments...">
cydsfit arguments: -.fdsnotice -.fdswarpdepfile=warp_dependencies.txt -.fdselabdepfile=elab_dependencies.txt -.fdsbldfile=generated_files.txt -.fdsreffile=referenced_files.txt -p C:\Users\wl\Desktop\cypressResource\projects\PSoc_BLE_iOS_App\CapsenseLed.cydsn\CapsenseLed.cyprj -d CY8C4248LQI-BL583 -s C:\Users\wl\Desktop\cypressResource\projects\PSoc_BLE_iOS_App\CapsenseLed.cydsn\Generated_Source\PSoC4 -- -yv2 -q10 -ygs -o2 -v3 -.fftcfgtype=LE
</CYPRESSTAG>
<CYPRESSTAG name="Design elaboration results...">
</CYPRESSTAG>
Elaboration phase: Elapsed time ==> 1s.429ms
<CYPRESSTAG name="HDL generation results...">
</CYPRESSTAG>
HDL generation phase: Elapsed time ==> 0s.027ms
<CYPRESSTAG name="Synthesis results...">

     | | | | | | |
   _________________
  -|               |-
  -|               |-
  -|               |-
  -|    CYPRESS    |-
  -|               |-
  -|               |-   Warp Verilog Synthesis Compiler: Version 6.3 IR 41
  -|               |-   Copyright (C) 1991-2001 Cypress Semiconductor
   |_______________|
     | | | | | | |

======================================================================
Compiling:  CapsenseLed.v
Program  :   C:\Program Files (x86)\Cypress\PSoC Creator\4.2\PSoC Creator\warp\bin\warp.exe
Options  :    -yv2 -q10 -ygs -o2 -v3 -.fftcfgtype=LE -ya -.fftprj=C:\Users\wl\Desktop\cypressResource\projects\PSoc_BLE_iOS_App\CapsenseLed.cydsn\CapsenseLed.cyprj -dcpsoc3 CapsenseLed.v -verilog
======================================================================

======================================================================
Compiling:  CapsenseLed.v
Program  :   C:\Program Files (x86)\Cypress\PSoC Creator\4.2\PSoC Creator\warp\bin\warp.exe
Options  :    -yv2 -q10 -ygs -o2 -v3 -.fftcfgtype=LE -ya -.fftprj=C:\Users\wl\Desktop\cypressResource\projects\PSoc_BLE_iOS_App\CapsenseLed.cydsn\CapsenseLed.cyprj -dcpsoc3 CapsenseLed.v -verilog
======================================================================

======================================================================
Compiling:  CapsenseLed.v
Program  :   vlogfe
Options  :    -yv2 -q10 -ygs -o2 -v3 -.fftcfgtype=LE -ya -.fftprj=C:\Users\wl\Desktop\cypressResource\projects\PSoc_BLE_iOS_App\CapsenseLed.cydsn\CapsenseLed.cyprj -dcpsoc3 -verilog CapsenseLed.v
======================================================================

vlogfe V6.3 IR 41:  Verilog parser
Fri Dec 27 11:06:54 2019


======================================================================
Compiling:  CapsenseLed.v
Program  :   vpp
Options  :    -yv2 -q10 CapsenseLed.v
======================================================================

vpp V6.3 IR 41:  Verilog Pre-Processor
Fri Dec 27 11:06:54 2019

Flattening file 'C:\Program Files (x86)\Cypress\PSoC Creator\4.2\PSoC Creator\psoc\content\CyPrimitives\cyprimitives.cylib\or_v1_0\or_v1_0.v'
Flattening file 'C:\Program Files (x86)\Cypress\PSoC Creator\4.2\PSoC Creator\psoc\content\CyPrimitives\cyprimitives.cylib\cy_constant_v1_0\cy_constant_v1_0.v'
Flattening file 'C:\Program Files (x86)\Cypress\PSoC Creator\4.2\PSoC Creator\psoc\content\CyPrimitives\cyprimitives.cylib\OneTerminal\OneTerminal.v'
Flattening file 'C:\Program Files (x86)\Cypress\PSoC Creator\4.2\PSoC Creator\psoc\content\CyPrimitives\cyprimitives.cylib\ZeroTerminal\ZeroTerminal.v'
Flattening file 'C:\Program Files (x86)\Cypress\PSoC Creator\4.2\PSoC Creator\psoc\content\CyComponentLibrary\CyComponentLibrary.cylib\B_PWM_v3_30\B_PWM_v3_30.v'
Flattening file 'C:\Program Files (x86)\Cypress\PSoC Creator\4.2\PSoC Creator\warp\lib\common\cypress.v'
Flattening file 'C:\Program Files (x86)\Cypress\PSoC Creator\4.2\PSoC Creator\warp\lib\common\cy_psoc3_inc.v'
Flattening file 'C:\Program Files (x86)\Cypress\PSoC Creator\4.2\PSoC Creator\psoc\content\CyPrimitives\cyprimitives.cylib\cy_virtualmux_v1_0\cy_virtualmux_v1_0.v'
Flattening file 'C:\Program Files (x86)\Cypress\PSoC Creator\4.2\PSoC Creator\psoc\content\CyPrimitives\cyprimitives.cylib\not_v1_0\not_v1_0.v'

vpp:  No errors.

Library 'work' => directory 'lcpsoc3'
General_symbol_table
General_symbol_table
Linking 'C:\Program Files (x86)\Cypress\PSoC Creator\4.2\PSoC Creator\warp\lib\common\std.vhd'.
Linking 'C:\Program Files (x86)\Cypress\PSoC Creator\4.2\PSoC Creator\warp\lib\common\cypress.vhd'.
Linking 'C:\Program Files (x86)\Cypress\PSoC Creator\4.2\PSoC Creator\warp\lib\common\work\cypress.vif'.
Linking 'C:\Program Files (x86)\Cypress\PSoC Creator\4.2\PSoC Creator\warp\lib\ieee\work\stdlogic.vif'.
Linking 'C:\Program Files (x86)\Cypress\PSoC Creator\4.2\PSoC Creator\warp\lib\common\stdlogic\lpmpkg.vif'.
Linking 'C:\Program Files (x86)\Cypress\PSoC Creator\4.2\PSoC Creator\warp\lib\common\stdlogic\rtlpkg.vif'.
Linking 'C:\Program Files (x86)\Cypress\PSoC Creator\4.2\PSoC Creator\warp\lib\common\stdlogic\mod_cnst.vif'.
Linking 'C:\Program Files (x86)\Cypress\PSoC Creator\4.2\PSoC Creator\warp\lib\common\stdlogic\mod_mthv.vif'.
Linking 'C:\Program Files (x86)\Cypress\PSoC Creator\4.2\PSoC Creator\warp\lib\common\stdlogic\mod_genv.vif'.
Using control file 'CapsenseLed.ctl'.
C:\Program Files (x86)\Cypress\PSoC Creator\4.2\PSoC Creator\psoc\content\CyComponentLibrary\CyComponentLibrary.cylib\B_PWM_v3_30\B_PWM_v3_30.v (line 947, col 46):  Note: Substituting module 'sub_vi_vv' for '-'.
C:\Program Files (x86)\Cypress\PSoC Creator\4.2\PSoC Creator\psoc\content\CyComponentLibrary\CyComponentLibrary.cylib\B_PWM_v3_30\B_PWM_v3_30.v (line 977, col 46):  Note: Substituting module 'add_vi_vv' for '+'.
Linking 'C:\Program Files (x86)\Cypress\PSoC Creator\4.2\PSoC Creator\warp\lib\common\stdlogic\cy_psoc3pkg.vif'.
Linking 'C:\Program Files (x86)\Cypress\PSoC Creator\4.2\PSoC Creator\warp\lib\common\stdlogic\cy_psoc3.vif'.

vlogfe:  No errors.


======================================================================
Compiling:  CapsenseLed.v
Program  :   tovif
Options  :    -yv2 -q10 -ygs -o2 -v3 -.fftcfgtype=LE -ya -.fftprj=C:\Users\wl\Desktop\cypressResource\projects\PSoc_BLE_iOS_App\CapsenseLed.cydsn\CapsenseLed.cyprj -dcpsoc3 -verilog CapsenseLed.v
======================================================================

tovif V6.3 IR 41:  High-level synthesis
Fri Dec 27 11:06:54 2019

Linking 'C:\Program Files (x86)\Cypress\PSoC Creator\4.2\PSoC Creator\warp\lib\common\std.vhd'.
Linking 'C:\Program Files (x86)\Cypress\PSoC Creator\4.2\PSoC Creator\warp\lib\common\cypress.vhd'.
Linking 'C:\Program Files (x86)\Cypress\PSoC Creator\4.2\PSoC Creator\warp\lib\common\work\cypress.vif'.
Linking 'C:\Program Files (x86)\Cypress\PSoC Creator\4.2\PSoC Creator\warp\lib\ieee\work\stdlogic.vif'.
Linking 'C:\Program Files (x86)\Cypress\PSoC Creator\4.2\PSoC Creator\warp\lib\common\stdlogic\lpmpkg.vif'.
Linking 'C:\Program Files (x86)\Cypress\PSoC Creator\4.2\PSoC Creator\warp\lib\common\stdlogic\rtlpkg.vif'.
Linking 'C:\Program Files (x86)\Cypress\PSoC Creator\4.2\PSoC Creator\warp\lib\common\stdlogic\mod_cnst.vif'.
Linking 'C:\Program Files (x86)\Cypress\PSoC Creator\4.2\PSoC Creator\warp\lib\common\stdlogic\mod_mthv.vif'.
Linking 'C:\Program Files (x86)\Cypress\PSoC Creator\4.2\PSoC Creator\warp\lib\common\stdlogic\mod_genv.vif'.
Linking 'C:\Users\wl\Desktop\cypressResource\projects\PSoc_BLE_iOS_App\CapsenseLed.cydsn\codegentemp\CapsenseLed.ctl'.
Linking 'C:\Program Files (x86)\Cypress\PSoC Creator\4.2\PSoC Creator\psoc\content\CyPrimitives\cyprimitives.cylib\or_v1_0\or_v1_0.v'.
Linking 'C:\Users\wl\Desktop\cypressResource\projects\PSoc_BLE_iOS_App\CapsenseLed.cydsn\codegentemp\CapsenseLed.v'.
Linking 'C:\Program Files (x86)\Cypress\PSoC Creator\4.2\PSoC Creator\psoc\content\CyPrimitives\cyprimitives.cylib\cy_constant_v1_0\cy_constant_v1_0.v'.
Linking 'C:\Program Files (x86)\Cypress\PSoC Creator\4.2\PSoC Creator\psoc\content\CyPrimitives\cyprimitives.cylib\OneTerminal\OneTerminal.v'.
Linking 'C:\Program Files (x86)\Cypress\PSoC Creator\4.2\PSoC Creator\psoc\content\CyPrimitives\cyprimitives.cylib\ZeroTerminal\ZeroTerminal.v'.
Linking 'C:\Program Files (x86)\Cypress\PSoC Creator\4.2\PSoC Creator\psoc\content\CyComponentLibrary\CyComponentLibrary.cylib\B_PWM_v3_30\B_PWM_v3_30.v'.
Linking 'C:\Program Files (x86)\Cypress\PSoC Creator\4.2\PSoC Creator\warp\lib\common\cypress.v'.
Linking 'C:\Program Files (x86)\Cypress\PSoC Creator\4.2\PSoC Creator\warp\lib\common\cy_psoc3_inc.v'.
Linking 'C:\Program Files (x86)\Cypress\PSoC Creator\4.2\PSoC Creator\psoc\content\CyPrimitives\cyprimitives.cylib\cy_virtualmux_v1_0\cy_virtualmux_v1_0.v'.
Linking 'C:\Program Files (x86)\Cypress\PSoC Creator\4.2\PSoC Creator\psoc\content\CyPrimitives\cyprimitives.cylib\not_v1_0\not_v1_0.v'.
Linking 'C:\Program Files (x86)\Cypress\PSoC Creator\4.2\PSoC Creator\warp\lib\common\stdlogic\cy_psoc3pkg.vif'.
Linking 'C:\Program Files (x86)\Cypress\PSoC Creator\4.2\PSoC Creator\warp\lib\common\stdlogic\cy_psoc3.vif'.
Linking 'C:\Program Files (x86)\Cypress\PSoC Creator\4.2\PSoC Creator\warp\lib\lcpsoc3\stdlogic\mod_cnst.vif'.

tovif:  No errors.


======================================================================
Compiling:  CapsenseLed.v
Program  :   topld
Options  :    -yv2 -q10 -ygs -o2 -v3 -.fftcfgtype=LE -ya -.fftprj=C:\Users\wl\Desktop\cypressResource\projects\PSoc_BLE_iOS_App\CapsenseLed.cydsn\CapsenseLed.cyprj -dcpsoc3 -verilog CapsenseLed.v
======================================================================

topld V6.3 IR 41:  Synthesis and optimization
Fri Dec 27 11:06:54 2019

Linking 'C:\Program Files (x86)\Cypress\PSoC Creator\4.2\PSoC Creator\warp\lib\common\std.vhd'.
Linking 'C:\Program Files (x86)\Cypress\PSoC Creator\4.2\PSoC Creator\warp\lib\common\cypress.vhd'.
Linking 'C:\Program Files (x86)\Cypress\PSoC Creator\4.2\PSoC Creator\warp\lib\common\work\cypress.vif'.
Linking 'C:\Program Files (x86)\Cypress\PSoC Creator\4.2\PSoC Creator\warp\lib\ieee\work\stdlogic.vif'.
Linking 'C:\Program Files (x86)\Cypress\PSoC Creator\4.2\PSoC Creator\warp\lib\common\stdlogic\lpmpkg.vif'.
Linking 'C:\Program Files (x86)\Cypress\PSoC Creator\4.2\PSoC Creator\warp\lib\common\stdlogic\rtlpkg.vif'.
Linking 'C:\Program Files (x86)\Cypress\PSoC Creator\4.2\PSoC Creator\warp\lib\common\stdlogic\mod_cnst.vif'.
Linking 'C:\Program Files (x86)\Cypress\PSoC Creator\4.2\PSoC Creator\warp\lib\common\stdlogic\mod_mthv.vif'.
Linking 'C:\Program Files (x86)\Cypress\PSoC Creator\4.2\PSoC Creator\warp\lib\common\stdlogic\mod_genv.vif'.
Linking 'C:\Users\wl\Desktop\cypressResource\projects\PSoc_BLE_iOS_App\CapsenseLed.cydsn\codegentemp\CapsenseLed.ctl'.
Linking 'C:\Program Files (x86)\Cypress\PSoC Creator\4.2\PSoC Creator\psoc\content\CyPrimitives\cyprimitives.cylib\or_v1_0\or_v1_0.v'.
Linking 'C:\Users\wl\Desktop\cypressResource\projects\PSoc_BLE_iOS_App\CapsenseLed.cydsn\codegentemp\CapsenseLed.v'.
Linking 'C:\Program Files (x86)\Cypress\PSoC Creator\4.2\PSoC Creator\psoc\content\CyPrimitives\cyprimitives.cylib\cy_constant_v1_0\cy_constant_v1_0.v'.
Linking 'C:\Program Files (x86)\Cypress\PSoC Creator\4.2\PSoC Creator\psoc\content\CyPrimitives\cyprimitives.cylib\OneTerminal\OneTerminal.v'.
Linking 'C:\Program Files (x86)\Cypress\PSoC Creator\4.2\PSoC Creator\psoc\content\CyPrimitives\cyprimitives.cylib\ZeroTerminal\ZeroTerminal.v'.
Linking 'C:\Program Files (x86)\Cypress\PSoC Creator\4.2\PSoC Creator\psoc\content\CyComponentLibrary\CyComponentLibrary.cylib\B_PWM_v3_30\B_PWM_v3_30.v'.
Linking 'C:\Program Files (x86)\Cypress\PSoC Creator\4.2\PSoC Creator\warp\lib\common\cypress.v'.
Linking 'C:\Program Files (x86)\Cypress\PSoC Creator\4.2\PSoC Creator\warp\lib\common\cy_psoc3_inc.v'.
Linking 'C:\Program Files (x86)\Cypress\PSoC Creator\4.2\PSoC Creator\psoc\content\CyPrimitives\cyprimitives.cylib\cy_virtualmux_v1_0\cy_virtualmux_v1_0.v'.
Linking 'C:\Program Files (x86)\Cypress\PSoC Creator\4.2\PSoC Creator\psoc\content\CyPrimitives\cyprimitives.cylib\not_v1_0\not_v1_0.v'.
Linking 'C:\Program Files (x86)\Cypress\PSoC Creator\4.2\PSoC Creator\warp\lib\common\stdlogic\cy_psoc3pkg.vif'.
Linking 'C:\Program Files (x86)\Cypress\PSoC Creator\4.2\PSoC Creator\warp\lib\common\stdlogic\cy_psoc3.vif'.
Linking 'C:\Program Files (x86)\Cypress\PSoC Creator\4.2\PSoC Creator\warp\lib\lcpsoc3\stdlogic\mod_cnst.vif'.
Linking 'C:\Program Files (x86)\Cypress\PSoC Creator\4.2\PSoC Creator\warp\lib\lcpsoc3\stdlogic\cpsoc3.vif'.

----------------------------------------------------------
Detecting unused logic.
----------------------------------------------------------
    User names
	Net_1
	\BLE:Net_55\
	\CapSense:Net_545\
	\CapSense:Net_544\
	\PWM:PWMUDB:km_run\
	\PWM:PWMUDB:ctrl_cmpmode2_2\
	\PWM:PWMUDB:ctrl_cmpmode2_1\
	\PWM:PWMUDB:ctrl_cmpmode2_0\
	\PWM:PWMUDB:ctrl_cmpmode1_2\
	\PWM:PWMUDB:ctrl_cmpmode1_1\
	\PWM:PWMUDB:ctrl_cmpmode1_0\
	\PWM:PWMUDB:capt_rising\
	\PWM:PWMUDB:capt_falling\
	\PWM:PWMUDB:trig_rise\
	\PWM:PWMUDB:trig_fall\
	\PWM:PWMUDB:sc_kill\
	\PWM:PWMUDB:min_kill\
	\PWM:PWMUDB:db_tc\
	\PWM:PWMUDB:dith_sel\
	\PWM:PWMUDB:compare2\
	Net_106
	Net_80
	Net_107
	\PWM:PWMUDB:MODULE_1:b_31\
	\PWM:PWMUDB:MODULE_1:b_30\
	\PWM:PWMUDB:MODULE_1:b_29\
	\PWM:PWMUDB:MODULE_1:b_28\
	\PWM:PWMUDB:MODULE_1:b_27\
	\PWM:PWMUDB:MODULE_1:b_26\
	\PWM:PWMUDB:MODULE_1:b_25\
	\PWM:PWMUDB:MODULE_1:b_24\
	\PWM:PWMUDB:MODULE_1:b_23\
	\PWM:PWMUDB:MODULE_1:b_22\
	\PWM:PWMUDB:MODULE_1:b_21\
	\PWM:PWMUDB:MODULE_1:b_20\
	\PWM:PWMUDB:MODULE_1:b_19\
	\PWM:PWMUDB:MODULE_1:b_18\
	\PWM:PWMUDB:MODULE_1:b_17\
	\PWM:PWMUDB:MODULE_1:b_16\
	\PWM:PWMUDB:MODULE_1:b_15\
	\PWM:PWMUDB:MODULE_1:b_14\
	\PWM:PWMUDB:MODULE_1:b_13\
	\PWM:PWMUDB:MODULE_1:b_12\
	\PWM:PWMUDB:MODULE_1:b_11\
	\PWM:PWMUDB:MODULE_1:b_10\
	\PWM:PWMUDB:MODULE_1:b_9\
	\PWM:PWMUDB:MODULE_1:b_8\
	\PWM:PWMUDB:MODULE_1:b_7\
	\PWM:PWMUDB:MODULE_1:b_6\
	\PWM:PWMUDB:MODULE_1:b_5\
	\PWM:PWMUDB:MODULE_1:b_4\
	\PWM:PWMUDB:MODULE_1:b_3\
	\PWM:PWMUDB:MODULE_1:b_2\
	\PWM:PWMUDB:MODULE_1:b_1\
	\PWM:PWMUDB:MODULE_1:b_0\
	\PWM:PWMUDB:MODULE_1:g2:a0:a_31\
	\PWM:PWMUDB:MODULE_1:g2:a0:a_30\
	\PWM:PWMUDB:MODULE_1:g2:a0:a_29\
	\PWM:PWMUDB:MODULE_1:g2:a0:a_28\
	\PWM:PWMUDB:MODULE_1:g2:a0:a_27\
	\PWM:PWMUDB:MODULE_1:g2:a0:a_26\
	\PWM:PWMUDB:MODULE_1:g2:a0:a_25\
	\PWM:PWMUDB:MODULE_1:g2:a0:a_24\
	\PWM:PWMUDB:MODULE_1:g2:a0:b_31\
	\PWM:PWMUDB:MODULE_1:g2:a0:b_30\
	\PWM:PWMUDB:MODULE_1:g2:a0:b_29\
	\PWM:PWMUDB:MODULE_1:g2:a0:b_28\
	\PWM:PWMUDB:MODULE_1:g2:a0:b_27\
	\PWM:PWMUDB:MODULE_1:g2:a0:b_26\
	\PWM:PWMUDB:MODULE_1:g2:a0:b_25\
	\PWM:PWMUDB:MODULE_1:g2:a0:b_24\
	\PWM:PWMUDB:MODULE_1:g2:a0:b_23\
	\PWM:PWMUDB:MODULE_1:g2:a0:b_22\
	\PWM:PWMUDB:MODULE_1:g2:a0:b_21\
	\PWM:PWMUDB:MODULE_1:g2:a0:b_20\
	\PWM:PWMUDB:MODULE_1:g2:a0:b_19\
	\PWM:PWMUDB:MODULE_1:g2:a0:b_18\
	\PWM:PWMUDB:MODULE_1:g2:a0:b_17\
	\PWM:PWMUDB:MODULE_1:g2:a0:b_16\
	\PWM:PWMUDB:MODULE_1:g2:a0:b_15\
	\PWM:PWMUDB:MODULE_1:g2:a0:b_14\
	\PWM:PWMUDB:MODULE_1:g2:a0:b_13\
	\PWM:PWMUDB:MODULE_1:g2:a0:b_12\
	\PWM:PWMUDB:MODULE_1:g2:a0:b_11\
	\PWM:PWMUDB:MODULE_1:g2:a0:b_10\
	\PWM:PWMUDB:MODULE_1:g2:a0:b_9\
	\PWM:PWMUDB:MODULE_1:g2:a0:b_8\
	\PWM:PWMUDB:MODULE_1:g2:a0:b_7\
	\PWM:PWMUDB:MODULE_1:g2:a0:b_6\
	\PWM:PWMUDB:MODULE_1:g2:a0:b_5\
	\PWM:PWMUDB:MODULE_1:g2:a0:b_4\
	\PWM:PWMUDB:MODULE_1:g2:a0:b_3\
	\PWM:PWMUDB:MODULE_1:g2:a0:b_2\
	\PWM:PWMUDB:MODULE_1:g2:a0:b_1\
	\PWM:PWMUDB:MODULE_1:g2:a0:b_0\
	\PWM:PWMUDB:MODULE_1:g2:a0:s_31\
	\PWM:PWMUDB:MODULE_1:g2:a0:s_30\
	\PWM:PWMUDB:MODULE_1:g2:a0:s_29\
	\PWM:PWMUDB:MODULE_1:g2:a0:s_28\
	\PWM:PWMUDB:MODULE_1:g2:a0:s_27\
	\PWM:PWMUDB:MODULE_1:g2:a0:s_26\
	\PWM:PWMUDB:MODULE_1:g2:a0:s_25\
	\PWM:PWMUDB:MODULE_1:g2:a0:s_24\
	\PWM:PWMUDB:MODULE_1:g2:a0:s_23\
	\PWM:PWMUDB:MODULE_1:g2:a0:s_22\
	\PWM:PWMUDB:MODULE_1:g2:a0:s_21\
	\PWM:PWMUDB:MODULE_1:g2:a0:s_20\
	\PWM:PWMUDB:MODULE_1:g2:a0:s_19\
	\PWM:PWMUDB:MODULE_1:g2:a0:s_18\
	\PWM:PWMUDB:MODULE_1:g2:a0:s_17\
	\PWM:PWMUDB:MODULE_1:g2:a0:s_16\
	\PWM:PWMUDB:MODULE_1:g2:a0:s_15\
	\PWM:PWMUDB:MODULE_1:g2:a0:s_14\
	\PWM:PWMUDB:MODULE_1:g2:a0:s_13\
	\PWM:PWMUDB:MODULE_1:g2:a0:s_12\
	\PWM:PWMUDB:MODULE_1:g2:a0:s_11\
	\PWM:PWMUDB:MODULE_1:g2:a0:s_10\
	\PWM:PWMUDB:MODULE_1:g2:a0:s_9\
	\PWM:PWMUDB:MODULE_1:g2:a0:s_8\
	\PWM:PWMUDB:MODULE_1:g2:a0:s_7\
	\PWM:PWMUDB:MODULE_1:g2:a0:s_6\
	\PWM:PWMUDB:MODULE_1:g2:a0:s_5\
	\PWM:PWMUDB:MODULE_1:g2:a0:s_4\
	\PWM:PWMUDB:MODULE_1:g2:a0:s_3\
	\PWM:PWMUDB:MODULE_1:g2:a0:s_2\
	\PWM:PWMUDB:MODULE_1:g2:a0:g1:z1:s0:g1:u0:c_31\
	\PWM:PWMUDB:MODULE_1:g2:a0:g1:z1:s0:g1:u0:c_30\
	\PWM:PWMUDB:MODULE_1:g2:a0:g1:z1:s0:g1:u0:c_29\
	\PWM:PWMUDB:MODULE_1:g2:a0:g1:z1:s0:g1:u0:c_28\
	\PWM:PWMUDB:MODULE_1:g2:a0:g1:z1:s0:g1:u0:c_27\
	\PWM:PWMUDB:MODULE_1:g2:a0:g1:z1:s0:g1:u0:c_26\
	\PWM:PWMUDB:MODULE_1:g2:a0:g1:z1:s0:g1:u0:c_25\
	\PWM:Net_139\
	\PWM:Net_138\
	\PWM:Net_183\
	\PWM:Net_181\

    Synthesized names
	\PWM:PWMUDB:add_vi_vv_MODGEN_1_31\
	\PWM:PWMUDB:add_vi_vv_MODGEN_1_30\
	\PWM:PWMUDB:add_vi_vv_MODGEN_1_29\
	\PWM:PWMUDB:add_vi_vv_MODGEN_1_28\
	\PWM:PWMUDB:add_vi_vv_MODGEN_1_27\
	\PWM:PWMUDB:add_vi_vv_MODGEN_1_26\
	\PWM:PWMUDB:add_vi_vv_MODGEN_1_25\
	\PWM:PWMUDB:add_vi_vv_MODGEN_1_24\
	\PWM:PWMUDB:add_vi_vv_MODGEN_1_23\
	\PWM:PWMUDB:add_vi_vv_MODGEN_1_22\
	\PWM:PWMUDB:add_vi_vv_MODGEN_1_21\
	\PWM:PWMUDB:add_vi_vv_MODGEN_1_20\
	\PWM:PWMUDB:add_vi_vv_MODGEN_1_19\
	\PWM:PWMUDB:add_vi_vv_MODGEN_1_18\
	\PWM:PWMUDB:add_vi_vv_MODGEN_1_17\
	\PWM:PWMUDB:add_vi_vv_MODGEN_1_16\
	\PWM:PWMUDB:add_vi_vv_MODGEN_1_15\
	\PWM:PWMUDB:add_vi_vv_MODGEN_1_14\
	\PWM:PWMUDB:add_vi_vv_MODGEN_1_13\
	\PWM:PWMUDB:add_vi_vv_MODGEN_1_12\
	\PWM:PWMUDB:add_vi_vv_MODGEN_1_11\
	\PWM:PWMUDB:add_vi_vv_MODGEN_1_10\
	\PWM:PWMUDB:add_vi_vv_MODGEN_1_9\
	\PWM:PWMUDB:add_vi_vv_MODGEN_1_8\
	\PWM:PWMUDB:add_vi_vv_MODGEN_1_7\
	\PWM:PWMUDB:add_vi_vv_MODGEN_1_6\
	\PWM:PWMUDB:add_vi_vv_MODGEN_1_5\
	\PWM:PWMUDB:add_vi_vv_MODGEN_1_4\
	\PWM:PWMUDB:add_vi_vv_MODGEN_1_3\
	\PWM:PWMUDB:add_vi_vv_MODGEN_1_2\

Deleted 136 User equations/components.
Deleted 30 Synthesized equations/components.

------------------------------------------------------
Alias Detection
------------------------------------------------------
Aliasing \CapSense:Net_312\ to \CapSense:Net_104\
Aliasing zero to \CapSense:Net_104\
Aliasing one to \CapSense:tmpOE__Cmod_net_0\
Aliasing \CapSense:IDAC2:Net_3\ to \CapSense:tmpOE__Cmod_net_0\
Aliasing \CapSense:tmpOE__Sns_net_4\ to \CapSense:tmpOE__Cmod_net_0\
Aliasing \CapSense:tmpOE__Sns_net_3\ to \CapSense:tmpOE__Cmod_net_0\
Aliasing \CapSense:tmpOE__Sns_net_2\ to \CapSense:tmpOE__Cmod_net_0\
Aliasing \CapSense:tmpOE__Sns_net_1\ to \CapSense:tmpOE__Cmod_net_0\
Aliasing \CapSense:tmpOE__Sns_net_0\ to \CapSense:tmpOE__Cmod_net_0\
Aliasing \CapSense:IDAC1:Net_3\ to \CapSense:tmpOE__Cmod_net_0\
Aliasing tmpOE__red_net_0 to \CapSense:tmpOE__Cmod_net_0\
Aliasing tmpOE__blue_net_0 to \CapSense:tmpOE__Cmod_net_0\
Aliasing \PWM:Net_180\ to \CapSense:Net_104\
Aliasing \PWM:PWMUDB:hwCapture\ to \CapSense:Net_104\
Aliasing \PWM:Net_178\ to \CapSense:Net_104\
Aliasing \PWM:PWMUDB:trig_out\ to \CapSense:tmpOE__Cmod_net_0\
Aliasing \PWM:PWMUDB:runmode_enable\\S\ to \CapSense:Net_104\
Aliasing \PWM:Net_179\ to \CapSense:tmpOE__Cmod_net_0\
Aliasing \PWM:PWMUDB:ltch_kill_reg\\R\ to \PWM:PWMUDB:runmode_enable\\R\
Aliasing \PWM:PWMUDB:ltch_kill_reg\\S\ to \CapSense:Net_104\
Aliasing \PWM:PWMUDB:km_tc\ to \CapSense:Net_104\
Aliasing \PWM:PWMUDB:min_kill_reg\\R\ to \PWM:PWMUDB:runmode_enable\\R\
Aliasing \PWM:PWMUDB:min_kill_reg\\S\ to \CapSense:Net_104\
Aliasing \PWM:PWMUDB:final_kill\ to \CapSense:tmpOE__Cmod_net_0\
Aliasing \PWM:PWMUDB:dith_count_1\\R\ to \PWM:PWMUDB:runmode_enable\\R\
Aliasing \PWM:PWMUDB:dith_count_1\\S\ to \CapSense:Net_104\
Aliasing \PWM:PWMUDB:dith_count_0\\R\ to \PWM:PWMUDB:runmode_enable\\R\
Aliasing \PWM:PWMUDB:dith_count_0\\S\ to \CapSense:Net_104\
Aliasing \PWM:PWMUDB:status_6\ to \CapSense:Net_104\
Aliasing \PWM:PWMUDB:status_4\ to \CapSense:Net_104\
Aliasing \PWM:PWMUDB:cmp2\ to \CapSense:Net_104\
Aliasing \PWM:PWMUDB:cmp1_status_reg\\R\ to \PWM:PWMUDB:runmode_enable\\R\
Aliasing \PWM:PWMUDB:cmp1_status_reg\\S\ to \CapSense:Net_104\
Aliasing \PWM:PWMUDB:cmp2_status_reg\\R\ to \PWM:PWMUDB:runmode_enable\\R\
Aliasing \PWM:PWMUDB:cmp2_status_reg\\S\ to \CapSense:Net_104\
Aliasing \PWM:PWMUDB:final_kill_reg\\R\ to \PWM:PWMUDB:runmode_enable\\R\
Aliasing \PWM:PWMUDB:final_kill_reg\\S\ to \CapSense:Net_104\
Aliasing \PWM:PWMUDB:cs_addr_0\ to \PWM:PWMUDB:runmode_enable\\R\
Aliasing \PWM:PWMUDB:pwm1_i\ to \CapSense:Net_104\
Aliasing \PWM:PWMUDB:pwm2_i\ to \CapSense:Net_104\
Aliasing \PWM:PWMUDB:MODULE_1:g2:a0:a_23\ to \CapSense:Net_104\
Aliasing \PWM:PWMUDB:MODULE_1:g2:a0:a_22\ to \CapSense:Net_104\
Aliasing \PWM:PWMUDB:MODULE_1:g2:a0:a_21\ to \CapSense:Net_104\
Aliasing \PWM:PWMUDB:MODULE_1:g2:a0:a_20\ to \CapSense:Net_104\
Aliasing \PWM:PWMUDB:MODULE_1:g2:a0:a_19\ to \CapSense:Net_104\
Aliasing \PWM:PWMUDB:MODULE_1:g2:a0:a_18\ to \CapSense:Net_104\
Aliasing \PWM:PWMUDB:MODULE_1:g2:a0:a_17\ to \CapSense:Net_104\
Aliasing \PWM:PWMUDB:MODULE_1:g2:a0:a_16\ to \CapSense:Net_104\
Aliasing \PWM:PWMUDB:MODULE_1:g2:a0:a_15\ to \CapSense:Net_104\
Aliasing \PWM:PWMUDB:MODULE_1:g2:a0:a_14\ to \CapSense:Net_104\
Aliasing \PWM:PWMUDB:MODULE_1:g2:a0:a_13\ to \CapSense:Net_104\
Aliasing \PWM:PWMUDB:MODULE_1:g2:a0:a_12\ to \CapSense:Net_104\
Aliasing \PWM:PWMUDB:MODULE_1:g2:a0:a_11\ to \CapSense:Net_104\
Aliasing \PWM:PWMUDB:MODULE_1:g2:a0:a_10\ to \CapSense:Net_104\
Aliasing \PWM:PWMUDB:MODULE_1:g2:a0:a_9\ to \CapSense:Net_104\
Aliasing \PWM:PWMUDB:MODULE_1:g2:a0:a_8\ to \CapSense:Net_104\
Aliasing \PWM:PWMUDB:MODULE_1:g2:a0:a_7\ to \CapSense:Net_104\
Aliasing \PWM:PWMUDB:MODULE_1:g2:a0:a_6\ to \CapSense:Net_104\
Aliasing \PWM:PWMUDB:MODULE_1:g2:a0:a_5\ to \CapSense:Net_104\
Aliasing \PWM:PWMUDB:MODULE_1:g2:a0:a_4\ to \CapSense:Net_104\
Aliasing \PWM:PWMUDB:MODULE_1:g2:a0:a_3\ to \CapSense:Net_104\
Aliasing \PWM:PWMUDB:MODULE_1:g2:a0:a_2\ to \CapSense:Net_104\
Aliasing \PWM:PWMUDB:MODULE_1:g2:a0:g1:z1:s0:g1:u0:b_0\ to \CapSense:tmpOE__Cmod_net_0\
Aliasing Net_104 to \CapSense:Net_104\
Aliasing \PWM:PWMUDB:prevCompare1\\D\ to \PWM:PWMUDB:pwm_temp\
Aliasing \PWM:PWMUDB:tc_i_reg\\D\ to \PWM:PWMUDB:status_2\
Removing Lhs of wire \CapSense:Net_312\[24] = \CapSense:Net_104\[20]
Removing Rhs of wire zero[28] = \CapSense:Net_104\[20]
Removing Rhs of wire one[32] = \CapSense:tmpOE__Cmod_net_0\[27]
Removing Lhs of wire \CapSense:IDAC2:Net_3\[36] = one[32]
Removing Lhs of wire \CapSense:tmpOE__Sns_net_4\[38] = one[32]
Removing Lhs of wire \CapSense:tmpOE__Sns_net_3\[39] = one[32]
Removing Lhs of wire \CapSense:tmpOE__Sns_net_2\[40] = one[32]
Removing Lhs of wire \CapSense:tmpOE__Sns_net_1\[41] = one[32]
Removing Lhs of wire \CapSense:tmpOE__Sns_net_0\[42] = one[32]
Removing Lhs of wire \CapSense:IDAC1:Net_3\[56] = one[32]
Removing Lhs of wire tmpOE__red_net_0[61] = one[32]
Removing Lhs of wire tmpOE__blue_net_0[67] = one[32]
Removing Lhs of wire \PWM:Net_68\[76] = Net_105[404]
Removing Lhs of wire \PWM:PWMUDB:ctrl_enable\[87] = \PWM:PWMUDB:control_7\[79]
Removing Lhs of wire \PWM:Net_180\[95] = zero[28]
Removing Lhs of wire \PWM:PWMUDB:hwCapture\[98] = zero[28]
Removing Lhs of wire \PWM:PWMUDB:hwEnable\[99] = \PWM:PWMUDB:control_7\[79]
Removing Lhs of wire \PWM:Net_178\[101] = zero[28]
Removing Lhs of wire \PWM:PWMUDB:trig_out\[104] = one[32]
Removing Lhs of wire \PWM:PWMUDB:runmode_enable\\R\[106] = \PWM:Net_186\[107]
Removing Lhs of wire \PWM:Net_186\[107] = zero[28]
Removing Lhs of wire \PWM:PWMUDB:runmode_enable\\S\[108] = zero[28]
Removing Lhs of wire \PWM:PWMUDB:final_enable\[109] = \PWM:PWMUDB:runmode_enable\[105]
Removing Lhs of wire \PWM:Net_179\[112] = one[32]
Removing Lhs of wire \PWM:PWMUDB:ltch_kill_reg\\R\[114] = zero[28]
Removing Lhs of wire \PWM:PWMUDB:ltch_kill_reg\\S\[115] = zero[28]
Removing Lhs of wire \PWM:PWMUDB:km_tc\[116] = zero[28]
Removing Lhs of wire \PWM:PWMUDB:min_kill_reg\\R\[117] = zero[28]
Removing Lhs of wire \PWM:PWMUDB:min_kill_reg\\S\[118] = zero[28]
Removing Lhs of wire \PWM:PWMUDB:final_kill\[121] = one[32]
Removing Lhs of wire \PWM:PWMUDB:add_vi_vv_MODGEN_1_1\[124] = \PWM:PWMUDB:MODULE_1:g2:a0:s_1\[363]
Removing Lhs of wire \PWM:PWMUDB:add_vi_vv_MODGEN_1_0\[126] = \PWM:PWMUDB:MODULE_1:g2:a0:s_0\[364]
Removing Lhs of wire \PWM:PWMUDB:dith_count_1\\R\[127] = zero[28]
Removing Lhs of wire \PWM:PWMUDB:dith_count_1\\S\[128] = zero[28]
Removing Lhs of wire \PWM:PWMUDB:dith_count_0\\R\[129] = zero[28]
Removing Lhs of wire \PWM:PWMUDB:dith_count_0\\S\[130] = zero[28]
Removing Lhs of wire \PWM:PWMUDB:status_6\[133] = zero[28]
Removing Rhs of wire \PWM:PWMUDB:status_5\[134] = \PWM:PWMUDB:final_kill_reg\[148]
Removing Lhs of wire \PWM:PWMUDB:status_4\[135] = zero[28]
Removing Rhs of wire \PWM:PWMUDB:status_3\[136] = \PWM:PWMUDB:fifo_full\[155]
Removing Rhs of wire \PWM:PWMUDB:status_1\[138] = \PWM:PWMUDB:cmp2_status_reg\[147]
Removing Rhs of wire \PWM:PWMUDB:status_0\[139] = \PWM:PWMUDB:cmp1_status_reg\[146]
Removing Lhs of wire \PWM:PWMUDB:cmp2_status\[144] = zero[28]
Removing Lhs of wire \PWM:PWMUDB:cmp2\[145] = zero[28]
Removing Lhs of wire \PWM:PWMUDB:cmp1_status_reg\\R\[149] = zero[28]
Removing Lhs of wire \PWM:PWMUDB:cmp1_status_reg\\S\[150] = zero[28]
Removing Lhs of wire \PWM:PWMUDB:cmp2_status_reg\\R\[151] = zero[28]
Removing Lhs of wire \PWM:PWMUDB:cmp2_status_reg\\S\[152] = zero[28]
Removing Lhs of wire \PWM:PWMUDB:final_kill_reg\\R\[153] = zero[28]
Removing Lhs of wire \PWM:PWMUDB:final_kill_reg\\S\[154] = zero[28]
Removing Lhs of wire \PWM:PWMUDB:cs_addr_2\[156] = \PWM:PWMUDB:tc_i\[111]
Removing Lhs of wire \PWM:PWMUDB:cs_addr_1\[157] = \PWM:PWMUDB:runmode_enable\[105]
Removing Lhs of wire \PWM:PWMUDB:cs_addr_0\[158] = zero[28]
Removing Lhs of wire \PWM:PWMUDB:compare1\[191] = \PWM:PWMUDB:cmp1_less\[162]
Removing Lhs of wire \PWM:PWMUDB:pwm1_i\[196] = zero[28]
Removing Lhs of wire \PWM:PWMUDB:pwm2_i\[198] = zero[28]
Removing Rhs of wire Net_114[201] = \PWM:PWMUDB:pwm_i_reg\[193]
Removing Lhs of wire \PWM:PWMUDB:pwm_temp\[204] = \PWM:PWMUDB:cmp1\[142]
Removing Lhs of wire \PWM:PWMUDB:MODULE_1:g2:a0:a_23\[245] = zero[28]
Removing Lhs of wire \PWM:PWMUDB:MODULE_1:g2:a0:a_22\[246] = zero[28]
Removing Lhs of wire \PWM:PWMUDB:MODULE_1:g2:a0:a_21\[247] = zero[28]
Removing Lhs of wire \PWM:PWMUDB:MODULE_1:g2:a0:a_20\[248] = zero[28]
Removing Lhs of wire \PWM:PWMUDB:MODULE_1:g2:a0:a_19\[249] = zero[28]
Removing Lhs of wire \PWM:PWMUDB:MODULE_1:g2:a0:a_18\[250] = zero[28]
Removing Lhs of wire \PWM:PWMUDB:MODULE_1:g2:a0:a_17\[251] = zero[28]
Removing Lhs of wire \PWM:PWMUDB:MODULE_1:g2:a0:a_16\[252] = zero[28]
Removing Lhs of wire \PWM:PWMUDB:MODULE_1:g2:a0:a_15\[253] = zero[28]
Removing Lhs of wire \PWM:PWMUDB:MODULE_1:g2:a0:a_14\[254] = zero[28]
Removing Lhs of wire \PWM:PWMUDB:MODULE_1:g2:a0:a_13\[255] = zero[28]
Removing Lhs of wire \PWM:PWMUDB:MODULE_1:g2:a0:a_12\[256] = zero[28]
Removing Lhs of wire \PWM:PWMUDB:MODULE_1:g2:a0:a_11\[257] = zero[28]
Removing Lhs of wire \PWM:PWMUDB:MODULE_1:g2:a0:a_10\[258] = zero[28]
Removing Lhs of wire \PWM:PWMUDB:MODULE_1:g2:a0:a_9\[259] = zero[28]
Removing Lhs of wire \PWM:PWMUDB:MODULE_1:g2:a0:a_8\[260] = zero[28]
Removing Lhs of wire \PWM:PWMUDB:MODULE_1:g2:a0:a_7\[261] = zero[28]
Removing Lhs of wire \PWM:PWMUDB:MODULE_1:g2:a0:a_6\[262] = zero[28]
Removing Lhs of wire \PWM:PWMUDB:MODULE_1:g2:a0:a_5\[263] = zero[28]
Removing Lhs of wire \PWM:PWMUDB:MODULE_1:g2:a0:a_4\[264] = zero[28]
Removing Lhs of wire \PWM:PWMUDB:MODULE_1:g2:a0:a_3\[265] = zero[28]
Removing Lhs of wire \PWM:PWMUDB:MODULE_1:g2:a0:a_2\[266] = zero[28]
Removing Lhs of wire \PWM:PWMUDB:MODULE_1:g2:a0:a_1\[267] = \PWM:PWMUDB:MODIN1_1\[268]
Removing Lhs of wire \PWM:PWMUDB:MODIN1_1\[268] = \PWM:PWMUDB:dith_count_1\[123]
Removing Lhs of wire \PWM:PWMUDB:MODULE_1:g2:a0:a_0\[269] = \PWM:PWMUDB:MODIN1_0\[270]
Removing Lhs of wire \PWM:PWMUDB:MODIN1_0\[270] = \PWM:PWMUDB:dith_count_0\[125]
Removing Lhs of wire \PWM:PWMUDB:MODULE_1:g2:a0:g1:z1:s0:g1:u0:c_0\[402] = one[32]
Removing Lhs of wire \PWM:PWMUDB:MODULE_1:g2:a0:g1:z1:s0:g1:u0:b_0\[403] = one[32]
Removing Lhs of wire Net_104[410] = zero[28]
Removing Lhs of wire \PWM:PWMUDB:prevCapture\\D\[413] = zero[28]
Removing Lhs of wire \PWM:PWMUDB:trig_last\\D\[414] = zero[28]
Removing Lhs of wire \PWM:PWMUDB:prevCompare1\\D\[420] = \PWM:PWMUDB:cmp1\[142]
Removing Lhs of wire \PWM:PWMUDB:cmp1_status_reg\\D\[421] = \PWM:PWMUDB:cmp1_status\[143]
Removing Lhs of wire \PWM:PWMUDB:cmp2_status_reg\\D\[422] = zero[28]
Removing Lhs of wire \PWM:PWMUDB:pwm_i_reg\\D\[424] = \PWM:PWMUDB:pwm_i\[194]
Removing Lhs of wire \PWM:PWMUDB:pwm1_i_reg\\D\[425] = zero[28]
Removing Lhs of wire \PWM:PWMUDB:pwm2_i_reg\\D\[426] = zero[28]
Removing Lhs of wire \PWM:PWMUDB:tc_i_reg\\D\[427] = \PWM:PWMUDB:status_2\[137]

------------------------------------------------------
Aliased 0 equations, 96 wires.
------------------------------------------------------

----------------------------------------------------------
Circuit simplification
----------------------------------------------------------

Substituting virtuals - pass 1:

Note:  Expanding virtual equation for 'zero' (cost = 0):
zero <=  ('0') ;

Note:  Expanding virtual equation for 'one' (cost = 0):
one <=  ('1') ;

Note:  Expanding virtual equation for '\PWM:PWMUDB:cmp1\' (cost = 0):
\PWM:PWMUDB:cmp1\ <= (\PWM:PWMUDB:cmp1_less\);

Note:  Expanding virtual equation for '\PWM:PWMUDB:MODULE_1:g2:a0:g1:z1:s0:g1:u0:c_1\' (cost = 0):
\PWM:PWMUDB:MODULE_1:g2:a0:g1:z1:s0:g1:u0:c_1\ <= (\PWM:PWMUDB:dith_count_0\);

Note:  Expanding virtual equation for '\PWM:PWMUDB:MODULE_1:g2:a0:s_0\' (cost = 0):
\PWM:PWMUDB:MODULE_1:g2:a0:s_0\ <= (not \PWM:PWMUDB:dith_count_0\);

Note:  Expanding virtual equation for '\PWM:PWMUDB:MODULE_1:g2:a0:g1:z1:s0:g1:u0:c_17\' (cost = 0):
\PWM:PWMUDB:MODULE_1:g2:a0:g1:z1:s0:g1:u0:c_17\ <=  ('0') ;

Note:  Expanding virtual equation for '\PWM:PWMUDB:MODULE_1:g2:a0:g1:z1:s0:g1:u0:c_9\' (cost = 0):
\PWM:PWMUDB:MODULE_1:g2:a0:g1:z1:s0:g1:u0:c_9\ <=  ('0') ;

Note:  Expanding virtual equation for '\PWM:PWMUDB:MODULE_1:g2:a0:g1:z1:s0:g1:u0:c_2\' (cost = 0):
\PWM:PWMUDB:MODULE_1:g2:a0:g1:z1:s0:g1:u0:c_2\ <= ((\PWM:PWMUDB:dith_count_1\ and \PWM:PWMUDB:dith_count_0\));


Substituting virtuals - pass 2:

Note:  Expanding virtual equation for '\PWM:PWMUDB:MODULE_1:g2:a0:s_1\' (cost = 2):
\PWM:PWMUDB:MODULE_1:g2:a0:s_1\ <= ((not \PWM:PWMUDB:dith_count_0\ and \PWM:PWMUDB:dith_count_1\)
	OR (not \PWM:PWMUDB:dith_count_1\ and \PWM:PWMUDB:dith_count_0\));

Note:  Expanding virtual equation for '\PWM:PWMUDB:MODULE_1:g2:a0:g1:z1:s0:g1:u0:c_18\' (cost = 0):
\PWM:PWMUDB:MODULE_1:g2:a0:g1:z1:s0:g1:u0:c_18\ <=  ('0') ;

Note:  Expanding virtual equation for '\PWM:PWMUDB:MODULE_1:g2:a0:g1:z1:s0:g1:u0:c_10\' (cost = 0):
\PWM:PWMUDB:MODULE_1:g2:a0:g1:z1:s0:g1:u0:c_10\ <=  ('0') ;

Note:  Expanding virtual equation for '\PWM:PWMUDB:MODULE_1:g2:a0:g1:z1:s0:g1:u0:c_3\' (cost = 0):
\PWM:PWMUDB:MODULE_1:g2:a0:g1:z1:s0:g1:u0:c_3\ <=  ('0') ;


Substituting virtuals - pass 3:

Note:  Expanding virtual equation for '\PWM:PWMUDB:MODULE_1:g2:a0:g1:z1:s0:g1:u0:c_19\' (cost = 0):
\PWM:PWMUDB:MODULE_1:g2:a0:g1:z1:s0:g1:u0:c_19\ <=  ('0') ;

Note:  Expanding virtual equation for '\PWM:PWMUDB:MODULE_1:g2:a0:g1:z1:s0:g1:u0:c_11\' (cost = 0):
\PWM:PWMUDB:MODULE_1:g2:a0:g1:z1:s0:g1:u0:c_11\ <=  ('0') ;

Note:  Expanding virtual equation for '\PWM:PWMUDB:MODULE_1:g2:a0:g1:z1:s0:g1:u0:c_4\' (cost = 0):
\PWM:PWMUDB:MODULE_1:g2:a0:g1:z1:s0:g1:u0:c_4\ <=  ('0') ;


Substituting virtuals - pass 4:

Note:  Expanding virtual equation for '\PWM:PWMUDB:MODULE_1:g2:a0:g1:z1:s0:g1:u0:c_20\' (cost = 0):
\PWM:PWMUDB:MODULE_1:g2:a0:g1:z1:s0:g1:u0:c_20\ <=  ('0') ;

Note:  Expanding virtual equation for '\PWM:PWMUDB:MODULE_1:g2:a0:g1:z1:s0:g1:u0:c_12\' (cost = 0):
\PWM:PWMUDB:MODULE_1:g2:a0:g1:z1:s0:g1:u0:c_12\ <=  ('0') ;

Note:  Expanding virtual equation for '\PWM:PWMUDB:MODULE_1:g2:a0:g1:z1:s0:g1:u0:c_5\' (cost = 0):
\PWM:PWMUDB:MODULE_1:g2:a0:g1:z1:s0:g1:u0:c_5\ <=  ('0') ;


Substituting virtuals - pass 5:

Note:  Expanding virtual equation for '\PWM:PWMUDB:MODULE_1:g2:a0:g1:z1:s0:g1:u0:c_21\' (cost = 0):
\PWM:PWMUDB:MODULE_1:g2:a0:g1:z1:s0:g1:u0:c_21\ <=  ('0') ;

Note:  Expanding virtual equation for '\PWM:PWMUDB:MODULE_1:g2:a0:g1:z1:s0:g1:u0:c_13\' (cost = 0):
\PWM:PWMUDB:MODULE_1:g2:a0:g1:z1:s0:g1:u0:c_13\ <=  ('0') ;

Note:  Expanding virtual equation for '\PWM:PWMUDB:MODULE_1:g2:a0:g1:z1:s0:g1:u0:c_6\' (cost = 0):
\PWM:PWMUDB:MODULE_1:g2:a0:g1:z1:s0:g1:u0:c_6\ <=  ('0') ;


Substituting virtuals - pass 6:

Note:  Expanding virtual equation for '\PWM:PWMUDB:MODULE_1:g2:a0:g1:z1:s0:g1:u0:c_22\' (cost = 0):
\PWM:PWMUDB:MODULE_1:g2:a0:g1:z1:s0:g1:u0:c_22\ <=  ('0') ;

Note:  Expanding virtual equation for '\PWM:PWMUDB:MODULE_1:g2:a0:g1:z1:s0:g1:u0:c_14\' (cost = 0):
\PWM:PWMUDB:MODULE_1:g2:a0:g1:z1:s0:g1:u0:c_14\ <=  ('0') ;

Note:  Expanding virtual equation for '\PWM:PWMUDB:MODULE_1:g2:a0:g1:z1:s0:g1:u0:c_7\' (cost = 0):
\PWM:PWMUDB:MODULE_1:g2:a0:g1:z1:s0:g1:u0:c_7\ <=  ('0') ;


Substituting virtuals - pass 7:

Note:  Expanding virtual equation for '\PWM:PWMUDB:MODULE_1:g2:a0:g1:z1:s0:g1:u0:c_23\' (cost = 0):
\PWM:PWMUDB:MODULE_1:g2:a0:g1:z1:s0:g1:u0:c_23\ <=  ('0') ;

Note:  Expanding virtual equation for '\PWM:PWMUDB:MODULE_1:g2:a0:g1:z1:s0:g1:u0:c_15\' (cost = 0):
\PWM:PWMUDB:MODULE_1:g2:a0:g1:z1:s0:g1:u0:c_15\ <=  ('0') ;


Substituting virtuals - pass 8:


----------------------------------------------------------
Circuit simplification results:

	Expanded 26 signals.
	Turned 0 signals into soft nodes.
	Maximum default expansion cost was set at 3.
----------------------------------------------------------

------------------------------------------------------
Alias Detection
------------------------------------------------------
Aliasing \PWM:PWMUDB:final_capture\ to zero
Aliasing \PWM:PWMUDB:MODULE_1:g2:a0:g1:z1:s0:g1:u0:b_24\ to zero
Aliasing \PWM:PWMUDB:MODULE_1:g2:a0:g1:z1:s0:g1:u0:b_16\ to zero
Aliasing \PWM:PWMUDB:MODULE_1:g2:a0:g1:z1:s0:g1:u0:b_8\ to zero
Aliasing \PWM:PWMUDB:min_kill_reg\\D\ to one
Aliasing \PWM:PWMUDB:ltch_kill_reg\\D\ to one
Aliasing \PWM:PWMUDB:final_kill_reg\\D\ to zero
Removing Lhs of wire \PWM:PWMUDB:final_capture\[160] = zero[28]
Removing Lhs of wire \PWM:PWMUDB:MODULE_1:g2:a0:g1:z1:s0:g1:u0:b_24\[373] = zero[28]
Removing Lhs of wire \PWM:PWMUDB:MODULE_1:g2:a0:g1:z1:s0:g1:u0:b_16\[383] = zero[28]
Removing Lhs of wire \PWM:PWMUDB:MODULE_1:g2:a0:g1:z1:s0:g1:u0:b_8\[393] = zero[28]
Removing Lhs of wire \PWM:PWMUDB:min_kill_reg\\D\[412] = one[32]
Removing Lhs of wire \PWM:PWMUDB:runmode_enable\\D\[415] = \PWM:PWMUDB:control_7\[79]
Removing Lhs of wire \PWM:PWMUDB:ltch_kill_reg\\D\[417] = one[32]
Removing Lhs of wire \PWM:PWMUDB:final_kill_reg\\D\[423] = zero[28]

------------------------------------------------------
Aliased 0 equations, 8 wires.
------------------------------------------------------

----------------------------------------------------------
Circuit simplification
----------------------------------------------------------

Eliminating unused logic - pass 1:


Eliminating unused logic - pass 2:


Substituting virtuals - pass 1:


----------------------------------------------------------
Circuit simplification results:

	Expanded 0 signals.
	Turned 0 signals into soft nodes.
	Maximum default expansion cost was set at 3.
----------------------------------------------------------

topld:  No errors.

CYPRESS_DIR    : C:\Program Files (x86)\Cypress\PSoC Creator\4.2\PSoC Creator\warp
Warp Program   : C:\Program Files (x86)\Cypress\PSoC Creator\4.2\PSoC Creator\warp\bin\warp.exe
Warp Arguments : -yv2 -q10 -ygs -o2 -v3 -.fftcfgtype=LE -ya -.fftprj=C:\Users\wl\Desktop\cypressResource\projects\PSoc_BLE_iOS_App\CapsenseLed.cydsn\CapsenseLed.cyprj -dcpsoc3 CapsenseLed.v -verilog
</CYPRESSTAG>
Warp synthesis phase: Elapsed time ==> 0s.665ms
<CYPRESSTAG name="Fitter results...">
<CYPRESSTAG name="Fitter startup details...">
cyp3fit: V4.2.0.641, Family: PSoC3, Started at: Friday, 27 December 2019 11:06:54
Options: -yv2 -q10 -ygs -o2 -v3 -.fftcfgtype=LE -ya -.fftprj=C:\Users\wl\Desktop\cypressResource\projects\PSoc_BLE_iOS_App\CapsenseLed.cydsn\CapsenseLed.cyprj -d CY8C4248LQI-BL583 CapsenseLed.v -verilog
</CYPRESSTAG>
<CYPRESSTAG name="Design parsing">
Design parsing phase: Elapsed time ==> 0s.008ms
</CYPRESSTAG>
<CYPRESSTAG name="Tech Mapping">
<CYPRESSTAG name="Initial Mapping" icon="FILE_RPT_TECHM">
    Removed wire end \PWM:PWMUDB:MODULE_1:g2:a0:g1:z1:s0:g1:u0:c_24\ kept zero
    Removed wire end \PWM:PWMUDB:MODULE_1:g2:a0:g1:z1:s0:g1:u0:c_16\ kept zero
    Removed wire end \PWM:PWMUDB:MODULE_1:g2:a0:g1:z1:s0:g1:u0:c_8\ kept zero
    Converted constant MacroCell: \PWM:PWMUDB:prevCapture\ from registered to combinatorial
    Converted constant MacroCell: \PWM:PWMUDB:trig_last\ from registered to combinatorial
    Converted constant MacroCell: \PWM:PWMUDB:status_1\ from registered to combinatorial
    Converted constant MacroCell: \PWM:PWMUDB:status_5\ from registered to combinatorial
    Converted constant MacroCell: \PWM:PWMUDB:pwm1_i_reg\ from registered to combinatorial
    Converted constant MacroCell: \PWM:PWMUDB:pwm2_i_reg\ from registered to combinatorial
Assigning clock BLE_LFCLK to clock LFClk because it is a pass-through

Removing unused cells resulting from optimization
Done removing unused cells.
<CYPRESSTAG name="Global Clock Selection" icon="FILE_RPT_TECHM">
    Fixed Function Clock 5: Automatic-assigning  clock 'CapSense_SampleClk'. Signal=\CapSense:Net_420_ff5\
    Fixed Function Clock 4: Automatic-assigning  clock 'CapSense_SenseClk'. Signal=\CapSense:Net_429_ff4\
    Digital Clock 0: Automatic-assigning  clock 'Clock_1'. Fanout=1, Signal=Net_105_digital
<CYPRESSTAG name="UDB Clock/Enable Remapping Results">
    UDB Clk/Enable \PWM:PWMUDB:clock_enable_block\: with output requested to be synchronous
        ClockIn: ClockGenBlock:m0s8clockgenblockcell.gen_clk_out_0 was determined to be a global clock that is synchronous to HFClk
        EnableIn: Constant 1 was determined to be synchronous to ClockIn
        ClockOut: ClockGenBlock:m0s8clockgenblockcell.gen_clk_out_0, EnableOut: Constant 1
</CYPRESSTAG>
</CYPRESSTAG>

Removing unused cells resulting from optimization
Done removing unused cells.
<CYPRESSTAG name="Duplicate Macrocell detection">
</CYPRESSTAG>
</CYPRESSTAG>
<CYPRESSTAG name="Duplicate Macrocell detection">

Removing unused cells resulting from optimization
Done removing unused cells.
</CYPRESSTAG>
<CYPRESSTAG name="Design Equations" icon="FILE_RPT_EQUATION">

------------------------------------------------------------
Design Equations
------------------------------------------------------------
    <CYPRESSTAG name="Pin listing">

    ------------------------------------------------------------
    Pin listing
    ------------------------------------------------------------

    Pin : Name = \CapSense:Cmod(0)\
        Attributes:
            Alias: Cmod
            In Group/Port: True
            In Sync Option: AUTO
            Out Sync Option: AUTO
            Interrupt generated: False
            Interrupt mode: NONE
            Drive mode: HI_Z_ANALOG
            VTrip: EITHER
            Slew: FAST
            Input Sync needed: False
            Output Sync needed: False
            SC shield enabled: False
            POR State: ANY
            LCD Mode: COMMON
            Register Mode: RegComb
            CaSense Mode: NEITHER
            Treat as pin: True
            Is OE Registered: False
            Uses Analog: True
            Can contain Digital: False
            Is SIO: False
            SIO Output Buf: NONREGULATED
            SIO Input Buf: SINGLE_ENDED
            SIO HiFreq: LOW
            SIO Hyst: DISABLED
            SIO Vtrip: MULTIPLIER_0_5
            SIO Multiplier Index: 0
            SIO RefSel: VCC_IO
            Required Capabilities: NONE
            Initial Value: 1
            IO Voltage: 0
        PORT MAP (
            pa_out => \CapSense:Cmod(0)\__PA ,
            analog_term => \CapSense:Net_398\ ,
            pad => \CapSense:Cmod(0)_PAD\ );
        Properties:
        {
        }

    Pin : Name = \CapSense:Sns(0)\
        Attributes:
            Alias: LinearSlider0_e0__LS
            In Group/Port: True
            In Sync Option: AUTO
            Out Sync Option: AUTO
            Interrupt generated: False
            Interrupt mode: NONE
            Drive mode: HI_Z_ANALOG
            VTrip: EITHER
            Slew: FAST
            Input Sync needed: False
            Output Sync needed: False
            SC shield enabled: False
            POR State: ANY
            LCD Mode: COMMON
            Register Mode: RegComb
            CaSense Mode: NEITHER
            Treat as pin: True
            Is OE Registered: False
            Uses Analog: True
            Can contain Digital: False
            Is SIO: False
            SIO Output Buf: NONREGULATED
            SIO Input Buf: SINGLE_ENDED
            SIO HiFreq: LOW
            SIO Hyst: DISABLED
            SIO Vtrip: MULTIPLIER_0_5
            SIO Multiplier Index: 0
            SIO RefSel: VCC_IO
            Required Capabilities: ANALOG
            Initial Value: 1
            IO Voltage: 0
        PORT MAP (
            pa_out => \CapSense:Sns(0)\__PA ,
            analog_term => \CapSense:Net_245_0\ ,
            pad => \CapSense:Sns(0)_PAD\ );
        Properties:
        {
        }

    Pin : Name = \CapSense:Sns(1)\
        Attributes:
            Alias: LinearSlider0_e1__LS
            In Group/Port: True
            In Sync Option: AUTO
            Out Sync Option: AUTO
            Interrupt generated: False
            Interrupt mode: NONE
            Drive mode: HI_Z_ANALOG
            VTrip: EITHER
            Slew: FAST
            Input Sync needed: False
            Output Sync needed: False
            SC shield enabled: False
            POR State: ANY
            LCD Mode: COMMON
            Register Mode: RegComb
            CaSense Mode: NEITHER
            Treat as pin: True
            Is OE Registered: False
            Uses Analog: True
            Can contain Digital: False
            Is SIO: False
            SIO Output Buf: NONREGULATED
            SIO Input Buf: SINGLE_ENDED
            SIO HiFreq: LOW
            SIO Hyst: DISABLED
            SIO Vtrip: MULTIPLIER_0_5
            SIO Multiplier Index: 0
            SIO RefSel: VCC_IO
            Required Capabilities: ANALOG
            Initial Value: 1
            IO Voltage: 0
        PORT MAP (
            pa_out => \CapSense:Sns(1)\__PA ,
            analog_term => \CapSense:Net_245_0\ ,
            pad => \CapSense:Sns(1)_PAD\ );
        Properties:
        {
        }

    Pin : Name = \CapSense:Sns(2)\
        Attributes:
            Alias: LinearSlider0_e2__LS
            In Group/Port: True
            In Sync Option: AUTO
            Out Sync Option: AUTO
            Interrupt generated: False
            Interrupt mode: NONE
            Drive mode: HI_Z_ANALOG
            VTrip: EITHER
            Slew: FAST
            Input Sync needed: False
            Output Sync needed: False
            SC shield enabled: False
            POR State: ANY
            LCD Mode: COMMON
            Register Mode: RegComb
            CaSense Mode: NEITHER
            Treat as pin: True
            Is OE Registered: False
            Uses Analog: True
            Can contain Digital: False
            Is SIO: False
            SIO Output Buf: NONREGULATED
            SIO Input Buf: SINGLE_ENDED
            SIO HiFreq: LOW
            SIO Hyst: DISABLED
            SIO Vtrip: MULTIPLIER_0_5
            SIO Multiplier Index: 0
            SIO RefSel: VCC_IO
            Required Capabilities: ANALOG
            Initial Value: 1
            IO Voltage: 0
        PORT MAP (
            pa_out => \CapSense:Sns(2)\__PA ,
            analog_term => \CapSense:Net_245_0\ ,
            pad => \CapSense:Sns(2)_PAD\ );
        Properties:
        {
        }

    Pin : Name = \CapSense:Sns(3)\
        Attributes:
            Alias: LinearSlider0_e3__LS
            In Group/Port: True
            In Sync Option: AUTO
            Out Sync Option: AUTO
            Interrupt generated: False
            Interrupt mode: NONE
            Drive mode: HI_Z_ANALOG
            VTrip: EITHER
            Slew: FAST
            Input Sync needed: False
            Output Sync needed: False
            SC shield enabled: False
            POR State: ANY
            LCD Mode: COMMON
            Register Mode: RegComb
            CaSense Mode: NEITHER
            Treat as pin: True
            Is OE Registered: False
            Uses Analog: True
            Can contain Digital: False
            Is SIO: False
            SIO Output Buf: NONREGULATED
            SIO Input Buf: SINGLE_ENDED
            SIO HiFreq: LOW
            SIO Hyst: DISABLED
            SIO Vtrip: MULTIPLIER_0_5
            SIO Multiplier Index: 0
            SIO RefSel: VCC_IO
            Required Capabilities: ANALOG
            Initial Value: 1
            IO Voltage: 0
        PORT MAP (
            pa_out => \CapSense:Sns(3)\__PA ,
            analog_term => \CapSense:Net_245_0\ ,
            pad => \CapSense:Sns(3)_PAD\ );
        Properties:
        {
        }

    Pin : Name = \CapSense:Sns(4)\
        Attributes:
            Alias: LinearSlider0_e4__LS
            In Group/Port: True
            In Sync Option: AUTO
            Out Sync Option: AUTO
            Interrupt generated: False
            Interrupt mode: NONE
            Drive mode: HI_Z_ANALOG
            VTrip: EITHER
            Slew: FAST
            Input Sync needed: False
            Output Sync needed: False
            SC shield enabled: False
            POR State: ANY
            LCD Mode: COMMON
            Register Mode: RegComb
            CaSense Mode: NEITHER
            Treat as pin: True
            Is OE Registered: False
            Uses Analog: True
            Can contain Digital: False
            Is SIO: False
            SIO Output Buf: NONREGULATED
            SIO Input Buf: SINGLE_ENDED
            SIO HiFreq: LOW
            SIO Hyst: DISABLED
            SIO Vtrip: MULTIPLIER_0_5
            SIO Multiplier Index: 0
            SIO RefSel: VCC_IO
            Required Capabilities: ANALOG
            Initial Value: 1
            IO Voltage: 0
        PORT MAP (
            pa_out => \CapSense:Sns(4)\__PA ,
            analog_term => \CapSense:Net_245_0\ ,
            pad => \CapSense:Sns(4)_PAD\ );
        Properties:
        {
        }

    Pin : Name = red(0)
        Attributes:
            In Group/Port: True
            In Sync Option: AUTO
            Out Sync Option: NOSYNC
            Interrupt generated: False
            Interrupt mode: NONE
            Drive mode: CMOS_OUT
            VTrip: EITHER
            Slew: FAST
            Input Sync needed: False
            Output Sync needed: False
            SC shield enabled: False
            POR State: ANY
            LCD Mode: COMMON
            Register Mode: RegComb
            CaSense Mode: NEITHER
            Treat as pin: True
            Is OE Registered: False
            Uses Analog: False
            Can contain Digital: True
            Is SIO: False
            SIO Output Buf: NONREGULATED
            SIO Input Buf: SINGLE_ENDED
            SIO HiFreq: LOW
            SIO Hyst: DISABLED
            SIO Vtrip: MULTIPLIER_0_5
            SIO Multiplier Index: 0
            SIO RefSel: VCC_IO
            Required Capabilities: DIGITAL
            Initial Value: 1
            IO Voltage: 0
        PORT MAP (
            pa_out => red(0)__PA ,
            pad => red(0)_PAD );
        Properties:
        {
        }

    Pin : Name = blue(0)
        Attributes:
            In Group/Port: True
            In Sync Option: AUTO
            Out Sync Option: NOSYNC
            Interrupt generated: False
            Interrupt mode: NONE
            Drive mode: CMOS_OUT
            VTrip: EITHER
            Slew: FAST
            Input Sync needed: False
            Output Sync needed: False
            SC shield enabled: False
            POR State: ANY
            LCD Mode: COMMON
            Register Mode: RegComb
            CaSense Mode: NEITHER
            Treat as pin: True
            Is OE Registered: False
            Uses Analog: False
            Can contain Digital: True
            Is SIO: False
            SIO Output Buf: NONREGULATED
            SIO Input Buf: SINGLE_ENDED
            SIO HiFreq: LOW
            SIO Hyst: DISABLED
            SIO Vtrip: MULTIPLIER_0_5
            SIO Multiplier Index: 0
            SIO RefSel: VCC_IO
            Required Capabilities: DIGITAL, ROUTABLE
            Initial Value: 1
            IO Voltage: 0
        PORT MAP (
            pa_out => blue(0)__PA ,
            pin_input => Net_4 ,
            pad => blue(0)_PAD );
        Properties:
        {
        }
    </CYPRESSTAG>
    <CYPRESSTAG name="Macrocell listing" icon="FILE_RPT_EQUATION">

    ------------------------------------------------------------
    Macrocell listing
    ------------------------------------------------------------

    MacroCell: Name=\PWM:PWMUDB:status_2\, Mode=(Combinatorial)
        Total # of inputs        : 2
        Total # of product terms : 1
            Clock Enable: True
        Main Equation            : 1 pterm
        (
              \PWM:PWMUDB:runmode_enable\ * \PWM:PWMUDB:tc_i\
        );
        Output = \PWM:PWMUDB:status_2\ (fanout=1)

    MacroCell: Name=Net_4, Mode=(Combinatorial)
        Total # of inputs        : 1
        Total # of product terms : 1
            Clock Enable: True
        Main Equation            : 1 pterm
        (
              !Net_114
        );
        Output = Net_4 (fanout=1)

    MacroCell: Name=__ONE__, Mode=(Combinatorial)
        Total # of inputs        : 0
        Total # of product terms : 0
            Clock Enable: True
        Main Equation            : 0 pterms
        !(
            0
        );
        Output = __ONE__ (fanout=2)

    MacroCell: Name=\PWM:PWMUDB:runmode_enable\, Mode=(D-Register)
        Total # of inputs        : 1
        Total # of product terms : 1
        List of special equations: 
            Clock  = (Net_105_digital) => Global
            Clock Enable: True
        Main Equation            : 1 pterm
        (
              \PWM:PWMUDB:control_7\
        );
        Output = \PWM:PWMUDB:runmode_enable\ (fanout=3)

    MacroCell: Name=\PWM:PWMUDB:prevCompare1\, Mode=(D-Register)
        Total # of inputs        : 1
        Total # of product terms : 1
        List of special equations: 
            Clock  = (Net_105_digital) => Global
            Clock Enable: True
        Main Equation            : 1 pterm
        (
              \PWM:PWMUDB:cmp1_less\
        );
        Output = \PWM:PWMUDB:prevCompare1\ (fanout=1)

    MacroCell: Name=\PWM:PWMUDB:status_0\, Mode=(D-Register)
        Total # of inputs        : 2
        Total # of product terms : 1
        List of special equations: 
            Clock  = (Net_105_digital) => Global
            Clock Enable: True
        Main Equation            : 1 pterm
        (
              !\PWM:PWMUDB:prevCompare1\ * \PWM:PWMUDB:cmp1_less\
        );
        Output = \PWM:PWMUDB:status_0\ (fanout=1)

    MacroCell: Name=Net_114, Mode=(D-Register)
        Total # of inputs        : 2
        Total # of product terms : 1
        List of special equations: 
            Clock  = (Net_105_digital) => Global
            Clock Enable: True
        Main Equation            : 1 pterm
        (
              \PWM:PWMUDB:runmode_enable\ * \PWM:PWMUDB:cmp1_less\
        );
        Output = Net_114 (fanout=1)
    </CYPRESSTAG>
    <CYPRESSTAG name="Datapath listing">

    ------------------------------------------------------------
    Datapath listing
    ------------------------------------------------------------

    datapathcell: Name =\PWM:PWMUDB:sP8:pwmdp:u0\
        PORT MAP (
            clock => Net_105_digital ,
            cs_addr_2 => \PWM:PWMUDB:tc_i\ ,
            cs_addr_1 => \PWM:PWMUDB:runmode_enable\ ,
            cl0_comb => \PWM:PWMUDB:cmp1_less\ ,
            z0_comb => \PWM:PWMUDB:tc_i\ ,
            f1_blk_stat_comb => \PWM:PWMUDB:status_3\ );
        Properties:
        {
            a0_init = "00000000"
            a1_init = "00000000"
            ce0_sync = 1
            ce1_sync = 1
            cl0_sync = 1
            cl1_sync = 1
            cmsb_sync = 1
            co_msb_sync = 1
            cy_dpconfig = "0000000001000000000000001100000001000000010000000000000011000000000000001100000000000000110000000000000011000000000000001100000011111111000000001111111111111111101000000000000000000100000000000000000000011000"
            d0_init = "00000000"
            d1_init = "00000000"
            f0_blk_sync = 1
            f0_bus_sync = 1
            f1_blk_sync = 1
            f1_bus_sync = 1
            ff0_sync = 1
            ff1_sync = 1
            ov_msb_sync = 1
            so_sync = 1
            z0_sync = 1
            z1_sync = 1
        }
        Clock Polarity: Active High
        Clock Enable: True
    </CYPRESSTAG>
    <CYPRESSTAG name="Status register listing">
    </CYPRESSTAG>
    <CYPRESSTAG name="StatusI register listing">

    ------------------------------------------------------------
    StatusI register listing
    ------------------------------------------------------------

    statusicell: Name =\PWM:PWMUDB:genblk8:stsreg\
        PORT MAP (
            clock => Net_105_digital ,
            status_3 => \PWM:PWMUDB:status_3\ ,
            status_2 => \PWM:PWMUDB:status_2\ ,
            status_0 => \PWM:PWMUDB:status_0\ );
        Properties:
        {
            cy_force_order = 1
            cy_int_mask = "1111111"
            cy_md_select = "0100111"
        }
        Clock Polarity: Active High
        Clock Enable: True
    </CYPRESSTAG>
    <CYPRESSTAG name="Sync listing">
    </CYPRESSTAG>
    <CYPRESSTAG name="Control register listing">

    ------------------------------------------------------------
    Control register listing
    ------------------------------------------------------------

    controlcell: Name =\PWM:PWMUDB:genblk1:ctrlreg\
        PORT MAP (
            clock => Net_105_digital ,
            control_7 => \PWM:PWMUDB:control_7\ ,
            control_6 => \PWM:PWMUDB:control_6\ ,
            control_5 => \PWM:PWMUDB:control_5\ ,
            control_4 => \PWM:PWMUDB:control_4\ ,
            control_3 => \PWM:PWMUDB:control_3\ ,
            control_2 => \PWM:PWMUDB:control_2\ ,
            control_1 => \PWM:PWMUDB:control_1\ ,
            control_0 => \PWM:PWMUDB:control_0\ );
        Properties:
        {
            cy_ctrl_mode_0 = "11111111"
            cy_ctrl_mode_1 = "00000000"
            cy_ext_reset = 0
            cy_force_order = 1
            cy_init_value = "00000000"
        }
        Clock Polarity: Active High
        Clock Enable: True
    </CYPRESSTAG>
    <CYPRESSTAG name="Count7 listing">
    </CYPRESSTAG>
    <CYPRESSTAG name="DRQ listing">
    </CYPRESSTAG>
    <CYPRESSTAG name="Interrupt listing">

    ------------------------------------------------------------
    Interrupt listing
    ------------------------------------------------------------

    interrupt: Name =\BLE:bless_isr\
        PORT MAP (
            interrupt => \BLE:Net_15\ );
        Properties:
        {
            int_type = "10"
            is_nmi = 0
        }

    interrupt: Name =\CapSense:ISR\
        PORT MAP (
            interrupt => \CapSense:Net_248\ );
        Properties:
        {
            int_type = "10"
            is_nmi = 0
        }
    </CYPRESSTAG>
</CYPRESSTAG>
<CYPRESSTAG name="Technology mapping summary" expanded>

------------------------------------------------------------
Technology mapping summary
------------------------------------------------------------

Resource Type                 : Used : Free :  Max :  % Used
============================================================
Digital Clocks                :    1 :    3 :    4 : 25.00 %
Interrupts                    :    2 :   30 :   32 :  6.25 %
IO                            :   12 :   26 :   38 : 31.58 %
Segment LCD                   :    0 :    1 :    1 :  0.00 %
CapSense                      :    1 :    0 :    1 : 100.00 %
Die Temp                      :    0 :    1 :    1 :  0.00 %
Serial Communication (SCB)    :    0 :    2 :    2 :  0.00 %
BLE                           :    1 :    0 :    1 : 100.00 %
DMA Channels                  :    0 :    8 :    8 :  0.00 %
Timer/Counter/PWM             :    0 :    4 :    4 :  0.00 %
UDB                           :      :      :      :        
  Macrocells                  :    7 :   25 :   32 : 21.88 %
  Unique P-terms              :    6 :   58 :   64 :  9.38 %
  Total P-terms               :    6 :      :      :        
  Datapath Cells              :    1 :    3 :    4 : 25.00 %
  Status Cells                :    1 :    3 :    4 : 25.00 %
    StatusI Registers         :    1 :      :      :        
  Control Cells               :    1 :    3 :    4 : 25.00 %
    Control Registers         :    1 :      :      :        
Comparator/Opamp              :    0 :    4 :    4 :  0.00 %
LP Comparator                 :    0 :    2 :    2 :  0.00 %
SAR ADC                       :    0 :    1 :    1 :  0.00 %
DAC                           :      :      :      :        
  7-bit IDAC                  :    1 :    0 :    1 : 100.00 %
  8-bit IDAC                  :    1 :    0 :    1 : 100.00 %
</CYPRESSTAG>
Technology Mapping: Elapsed time ==> 0s.081ms
Tech Mapping phase: Elapsed time ==> 0s.102ms
</CYPRESSTAG>
<CYPRESSTAG name="Analog Placement">
<CYPRESSTAG name="FFB & IO Pre Placement">
<CYPRESSTAG name="Placement" icon="FILE_RPT_PLACEMENT">

Cell                                : Block                              
=========================================================================
\CapSense:Cmod(0)\                  : [IOP=(4)][IoId=(0)]                
\CapSense:Sns(0)\                   : [IOP=(2)][IoId=(1)]                
\CapSense:Sns(1)\                   : [IOP=(2)][IoId=(2)]                
\CapSense:Sns(2)\                   : [IOP=(2)][IoId=(3)]                
\CapSense:Sns(3)\                   : [IOP=(2)][IoId=(4)]                
\CapSense:Sns(4)\                   : [IOP=(2)][IoId=(5)]                
red(0)                              : [IOP=(2)][IoId=(6)]                
blue(0)                             : [IOP=(3)][IoId=(7)]                
ClockGenBlock                       : CLK_GEN_[FFB(CLK_GEN,0)]           
\BLE:cy_m0s8_ble\                   : BLE_[FFB(BLE,0)]                   
\CapSense:CSD_FFB\                  : CSD_[FFB(CSD,0)]                   
\CapSense:IDAC2:cy_psoc4_idac\      : CSIDAC7_[FFB(CSIDAC7,0)]           
\CapSense:IDAC1:cy_psoc4_idac\      : CSIDAC8_[FFB(CSIDAC8,0)]           

</CYPRESSTAG>
</CYPRESSTAG>
<CYPRESSTAG name="Real Analog Placement">
Elapsed time ==> 0.1172236s
</CYPRESSTAG>
Analog Placement phase: Elapsed time ==> 0s.296ms
</CYPRESSTAG>
<CYPRESSTAG name="Analog Routing">
<CYPRESSTAG name="Analog Routing">
Route success=True, Iterations=1 Elapsed=0.0021877 secs
</CYPRESSTAG>
Analog Routing phase: Elapsed time ==> 0s.001ms
</CYPRESSTAG>
<CYPRESSTAG name="Analog Code Generation">
============ Analog Final Answer Routes ============
Dump of CyAnalogRoutingResultsDB
Map of net to items {
  Net: \CapSense:Net_245_0\ {
    source0
    swh_13
    amuxbusa_sar
    P2_P41
    p2_1
    P2_P42
    p2_2
    P2_P43
    p2_3
    P2_P44
    p2_4
    P2_P45
    p2_5
    idac0_out
    swhv_1
  }
  Net: \CapSense:Net_398\ {
    cmod
    swhv_6
    p4_0
    P4_P40
  }
}
Map of item to net {
  source0                                          -> \CapSense:Net_245_0\
  swh_13                                           -> \CapSense:Net_245_0\
  amuxbusa_sar                                     -> \CapSense:Net_245_0\
  P2_P41                                           -> \CapSense:Net_245_0\
  p2_1                                             -> \CapSense:Net_245_0\
  P2_P42                                           -> \CapSense:Net_245_0\
  p2_2                                             -> \CapSense:Net_245_0\
  P2_P43                                           -> \CapSense:Net_245_0\
  p2_3                                             -> \CapSense:Net_245_0\
  P2_P44                                           -> \CapSense:Net_245_0\
  p2_4                                             -> \CapSense:Net_245_0\
  P2_P45                                           -> \CapSense:Net_245_0\
  p2_5                                             -> \CapSense:Net_245_0\
  idac0_out                                        -> \CapSense:Net_245_0\
  swhv_1                                           -> \CapSense:Net_245_0\
  cmod                                             -> \CapSense:Net_398\
  swhv_6                                           -> \CapSense:Net_398\
  p4_0                                             -> \CapSense:Net_398\
  P4_P40                                           -> \CapSense:Net_398\
}
Mux Info {
}
Analog Code Generation phase: Elapsed time ==> 0s.020ms
</CYPRESSTAG>
<CYPRESSTAG name="Digital Placement">
<CYPRESSTAG name="Detailed placement messages">
I2076: Total run-time: 0.3 sec.

</CYPRESSTAG>
<CYPRESSTAG name="PLD Packing">
<CYPRESSTAG name="PLD Packing Summary" expanded>

------------------------------------------------------------
PLD Packing Summary
------------------------------------------------------------
            Resource Type : Used : Free :  Max :  % Used
    ====================================================
                     PLDs :    3 :    5 :    8 :  37.50%

<CYPRESSTAG name="PLD Statistics">

        PLD Resource Type :     Average/LAB
    =======================================
                   Inputs :            2.33
                   Pterms :            2.00
               Macrocells :            2.33
</CYPRESSTAG>
<CYPRESSTAG name="Packed PLD Contents">
Packed PLD Contents not displayed at this verbose level.</CYPRESSTAG>
</CYPRESSTAG>
PLD Packing: Elapsed time ==> 0s.001ms
</CYPRESSTAG>
<CYPRESSTAG name="Partitioning">
<CYPRESSTAG name="Initial Partitioning Summary">
Initial Partitioning Summary not displayed at this verbose level.</CYPRESSTAG>
<CYPRESSTAG name="Final Partitioning Summary">
Final Partitioning Summary not displayed at this verbose level.</CYPRESSTAG>
Partitioning: Elapsed time ==> 0s.009ms
</CYPRESSTAG>
<CYPRESSTAG name="Final Placement Summary">

------------------------------------------------------------
Final Placement Summary
------------------------------------------------------------

       Resource Type :      Count : Avg Inputs : Avg Outputs
    ========================================================
                 UDB :          2 :       3.00 :       3.50
<CYPRESSTAG name="Final Placement Details">
<CYPRESSTAG name="Component Details">

------------------------------------------------------------
Component Placement Details
------------------------------------------------------------
UDB [UDB=(0,0)] contents:
LAB@[UDB=(0,0)][LB=0] #macrocells=1, #inputs=0, #pterms=0
{
    [McSlotId=0]:     MacroCell: Name=__ONE__, Mode=(Combinatorial) @ [UDB=(0,0)][LB=0][MC=0]
        Total # of inputs        : 0
        Total # of product terms : 0
            Clock Enable: True
        Main Equation            : 0 pterms
        !(
            0
        );
        Output = __ONE__ (fanout=2)
        Properties               : 
        {
        }

    [McSlotId=1]: (empty)
    [McSlotId=2]: (empty)
    [McSlotId=3]: (empty)
}

UDB [UDB=(0,1)] is empty.
UDB [UDB=(1,0)] contents:
LAB@[UDB=(1,0)][LB=0] #macrocells=4, #inputs=4, #pterms=4
{
    [McSlotId=0]:     MacroCell: Name=\PWM:PWMUDB:status_0\, Mode=(D-Register) @ [UDB=(1,0)][LB=0][MC=0]
        Total # of inputs        : 2
        Total # of product terms : 1
        List of special equations: 
            Clock  = (Net_105_digital) => Global
            Clock Enable: True
        Main Equation            : 1 pterm
        (
              !\PWM:PWMUDB:prevCompare1\ * \PWM:PWMUDB:cmp1_less\
        );
        Output = \PWM:PWMUDB:status_0\ (fanout=1)
        Properties               : 
        {
        }

    [McSlotId=1]:     MacroCell: Name=\PWM:PWMUDB:prevCompare1\, Mode=(D-Register) @ [UDB=(1,0)][LB=0][MC=1]
        Total # of inputs        : 1
        Total # of product terms : 1
        List of special equations: 
            Clock  = (Net_105_digital) => Global
            Clock Enable: True
        Main Equation            : 1 pterm
        (
              \PWM:PWMUDB:cmp1_less\
        );
        Output = \PWM:PWMUDB:prevCompare1\ (fanout=1)
        Properties               : 
        {
        }

    [McSlotId=2]:     MacroCell: Name=Net_114, Mode=(D-Register) @ [UDB=(1,0)][LB=0][MC=2]
        Total # of inputs        : 2
        Total # of product terms : 1
        List of special equations: 
            Clock  = (Net_105_digital) => Global
            Clock Enable: True
        Main Equation            : 1 pterm
        (
              \PWM:PWMUDB:runmode_enable\ * \PWM:PWMUDB:cmp1_less\
        );
        Output = Net_114 (fanout=1)
        Properties               : 
        {
        }

    [McSlotId=3]:     MacroCell: Name=Net_4, Mode=(Combinatorial) @ [UDB=(1,0)][LB=0][MC=3]
        Total # of inputs        : 1
        Total # of product terms : 1
            Clock Enable: True
        Main Equation            : 1 pterm
        (
              !Net_114
        );
        Output = Net_4 (fanout=1)
        Properties               : 
        {
        }
}

LAB@[UDB=(1,0)][LB=1] #macrocells=2, #inputs=3, #pterms=2
{
    [McSlotId=0]:     MacroCell: Name=\PWM:PWMUDB:runmode_enable\, Mode=(D-Register) @ [UDB=(1,0)][LB=1][MC=0]
        Total # of inputs        : 1
        Total # of product terms : 1
        List of special equations: 
            Clock  = (Net_105_digital) => Global
            Clock Enable: True
        Main Equation            : 1 pterm
        (
              \PWM:PWMUDB:control_7\
        );
        Output = \PWM:PWMUDB:runmode_enable\ (fanout=3)
        Properties               : 
        {
        }

    [McSlotId=1]:     MacroCell: Name=\PWM:PWMUDB:status_2\, Mode=(Combinatorial) @ [UDB=(1,0)][LB=1][MC=1]
        Total # of inputs        : 2
        Total # of product terms : 1
            Clock Enable: True
        Main Equation            : 1 pterm
        (
              \PWM:PWMUDB:runmode_enable\ * \PWM:PWMUDB:tc_i\
        );
        Output = \PWM:PWMUDB:status_2\ (fanout=1)
        Properties               : 
        {
        }

    [McSlotId=2]: (empty)
    [McSlotId=3]: (empty)
}

datapathcell: Name =\PWM:PWMUDB:sP8:pwmdp:u0\
    PORT MAP (
        clock => Net_105_digital ,
        cs_addr_2 => \PWM:PWMUDB:tc_i\ ,
        cs_addr_1 => \PWM:PWMUDB:runmode_enable\ ,
        cl0_comb => \PWM:PWMUDB:cmp1_less\ ,
        z0_comb => \PWM:PWMUDB:tc_i\ ,
        f1_blk_stat_comb => \PWM:PWMUDB:status_3\ );
    Properties:
    {
        a0_init = "00000000"
        a1_init = "00000000"
        ce0_sync = 1
        ce1_sync = 1
        cl0_sync = 1
        cl1_sync = 1
        cmsb_sync = 1
        co_msb_sync = 1
        cy_dpconfig = "0000000001000000000000001100000001000000010000000000000011000000000000001100000000000000110000000000000011000000000000001100000011111111000000001111111111111111101000000000000000000100000000000000000000011000"
        d0_init = "00000000"
        d1_init = "00000000"
        f0_blk_sync = 1
        f0_bus_sync = 1
        f1_blk_sync = 1
        f1_bus_sync = 1
        ff0_sync = 1
        ff1_sync = 1
        ov_msb_sync = 1
        so_sync = 1
        z0_sync = 1
        z1_sync = 1
    }
    Clock Polarity: Active High
    Clock Enable: True

statusicell: Name =\PWM:PWMUDB:genblk8:stsreg\
    PORT MAP (
        clock => Net_105_digital ,
        status_3 => \PWM:PWMUDB:status_3\ ,
        status_2 => \PWM:PWMUDB:status_2\ ,
        status_0 => \PWM:PWMUDB:status_0\ );
    Properties:
    {
        cy_force_order = 1
        cy_int_mask = "1111111"
        cy_md_select = "0100111"
    }
    Clock Polarity: Active High
    Clock Enable: True

controlcell: Name =\PWM:PWMUDB:genblk1:ctrlreg\
    PORT MAP (
        clock => Net_105_digital ,
        control_7 => \PWM:PWMUDB:control_7\ ,
        control_6 => \PWM:PWMUDB:control_6\ ,
        control_5 => \PWM:PWMUDB:control_5\ ,
        control_4 => \PWM:PWMUDB:control_4\ ,
        control_3 => \PWM:PWMUDB:control_3\ ,
        control_2 => \PWM:PWMUDB:control_2\ ,
        control_1 => \PWM:PWMUDB:control_1\ ,
        control_0 => \PWM:PWMUDB:control_0\ );
    Properties:
    {
        cy_ctrl_mode_0 = "11111111"
        cy_ctrl_mode_1 = "00000000"
        cy_ext_reset = 0
        cy_force_order = 1
        cy_init_value = "00000000"
    }
    Clock Polarity: Active High
    Clock Enable: True

UDB [UDB=(1,1)] is empty.
Intr container @ [IntrContainer=(0)]: 
  Intr@ [IntrContainer=(0)][IntrId=(12)] 
    interrupt: Name =\BLE:bless_isr\
        PORT MAP (
            interrupt => \BLE:Net_15\ );
        Properties:
        {
            int_type = "10"
            is_nmi = 0
        }
  Intr@ [IntrContainer=(0)][IntrId=(16)] 
    interrupt: Name =\CapSense:ISR\
        PORT MAP (
            interrupt => \CapSense:Net_248\ );
        Properties:
        {
            int_type = "10"
            is_nmi = 0
        }
Drq container @ [DrqContainer=(0)]: empty
Port 0 contains the following IO cells:
Port 1 contains the following IO cells:
Port 2 contains the following IO cells:
[IoId=1]: 
Pin : Name = \CapSense:Sns(0)\
    Attributes:
        Alias: LinearSlider0_e0__LS
        In Group/Port: True
        In Sync Option: AUTO
        Out Sync Option: AUTO
        Interrupt generated: False
        Interrupt mode: NONE
        Drive mode: HI_Z_ANALOG
        VTrip: EITHER
        Slew: FAST
        Input Sync needed: False
        Output Sync needed: False
        SC shield enabled: False
        POR State: ANY
        LCD Mode: COMMON
        Register Mode: RegComb
        CaSense Mode: NEITHER
        Treat as pin: True
        Is OE Registered: False
        Uses Analog: True
        Can contain Digital: False
        Is SIO: False
        SIO Output Buf: NONREGULATED
        SIO Input Buf: SINGLE_ENDED
        SIO HiFreq: LOW
        SIO Hyst: DISABLED
        SIO Vtrip: MULTIPLIER_0_5
        SIO Multiplier Index: 0
        SIO RefSel: VCC_IO
        Required Capabilities: ANALOG
        Initial Value: 1
        IO Voltage: 0
    PORT MAP (
        pa_out => \CapSense:Sns(0)\__PA ,
        pad => \CapSense:Sns(0)_PAD\ );
    Properties:
    {
    }

[IoId=2]: 
Pin : Name = \CapSense:Sns(1)\
    Attributes:
        Alias: LinearSlider0_e1__LS
        In Group/Port: True
        In Sync Option: AUTO
        Out Sync Option: AUTO
        Interrupt generated: False
        Interrupt mode: NONE
        Drive mode: HI_Z_ANALOG
        VTrip: EITHER
        Slew: FAST
        Input Sync needed: False
        Output Sync needed: False
        SC shield enabled: False
        POR State: ANY
        LCD Mode: COMMON
        Register Mode: RegComb
        CaSense Mode: NEITHER
        Treat as pin: True
        Is OE Registered: False
        Uses Analog: True
        Can contain Digital: False
        Is SIO: False
        SIO Output Buf: NONREGULATED
        SIO Input Buf: SINGLE_ENDED
        SIO HiFreq: LOW
        SIO Hyst: DISABLED
        SIO Vtrip: MULTIPLIER_0_5
        SIO Multiplier Index: 0
        SIO RefSel: VCC_IO
        Required Capabilities: ANALOG
        Initial Value: 1
        IO Voltage: 0
    PORT MAP (
        pa_out => \CapSense:Sns(1)\__PA ,
        pad => \CapSense:Sns(1)_PAD\ );
    Properties:
    {
    }

[IoId=3]: 
Pin : Name = \CapSense:Sns(2)\
    Attributes:
        Alias: LinearSlider0_e2__LS
        In Group/Port: True
        In Sync Option: AUTO
        Out Sync Option: AUTO
        Interrupt generated: False
        Interrupt mode: NONE
        Drive mode: HI_Z_ANALOG
        VTrip: EITHER
        Slew: FAST
        Input Sync needed: False
        Output Sync needed: False
        SC shield enabled: False
        POR State: ANY
        LCD Mode: COMMON
        Register Mode: RegComb
        CaSense Mode: NEITHER
        Treat as pin: True
        Is OE Registered: False
        Uses Analog: True
        Can contain Digital: False
        Is SIO: False
        SIO Output Buf: NONREGULATED
        SIO Input Buf: SINGLE_ENDED
        SIO HiFreq: LOW
        SIO Hyst: DISABLED
        SIO Vtrip: MULTIPLIER_0_5
        SIO Multiplier Index: 0
        SIO RefSel: VCC_IO
        Required Capabilities: ANALOG
        Initial Value: 1
        IO Voltage: 0
    PORT MAP (
        pa_out => \CapSense:Sns(2)\__PA ,
        pad => \CapSense:Sns(2)_PAD\ );
    Properties:
    {
    }

[IoId=4]: 
Pin : Name = \CapSense:Sns(3)\
    Attributes:
        Alias: LinearSlider0_e3__LS
        In Group/Port: True
        In Sync Option: AUTO
        Out Sync Option: AUTO
        Interrupt generated: False
        Interrupt mode: NONE
        Drive mode: HI_Z_ANALOG
        VTrip: EITHER
        Slew: FAST
        Input Sync needed: False
        Output Sync needed: False
        SC shield enabled: False
        POR State: ANY
        LCD Mode: COMMON
        Register Mode: RegComb
        CaSense Mode: NEITHER
        Treat as pin: True
        Is OE Registered: False
        Uses Analog: True
        Can contain Digital: False
        Is SIO: False
        SIO Output Buf: NONREGULATED
        SIO Input Buf: SINGLE_ENDED
        SIO HiFreq: LOW
        SIO Hyst: DISABLED
        SIO Vtrip: MULTIPLIER_0_5
        SIO Multiplier Index: 0
        SIO RefSel: VCC_IO
        Required Capabilities: ANALOG
        Initial Value: 1
        IO Voltage: 0
    PORT MAP (
        pa_out => \CapSense:Sns(3)\__PA ,
        pad => \CapSense:Sns(3)_PAD\ );
    Properties:
    {
    }

[IoId=5]: 
Pin : Name = \CapSense:Sns(4)\
    Attributes:
        Alias: LinearSlider0_e4__LS
        In Group/Port: True
        In Sync Option: AUTO
        Out Sync Option: AUTO
        Interrupt generated: False
        Interrupt mode: NONE
        Drive mode: HI_Z_ANALOG
        VTrip: EITHER
        Slew: FAST
        Input Sync needed: False
        Output Sync needed: False
        SC shield enabled: False
        POR State: ANY
        LCD Mode: COMMON
        Register Mode: RegComb
        CaSense Mode: NEITHER
        Treat as pin: True
        Is OE Registered: False
        Uses Analog: True
        Can contain Digital: False
        Is SIO: False
        SIO Output Buf: NONREGULATED
        SIO Input Buf: SINGLE_ENDED
        SIO HiFreq: LOW
        SIO Hyst: DISABLED
        SIO Vtrip: MULTIPLIER_0_5
        SIO Multiplier Index: 0
        SIO RefSel: VCC_IO
        Required Capabilities: ANALOG
        Initial Value: 1
        IO Voltage: 0
    PORT MAP (
        pa_out => \CapSense:Sns(4)\__PA ,
        pad => \CapSense:Sns(4)_PAD\ );
    Properties:
    {
    }

[IoId=6]: 
Pin : Name = red(0)
    Attributes:
        In Group/Port: True
        In Sync Option: AUTO
        Out Sync Option: NOSYNC
        Interrupt generated: False
        Interrupt mode: NONE
        Drive mode: CMOS_OUT
        VTrip: EITHER
        Slew: FAST
        Input Sync needed: False
        Output Sync needed: False
        SC shield enabled: False
        POR State: ANY
        LCD Mode: COMMON
        Register Mode: RegComb
        CaSense Mode: NEITHER
        Treat as pin: True
        Is OE Registered: False
        Uses Analog: False
        Can contain Digital: True
        Is SIO: False
        SIO Output Buf: NONREGULATED
        SIO Input Buf: SINGLE_ENDED
        SIO HiFreq: LOW
        SIO Hyst: DISABLED
        SIO Vtrip: MULTIPLIER_0_5
        SIO Multiplier Index: 0
        SIO RefSel: VCC_IO
        Required Capabilities: DIGITAL
        Initial Value: 1
        IO Voltage: 0
    PORT MAP (
        pa_out => red(0)__PA ,
        pad => red(0)_PAD );
    Properties:
    {
    }

Port 3 contains the following IO cells:
[IoId=7]: 
Pin : Name = blue(0)
    Attributes:
        In Group/Port: True
        In Sync Option: AUTO
        Out Sync Option: NOSYNC
        Interrupt generated: False
        Interrupt mode: NONE
        Drive mode: CMOS_OUT
        VTrip: EITHER
        Slew: FAST
        Input Sync needed: False
        Output Sync needed: False
        SC shield enabled: False
        POR State: ANY
        LCD Mode: COMMON
        Register Mode: RegComb
        CaSense Mode: NEITHER
        Treat as pin: True
        Is OE Registered: False
        Uses Analog: False
        Can contain Digital: True
        Is SIO: False
        SIO Output Buf: NONREGULATED
        SIO Input Buf: SINGLE_ENDED
        SIO HiFreq: LOW
        SIO Hyst: DISABLED
        SIO Vtrip: MULTIPLIER_0_5
        SIO Multiplier Index: 0
        SIO RefSel: VCC_IO
        Required Capabilities: DIGITAL, ROUTABLE
        Initial Value: 1
        IO Voltage: 0
    PORT MAP (
        pa_out => blue(0)__PA ,
        pin_input => Net_4 ,
        pad => blue(0)_PAD );
    Properties:
    {
    }

Port 4 contains the following IO cells:
[IoId=0]: 
Pin : Name = \CapSense:Cmod(0)\
    Attributes:
        Alias: Cmod
        In Group/Port: True
        In Sync Option: AUTO
        Out Sync Option: AUTO
        Interrupt generated: False
        Interrupt mode: NONE
        Drive mode: HI_Z_ANALOG
        VTrip: EITHER
        Slew: FAST
        Input Sync needed: False
        Output Sync needed: False
        SC shield enabled: False
        POR State: ANY
        LCD Mode: COMMON
        Register Mode: RegComb
        CaSense Mode: NEITHER
        Treat as pin: True
        Is OE Registered: False
        Uses Analog: True
        Can contain Digital: False
        Is SIO: False
        SIO Output Buf: NONREGULATED
        SIO Input Buf: SINGLE_ENDED
        SIO HiFreq: LOW
        SIO Hyst: DISABLED
        SIO Vtrip: MULTIPLIER_0_5
        SIO Multiplier Index: 0
        SIO RefSel: VCC_IO
        Required Capabilities: NONE
        Initial Value: 1
        IO Voltage: 0
    PORT MAP (
        pa_out => \CapSense:Cmod(0)\__PA ,
        analog_term => \CapSense:Net_398\ ,
        pad => \CapSense:Cmod(0)_PAD\ );
    Properties:
    {
    }

Port 5 contains the following IO cells:
Port 6 contains the following IO cells:
ARM group 0: empty
Clock group 0: 
    Clock Block @ F(Clock,0): 
    m0s8clockblockcell: Name =ClockBlock
        PORT MAP (
            hfclk => ClockBlock_HFClk ,
            imo => ClockBlock_IMO ,
            ext => ClockBlock_ExtClk ,
            sysclk => ClockBlock_SysClk ,
            eco => ClockBlock_ECO ,
            ilo => ClockBlock_ILO ,
            lfclk => ClockBlock_LFClk ,
            wco => ClockBlock_WCO ,
            dsi_in_0 => ClockBlock_Routed1 ,
            ff_div_5 => \CapSense:Net_420_ff5\ ,
            ff_div_4 => \CapSense:Net_429_ff4\ ,
            udb_div_0 => dclk_to_genclk );
        Properties:
        {
        }
LCD group 0: empty
PICU group 0: empty
LPCOMP group 0: empty
SCB group 0: empty
CSD group 0: 
    CapSense @ F(CSD,0): 
    p4csdcell: Name =\CapSense:CSD_FFB\
        PORT MAP (
            shield => \CapSense:Net_241\ ,
            csh => \CapSense:Net_246\ ,
            cmod => \CapSense:Net_398\ ,
            sense_out => \CapSense:Net_329\ ,
            sample_out => \CapSense:Net_328\ ,
            clk1 => \CapSense:Net_429_ff4\ ,
            clk2 => \CapSense:Net_420_ff5\ ,
            irq => \CapSense:Net_248\ );
        Properties:
        {
            cy_registers = ""
            is_capsense = 1
            is_cmod_charge = 0
            is_csh_charge = 0
            is_mutual = 0
            sensors_count = 5
            shield_count = 1
        }
CSIDAC8 group 0: 
    8-bit IDAC @ F(CSIDAC8,0): 
    p4csidac8cell: Name =\CapSense:IDAC1:cy_psoc4_idac\
        PORT MAP (
            en => __ONE__ );
        Properties:
        {
            cy_registers = ""
            resolution = 8
        }
CSIDAC7 group 0: 
    7-bit IDAC @ F(CSIDAC7,0): 
    p4csidac7cell: Name =\CapSense:IDAC2:cy_psoc4_idac\
        PORT MAP (
            en => __ONE__ );
        Properties:
        {
            cy_registers = ""
            resolution = 7
        }
TCPWM group 0: empty
OA group 0: empty
TEMP group 0: empty
SARADC group 0: empty
CLK_GEN group 0: 
    M0S8 Clock Gen Block @ F(CLK_GEN,0): 
    m0s8clockgenblockcell: Name =ClockGenBlock
        PORT MAP (
            gen_clk_out_0 => Net_105_digital ,
            gen_clk_in_0 => dclk_to_genclk );
        Properties:
        {
        }
LPCOMPBLOCK group 0: empty
PASSBLOCK group 0: empty
BLE group 0: 
    BLE Block @ F(BLE,0): 
    p4blecell: Name =\BLE:cy_m0s8_ble\
        PORT MAP (
            interrupt => \BLE:Net_15\ ,
            rfctrl_extpa_en => Net_2 );
        Properties:
        {
            cy_registers = ""
        }
WCO group 0: empty
SRSS group 0: empty
CPUSS group 0: empty
IOSS group 0: empty
EXCO group 0: empty
</CYPRESSTAG>
<CYPRESSTAG name="Port Configuration Details">

------------------------------------------------------------
Port Configuration report
------------------------------------------------------------
     |     |       | Interrupt |                  |                    | 
Port | Pin | Fixed |      Type |       Drive Mode |               Name | Connections
-----+-----+-------+-----------+------------------+--------------------+---------------------------
   2 |   1 |     * |      NONE |      HI_Z_ANALOG |  \CapSense:Sns(0)\ | 
     |   2 |     * |      NONE |      HI_Z_ANALOG |  \CapSense:Sns(1)\ | 
     |   3 |     * |      NONE |      HI_Z_ANALOG |  \CapSense:Sns(2)\ | 
     |   4 |     * |      NONE |      HI_Z_ANALOG |  \CapSense:Sns(3)\ | 
     |   5 |     * |      NONE |      HI_Z_ANALOG |  \CapSense:Sns(4)\ | 
     |   6 |     * |      NONE |         CMOS_OUT |             red(0) | 
-----+-----+-------+-----------+------------------+--------------------+---------------------------
   3 |   7 |     * |      NONE |         CMOS_OUT |            blue(0) | In(Net_4)
-----+-----+-------+-----------+------------------+--------------------+---------------------------
   4 |   0 |     * |      NONE |      HI_Z_ANALOG | \CapSense:Cmod(0)\ | Analog(\CapSense:Net_398\)
---------------------------------------------------------------------------------------------------
</CYPRESSTAG>
</CYPRESSTAG>
</CYPRESSTAG>
Digital component placer commit/Report: Elapsed time ==> 0s.027ms
Digital Placement phase: Elapsed time ==> 0s.501ms
</CYPRESSTAG>
<CYPRESSTAG name="Digital Routing">
"C:\Program Files (x86)\Cypress\PSoC Creator\4.2\PSoC Creator\bin/sjrouter.exe" --xml-path "C:\Program Files (x86)\Cypress\PSoC Creator\4.2\PSoC Creator\dev\psoc4/3/256dma/route_arch-rrg.cydata" --vh2-path "CapsenseLed_r.vh2" --pcf-path "CapsenseLed.pco" --des-name "CapsenseLed" --dsf-path "CapsenseLed.dsf" --sdc-path "CapsenseLed.sdc" --lib-path "CapsenseLed_r.lib"
Routing successful.
Digital Routing phase: Elapsed time ==> 0s.499ms
</CYPRESSTAG>
<CYPRESSTAG name="Bitstream Generation">
Bitstream Generation phase: Elapsed time ==> 0s.158ms
</CYPRESSTAG>
<CYPRESSTAG name="Bitstream Verification">
Bitstream Verification phase: Elapsed time ==> 0s.014ms
</CYPRESSTAG>
<CYPRESSTAG name="Static timing analysis">
Timing report is in CapsenseLed_timing.html.
Static timing analysis phase: Elapsed time ==> 0s.135ms
</CYPRESSTAG>
<CYPRESSTAG name="Data reporting">
Data reporting phase: Elapsed time ==> 0s.000ms
</CYPRESSTAG>
<CYPRESSTAG name="Database update...">
Design database save phase: Elapsed time ==> 0s.126ms
</CYPRESSTAG>
cydsfit: Elapsed time ==> 1s.886ms
</CYPRESSTAG>
Fitter phase: Elapsed time ==> 1s.887ms
API generation phase: Elapsed time ==> 1s.130ms
Dependency generation phase: Elapsed time ==> 0s.008ms
Cleanup phase: Elapsed time ==> 0s.000ms
