ARM GAS  C:\Users\wl\AppData\Local\Temp\ccRsapig.s 			page 1


   1              		.syntax unified
   2              		.cpu cortex-m0
   3              		.fpu softvfp
   4              		.eabi_attribute 20, 1
   5              		.eabi_attribute 21, 1
   6              		.eabi_attribute 23, 3
   7              		.eabi_attribute 24, 1
   8              		.eabi_attribute 25, 1
   9              		.eabi_attribute 26, 1
  10              		.eabi_attribute 30, 1
  11              		.eabi_attribute 34, 0
  12              		.eabi_attribute 18, 4
  13              		.thumb
  14              		.syntax unified
  15              		.file	"cyfitter_cfg.c"
  16              		.text
  17              	.Ltext0:
  18              		.cfi_sections	.debug_frame
  19              		.section	.text.cfg_write_bytes32,"ax",%progbits
  20              		.align	2
  21              		.code	16
  22              		.thumb_func
  23              		.type	cfg_write_bytes32, %function
  24              	cfg_write_bytes32:
  25              	.LFB5:
  26              		.file 1 "Generated_Source\\PSoC4\\cyfitter_cfg.c"
   1:Generated_Source\PSoC4/cyfitter_cfg.c **** 
   2:Generated_Source\PSoC4/cyfitter_cfg.c **** /*******************************************************************************
   3:Generated_Source\PSoC4/cyfitter_cfg.c **** * File Name: cyfitter_cfg.c
   4:Generated_Source\PSoC4/cyfitter_cfg.c **** * 
   5:Generated_Source\PSoC4/cyfitter_cfg.c **** * PSoC Creator  4.2
   6:Generated_Source\PSoC4/cyfitter_cfg.c **** *
   7:Generated_Source\PSoC4/cyfitter_cfg.c **** * Description:
   8:Generated_Source\PSoC4/cyfitter_cfg.c **** * This file contains device initialization code.
   9:Generated_Source\PSoC4/cyfitter_cfg.c **** * Except for the user defined sections in CyClockStartupError(), this file should not be modified.
  10:Generated_Source\PSoC4/cyfitter_cfg.c **** * This file is automatically generated by PSoC Creator.
  11:Generated_Source\PSoC4/cyfitter_cfg.c **** *
  12:Generated_Source\PSoC4/cyfitter_cfg.c **** ********************************************************************************
  13:Generated_Source\PSoC4/cyfitter_cfg.c **** * Copyright (c) 2007-2018 Cypress Semiconductor.  All rights reserved.
  14:Generated_Source\PSoC4/cyfitter_cfg.c **** * You may use this file only in accordance with the license, terms, conditions, 
  15:Generated_Source\PSoC4/cyfitter_cfg.c **** * disclaimers, and limitations in the end user license agreement accompanying 
  16:Generated_Source\PSoC4/cyfitter_cfg.c **** * the software package with which this file was provided.
  17:Generated_Source\PSoC4/cyfitter_cfg.c **** ********************************************************************************/
  18:Generated_Source\PSoC4/cyfitter_cfg.c **** 
  19:Generated_Source\PSoC4/cyfitter_cfg.c **** #include <string.h>
  20:Generated_Source\PSoC4/cyfitter_cfg.c **** #include "cytypes.h"
  21:Generated_Source\PSoC4/cyfitter_cfg.c **** #include "cydevice_trm.h"
  22:Generated_Source\PSoC4/cyfitter_cfg.c **** #include "cyfitter.h"
  23:Generated_Source\PSoC4/cyfitter_cfg.c **** #include "CyLib.h"
  24:Generated_Source\PSoC4/cyfitter_cfg.c **** #include "CyLFClk.h"
  25:Generated_Source\PSoC4/cyfitter_cfg.c **** #include "cyfitter_cfg.h"
  26:Generated_Source\PSoC4/cyfitter_cfg.c **** #include "cyapicallbacks.h"
  27:Generated_Source\PSoC4/cyfitter_cfg.c **** 
  28:Generated_Source\PSoC4/cyfitter_cfg.c **** 
  29:Generated_Source\PSoC4/cyfitter_cfg.c **** #if defined(__GNUC__) || defined(__ARMCC_VERSION)
  30:Generated_Source\PSoC4/cyfitter_cfg.c ****     #define CYPACKED 
  31:Generated_Source\PSoC4/cyfitter_cfg.c ****     #define CYPACKED_ATTR __attribute__ ((packed))
ARM GAS  C:\Users\wl\AppData\Local\Temp\ccRsapig.s 			page 2


  32:Generated_Source\PSoC4/cyfitter_cfg.c ****     #define CYALIGNED __attribute__ ((aligned))
  33:Generated_Source\PSoC4/cyfitter_cfg.c ****     #define CY_CFG_UNUSED __attribute__ ((unused))
  34:Generated_Source\PSoC4/cyfitter_cfg.c ****     #ifndef CY_CFG_SECTION
  35:Generated_Source\PSoC4/cyfitter_cfg.c ****         #define CY_CFG_SECTION __attribute__ ((section(".psocinit")))
  36:Generated_Source\PSoC4/cyfitter_cfg.c ****     #endif
  37:Generated_Source\PSoC4/cyfitter_cfg.c ****     
  38:Generated_Source\PSoC4/cyfitter_cfg.c ****     #if defined(__ARMCC_VERSION)
  39:Generated_Source\PSoC4/cyfitter_cfg.c ****         #define CY_CFG_MEMORY_BARRIER() __memory_changed()
  40:Generated_Source\PSoC4/cyfitter_cfg.c ****     #else
  41:Generated_Source\PSoC4/cyfitter_cfg.c ****         #define CY_CFG_MEMORY_BARRIER() __sync_synchronize()
  42:Generated_Source\PSoC4/cyfitter_cfg.c ****     #endif
  43:Generated_Source\PSoC4/cyfitter_cfg.c ****     
  44:Generated_Source\PSoC4/cyfitter_cfg.c **** #elif defined(__ICCARM__)
  45:Generated_Source\PSoC4/cyfitter_cfg.c ****     #include <intrinsics.h>
  46:Generated_Source\PSoC4/cyfitter_cfg.c **** 
  47:Generated_Source\PSoC4/cyfitter_cfg.c ****     #define CYPACKED __packed
  48:Generated_Source\PSoC4/cyfitter_cfg.c ****     #define CYPACKED_ATTR 
  49:Generated_Source\PSoC4/cyfitter_cfg.c ****     #define CYALIGNED _Pragma("data_alignment=4")
  50:Generated_Source\PSoC4/cyfitter_cfg.c ****     #define CY_CFG_UNUSED _Pragma("diag_suppress=Pe177")
  51:Generated_Source\PSoC4/cyfitter_cfg.c ****     #define CY_CFG_SECTION _Pragma("location=\".psocinit\"")
  52:Generated_Source\PSoC4/cyfitter_cfg.c ****     
  53:Generated_Source\PSoC4/cyfitter_cfg.c ****     #define CY_CFG_MEMORY_BARRIER() __DMB()
  54:Generated_Source\PSoC4/cyfitter_cfg.c ****     
  55:Generated_Source\PSoC4/cyfitter_cfg.c **** #else
  56:Generated_Source\PSoC4/cyfitter_cfg.c ****     #error Unsupported toolchain
  57:Generated_Source\PSoC4/cyfitter_cfg.c **** #endif
  58:Generated_Source\PSoC4/cyfitter_cfg.c **** 
  59:Generated_Source\PSoC4/cyfitter_cfg.c **** #ifndef CYCODE
  60:Generated_Source\PSoC4/cyfitter_cfg.c ****     #define CYCODE
  61:Generated_Source\PSoC4/cyfitter_cfg.c **** #endif
  62:Generated_Source\PSoC4/cyfitter_cfg.c **** #ifndef CYDATA
  63:Generated_Source\PSoC4/cyfitter_cfg.c ****     #define CYDATA
  64:Generated_Source\PSoC4/cyfitter_cfg.c **** #endif
  65:Generated_Source\PSoC4/cyfitter_cfg.c **** #ifndef CYFAR
  66:Generated_Source\PSoC4/cyfitter_cfg.c ****     #define CYFAR
  67:Generated_Source\PSoC4/cyfitter_cfg.c **** #endif
  68:Generated_Source\PSoC4/cyfitter_cfg.c **** #ifndef CYXDATA
  69:Generated_Source\PSoC4/cyfitter_cfg.c ****     #define CYXDATA
  70:Generated_Source\PSoC4/cyfitter_cfg.c **** #endif
  71:Generated_Source\PSoC4/cyfitter_cfg.c **** 
  72:Generated_Source\PSoC4/cyfitter_cfg.c **** 
  73:Generated_Source\PSoC4/cyfitter_cfg.c **** CY_CFG_UNUSED
  74:Generated_Source\PSoC4/cyfitter_cfg.c **** static void CYMEMZERO(void *s, size_t n);
  75:Generated_Source\PSoC4/cyfitter_cfg.c **** CY_CFG_UNUSED
  76:Generated_Source\PSoC4/cyfitter_cfg.c **** static void CYMEMZERO(void *s, size_t n)
  77:Generated_Source\PSoC4/cyfitter_cfg.c **** {
  78:Generated_Source\PSoC4/cyfitter_cfg.c **** 	(void)memset(s, 0, n);
  79:Generated_Source\PSoC4/cyfitter_cfg.c **** }
  80:Generated_Source\PSoC4/cyfitter_cfg.c **** CY_CFG_UNUSED
  81:Generated_Source\PSoC4/cyfitter_cfg.c **** static void CYCONFIGCPY(void *dest, const void *src, size_t n);
  82:Generated_Source\PSoC4/cyfitter_cfg.c **** CY_CFG_UNUSED
  83:Generated_Source\PSoC4/cyfitter_cfg.c **** static void CYCONFIGCPY(void *dest, const void *src, size_t n)
  84:Generated_Source\PSoC4/cyfitter_cfg.c **** {
  85:Generated_Source\PSoC4/cyfitter_cfg.c **** 	(void)memcpy(dest, src, n);
  86:Generated_Source\PSoC4/cyfitter_cfg.c **** }
  87:Generated_Source\PSoC4/cyfitter_cfg.c **** CY_CFG_UNUSED
  88:Generated_Source\PSoC4/cyfitter_cfg.c **** static void CYCONFIGCPYCODE(void *dest, const void *src, size_t n);
ARM GAS  C:\Users\wl\AppData\Local\Temp\ccRsapig.s 			page 3


  89:Generated_Source\PSoC4/cyfitter_cfg.c **** CY_CFG_UNUSED
  90:Generated_Source\PSoC4/cyfitter_cfg.c **** static void CYCONFIGCPYCODE(void *dest, const void *src, size_t n)
  91:Generated_Source\PSoC4/cyfitter_cfg.c **** {
  92:Generated_Source\PSoC4/cyfitter_cfg.c **** 	(void)memcpy(dest, src, n);
  93:Generated_Source\PSoC4/cyfitter_cfg.c **** }
  94:Generated_Source\PSoC4/cyfitter_cfg.c **** 
  95:Generated_Source\PSoC4/cyfitter_cfg.c **** 
  96:Generated_Source\PSoC4/cyfitter_cfg.c **** 
  97:Generated_Source\PSoC4/cyfitter_cfg.c **** 
  98:Generated_Source\PSoC4/cyfitter_cfg.c **** /* Clock startup error codes                                                   */
  99:Generated_Source\PSoC4/cyfitter_cfg.c **** #define CYCLOCKSTART_NO_ERROR    0u
 100:Generated_Source\PSoC4/cyfitter_cfg.c **** #define CYCLOCKSTART_XTAL_ERROR  1u
 101:Generated_Source\PSoC4/cyfitter_cfg.c **** #define CYCLOCKSTART_32KHZ_ERROR 2u
 102:Generated_Source\PSoC4/cyfitter_cfg.c **** #define CYCLOCKSTART_PLL_ERROR   3u
 103:Generated_Source\PSoC4/cyfitter_cfg.c **** #define CYCLOCKSTART_FLL_ERROR   4u
 104:Generated_Source\PSoC4/cyfitter_cfg.c **** #define CYCLOCKSTART_WCO_ERROR   5u
 105:Generated_Source\PSoC4/cyfitter_cfg.c **** 
 106:Generated_Source\PSoC4/cyfitter_cfg.c **** 
 107:Generated_Source\PSoC4/cyfitter_cfg.c **** #ifdef CY_NEED_CYCLOCKSTARTUPERROR
 108:Generated_Source\PSoC4/cyfitter_cfg.c **** /*******************************************************************************
 109:Generated_Source\PSoC4/cyfitter_cfg.c **** * Function Name: CyClockStartupError
 110:Generated_Source\PSoC4/cyfitter_cfg.c **** ********************************************************************************
 111:Generated_Source\PSoC4/cyfitter_cfg.c **** * Summary:
 112:Generated_Source\PSoC4/cyfitter_cfg.c **** *  If an error is encountered during clock configuration (crystal startup error,
 113:Generated_Source\PSoC4/cyfitter_cfg.c **** *  PLL lock error, etc.), the system will end up here.  Unless reimplemented by
 114:Generated_Source\PSoC4/cyfitter_cfg.c **** *  the customer, this function will stop in an infinite loop.
 115:Generated_Source\PSoC4/cyfitter_cfg.c **** *
 116:Generated_Source\PSoC4/cyfitter_cfg.c **** * Parameters:
 117:Generated_Source\PSoC4/cyfitter_cfg.c **** *   void
 118:Generated_Source\PSoC4/cyfitter_cfg.c **** *
 119:Generated_Source\PSoC4/cyfitter_cfg.c **** * Return:
 120:Generated_Source\PSoC4/cyfitter_cfg.c **** *   void
 121:Generated_Source\PSoC4/cyfitter_cfg.c **** *
 122:Generated_Source\PSoC4/cyfitter_cfg.c **** *******************************************************************************/
 123:Generated_Source\PSoC4/cyfitter_cfg.c **** CY_CFG_UNUSED
 124:Generated_Source\PSoC4/cyfitter_cfg.c **** static void CyClockStartupError(uint8 errorCode);
 125:Generated_Source\PSoC4/cyfitter_cfg.c **** CY_CFG_UNUSED
 126:Generated_Source\PSoC4/cyfitter_cfg.c **** static void CyClockStartupError(uint8 errorCode)
 127:Generated_Source\PSoC4/cyfitter_cfg.c **** {
 128:Generated_Source\PSoC4/cyfitter_cfg.c ****     /* To remove the compiler warning if errorCode not used.                */
 129:Generated_Source\PSoC4/cyfitter_cfg.c ****     errorCode = errorCode;
 130:Generated_Source\PSoC4/cyfitter_cfg.c **** 
 131:Generated_Source\PSoC4/cyfitter_cfg.c ****     /* If we have a clock startup error (bad MHz crystal, PLL lock, etc.),  */
 132:Generated_Source\PSoC4/cyfitter_cfg.c ****     /* we will end up here to allow the customer to implement something to  */
 133:Generated_Source\PSoC4/cyfitter_cfg.c ****     /* deal with the clock condition.                                       */
 134:Generated_Source\PSoC4/cyfitter_cfg.c **** 
 135:Generated_Source\PSoC4/cyfitter_cfg.c **** #ifdef CY_CFG_CLOCK_STARTUP_ERROR_CALLBACK
 136:Generated_Source\PSoC4/cyfitter_cfg.c ****     CY_CFG_Clock_Startup_ErrorCallback();
 137:Generated_Source\PSoC4/cyfitter_cfg.c **** #else
 138:Generated_Source\PSoC4/cyfitter_cfg.c ****     /*  If not using CY_CFG_CLOCK_STARTUP_ERROR_CALLBACK, place your clock startup code here. */
 139:Generated_Source\PSoC4/cyfitter_cfg.c ****     /* `#START CyClockStartupError` */
 140:Generated_Source\PSoC4/cyfitter_cfg.c **** 
 141:Generated_Source\PSoC4/cyfitter_cfg.c **** 
 142:Generated_Source\PSoC4/cyfitter_cfg.c **** 
 143:Generated_Source\PSoC4/cyfitter_cfg.c ****     /* `#END` */
 144:Generated_Source\PSoC4/cyfitter_cfg.c **** 
 145:Generated_Source\PSoC4/cyfitter_cfg.c ****     while(1) {}
ARM GAS  C:\Users\wl\AppData\Local\Temp\ccRsapig.s 			page 4


 146:Generated_Source\PSoC4/cyfitter_cfg.c **** #endif /* CY_CFG_CLOCK_STARTUP_ERROR_CALLBACK */
 147:Generated_Source\PSoC4/cyfitter_cfg.c **** }
 148:Generated_Source\PSoC4/cyfitter_cfg.c **** #endif
 149:Generated_Source\PSoC4/cyfitter_cfg.c **** 
 150:Generated_Source\PSoC4/cyfitter_cfg.c **** #define CY_CFG_BASE_ADDR_COUNT 1u
 151:Generated_Source\PSoC4/cyfitter_cfg.c **** CYPACKED typedef struct
 152:Generated_Source\PSoC4/cyfitter_cfg.c **** {
 153:Generated_Source\PSoC4/cyfitter_cfg.c **** 	uint8 offset;
 154:Generated_Source\PSoC4/cyfitter_cfg.c **** 	uint8 value;
 155:Generated_Source\PSoC4/cyfitter_cfg.c **** } CYPACKED_ATTR cy_cfg_addrvalue_t;
 156:Generated_Source\PSoC4/cyfitter_cfg.c **** 
 157:Generated_Source\PSoC4/cyfitter_cfg.c **** 
 158:Generated_Source\PSoC4/cyfitter_cfg.c **** 
 159:Generated_Source\PSoC4/cyfitter_cfg.c **** /*******************************************************************************
 160:Generated_Source\PSoC4/cyfitter_cfg.c **** * Function Name: cfg_write_bytes32
 161:Generated_Source\PSoC4/cyfitter_cfg.c **** ********************************************************************************
 162:Generated_Source\PSoC4/cyfitter_cfg.c **** * Summary:
 163:Generated_Source\PSoC4/cyfitter_cfg.c **** *  This function is used for setting up the chip configuration areas that
 164:Generated_Source\PSoC4/cyfitter_cfg.c **** *  contain relatively sparse data.
 165:Generated_Source\PSoC4/cyfitter_cfg.c **** *
 166:Generated_Source\PSoC4/cyfitter_cfg.c **** * Parameters:
 167:Generated_Source\PSoC4/cyfitter_cfg.c **** *   void
 168:Generated_Source\PSoC4/cyfitter_cfg.c **** *
 169:Generated_Source\PSoC4/cyfitter_cfg.c **** * Return:
 170:Generated_Source\PSoC4/cyfitter_cfg.c **** *   void
 171:Generated_Source\PSoC4/cyfitter_cfg.c **** *
 172:Generated_Source\PSoC4/cyfitter_cfg.c **** *******************************************************************************/
 173:Generated_Source\PSoC4/cyfitter_cfg.c **** static void cfg_write_bytes32(const uint32 addr_table[], const cy_cfg_addrvalue_t data_table[]);
 174:Generated_Source\PSoC4/cyfitter_cfg.c **** static void cfg_write_bytes32(const uint32 addr_table[], const cy_cfg_addrvalue_t data_table[])
 175:Generated_Source\PSoC4/cyfitter_cfg.c **** {
  27              		.loc 1 175 0
  28              		.cfi_startproc
  29              		@ args = 0, pretend = 0, frame = 0
  30              		@ frame_needed = 0, uses_anonymous_args = 0
  31              	.LVL0:
  32 0000 F0B5     		push	{r4, r5, r6, r7, lr}
  33              		.cfi_def_cfa_offset 20
  34              		.cfi_offset 4, -20
  35              		.cfi_offset 5, -16
  36              		.cfi_offset 6, -12
  37              		.cfi_offset 7, -8
  38              		.cfi_offset 14, -4
  39              	.LVL1:
 176:Generated_Source\PSoC4/cyfitter_cfg.c **** 	/* For 32-bit little-endian architectures */
 177:Generated_Source\PSoC4/cyfitter_cfg.c **** 	uint32 i, j = 0u;
  40              		.loc 1 177 0
  41 0002 0025     		movs	r5, #0
 178:Generated_Source\PSoC4/cyfitter_cfg.c **** 	for (i = 0u; i < CY_CFG_BASE_ADDR_COUNT; i++)
  42              		.loc 1 178 0
  43 0004 0027     		movs	r7, #0
  44 0006 11E0     		b	.L2
  45              	.LVL2:
  46              	.L5:
  47              	.LBB2:
 179:Generated_Source\PSoC4/cyfitter_cfg.c **** 	{
 180:Generated_Source\PSoC4/cyfitter_cfg.c **** 		uint32 baseAddr = addr_table[i];
  48              		.loc 1 180 0
ARM GAS  C:\Users\wl\AppData\Local\Temp\ccRsapig.s 			page 5


  49 0008 BB00     		lsls	r3, r7, #2
  50 000a C658     		ldr	r6, [r0, r3]
  51              	.LVL3:
 181:Generated_Source\PSoC4/cyfitter_cfg.c **** 		uint8 count = (uint8)baseAddr;
  52              		.loc 1 181 0
  53 000c F3B2     		uxtb	r3, r6
  54              	.LVL4:
 182:Generated_Source\PSoC4/cyfitter_cfg.c **** 		baseAddr &= 0xFFFFFF00u;
  55              		.loc 1 182 0
  56 000e FF22     		movs	r2, #255
  57 0010 9643     		bics	r6, r2
  58              	.LVL5:
 183:Generated_Source\PSoC4/cyfitter_cfg.c **** 		while (count != 0u)
  59              		.loc 1 183 0
  60 0012 08E0     		b	.L3
  61              	.L4:
 184:Generated_Source\PSoC4/cyfitter_cfg.c **** 		{
 185:Generated_Source\PSoC4/cyfitter_cfg.c **** 			CY_SET_REG8((void *)(baseAddr + data_table[j].offset), data_table[j].value);
  62              		.loc 1 185 0
  63 0014 6A00     		lsls	r2, r5, #1
  64 0016 8A18     		adds	r2, r1, r2
  65 0018 1478     		ldrb	r4, [r2]
  66 001a A419     		adds	r4, r4, r6
  67 001c 5278     		ldrb	r2, [r2, #1]
  68 001e 2270     		strb	r2, [r4]
 186:Generated_Source\PSoC4/cyfitter_cfg.c **** 			j++;
  69              		.loc 1 186 0
  70 0020 0135     		adds	r5, r5, #1
  71              	.LVL6:
 187:Generated_Source\PSoC4/cyfitter_cfg.c **** 			count--;
  72              		.loc 1 187 0
  73 0022 013B     		subs	r3, r3, #1
  74              	.LVL7:
  75 0024 DBB2     		uxtb	r3, r3
  76              	.LVL8:
  77              	.L3:
 183:Generated_Source\PSoC4/cyfitter_cfg.c **** 		{
  78              		.loc 1 183 0
  79 0026 002B     		cmp	r3, #0
  80 0028 F4D1     		bne	.L4
  81              	.LBE2:
 178:Generated_Source\PSoC4/cyfitter_cfg.c **** 	{
  82              		.loc 1 178 0 discriminator 2
  83 002a 0137     		adds	r7, r7, #1
  84              	.LVL9:
  85              	.L2:
 178:Generated_Source\PSoC4/cyfitter_cfg.c **** 	{
  86              		.loc 1 178 0 is_stmt 0 discriminator 1
  87 002c 002F     		cmp	r7, #0
  88 002e EBD0     		beq	.L5
 188:Generated_Source\PSoC4/cyfitter_cfg.c **** 		}
 189:Generated_Source\PSoC4/cyfitter_cfg.c **** 	}
 190:Generated_Source\PSoC4/cyfitter_cfg.c **** }
  89              		.loc 1 190 0 is_stmt 1
  90              		@ sp needed
  91              	.LVL10:
  92              	.LVL11:
ARM GAS  C:\Users\wl\AppData\Local\Temp\ccRsapig.s 			page 6


  93 0030 F0BD     		pop	{r4, r5, r6, r7, pc}
  94              		.cfi_endproc
  95              	.LFE5:
  96              		.size	cfg_write_bytes32, .-cfg_write_bytes32
  97 0032 C046     		.section	.text.AnalogSetDefault,"ax",%progbits
  98              		.align	2
  99              		.code	16
 100              		.thumb_func
 101              		.type	AnalogSetDefault, %function
 102              	AnalogSetDefault:
 103              	.LFB7:
 191:Generated_Source\PSoC4/cyfitter_cfg.c **** 
 192:Generated_Source\PSoC4/cyfitter_cfg.c **** 
 193:Generated_Source\PSoC4/cyfitter_cfg.c **** /*******************************************************************************
 194:Generated_Source\PSoC4/cyfitter_cfg.c **** * Function Name: ClockSetup
 195:Generated_Source\PSoC4/cyfitter_cfg.c **** ********************************************************************************
 196:Generated_Source\PSoC4/cyfitter_cfg.c **** *
 197:Generated_Source\PSoC4/cyfitter_cfg.c **** * Summary:
 198:Generated_Source\PSoC4/cyfitter_cfg.c **** *   Performs the initialization of all of the clocks in the device based on the
 199:Generated_Source\PSoC4/cyfitter_cfg.c **** *   settings in the Clock tab of the DWR.  This includes enabling the requested
 200:Generated_Source\PSoC4/cyfitter_cfg.c **** *   clocks and setting the necessary dividers to produce the desired frequency. 
 201:Generated_Source\PSoC4/cyfitter_cfg.c **** *
 202:Generated_Source\PSoC4/cyfitter_cfg.c **** * Parameters:
 203:Generated_Source\PSoC4/cyfitter_cfg.c **** *   void
 204:Generated_Source\PSoC4/cyfitter_cfg.c **** *
 205:Generated_Source\PSoC4/cyfitter_cfg.c **** * Return:
 206:Generated_Source\PSoC4/cyfitter_cfg.c **** *   void
 207:Generated_Source\PSoC4/cyfitter_cfg.c **** *
 208:Generated_Source\PSoC4/cyfitter_cfg.c **** *******************************************************************************/
 209:Generated_Source\PSoC4/cyfitter_cfg.c **** static void ClockSetup(void);
 210:Generated_Source\PSoC4/cyfitter_cfg.c **** CY_CFG_SECTION
 211:Generated_Source\PSoC4/cyfitter_cfg.c **** static void ClockSetup(void)
 212:Generated_Source\PSoC4/cyfitter_cfg.c **** {
 213:Generated_Source\PSoC4/cyfitter_cfg.c **** 
 214:Generated_Source\PSoC4/cyfitter_cfg.c **** 	/* Set Flash Cycles based on max possible frequency in case a glitch occurs during ClockSetup(). *
 215:Generated_Source\PSoC4/cyfitter_cfg.c **** 	CY_SET_REG32((void CYXDATA *)(CYREG_CPUSS_FLASH_CTL), (0x0012u));
 216:Generated_Source\PSoC4/cyfitter_cfg.c **** 
 217:Generated_Source\PSoC4/cyfitter_cfg.c **** 	/* Start the WCO */
 218:Generated_Source\PSoC4/cyfitter_cfg.c **** 	CySysClkWcoStart();
 219:Generated_Source\PSoC4/cyfitter_cfg.c **** 	CyDelayCycles(12000000u); /* WCO may take up to 500ms to start */
 220:Generated_Source\PSoC4/cyfitter_cfg.c **** 	(void)CySysClkWcoSetPowerMode(CY_SYS_CLK_WCO_LPM);    /* Switch to the low power mode */
 221:Generated_Source\PSoC4/cyfitter_cfg.c **** 
 222:Generated_Source\PSoC4/cyfitter_cfg.c **** 	/* Setup and trim IMO based on desired frequency. */
 223:Generated_Source\PSoC4/cyfitter_cfg.c **** 	CySysClkWriteImoFreq(48u);
 224:Generated_Source\PSoC4/cyfitter_cfg.c **** 	/* CYDEV_CLK_ILO_CONFIG Starting address: CYDEV_CLK_ILO_CONFIG */
 225:Generated_Source\PSoC4/cyfitter_cfg.c **** 	CY_SET_REG32((void *)(CYREG_CLK_ILO_CONFIG), 0x80000006u);
 226:Generated_Source\PSoC4/cyfitter_cfg.c **** 
 227:Generated_Source\PSoC4/cyfitter_cfg.c **** 	/* CYDEV_WDT_CONFIG Starting address: CYDEV_WDT_CONFIG */
 228:Generated_Source\PSoC4/cyfitter_cfg.c **** 	CY_SET_REG32((void *)(CYREG_WDT_CONFIG), 0x40000000u);
 229:Generated_Source\PSoC4/cyfitter_cfg.c **** 
 230:Generated_Source\PSoC4/cyfitter_cfg.c **** 
 231:Generated_Source\PSoC4/cyfitter_cfg.c **** 	/* Enable fast start mode for XO */
 232:Generated_Source\PSoC4/cyfitter_cfg.c **** 	CY_SET_REG32((void*)CYREG_BLE_BLERD_BB_XO, CY_GET_REG32((void*)CYREG_BLE_BLERD_BB_XO) | (uint32)0x
 233:Generated_Source\PSoC4/cyfitter_cfg.c **** 	CY_SET_REG32((void *)(CYREG_BLE_BLERD_BB_XO_CAPTRIM), 0x00003E2Du);
 234:Generated_Source\PSoC4/cyfitter_cfg.c **** 	/*Set XTAL(ECO) divider*/
 235:Generated_Source\PSoC4/cyfitter_cfg.c **** 	CY_SET_REG32((void *)(CYREG_BLE_BLESS_XTAL_CLK_DIV_CONFIG), 0x00000000u);
 236:Generated_Source\PSoC4/cyfitter_cfg.c **** 	/* Disable Crystal Stable Interrupt before enabling ECO */
ARM GAS  C:\Users\wl\AppData\Local\Temp\ccRsapig.s 			page 7


 237:Generated_Source\PSoC4/cyfitter_cfg.c **** 	CY_SET_REG32((void*)CYREG_BLE_BLESS_LL_DSM_CTRL, CY_GET_REG32((void*)CYREG_BLE_BLESS_LL_DSM_CTRL) 
 238:Generated_Source\PSoC4/cyfitter_cfg.c **** 	/* Start the ECO and do not check status since it is not needed for HFCLK */
 239:Generated_Source\PSoC4/cyfitter_cfg.c **** 	(void)CySysClkEcoStart(2000u);
 240:Generated_Source\PSoC4/cyfitter_cfg.c **** 	CyDelayUs(1500u); /* Wait to stabilize */
 241:Generated_Source\PSoC4/cyfitter_cfg.c **** 
 242:Generated_Source\PSoC4/cyfitter_cfg.c **** 	/* Setup phase aligned clocks */
 243:Generated_Source\PSoC4/cyfitter_cfg.c **** 	CY_SET_REG32((void *)CYREG_PERI_DIV_16_CTL0, 0x00000300u);
 244:Generated_Source\PSoC4/cyfitter_cfg.c **** 	CY_SET_REG32((void *)CYREG_PERI_DIV_CMD, 0x8000FF40u);
 245:Generated_Source\PSoC4/cyfitter_cfg.c **** 
 246:Generated_Source\PSoC4/cyfitter_cfg.c **** 	/* CYDEV_CLK_IMO_CONFIG Starting address: CYDEV_CLK_IMO_CONFIG */
 247:Generated_Source\PSoC4/cyfitter_cfg.c **** 	CY_SET_REG32((void *)(CYREG_CLK_IMO_CONFIG), 0x80000000u);
 248:Generated_Source\PSoC4/cyfitter_cfg.c **** 
 249:Generated_Source\PSoC4/cyfitter_cfg.c **** 	/* CYDEV_CLK_SELECT Starting address: CYDEV_CLK_SELECT */
 250:Generated_Source\PSoC4/cyfitter_cfg.c **** 	CY_SET_REG32((void *)(CYREG_CLK_SELECT), 0x00040000u);
 251:Generated_Source\PSoC4/cyfitter_cfg.c **** 
 252:Generated_Source\PSoC4/cyfitter_cfg.c **** 	/* CYDEV_PERI_PCLK_CTL7 Starting address: CYDEV_PERI_PCLK_CTL7 */
 253:Generated_Source\PSoC4/cyfitter_cfg.c **** 	CY_SET_REG32((void *)(CYREG_PERI_PCLK_CTL7), 0x00000040u);
 254:Generated_Source\PSoC4/cyfitter_cfg.c **** 
 255:Generated_Source\PSoC4/cyfitter_cfg.c **** 	(void)CyIntSetVector(8u, &CySysWdtIsr);
 256:Generated_Source\PSoC4/cyfitter_cfg.c **** 	CyIntEnable(8u);
 257:Generated_Source\PSoC4/cyfitter_cfg.c **** 	CY_SET_REG32((void *)(CYREG_WDT_CONFIG), 0x40000000u);
 258:Generated_Source\PSoC4/cyfitter_cfg.c **** }
 259:Generated_Source\PSoC4/cyfitter_cfg.c **** 
 260:Generated_Source\PSoC4/cyfitter_cfg.c **** 
 261:Generated_Source\PSoC4/cyfitter_cfg.c **** /* Analog API Functions */
 262:Generated_Source\PSoC4/cyfitter_cfg.c **** 
 263:Generated_Source\PSoC4/cyfitter_cfg.c **** 
 264:Generated_Source\PSoC4/cyfitter_cfg.c **** /*******************************************************************************
 265:Generated_Source\PSoC4/cyfitter_cfg.c **** * Function Name: AnalogSetDefault
 266:Generated_Source\PSoC4/cyfitter_cfg.c **** ********************************************************************************
 267:Generated_Source\PSoC4/cyfitter_cfg.c **** *
 268:Generated_Source\PSoC4/cyfitter_cfg.c **** * Summary:
 269:Generated_Source\PSoC4/cyfitter_cfg.c **** *  Sets up the analog portions of the chip to default values based on chip
 270:Generated_Source\PSoC4/cyfitter_cfg.c **** *  configuration options from the project.
 271:Generated_Source\PSoC4/cyfitter_cfg.c **** *
 272:Generated_Source\PSoC4/cyfitter_cfg.c **** * Parameters:
 273:Generated_Source\PSoC4/cyfitter_cfg.c **** *  void
 274:Generated_Source\PSoC4/cyfitter_cfg.c **** *
 275:Generated_Source\PSoC4/cyfitter_cfg.c **** * Return:
 276:Generated_Source\PSoC4/cyfitter_cfg.c **** *  void
 277:Generated_Source\PSoC4/cyfitter_cfg.c **** *
 278:Generated_Source\PSoC4/cyfitter_cfg.c **** *******************************************************************************/
 279:Generated_Source\PSoC4/cyfitter_cfg.c **** static void AnalogSetDefault(void);
 280:Generated_Source\PSoC4/cyfitter_cfg.c **** static void AnalogSetDefault(void)
 281:Generated_Source\PSoC4/cyfitter_cfg.c **** {
 104              		.loc 1 281 0
 105              		.cfi_startproc
 106              		@ args = 0, pretend = 0, frame = 0
 107              		@ frame_needed = 0, uses_anonymous_args = 0
 108              		@ link register save eliminated.
 282:Generated_Source\PSoC4/cyfitter_cfg.c **** 	CY_SET_XTND_REG32((void CYFAR *)CYREG_CTBM0_DFT_CTRL, 0x00000003u);
 109              		.loc 1 282 0
 110 0000 0323     		movs	r3, #3
 111 0002 044A     		ldr	r2, .L7
 112 0004 1360     		str	r3, [r2]
 283:Generated_Source\PSoC4/cyfitter_cfg.c **** 	CY_SET_XTND_REG32((void CYFAR *)CYREG_CTBM1_DFT_CTRL, 0x00000003u);
 113              		.loc 1 283 0
ARM GAS  C:\Users\wl\AppData\Local\Temp\ccRsapig.s 			page 8


 114 0006 044A     		ldr	r2, .L7+4
 115 0008 1360     		str	r3, [r2]
 284:Generated_Source\PSoC4/cyfitter_cfg.c **** 	CY_SET_XTND_REG32((void CYFAR *)CYREG_PASS_DSAB_DSAB_CTRL, 0x00000000u);
 116              		.loc 1 284 0
 117 000a 0022     		movs	r2, #0
 118 000c 034B     		ldr	r3, .L7+8
 119 000e 1A60     		str	r2, [r3]
 285:Generated_Source\PSoC4/cyfitter_cfg.c **** }
 120              		.loc 1 285 0
 121              		@ sp needed
 122 0010 7047     		bx	lr
 123              	.L8:
 124 0012 C046     		.align	2
 125              	.L7:
 126 0014 30003040 		.word	1076887600
 127 0018 30003140 		.word	1076953136
 128 001c 000E3F40 		.word	1077874176
 129              		.cfi_endproc
 130              	.LFE7:
 131              		.size	AnalogSetDefault, .-AnalogSetDefault
 132              		.section	.text.CYMEMZERO,"ax",%progbits
 133              		.align	2
 134              		.code	16
 135              		.thumb_func
 136              		.type	CYMEMZERO, %function
 137              	CYMEMZERO:
 138              	.LFB2:
  77:Generated_Source\PSoC4/cyfitter_cfg.c **** 	(void)memset(s, 0, n);
 139              		.loc 1 77 0
 140              		.cfi_startproc
 141              		@ args = 0, pretend = 0, frame = 0
 142              		@ frame_needed = 0, uses_anonymous_args = 0
 143              	.LVL12:
 144 0000 10B5     		push	{r4, lr}
 145              		.cfi_def_cfa_offset 8
 146              		.cfi_offset 4, -8
 147              		.cfi_offset 14, -4
 148 0002 0A00     		movs	r2, r1
  78:Generated_Source\PSoC4/cyfitter_cfg.c **** }
 149              		.loc 1 78 0
 150 0004 0021     		movs	r1, #0
 151              	.LVL13:
 152 0006 FFF7FEFF 		bl	memset
 153              	.LVL14:
  79:Generated_Source\PSoC4/cyfitter_cfg.c **** CY_CFG_UNUSED
 154              		.loc 1 79 0
 155              		@ sp needed
 156 000a 10BD     		pop	{r4, pc}
 157              		.cfi_endproc
 158              	.LFE2:
 159              		.size	CYMEMZERO, .-CYMEMZERO
 160              		.section	.psocinit,"ax",%progbits
 161              		.align	2
 162              		.code	16
 163              		.thumb_func
 164              		.type	ClockSetup, %function
 165              	ClockSetup:
ARM GAS  C:\Users\wl\AppData\Local\Temp\ccRsapig.s 			page 9


 166              	.LFB6:
 212:Generated_Source\PSoC4/cyfitter_cfg.c **** 
 167              		.loc 1 212 0
 168              		.cfi_startproc
 169              		@ args = 0, pretend = 0, frame = 0
 170              		@ frame_needed = 0, uses_anonymous_args = 0
 171 0000 70B5     		push	{r4, r5, r6, lr}
 172              		.cfi_def_cfa_offset 16
 173              		.cfi_offset 4, -16
 174              		.cfi_offset 5, -12
 175              		.cfi_offset 6, -8
 176              		.cfi_offset 14, -4
 215:Generated_Source\PSoC4/cyfitter_cfg.c **** 
 177              		.loc 1 215 0
 178 0002 1222     		movs	r2, #18
 179 0004 224B     		ldr	r3, .L11
 180 0006 1A60     		str	r2, [r3]
 218:Generated_Source\PSoC4/cyfitter_cfg.c **** 	CyDelayCycles(12000000u); /* WCO may take up to 500ms to start */
 181              		.loc 1 218 0
 182 0008 FFF7FEFF 		bl	CySysClkWcoStart
 183              	.LVL15:
 219:Generated_Source\PSoC4/cyfitter_cfg.c **** 	(void)CySysClkWcoSetPowerMode(CY_SYS_CLK_WCO_LPM);    /* Switch to the low power mode */
 184              		.loc 1 219 0
 185 000c 2148     		ldr	r0, .L11+4
 186 000e FFF7FEFF 		bl	CyDelayCycles
 187              	.LVL16:
 220:Generated_Source\PSoC4/cyfitter_cfg.c **** 
 188              		.loc 1 220 0
 189 0012 0120     		movs	r0, #1
 190 0014 FFF7FEFF 		bl	CySysClkWcoSetPowerMode
 191              	.LVL17:
 223:Generated_Source\PSoC4/cyfitter_cfg.c **** 	/* CYDEV_CLK_ILO_CONFIG Starting address: CYDEV_CLK_ILO_CONFIG */
 192              		.loc 1 223 0
 193 0018 3020     		movs	r0, #48
 194 001a FFF7FEFF 		bl	CySysClkWriteImoFreq
 195              	.LVL18:
 225:Generated_Source\PSoC4/cyfitter_cfg.c **** 
 196              		.loc 1 225 0
 197 001e 1E4A     		ldr	r2, .L11+8
 198 0020 1E4B     		ldr	r3, .L11+12
 199 0022 1A60     		str	r2, [r3]
 228:Generated_Source\PSoC4/cyfitter_cfg.c **** 
 200              		.loc 1 228 0
 201 0024 1E4C     		ldr	r4, .L11+16
 202 0026 8025     		movs	r5, #128
 203 0028 ED05     		lsls	r5, r5, #23
 204 002a 2560     		str	r5, [r4]
 232:Generated_Source\PSoC4/cyfitter_cfg.c **** 	CY_SET_REG32((void *)(CYREG_BLE_BLERD_BB_XO_CAPTRIM), 0x00003E2Du);
 205              		.loc 1 232 0
 206 002c 1D4A     		ldr	r2, .L11+20
 207 002e 1168     		ldr	r1, [r2]
 208 0030 0223     		movs	r3, #2
 209 0032 0B43     		orrs	r3, r1
 210 0034 1360     		str	r3, [r2]
 233:Generated_Source\PSoC4/cyfitter_cfg.c **** 	/*Set XTAL(ECO) divider*/
 211              		.loc 1 233 0
 212 0036 1C4A     		ldr	r2, .L11+24
ARM GAS  C:\Users\wl\AppData\Local\Temp\ccRsapig.s 			page 10


 213 0038 1C4B     		ldr	r3, .L11+28
 214 003a 1A60     		str	r2, [r3]
 235:Generated_Source\PSoC4/cyfitter_cfg.c **** 	/* Disable Crystal Stable Interrupt before enabling ECO */
 215              		.loc 1 235 0
 216 003c 0022     		movs	r2, #0
 217 003e 1C4B     		ldr	r3, .L11+32
 218 0040 1A60     		str	r2, [r3]
 237:Generated_Source\PSoC4/cyfitter_cfg.c **** 	/* Start the ECO and do not check status since it is not needed for HFCLK */
 219              		.loc 1 237 0
 220 0042 1C4A     		ldr	r2, .L11+36
 221 0044 1368     		ldr	r3, [r2]
 222 0046 0821     		movs	r1, #8
 223 0048 8B43     		bics	r3, r1
 224 004a 1360     		str	r3, [r2]
 239:Generated_Source\PSoC4/cyfitter_cfg.c **** 	CyDelayUs(1500u); /* Wait to stabilize */
 225              		.loc 1 239 0
 226 004c FA20     		movs	r0, #250
 227 004e C000     		lsls	r0, r0, #3
 228 0050 FFF7FEFF 		bl	CySysClkEcoStart
 229              	.LVL19:
 240:Generated_Source\PSoC4/cyfitter_cfg.c **** 
 230              		.loc 1 240 0
 231 0054 1848     		ldr	r0, .L11+40
 232 0056 FFF7FEFF 		bl	CyDelayUs
 233              	.LVL20:
 243:Generated_Source\PSoC4/cyfitter_cfg.c **** 	CY_SET_REG32((void *)CYREG_PERI_DIV_CMD, 0x8000FF40u);
 234              		.loc 1 243 0
 235 005a C022     		movs	r2, #192
 236 005c 9200     		lsls	r2, r2, #2
 237 005e 174B     		ldr	r3, .L11+44
 238 0060 1A60     		str	r2, [r3]
 244:Generated_Source\PSoC4/cyfitter_cfg.c **** 
 239              		.loc 1 244 0
 240 0062 174A     		ldr	r2, .L11+48
 241 0064 174B     		ldr	r3, .L11+52
 242 0066 1A60     		str	r2, [r3]
 247:Generated_Source\PSoC4/cyfitter_cfg.c **** 
 243              		.loc 1 247 0
 244 0068 8022     		movs	r2, #128
 245 006a 1206     		lsls	r2, r2, #24
 246 006c 164B     		ldr	r3, .L11+56
 247 006e 1A60     		str	r2, [r3]
 250:Generated_Source\PSoC4/cyfitter_cfg.c **** 
 248              		.loc 1 250 0
 249 0070 8022     		movs	r2, #128
 250 0072 D202     		lsls	r2, r2, #11
 251 0074 154B     		ldr	r3, .L11+60
 252 0076 1A60     		str	r2, [r3]
 253:Generated_Source\PSoC4/cyfitter_cfg.c **** 
 253              		.loc 1 253 0
 254 0078 4022     		movs	r2, #64
 255 007a 154B     		ldr	r3, .L11+64
 256 007c 1A60     		str	r2, [r3]
 255:Generated_Source\PSoC4/cyfitter_cfg.c **** 	CyIntEnable(8u);
 257              		.loc 1 255 0
 258 007e 1549     		ldr	r1, .L11+68
 259 0080 0820     		movs	r0, #8
ARM GAS  C:\Users\wl\AppData\Local\Temp\ccRsapig.s 			page 11


 260 0082 FFF7FEFF 		bl	CyIntSetVector
 261              	.LVL21:
 256:Generated_Source\PSoC4/cyfitter_cfg.c **** 	CY_SET_REG32((void *)(CYREG_WDT_CONFIG), 0x40000000u);
 262              		.loc 1 256 0
 263 0086 0820     		movs	r0, #8
 264 0088 FFF7FEFF 		bl	CyIntEnable
 265              	.LVL22:
 257:Generated_Source\PSoC4/cyfitter_cfg.c **** }
 266              		.loc 1 257 0
 267 008c 2560     		str	r5, [r4]
 258:Generated_Source\PSoC4/cyfitter_cfg.c **** 
 268              		.loc 1 258 0
 269              		@ sp needed
 270 008e 70BD     		pop	{r4, r5, r6, pc}
 271              	.L12:
 272              		.align	2
 273              	.L11:
 274 0090 30001040 		.word	1074790448
 275 0094 001BB700 		.word	12000000
 276 0098 06000080 		.word	-2147483642
 277 009c 04010B40 		.word	1074462980
 278 00a0 0C020B40 		.word	1074463244
 279 00a4 78002E40 		.word	1076756600
 280 00a8 2D3E0000 		.word	15917
 281 00ac 7C002E40 		.word	1076756604
 282 00b0 64F02E40 		.word	1076818020
 283 00b4 6CF02E40 		.word	1076818028
 284 00b8 DC050000 		.word	1500
 285 00bc 00030140 		.word	1073808128
 286 00c0 40FF0080 		.word	-2147418304
 287 00c4 00000140 		.word	1073807360
 288 00c8 08010B40 		.word	1074462984
 289 00cc 00010B40 		.word	1074462976
 290 00d0 1C010140 		.word	1073807644
 291 00d4 00000000 		.word	CySysWdtIsr
 292              		.cfi_endproc
 293              	.LFE6:
 294              		.size	ClockSetup, .-ClockSetup
 295              		.align	2
 296              		.global	cyfitter_cfg
 297              		.code	16
 298              		.thumb_func
 299              		.type	cyfitter_cfg, %function
 300              	cyfitter_cfg:
 301              	.LFB8:
 286:Generated_Source\PSoC4/cyfitter_cfg.c **** 
 287:Generated_Source\PSoC4/cyfitter_cfg.c **** 
 288:Generated_Source\PSoC4/cyfitter_cfg.c **** 
 289:Generated_Source\PSoC4/cyfitter_cfg.c **** 
 290:Generated_Source\PSoC4/cyfitter_cfg.c **** /*******************************************************************************
 291:Generated_Source\PSoC4/cyfitter_cfg.c **** * Function Name: cyfitter_cfg
 292:Generated_Source\PSoC4/cyfitter_cfg.c **** ********************************************************************************
 293:Generated_Source\PSoC4/cyfitter_cfg.c **** * Summary:
 294:Generated_Source\PSoC4/cyfitter_cfg.c **** *  This function is called by the start-up code for the selected device. It
 295:Generated_Source\PSoC4/cyfitter_cfg.c **** *  performs all of the necessary device configuration based on the design
 296:Generated_Source\PSoC4/cyfitter_cfg.c **** *  settings.  This includes settings from the Design Wide Resources (DWR) such
 297:Generated_Source\PSoC4/cyfitter_cfg.c **** *  as Clocks and Pins as well as any component configuration that is necessary.
ARM GAS  C:\Users\wl\AppData\Local\Temp\ccRsapig.s 			page 12


 298:Generated_Source\PSoC4/cyfitter_cfg.c **** *
 299:Generated_Source\PSoC4/cyfitter_cfg.c **** * Parameters:
 300:Generated_Source\PSoC4/cyfitter_cfg.c **** *   void
 301:Generated_Source\PSoC4/cyfitter_cfg.c **** *
 302:Generated_Source\PSoC4/cyfitter_cfg.c **** * Return:
 303:Generated_Source\PSoC4/cyfitter_cfg.c **** *   void
 304:Generated_Source\PSoC4/cyfitter_cfg.c **** *
 305:Generated_Source\PSoC4/cyfitter_cfg.c **** *******************************************************************************/
 306:Generated_Source\PSoC4/cyfitter_cfg.c **** CY_CFG_SECTION
 307:Generated_Source\PSoC4/cyfitter_cfg.c **** void cyfitter_cfg(void)
 308:Generated_Source\PSoC4/cyfitter_cfg.c **** {
 302              		.loc 1 308 0
 303              		.cfi_startproc
 304              		@ args = 0, pretend = 0, frame = 0
 305              		@ frame_needed = 0, uses_anonymous_args = 0
 306 00d8 10B5     		push	{r4, lr}
 307              		.cfi_def_cfa_offset 8
 308              		.cfi_offset 4, -8
 309              		.cfi_offset 14, -4
 309:Generated_Source\PSoC4/cyfitter_cfg.c **** 	/* Disable interrupts by default. Let user enable if/when they want. */
 310:Generated_Source\PSoC4/cyfitter_cfg.c **** 	CyGlobalIntDisable;
 310              		.loc 1 310 0
 311              		.syntax divided
 312              	@ 310 "Generated_Source\PSoC4\cyfitter_cfg.c" 1
 313 00da 72B6     		CPSID   i
 314              	@ 0 "" 2
 311:Generated_Source\PSoC4/cyfitter_cfg.c **** 
 312:Generated_Source\PSoC4/cyfitter_cfg.c **** 	CY_SET_REG32((void *)(CYREG_BLE_BLESS_LL_DSM_CTRL), 0x00000000u);
 315              		.loc 1 312 0
 316              		.thumb
 317              		.syntax unified
 318 00dc 0022     		movs	r2, #0
 319 00de 224B     		ldr	r3, .L16
 320 00e0 1A60     		str	r2, [r3]
 321              	.LVL23:
 322              	.LBB3:
 313:Generated_Source\PSoC4/cyfitter_cfg.c **** 
 314:Generated_Source\PSoC4/cyfitter_cfg.c **** 	{
 315:Generated_Source\PSoC4/cyfitter_cfg.c **** 		static const uint32 CYCODE cy_cfg_addr_table[] = {
 316:Generated_Source\PSoC4/cyfitter_cfg.c **** 			0x400F4204u, /* Base address: 0x400F4200 Count: 4 */
 317:Generated_Source\PSoC4/cyfitter_cfg.c **** 		};
 318:Generated_Source\PSoC4/cyfitter_cfg.c **** 
 319:Generated_Source\PSoC4/cyfitter_cfg.c **** 		static const cy_cfg_addrvalue_t CYCODE cy_cfg_data_table[] = {
 320:Generated_Source\PSoC4/cyfitter_cfg.c **** 			{0x0Eu, 0x01u},
 321:Generated_Source\PSoC4/cyfitter_cfg.c **** 			{0x3Eu, 0x01u},
 322:Generated_Source\PSoC4/cyfitter_cfg.c **** 			{0xC2u, 0x01u},
 323:Generated_Source\PSoC4/cyfitter_cfg.c **** 			{0xCEu, 0x01u},
 324:Generated_Source\PSoC4/cyfitter_cfg.c **** 		};
 325:Generated_Source\PSoC4/cyfitter_cfg.c **** 
 326:Generated_Source\PSoC4/cyfitter_cfg.c **** 
 327:Generated_Source\PSoC4/cyfitter_cfg.c **** 
 328:Generated_Source\PSoC4/cyfitter_cfg.c **** 		CYPACKED typedef struct {
 329:Generated_Source\PSoC4/cyfitter_cfg.c **** 			void CYFAR *address;
 330:Generated_Source\PSoC4/cyfitter_cfg.c **** 			uint16 size;
 331:Generated_Source\PSoC4/cyfitter_cfg.c **** 		} CYPACKED_ATTR cfg_memset_t;
 332:Generated_Source\PSoC4/cyfitter_cfg.c **** 
 333:Generated_Source\PSoC4/cyfitter_cfg.c **** 		static const cfg_memset_t CYCODE cfg_memset_list[] = {
ARM GAS  C:\Users\wl\AppData\Local\Temp\ccRsapig.s 			page 13


 334:Generated_Source\PSoC4/cyfitter_cfg.c **** 			/* address, size */
 335:Generated_Source\PSoC4/cyfitter_cfg.c **** 			{(void CYFAR *)(CYDEV_UDB_P0_U0_BASE), 1024u},
 336:Generated_Source\PSoC4/cyfitter_cfg.c **** 			{(void CYFAR *)(CYDEV_UDB_DSI0_BASE), 1024u},
 337:Generated_Source\PSoC4/cyfitter_cfg.c **** 		};
 338:Generated_Source\PSoC4/cyfitter_cfg.c **** 
 339:Generated_Source\PSoC4/cyfitter_cfg.c **** 		uint8 CYDATA i;
 340:Generated_Source\PSoC4/cyfitter_cfg.c **** 
 341:Generated_Source\PSoC4/cyfitter_cfg.c **** 		/* Zero out critical memory blocks before beginning configuration */
 342:Generated_Source\PSoC4/cyfitter_cfg.c **** 		for (i = 0u; i < (sizeof(cfg_memset_list)/sizeof(cfg_memset_list[0])); i++)
 323              		.loc 1 342 0
 324 00e2 0024     		movs	r4, #0
 325 00e4 0FE0     		b	.L14
 326              	.LVL24:
 327              	.L15:
 328              	.LBB4:
 343:Generated_Source\PSoC4/cyfitter_cfg.c **** 		{
 344:Generated_Source\PSoC4/cyfitter_cfg.c **** 			const cfg_memset_t CYCODE * CYDATA ms = &cfg_memset_list[i];
 345:Generated_Source\PSoC4/cyfitter_cfg.c **** 			CYMEMZERO(ms->address, (size_t)(uint32)(ms->size));
 329              		.loc 1 345 0 discriminator 3
 330 00e6 2148     		ldr	r0, .L16+4
 331 00e8 6200     		lsls	r2, r4, #1
 332 00ea 1319     		adds	r3, r2, r4
 333 00ec 5900     		lsls	r1, r3, #1
 334 00ee 0B00     		movs	r3, r1
 335 00f0 4118     		adds	r1, r0, r1
 336 00f2 8988     		ldrh	r1, [r1, #4]
 337 00f4 1A5A     		ldrh	r2, [r3, r0]
 338 00f6 C318     		adds	r3, r0, r3
 339 00f8 5888     		ldrh	r0, [r3, #2]
 340 00fa 0004     		lsls	r0, r0, #16
 341 00fc 1043     		orrs	r0, r2
 342 00fe FFF7FEFF 		bl	CYMEMZERO
 343              	.LVL25:
 344              	.LBE4:
 342:Generated_Source\PSoC4/cyfitter_cfg.c **** 		{
 345              		.loc 1 342 0 discriminator 3
 346 0102 0134     		adds	r4, r4, #1
 347              	.LVL26:
 348 0104 E4B2     		uxtb	r4, r4
 349              	.LVL27:
 350              	.L14:
 342:Generated_Source\PSoC4/cyfitter_cfg.c **** 		{
 351              		.loc 1 342 0 is_stmt 0 discriminator 1
 352 0106 012C     		cmp	r4, #1
 353 0108 EDD9     		bls	.L15
 346:Generated_Source\PSoC4/cyfitter_cfg.c **** 		}
 347:Generated_Source\PSoC4/cyfitter_cfg.c **** 
 348:Generated_Source\PSoC4/cyfitter_cfg.c **** 		cfg_write_bytes32(cy_cfg_addr_table, cy_cfg_data_table);
 354              		.loc 1 348 0 is_stmt 1
 355 010a 1848     		ldr	r0, .L16+4
 356 010c 0100     		movs	r1, r0
 357 010e 0C31     		adds	r1, r1, #12
 358 0110 1430     		adds	r0, r0, #20
 359 0112 FFF7FEFF 		bl	cfg_write_bytes32
 360              	.LVL28:
 349:Generated_Source\PSoC4/cyfitter_cfg.c **** 
 350:Generated_Source\PSoC4/cyfitter_cfg.c **** 		/* HSIOM Starting address: CYDEV_HSIOM_BASE */
ARM GAS  C:\Users\wl\AppData\Local\Temp\ccRsapig.s 			page 14


 351:Generated_Source\PSoC4/cyfitter_cfg.c **** 		CY_SET_REG32((void *)(CYDEV_HSIOM_BASE), 0xEE000000u);
 361              		.loc 1 351 0
 362 0116 EE22     		movs	r2, #238
 363 0118 1206     		lsls	r2, r2, #24
 364 011a 154B     		ldr	r3, .L16+8
 365 011c 1A60     		str	r2, [r3]
 352:Generated_Source\PSoC4/cyfitter_cfg.c **** 
 353:Generated_Source\PSoC4/cyfitter_cfg.c **** 		/* UDB_PA_0 Starting address: CYDEV_UDB_PA0_BASE */
 354:Generated_Source\PSoC4/cyfitter_cfg.c **** 		CY_SET_REG32((void *)(CYDEV_UDB_PA0_BASE), 0x00990000u);
 366              		.loc 1 354 0
 367 011e 9923     		movs	r3, #153
 368 0120 1B04     		lsls	r3, r3, #16
 369 0122 144A     		ldr	r2, .L16+12
 370 0124 1360     		str	r3, [r2]
 355:Generated_Source\PSoC4/cyfitter_cfg.c **** 
 356:Generated_Source\PSoC4/cyfitter_cfg.c **** 		/* UDB_PA_2 Starting address: CYDEV_UDB_PA2_BASE */
 357:Generated_Source\PSoC4/cyfitter_cfg.c **** 		CY_SET_REG32((void *)(CYDEV_UDB_PA2_BASE), 0x00990000u);
 371              		.loc 1 357 0
 372 0126 144A     		ldr	r2, .L16+16
 373 0128 1360     		str	r3, [r2]
 358:Generated_Source\PSoC4/cyfitter_cfg.c **** 
 359:Generated_Source\PSoC4/cyfitter_cfg.c **** 		/* UDB_PA_3 Starting address: CYDEV_UDB_PA3_BASE */
 360:Generated_Source\PSoC4/cyfitter_cfg.c **** 		CY_SET_REG32((void *)(CYDEV_UDB_PA3_BASE), 0x00990000u);
 374              		.loc 1 360 0
 375 012a 144A     		ldr	r2, .L16+20
 376 012c 1360     		str	r3, [r2]
 361:Generated_Source\PSoC4/cyfitter_cfg.c **** 
 362:Generated_Source\PSoC4/cyfitter_cfg.c **** 		/* TCPWM_CNT0 Starting address: CYDEV_TCPWM_CNT0_TR_CTRL0 */
 363:Generated_Source\PSoC4/cyfitter_cfg.c **** 		CY_SET_REG32((void *)(CYREG_TCPWM_CNT0_TR_CTRL0), 0x00000050u);
 377              		.loc 1 363 0
 378 012e 5022     		movs	r2, #80
 379 0130 134B     		ldr	r3, .L16+24
 380 0132 1A60     		str	r2, [r3]
 364:Generated_Source\PSoC4/cyfitter_cfg.c **** 
 365:Generated_Source\PSoC4/cyfitter_cfg.c **** 		/* Enable digital routing */
 366:Generated_Source\PSoC4/cyfitter_cfg.c **** 		CY_SET_XTND_REG8((void *)CYREG_UDB_UDBIF_BANK_CTL, (uint8)(CY_GET_XTND_REG8((void *)CYREG_UDB_UDB
 381              		.loc 1 366 0
 382 0134 134A     		ldr	r2, .L16+28
 383 0136 1178     		ldrb	r1, [r2]
 384 0138 0623     		movs	r3, #6
 385 013a 0B43     		orrs	r3, r1
 386 013c DBB2     		uxtb	r3, r3
 387 013e 1370     		strb	r3, [r2]
 388              	.LBE3:
 367:Generated_Source\PSoC4/cyfitter_cfg.c **** 	}
 368:Generated_Source\PSoC4/cyfitter_cfg.c **** 
 369:Generated_Source\PSoC4/cyfitter_cfg.c **** 	/* Perform second pass device configuration. These items must be configured in specific order afte
 370:Generated_Source\PSoC4/cyfitter_cfg.c **** 	/* IOPINS0_0 Starting address: CYDEV_GPIO_PRT0_BASE */
 371:Generated_Source\PSoC4/cyfitter_cfg.c **** 	CY_SET_REG32((void *)(CYREG_GPIO_PRT0_PC), 0x00D80000u);
 389              		.loc 1 371 0
 390 0140 D823     		movs	r3, #216
 391 0142 1B04     		lsls	r3, r3, #16
 392 0144 104A     		ldr	r2, .L16+32
 393 0146 1360     		str	r3, [r2]
 372:Generated_Source\PSoC4/cyfitter_cfg.c **** 
 373:Generated_Source\PSoC4/cyfitter_cfg.c **** 	/* IOPINS0_2 Starting address: CYDEV_GPIO_PRT2_BASE */
 374:Generated_Source\PSoC4/cyfitter_cfg.c **** 	CY_SET_REG32((void *)(CYDEV_GPIO_PRT2_BASE), 0x000000C0u);
ARM GAS  C:\Users\wl\AppData\Local\Temp\ccRsapig.s 			page 15


 394              		.loc 1 374 0
 395 0148 C022     		movs	r2, #192
 396 014a 1049     		ldr	r1, .L16+36
 397 014c 0A60     		str	r2, [r1]
 375:Generated_Source\PSoC4/cyfitter_cfg.c **** 	CY_SET_REG32((void *)(CYREG_GPIO_PRT2_PC), 0x00580000u);
 398              		.loc 1 375 0
 399 014e B020     		movs	r0, #176
 400 0150 C003     		lsls	r0, r0, #15
 401 0152 0F49     		ldr	r1, .L16+40
 402 0154 0860     		str	r0, [r1]
 376:Generated_Source\PSoC4/cyfitter_cfg.c **** 
 377:Generated_Source\PSoC4/cyfitter_cfg.c **** 	/* IOPINS0_3 Starting address: CYDEV_GPIO_PRT3_BASE */
 378:Generated_Source\PSoC4/cyfitter_cfg.c **** 	CY_SET_REG32((void *)(CYDEV_GPIO_PRT3_BASE), 0x000000C0u);
 403              		.loc 1 378 0
 404 0156 0F49     		ldr	r1, .L16+44
 405 0158 0A60     		str	r2, [r1]
 379:Generated_Source\PSoC4/cyfitter_cfg.c **** 	CY_SET_REG32((void *)(CYREG_GPIO_PRT3_PC), 0x00D80000u);
 406              		.loc 1 379 0
 407 015a 0F4A     		ldr	r2, .L16+48
 408 015c 1360     		str	r3, [r2]
 380:Generated_Source\PSoC4/cyfitter_cfg.c **** 
 381:Generated_Source\PSoC4/cyfitter_cfg.c **** 
 382:Generated_Source\PSoC4/cyfitter_cfg.c **** 	/* Setup clocks based on selections from Clock DWR */
 383:Generated_Source\PSoC4/cyfitter_cfg.c **** 	ClockSetup();
 409              		.loc 1 383 0
 410 015e FFF74FFF 		bl	ClockSetup
 411              	.LVL29:
 384:Generated_Source\PSoC4/cyfitter_cfg.c **** 
 385:Generated_Source\PSoC4/cyfitter_cfg.c **** 	/* Perform basic analog initialization to defaults */
 386:Generated_Source\PSoC4/cyfitter_cfg.c **** 	AnalogSetDefault();
 412              		.loc 1 386 0
 413 0162 FFF7FEFF 		bl	AnalogSetDefault
 414              	.LVL30:
 387:Generated_Source\PSoC4/cyfitter_cfg.c **** 
 388:Generated_Source\PSoC4/cyfitter_cfg.c **** }
 415              		.loc 1 388 0
 416              		@ sp needed
 417              	.LVL31:
 418 0166 10BD     		pop	{r4, pc}
 419              	.L17:
 420              		.align	2
 421              	.L16:
 422 0168 6CF02E40 		.word	1076818028
 423 016c 00000000 		.word	.LANCHOR0
 424 0170 00000240 		.word	1073872896
 425 0174 00500F40 		.word	1074745344
 426 0178 20500F40 		.word	1074745376
 427 017c 30500F40 		.word	1074745392
 428 0180 20012040 		.word	1075839264
 429 0184 00700F40 		.word	1074753536
 430 0188 08000440 		.word	1074003976
 431 018c 00020440 		.word	1074004480
 432 0190 08020440 		.word	1074004488
 433 0194 00030440 		.word	1074004736
 434 0198 08030440 		.word	1074004744
 435              		.cfi_endproc
 436              	.LFE8:
ARM GAS  C:\Users\wl\AppData\Local\Temp\ccRsapig.s 			page 16


 437              		.size	cyfitter_cfg, .-cyfitter_cfg
 438              		.section	.rodata
 439              		.align	2
 440              		.set	.LANCHOR0,. + 0
 441              		.type	cfg_memset_list.4916, %object
 442              		.size	cfg_memset_list.4916, 12
 443              	cfg_memset_list.4916:
 444 0000 00300F40 		.word	1074737152
 445 0004 0004     		.short	1024
 446 0006 00400F40 		.4byte	1074741248
 447 000a 0004     		.short	1024
 448              		.type	cy_cfg_data_table.4911, %object
 449              		.size	cy_cfg_data_table.4911, 8
 450              	cy_cfg_data_table.4911:
 451 000c 0E       		.byte	14
 452 000d 01       		.byte	1
 453 000e 3E       		.byte	62
 454 000f 01       		.byte	1
 455 0010 C2       		.byte	-62
 456 0011 01       		.byte	1
 457 0012 CE       		.byte	-50
 458 0013 01       		.byte	1
 459              		.type	cy_cfg_addr_table.4910, %object
 460              		.size	cy_cfg_addr_table.4910, 4
 461              	cy_cfg_addr_table.4910:
 462 0014 04420F40 		.word	1074741764
 463              		.text
 464              	.Letext0:
 465              		.file 2 "c:\\program files (x86)\\cypress\\psoc creator\\4.2\\psoc creator\\import\\gnu\\arm\\5.4.
 466              		.file 3 "Generated_Source\\PSoC4\\cytypes.h"
 467              		.file 4 "Generated_Source\\PSoC4\\CyLFClk.h"
 468              		.file 5 "Generated_Source\\PSoC4\\CyLib.h"
 469              		.section	.debug_info,"",%progbits
 470              	.Ldebug_info0:
 471 0000 4C040000 		.4byte	0x44c
 472 0004 0400     		.2byte	0x4
 473 0006 00000000 		.4byte	.Ldebug_abbrev0
 474 000a 04       		.byte	0x4
 475 000b 01       		.uleb128 0x1
 476 000c 78010000 		.4byte	.LASF44
 477 0010 0C       		.byte	0xc
 478 0011 C0020000 		.4byte	.LASF45
 479 0015 E6020000 		.4byte	.LASF46
 480 0019 00000000 		.4byte	.Ldebug_ranges0+0
 481 001d 00000000 		.4byte	0
 482 0021 00000000 		.4byte	.Ldebug_line0
 483 0025 02       		.uleb128 0x2
 484 0026 04       		.byte	0x4
 485 0027 05       		.byte	0x5
 486 0028 696E7400 		.ascii	"int\000"
 487 002c 03       		.uleb128 0x3
 488 002d 14000000 		.4byte	.LASF12
 489 0031 02       		.byte	0x2
 490 0032 D8       		.byte	0xd8
 491 0033 37000000 		.4byte	0x37
 492 0037 04       		.uleb128 0x4
 493 0038 04       		.byte	0x4
ARM GAS  C:\Users\wl\AppData\Local\Temp\ccRsapig.s 			page 17


 494 0039 07       		.byte	0x7
 495 003a 3F010000 		.4byte	.LASF0
 496 003e 04       		.uleb128 0x4
 497 003f 08       		.byte	0x8
 498 0040 05       		.byte	0x5
 499 0041 38020000 		.4byte	.LASF1
 500 0045 04       		.uleb128 0x4
 501 0046 08       		.byte	0x8
 502 0047 04       		.byte	0x4
 503 0048 A8020000 		.4byte	.LASF2
 504 004c 04       		.uleb128 0x4
 505 004d 01       		.byte	0x1
 506 004e 06       		.byte	0x6
 507 004f B4020000 		.4byte	.LASF3
 508 0053 04       		.uleb128 0x4
 509 0054 01       		.byte	0x1
 510 0055 08       		.byte	0x8
 511 0056 E1000000 		.4byte	.LASF4
 512 005a 04       		.uleb128 0x4
 513 005b 02       		.byte	0x2
 514 005c 05       		.byte	0x5
 515 005d 80020000 		.4byte	.LASF5
 516 0061 04       		.uleb128 0x4
 517 0062 02       		.byte	0x2
 518 0063 07       		.byte	0x7
 519 0064 25020000 		.4byte	.LASF6
 520 0068 04       		.uleb128 0x4
 521 0069 04       		.byte	0x4
 522 006a 05       		.byte	0x5
 523 006b 9F020000 		.4byte	.LASF7
 524 006f 04       		.uleb128 0x4
 525 0070 04       		.byte	0x4
 526 0071 07       		.byte	0x7
 527 0072 AE000000 		.4byte	.LASF8
 528 0076 04       		.uleb128 0x4
 529 0077 08       		.byte	0x8
 530 0078 07       		.byte	0x7
 531 0079 61010000 		.4byte	.LASF9
 532 007d 04       		.uleb128 0x4
 533 007e 04       		.byte	0x4
 534 007f 07       		.byte	0x7
 535 0080 1C020000 		.4byte	.LASF10
 536 0084 05       		.uleb128 0x5
 537 0085 04       		.byte	0x4
 538 0086 04       		.uleb128 0x4
 539 0087 01       		.byte	0x1
 540 0088 08       		.byte	0x8
 541 0089 50020000 		.4byte	.LASF11
 542 008d 06       		.uleb128 0x6
 543 008e C0000000 		.4byte	.LASF13
 544 0092 03       		.byte	0x3
 545 0093 E401     		.2byte	0x1e4
 546 0095 53000000 		.4byte	0x53
 547 0099 06       		.uleb128 0x6
 548 009a 26010000 		.4byte	.LASF14
 549 009e 03       		.byte	0x3
 550 009f E501     		.2byte	0x1e5
ARM GAS  C:\Users\wl\AppData\Local\Temp\ccRsapig.s 			page 18


 551 00a1 61000000 		.4byte	0x61
 552 00a5 06       		.uleb128 0x6
 553 00a6 38010000 		.4byte	.LASF15
 554 00aa 03       		.byte	0x3
 555 00ab E601     		.2byte	0x1e6
 556 00ad 6F000000 		.4byte	0x6f
 557 00b1 04       		.uleb128 0x4
 558 00b2 04       		.byte	0x4
 559 00b3 04       		.byte	0x4
 560 00b4 76000000 		.4byte	.LASF16
 561 00b8 04       		.uleb128 0x4
 562 00b9 08       		.byte	0x8
 563 00ba 04       		.byte	0x4
 564 00bb F6000000 		.4byte	.LASF17
 565 00bf 06       		.uleb128 0x6
 566 00c0 A9000000 		.4byte	.LASF18
 567 00c4 03       		.byte	0x3
 568 00c5 8E02     		.2byte	0x28e
 569 00c7 CB000000 		.4byte	0xcb
 570 00cb 07       		.uleb128 0x7
 571 00cc 8D000000 		.4byte	0x8d
 572 00d0 06       		.uleb128 0x6
 573 00d1 0E000000 		.4byte	.LASF19
 574 00d5 03       		.byte	0x3
 575 00d6 9002     		.2byte	0x290
 576 00d8 DC000000 		.4byte	0xdc
 577 00dc 07       		.uleb128 0x7
 578 00dd A5000000 		.4byte	0xa5
 579 00e1 08       		.uleb128 0x8
 580 00e2 02       		.byte	0x2
 581 00e3 01       		.byte	0x1
 582 00e4 97       		.byte	0x97
 583 00e5 02010000 		.4byte	0x102
 584 00e9 09       		.uleb128 0x9
 585 00ea 79020000 		.4byte	.LASF20
 586 00ee 01       		.byte	0x1
 587 00ef 99       		.byte	0x99
 588 00f0 8D000000 		.4byte	0x8d
 589 00f4 00       		.byte	0
 590 00f5 09       		.uleb128 0x9
 591 00f6 3B000000 		.4byte	.LASF21
 592 00fa 01       		.byte	0x1
 593 00fb 9A       		.byte	0x9a
 594 00fc 8D000000 		.4byte	0x8d
 595 0100 01       		.byte	0x1
 596 0101 00       		.byte	0
 597 0102 03       		.uleb128 0x3
 598 0103 66020000 		.4byte	.LASF22
 599 0107 01       		.byte	0x1
 600 0108 9B       		.byte	0x9b
 601 0109 E1000000 		.4byte	0xe1
 602 010d 0A       		.uleb128 0xa
 603 010e FD000000 		.4byte	.LASF27
 604 0112 01       		.byte	0x1
 605 0113 AE       		.byte	0xae
 606 0114 00000000 		.4byte	.LFB5
 607 0118 32000000 		.4byte	.LFE5-.LFB5
ARM GAS  C:\Users\wl\AppData\Local\Temp\ccRsapig.s 			page 19


 608 011c 01       		.uleb128 0x1
 609 011d 9C       		.byte	0x9c
 610 011e 7F010000 		.4byte	0x17f
 611 0122 0B       		.uleb128 0xb
 612 0123 1B010000 		.4byte	.LASF23
 613 0127 01       		.byte	0x1
 614 0128 AE       		.byte	0xae
 615 0129 7F010000 		.4byte	0x17f
 616 012d 01       		.uleb128 0x1
 617 012e 50       		.byte	0x50
 618 012f 0B       		.uleb128 0xb
 619 0130 2D010000 		.4byte	.LASF24
 620 0134 01       		.byte	0x1
 621 0135 AE       		.byte	0xae
 622 0136 8A010000 		.4byte	0x18a
 623 013a 01       		.uleb128 0x1
 624 013b 51       		.byte	0x51
 625 013c 0C       		.uleb128 0xc
 626 013d 6900     		.ascii	"i\000"
 627 013f 01       		.byte	0x1
 628 0140 B1       		.byte	0xb1
 629 0141 A5000000 		.4byte	0xa5
 630 0145 00000000 		.4byte	.LLST0
 631 0149 0C       		.uleb128 0xc
 632 014a 6A00     		.ascii	"j\000"
 633 014c 01       		.byte	0x1
 634 014d B1       		.byte	0xb1
 635 014e A5000000 		.4byte	0xa5
 636 0152 1F000000 		.4byte	.LLST1
 637 0156 0D       		.uleb128 0xd
 638 0157 08000000 		.4byte	.LBB2
 639 015b 22000000 		.4byte	.LBE2-.LBB2
 640 015f 0E       		.uleb128 0xe
 641 0160 13020000 		.4byte	.LASF25
 642 0164 01       		.byte	0x1
 643 0165 B4       		.byte	0xb4
 644 0166 A5000000 		.4byte	0xa5
 645 016a 3E000000 		.4byte	.LLST2
 646 016e 0E       		.uleb128 0xe
 647 016f 41000000 		.4byte	.LASF26
 648 0173 01       		.byte	0x1
 649 0174 B5       		.byte	0xb5
 650 0175 8D000000 		.4byte	0x8d
 651 0179 51000000 		.4byte	.LLST3
 652 017d 00       		.byte	0
 653 017e 00       		.byte	0
 654 017f 0F       		.uleb128 0xf
 655 0180 04       		.byte	0x4
 656 0181 85010000 		.4byte	0x185
 657 0185 10       		.uleb128 0x10
 658 0186 A5000000 		.4byte	0xa5
 659 018a 0F       		.uleb128 0xf
 660 018b 04       		.byte	0x4
 661 018c 90010000 		.4byte	0x190
 662 0190 10       		.uleb128 0x10
 663 0191 02010000 		.4byte	0x102
 664 0195 11       		.uleb128 0x11
ARM GAS  C:\Users\wl\AppData\Local\Temp\ccRsapig.s 			page 20


 665 0196 1B000000 		.4byte	.LASF47
 666 019a 01       		.byte	0x1
 667 019b 1801     		.2byte	0x118
 668 019d 00000000 		.4byte	.LFB7
 669 01a1 20000000 		.4byte	.LFE7-.LFB7
 670 01a5 01       		.uleb128 0x1
 671 01a6 9C       		.byte	0x9c
 672 01a7 0A       		.uleb128 0xa
 673 01a8 D7000000 		.4byte	.LASF28
 674 01ac 01       		.byte	0x1
 675 01ad 4C       		.byte	0x4c
 676 01ae 00000000 		.4byte	.LFB2
 677 01b2 0C000000 		.4byte	.LFE2-.LFB2
 678 01b6 01       		.uleb128 0x1
 679 01b7 9C       		.byte	0x9c
 680 01b8 F4010000 		.4byte	0x1f4
 681 01bc 12       		.uleb128 0x12
 682 01bd 7300     		.ascii	"s\000"
 683 01bf 01       		.byte	0x1
 684 01c0 4C       		.byte	0x4c
 685 01c1 84000000 		.4byte	0x84
 686 01c5 6F000000 		.4byte	.LLST4
 687 01c9 12       		.uleb128 0x12
 688 01ca 6E00     		.ascii	"n\000"
 689 01cc 01       		.byte	0x1
 690 01cd 4C       		.byte	0x4c
 691 01ce 2C000000 		.4byte	0x2c
 692 01d2 90000000 		.4byte	.LLST5
 693 01d6 13       		.uleb128 0x13
 694 01d7 0A000000 		.4byte	.LVL14
 695 01db EE030000 		.4byte	0x3ee
 696 01df 14       		.uleb128 0x14
 697 01e0 01       		.uleb128 0x1
 698 01e1 50       		.byte	0x50
 699 01e2 03       		.uleb128 0x3
 700 01e3 F3       		.byte	0xf3
 701 01e4 01       		.uleb128 0x1
 702 01e5 50       		.byte	0x50
 703 01e6 14       		.uleb128 0x14
 704 01e7 01       		.uleb128 0x1
 705 01e8 51       		.byte	0x51
 706 01e9 01       		.uleb128 0x1
 707 01ea 30       		.byte	0x30
 708 01eb 14       		.uleb128 0x14
 709 01ec 01       		.uleb128 0x1
 710 01ed 52       		.byte	0x52
 711 01ee 03       		.uleb128 0x3
 712 01ef F3       		.byte	0xf3
 713 01f0 01       		.uleb128 0x1
 714 01f1 51       		.byte	0x51
 715 01f2 00       		.byte	0
 716 01f3 00       		.byte	0
 717 01f4 0A       		.uleb128 0xa
 718 01f5 47000000 		.4byte	.LASF29
 719 01f9 01       		.byte	0x1
 720 01fa D3       		.byte	0xd3
 721 01fb 00000000 		.4byte	.LFB6
ARM GAS  C:\Users\wl\AppData\Local\Temp\ccRsapig.s 			page 21


 722 01ff D8000000 		.4byte	.LFE6-.LFB6
 723 0203 01       		.uleb128 0x1
 724 0204 9C       		.byte	0x9c
 725 0205 9D020000 		.4byte	0x29d
 726 0209 15       		.uleb128 0x15
 727 020a 0C000000 		.4byte	.LVL15
 728 020e F7030000 		.4byte	0x3f7
 729 0212 16       		.uleb128 0x16
 730 0213 12000000 		.4byte	.LVL16
 731 0217 02040000 		.4byte	0x402
 732 021b 29020000 		.4byte	0x229
 733 021f 14       		.uleb128 0x14
 734 0220 01       		.uleb128 0x1
 735 0221 50       		.byte	0x50
 736 0222 05       		.uleb128 0x5
 737 0223 0C       		.byte	0xc
 738 0224 001BB700 		.4byte	0xb71b00
 739 0228 00       		.byte	0
 740 0229 16       		.uleb128 0x16
 741 022a 18000000 		.4byte	.LVL17
 742 022e 0D040000 		.4byte	0x40d
 743 0232 3C020000 		.4byte	0x23c
 744 0236 14       		.uleb128 0x14
 745 0237 01       		.uleb128 0x1
 746 0238 50       		.byte	0x50
 747 0239 01       		.uleb128 0x1
 748 023a 31       		.byte	0x31
 749 023b 00       		.byte	0
 750 023c 16       		.uleb128 0x16
 751 023d 1E000000 		.4byte	.LVL18
 752 0241 18040000 		.4byte	0x418
 753 0245 50020000 		.4byte	0x250
 754 0249 14       		.uleb128 0x14
 755 024a 01       		.uleb128 0x1
 756 024b 50       		.byte	0x50
 757 024c 02       		.uleb128 0x2
 758 024d 08       		.byte	0x8
 759 024e 30       		.byte	0x30
 760 024f 00       		.byte	0
 761 0250 16       		.uleb128 0x16
 762 0251 54000000 		.4byte	.LVL19
 763 0255 23040000 		.4byte	0x423
 764 0259 65020000 		.4byte	0x265
 765 025d 14       		.uleb128 0x14
 766 025e 01       		.uleb128 0x1
 767 025f 50       		.byte	0x50
 768 0260 03       		.uleb128 0x3
 769 0261 0A       		.byte	0xa
 770 0262 D007     		.2byte	0x7d0
 771 0264 00       		.byte	0
 772 0265 16       		.uleb128 0x16
 773 0266 5A000000 		.4byte	.LVL20
 774 026a 2E040000 		.4byte	0x42e
 775 026e 7A020000 		.4byte	0x27a
 776 0272 14       		.uleb128 0x14
 777 0273 01       		.uleb128 0x1
 778 0274 50       		.byte	0x50
ARM GAS  C:\Users\wl\AppData\Local\Temp\ccRsapig.s 			page 22


 779 0275 03       		.uleb128 0x3
 780 0276 0A       		.byte	0xa
 781 0277 DC05     		.2byte	0x5dc
 782 0279 00       		.byte	0
 783 027a 16       		.uleb128 0x16
 784 027b 86000000 		.4byte	.LVL21
 785 027f 39040000 		.4byte	0x439
 786 0283 8D020000 		.4byte	0x28d
 787 0287 14       		.uleb128 0x14
 788 0288 01       		.uleb128 0x1
 789 0289 50       		.byte	0x50
 790 028a 01       		.uleb128 0x1
 791 028b 38       		.byte	0x38
 792 028c 00       		.byte	0
 793 028d 13       		.uleb128 0x13
 794 028e 8C000000 		.4byte	.LVL22
 795 0292 44040000 		.4byte	0x444
 796 0296 14       		.uleb128 0x14
 797 0297 01       		.uleb128 0x1
 798 0298 50       		.byte	0x50
 799 0299 01       		.uleb128 0x1
 800 029a 38       		.byte	0x38
 801 029b 00       		.byte	0
 802 029c 00       		.byte	0
 803 029d 17       		.uleb128 0x17
 804 029e 4C010000 		.4byte	.LASF48
 805 02a2 01       		.byte	0x1
 806 02a3 3301     		.2byte	0x133
 807 02a5 D8000000 		.4byte	.LFB8
 808 02a9 C4000000 		.4byte	.LFE8-.LFB8
 809 02ad 01       		.uleb128 0x1
 810 02ae 9C       		.byte	0x9c
 811 02af C4030000 		.4byte	0x3c4
 812 02b3 18       		.uleb128 0x18
 813 02b4 E2000000 		.4byte	.LBB3
 814 02b8 5E000000 		.4byte	.LBE3-.LBB3
 815 02bc B1030000 		.4byte	0x3b1
 816 02c0 19       		.uleb128 0x19
 817 02c1 52000000 		.4byte	.LASF30
 818 02c5 01       		.byte	0x1
 819 02c6 3B01     		.2byte	0x13b
 820 02c8 D4030000 		.4byte	0x3d4
 821 02cc 05       		.uleb128 0x5
 822 02cd 03       		.byte	0x3
 823 02ce 14000000 		.4byte	cy_cfg_addr_table.4910
 824 02d2 19       		.uleb128 0x19
 825 02d3 64000000 		.4byte	.LASF31
 826 02d7 01       		.byte	0x1
 827 02d8 3F01     		.2byte	0x13f
 828 02da E9030000 		.4byte	0x3e9
 829 02de 05       		.uleb128 0x5
 830 02df 03       		.byte	0x3
 831 02e0 0C000000 		.4byte	cy_cfg_data_table.4911
 832 02e4 1A       		.uleb128 0x1a
 833 02e5 06       		.byte	0x6
 834 02e6 01       		.byte	0x1
 835 02e7 4801     		.2byte	0x148
ARM GAS  C:\Users\wl\AppData\Local\Temp\ccRsapig.s 			page 23


 836 02e9 08030000 		.4byte	0x308
 837 02ed 1B       		.uleb128 0x1b
 838 02ee 59010000 		.4byte	.LASF32
 839 02f2 01       		.byte	0x1
 840 02f3 4901     		.2byte	0x149
 841 02f5 84000000 		.4byte	0x84
 842 02f9 00       		.byte	0
 843 02fa 1B       		.uleb128 0x1b
 844 02fb 8C000000 		.4byte	.LASF33
 845 02ff 01       		.byte	0x1
 846 0300 4A01     		.2byte	0x14a
 847 0302 99000000 		.4byte	0x99
 848 0306 04       		.byte	0x4
 849 0307 00       		.byte	0
 850 0308 06       		.uleb128 0x6
 851 0309 06020000 		.4byte	.LASF34
 852 030d 01       		.byte	0x1
 853 030e 4B01     		.2byte	0x14b
 854 0310 E4020000 		.4byte	0x2e4
 855 0314 1C       		.uleb128 0x1c
 856 0315 24030000 		.4byte	0x324
 857 0319 24030000 		.4byte	0x324
 858 031d 1D       		.uleb128 0x1d
 859 031e 7D000000 		.4byte	0x7d
 860 0322 01       		.byte	0x1
 861 0323 00       		.byte	0
 862 0324 10       		.uleb128 0x10
 863 0325 08030000 		.4byte	0x308
 864 0329 19       		.uleb128 0x19
 865 032a 7C000000 		.4byte	.LASF35
 866 032e 01       		.byte	0x1
 867 032f 4D01     		.2byte	0x14d
 868 0331 3B030000 		.4byte	0x33b
 869 0335 05       		.uleb128 0x5
 870 0336 03       		.byte	0x3
 871 0337 00000000 		.4byte	cfg_memset_list.4916
 872 033b 10       		.uleb128 0x10
 873 033c 14030000 		.4byte	0x314
 874 0340 1E       		.uleb128 0x1e
 875 0341 6900     		.ascii	"i\000"
 876 0343 01       		.byte	0x1
 877 0344 5301     		.2byte	0x153
 878 0346 8D000000 		.4byte	0x8d
 879 034a BC000000 		.4byte	.LLST6
 880 034e 18       		.uleb128 0x18
 881 034f E6000000 		.4byte	.LBB4
 882 0353 1C000000 		.4byte	.LBE4-.LBB4
 883 0357 94030000 		.4byte	0x394
 884 035b 1E       		.uleb128 0x1e
 885 035c 6D7300   		.ascii	"ms\000"
 886 035f 01       		.byte	0x1
 887 0360 5801     		.2byte	0x158
 888 0362 6A030000 		.4byte	0x36a
 889 0366 E6000000 		.4byte	.LLST7
 890 036a 0F       		.uleb128 0xf
 891 036b 04       		.byte	0x4
 892 036c 24030000 		.4byte	0x324
ARM GAS  C:\Users\wl\AppData\Local\Temp\ccRsapig.s 			page 24


 893 0370 13       		.uleb128 0x13
 894 0371 02010000 		.4byte	.LVL25
 895 0375 A7010000 		.4byte	0x1a7
 896 0379 14       		.uleb128 0x14
 897 037a 01       		.uleb128 0x1
 898 037b 51       		.byte	0x51
 899 037c 15       		.uleb128 0x15
 900 037d 74       		.byte	0x74
 901 037e 00       		.sleb128 0
 902 037f 31       		.byte	0x31
 903 0380 24       		.byte	0x24
 904 0381 74       		.byte	0x74
 905 0382 00       		.sleb128 0
 906 0383 22       		.byte	0x22
 907 0384 31       		.byte	0x31
 908 0385 24       		.byte	0x24
 909 0386 03       		.byte	0x3
 910 0387 04000000 		.4byte	.LANCHOR0+4
 911 038b 22       		.byte	0x22
 912 038c 94       		.byte	0x94
 913 038d 02       		.byte	0x2
 914 038e 0A       		.byte	0xa
 915 038f FFFF     		.2byte	0xffff
 916 0391 1A       		.byte	0x1a
 917 0392 00       		.byte	0
 918 0393 00       		.byte	0
 919 0394 13       		.uleb128 0x13
 920 0395 16010000 		.4byte	.LVL28
 921 0399 0D010000 		.4byte	0x10d
 922 039d 14       		.uleb128 0x14
 923 039e 01       		.uleb128 0x1
 924 039f 50       		.byte	0x50
 925 03a0 05       		.uleb128 0x5
 926 03a1 03       		.byte	0x3
 927 03a2 14000000 		.4byte	.LANCHOR0+20
 928 03a6 14       		.uleb128 0x14
 929 03a7 01       		.uleb128 0x1
 930 03a8 51       		.byte	0x51
 931 03a9 05       		.uleb128 0x5
 932 03aa 03       		.byte	0x3
 933 03ab 0C000000 		.4byte	.LANCHOR0+12
 934 03af 00       		.byte	0
 935 03b0 00       		.byte	0
 936 03b1 15       		.uleb128 0x15
 937 03b2 62010000 		.4byte	.LVL29
 938 03b6 F4010000 		.4byte	0x1f4
 939 03ba 15       		.uleb128 0x15
 940 03bb 66010000 		.4byte	.LVL30
 941 03bf 95010000 		.4byte	0x195
 942 03c3 00       		.byte	0
 943 03c4 1C       		.uleb128 0x1c
 944 03c5 85010000 		.4byte	0x185
 945 03c9 D4030000 		.4byte	0x3d4
 946 03cd 1D       		.uleb128 0x1d
 947 03ce 7D000000 		.4byte	0x7d
 948 03d2 00       		.byte	0
 949 03d3 00       		.byte	0
ARM GAS  C:\Users\wl\AppData\Local\Temp\ccRsapig.s 			page 25


 950 03d4 10       		.uleb128 0x10
 951 03d5 C4030000 		.4byte	0x3c4
 952 03d9 1C       		.uleb128 0x1c
 953 03da 90010000 		.4byte	0x190
 954 03de E9030000 		.4byte	0x3e9
 955 03e2 1D       		.uleb128 0x1d
 956 03e3 7D000000 		.4byte	0x7d
 957 03e7 03       		.byte	0x3
 958 03e8 00       		.byte	0
 959 03e9 10       		.uleb128 0x10
 960 03ea D9030000 		.4byte	0x3d9
 961 03ee 1F       		.uleb128 0x1f
 962 03ef EF000000 		.4byte	.LASF49
 963 03f3 EF000000 		.4byte	.LASF49
 964 03f7 20       		.uleb128 0x20
 965 03f8 C6000000 		.4byte	.LASF36
 966 03fc C6000000 		.4byte	.LASF36
 967 0400 04       		.byte	0x4
 968 0401 4E       		.byte	0x4e
 969 0402 20       		.uleb128 0x20
 970 0403 00000000 		.4byte	.LASF37
 971 0407 00000000 		.4byte	.LASF37
 972 040b 05       		.byte	0x5
 973 040c DC       		.byte	0xdc
 974 040d 20       		.uleb128 0x20
 975 040e 91000000 		.4byte	.LASF38
 976 0412 91000000 		.4byte	.LASF38
 977 0416 04       		.byte	0x4
 978 0417 50       		.byte	0x50
 979 0418 20       		.uleb128 0x20
 980 0419 8A020000 		.4byte	.LASF39
 981 041d 8A020000 		.4byte	.LASF39
 982 0421 05       		.byte	0x5
 983 0422 6C       		.byte	0x6c
 984 0423 20       		.uleb128 0x20
 985 0424 55020000 		.4byte	.LASF40
 986 0428 55020000 		.4byte	.LASF40
 987 042c 05       		.byte	0x5
 988 042d 84       		.byte	0x84
 989 042e 20       		.uleb128 0x20
 990 042f 46020000 		.4byte	.LASF41
 991 0433 46020000 		.4byte	.LASF41
 992 0437 05       		.byte	0x5
 993 0438 DA       		.byte	0xda
 994 0439 20       		.uleb128 0x20
 995 043a 2C000000 		.4byte	.LASF42
 996 043e 2C000000 		.4byte	.LASF42
 997 0442 05       		.byte	0x5
 998 0443 BD       		.byte	0xbd
 999 0444 20       		.uleb128 0x20
 1000 0445 0F010000 		.4byte	.LASF43
 1001 0449 0F010000 		.4byte	.LASF43
 1002 044d 05       		.byte	0x5
 1003 044e C3       		.byte	0xc3
 1004 044f 00       		.byte	0
 1005              		.section	.debug_abbrev,"",%progbits
 1006              	.Ldebug_abbrev0:
ARM GAS  C:\Users\wl\AppData\Local\Temp\ccRsapig.s 			page 26


 1007 0000 01       		.uleb128 0x1
 1008 0001 11       		.uleb128 0x11
 1009 0002 01       		.byte	0x1
 1010 0003 25       		.uleb128 0x25
 1011 0004 0E       		.uleb128 0xe
 1012 0005 13       		.uleb128 0x13
 1013 0006 0B       		.uleb128 0xb
 1014 0007 03       		.uleb128 0x3
 1015 0008 0E       		.uleb128 0xe
 1016 0009 1B       		.uleb128 0x1b
 1017 000a 0E       		.uleb128 0xe
 1018 000b 55       		.uleb128 0x55
 1019 000c 17       		.uleb128 0x17
 1020 000d 11       		.uleb128 0x11
 1021 000e 01       		.uleb128 0x1
 1022 000f 10       		.uleb128 0x10
 1023 0010 17       		.uleb128 0x17
 1024 0011 00       		.byte	0
 1025 0012 00       		.byte	0
 1026 0013 02       		.uleb128 0x2
 1027 0014 24       		.uleb128 0x24
 1028 0015 00       		.byte	0
 1029 0016 0B       		.uleb128 0xb
 1030 0017 0B       		.uleb128 0xb
 1031 0018 3E       		.uleb128 0x3e
 1032 0019 0B       		.uleb128 0xb
 1033 001a 03       		.uleb128 0x3
 1034 001b 08       		.uleb128 0x8
 1035 001c 00       		.byte	0
 1036 001d 00       		.byte	0
 1037 001e 03       		.uleb128 0x3
 1038 001f 16       		.uleb128 0x16
 1039 0020 00       		.byte	0
 1040 0021 03       		.uleb128 0x3
 1041 0022 0E       		.uleb128 0xe
 1042 0023 3A       		.uleb128 0x3a
 1043 0024 0B       		.uleb128 0xb
 1044 0025 3B       		.uleb128 0x3b
 1045 0026 0B       		.uleb128 0xb
 1046 0027 49       		.uleb128 0x49
 1047 0028 13       		.uleb128 0x13
 1048 0029 00       		.byte	0
 1049 002a 00       		.byte	0
 1050 002b 04       		.uleb128 0x4
 1051 002c 24       		.uleb128 0x24
 1052 002d 00       		.byte	0
 1053 002e 0B       		.uleb128 0xb
 1054 002f 0B       		.uleb128 0xb
 1055 0030 3E       		.uleb128 0x3e
 1056 0031 0B       		.uleb128 0xb
 1057 0032 03       		.uleb128 0x3
 1058 0033 0E       		.uleb128 0xe
 1059 0034 00       		.byte	0
 1060 0035 00       		.byte	0
 1061 0036 05       		.uleb128 0x5
 1062 0037 0F       		.uleb128 0xf
 1063 0038 00       		.byte	0
ARM GAS  C:\Users\wl\AppData\Local\Temp\ccRsapig.s 			page 27


 1064 0039 0B       		.uleb128 0xb
 1065 003a 0B       		.uleb128 0xb
 1066 003b 00       		.byte	0
 1067 003c 00       		.byte	0
 1068 003d 06       		.uleb128 0x6
 1069 003e 16       		.uleb128 0x16
 1070 003f 00       		.byte	0
 1071 0040 03       		.uleb128 0x3
 1072 0041 0E       		.uleb128 0xe
 1073 0042 3A       		.uleb128 0x3a
 1074 0043 0B       		.uleb128 0xb
 1075 0044 3B       		.uleb128 0x3b
 1076 0045 05       		.uleb128 0x5
 1077 0046 49       		.uleb128 0x49
 1078 0047 13       		.uleb128 0x13
 1079 0048 00       		.byte	0
 1080 0049 00       		.byte	0
 1081 004a 07       		.uleb128 0x7
 1082 004b 35       		.uleb128 0x35
 1083 004c 00       		.byte	0
 1084 004d 49       		.uleb128 0x49
 1085 004e 13       		.uleb128 0x13
 1086 004f 00       		.byte	0
 1087 0050 00       		.byte	0
 1088 0051 08       		.uleb128 0x8
 1089 0052 13       		.uleb128 0x13
 1090 0053 01       		.byte	0x1
 1091 0054 0B       		.uleb128 0xb
 1092 0055 0B       		.uleb128 0xb
 1093 0056 3A       		.uleb128 0x3a
 1094 0057 0B       		.uleb128 0xb
 1095 0058 3B       		.uleb128 0x3b
 1096 0059 0B       		.uleb128 0xb
 1097 005a 01       		.uleb128 0x1
 1098 005b 13       		.uleb128 0x13
 1099 005c 00       		.byte	0
 1100 005d 00       		.byte	0
 1101 005e 09       		.uleb128 0x9
 1102 005f 0D       		.uleb128 0xd
 1103 0060 00       		.byte	0
 1104 0061 03       		.uleb128 0x3
 1105 0062 0E       		.uleb128 0xe
 1106 0063 3A       		.uleb128 0x3a
 1107 0064 0B       		.uleb128 0xb
 1108 0065 3B       		.uleb128 0x3b
 1109 0066 0B       		.uleb128 0xb
 1110 0067 49       		.uleb128 0x49
 1111 0068 13       		.uleb128 0x13
 1112 0069 38       		.uleb128 0x38
 1113 006a 0B       		.uleb128 0xb
 1114 006b 00       		.byte	0
 1115 006c 00       		.byte	0
 1116 006d 0A       		.uleb128 0xa
 1117 006e 2E       		.uleb128 0x2e
 1118 006f 01       		.byte	0x1
 1119 0070 03       		.uleb128 0x3
 1120 0071 0E       		.uleb128 0xe
ARM GAS  C:\Users\wl\AppData\Local\Temp\ccRsapig.s 			page 28


 1121 0072 3A       		.uleb128 0x3a
 1122 0073 0B       		.uleb128 0xb
 1123 0074 3B       		.uleb128 0x3b
 1124 0075 0B       		.uleb128 0xb
 1125 0076 27       		.uleb128 0x27
 1126 0077 19       		.uleb128 0x19
 1127 0078 11       		.uleb128 0x11
 1128 0079 01       		.uleb128 0x1
 1129 007a 12       		.uleb128 0x12
 1130 007b 06       		.uleb128 0x6
 1131 007c 40       		.uleb128 0x40
 1132 007d 18       		.uleb128 0x18
 1133 007e 9742     		.uleb128 0x2117
 1134 0080 19       		.uleb128 0x19
 1135 0081 01       		.uleb128 0x1
 1136 0082 13       		.uleb128 0x13
 1137 0083 00       		.byte	0
 1138 0084 00       		.byte	0
 1139 0085 0B       		.uleb128 0xb
 1140 0086 05       		.uleb128 0x5
 1141 0087 00       		.byte	0
 1142 0088 03       		.uleb128 0x3
 1143 0089 0E       		.uleb128 0xe
 1144 008a 3A       		.uleb128 0x3a
 1145 008b 0B       		.uleb128 0xb
 1146 008c 3B       		.uleb128 0x3b
 1147 008d 0B       		.uleb128 0xb
 1148 008e 49       		.uleb128 0x49
 1149 008f 13       		.uleb128 0x13
 1150 0090 02       		.uleb128 0x2
 1151 0091 18       		.uleb128 0x18
 1152 0092 00       		.byte	0
 1153 0093 00       		.byte	0
 1154 0094 0C       		.uleb128 0xc
 1155 0095 34       		.uleb128 0x34
 1156 0096 00       		.byte	0
 1157 0097 03       		.uleb128 0x3
 1158 0098 08       		.uleb128 0x8
 1159 0099 3A       		.uleb128 0x3a
 1160 009a 0B       		.uleb128 0xb
 1161 009b 3B       		.uleb128 0x3b
 1162 009c 0B       		.uleb128 0xb
 1163 009d 49       		.uleb128 0x49
 1164 009e 13       		.uleb128 0x13
 1165 009f 02       		.uleb128 0x2
 1166 00a0 17       		.uleb128 0x17
 1167 00a1 00       		.byte	0
 1168 00a2 00       		.byte	0
 1169 00a3 0D       		.uleb128 0xd
 1170 00a4 0B       		.uleb128 0xb
 1171 00a5 01       		.byte	0x1
 1172 00a6 11       		.uleb128 0x11
 1173 00a7 01       		.uleb128 0x1
 1174 00a8 12       		.uleb128 0x12
 1175 00a9 06       		.uleb128 0x6
 1176 00aa 00       		.byte	0
 1177 00ab 00       		.byte	0
ARM GAS  C:\Users\wl\AppData\Local\Temp\ccRsapig.s 			page 29


 1178 00ac 0E       		.uleb128 0xe
 1179 00ad 34       		.uleb128 0x34
 1180 00ae 00       		.byte	0
 1181 00af 03       		.uleb128 0x3
 1182 00b0 0E       		.uleb128 0xe
 1183 00b1 3A       		.uleb128 0x3a
 1184 00b2 0B       		.uleb128 0xb
 1185 00b3 3B       		.uleb128 0x3b
 1186 00b4 0B       		.uleb128 0xb
 1187 00b5 49       		.uleb128 0x49
 1188 00b6 13       		.uleb128 0x13
 1189 00b7 02       		.uleb128 0x2
 1190 00b8 17       		.uleb128 0x17
 1191 00b9 00       		.byte	0
 1192 00ba 00       		.byte	0
 1193 00bb 0F       		.uleb128 0xf
 1194 00bc 0F       		.uleb128 0xf
 1195 00bd 00       		.byte	0
 1196 00be 0B       		.uleb128 0xb
 1197 00bf 0B       		.uleb128 0xb
 1198 00c0 49       		.uleb128 0x49
 1199 00c1 13       		.uleb128 0x13
 1200 00c2 00       		.byte	0
 1201 00c3 00       		.byte	0
 1202 00c4 10       		.uleb128 0x10
 1203 00c5 26       		.uleb128 0x26
 1204 00c6 00       		.byte	0
 1205 00c7 49       		.uleb128 0x49
 1206 00c8 13       		.uleb128 0x13
 1207 00c9 00       		.byte	0
 1208 00ca 00       		.byte	0
 1209 00cb 11       		.uleb128 0x11
 1210 00cc 2E       		.uleb128 0x2e
 1211 00cd 00       		.byte	0
 1212 00ce 03       		.uleb128 0x3
 1213 00cf 0E       		.uleb128 0xe
 1214 00d0 3A       		.uleb128 0x3a
 1215 00d1 0B       		.uleb128 0xb
 1216 00d2 3B       		.uleb128 0x3b
 1217 00d3 05       		.uleb128 0x5
 1218 00d4 27       		.uleb128 0x27
 1219 00d5 19       		.uleb128 0x19
 1220 00d6 11       		.uleb128 0x11
 1221 00d7 01       		.uleb128 0x1
 1222 00d8 12       		.uleb128 0x12
 1223 00d9 06       		.uleb128 0x6
 1224 00da 40       		.uleb128 0x40
 1225 00db 18       		.uleb128 0x18
 1226 00dc 9742     		.uleb128 0x2117
 1227 00de 19       		.uleb128 0x19
 1228 00df 00       		.byte	0
 1229 00e0 00       		.byte	0
 1230 00e1 12       		.uleb128 0x12
 1231 00e2 05       		.uleb128 0x5
 1232 00e3 00       		.byte	0
 1233 00e4 03       		.uleb128 0x3
 1234 00e5 08       		.uleb128 0x8
ARM GAS  C:\Users\wl\AppData\Local\Temp\ccRsapig.s 			page 30


 1235 00e6 3A       		.uleb128 0x3a
 1236 00e7 0B       		.uleb128 0xb
 1237 00e8 3B       		.uleb128 0x3b
 1238 00e9 0B       		.uleb128 0xb
 1239 00ea 49       		.uleb128 0x49
 1240 00eb 13       		.uleb128 0x13
 1241 00ec 02       		.uleb128 0x2
 1242 00ed 17       		.uleb128 0x17
 1243 00ee 00       		.byte	0
 1244 00ef 00       		.byte	0
 1245 00f0 13       		.uleb128 0x13
 1246 00f1 898201   		.uleb128 0x4109
 1247 00f4 01       		.byte	0x1
 1248 00f5 11       		.uleb128 0x11
 1249 00f6 01       		.uleb128 0x1
 1250 00f7 31       		.uleb128 0x31
 1251 00f8 13       		.uleb128 0x13
 1252 00f9 00       		.byte	0
 1253 00fa 00       		.byte	0
 1254 00fb 14       		.uleb128 0x14
 1255 00fc 8A8201   		.uleb128 0x410a
 1256 00ff 00       		.byte	0
 1257 0100 02       		.uleb128 0x2
 1258 0101 18       		.uleb128 0x18
 1259 0102 9142     		.uleb128 0x2111
 1260 0104 18       		.uleb128 0x18
 1261 0105 00       		.byte	0
 1262 0106 00       		.byte	0
 1263 0107 15       		.uleb128 0x15
 1264 0108 898201   		.uleb128 0x4109
 1265 010b 00       		.byte	0
 1266 010c 11       		.uleb128 0x11
 1267 010d 01       		.uleb128 0x1
 1268 010e 31       		.uleb128 0x31
 1269 010f 13       		.uleb128 0x13
 1270 0110 00       		.byte	0
 1271 0111 00       		.byte	0
 1272 0112 16       		.uleb128 0x16
 1273 0113 898201   		.uleb128 0x4109
 1274 0116 01       		.byte	0x1
 1275 0117 11       		.uleb128 0x11
 1276 0118 01       		.uleb128 0x1
 1277 0119 31       		.uleb128 0x31
 1278 011a 13       		.uleb128 0x13
 1279 011b 01       		.uleb128 0x1
 1280 011c 13       		.uleb128 0x13
 1281 011d 00       		.byte	0
 1282 011e 00       		.byte	0
 1283 011f 17       		.uleb128 0x17
 1284 0120 2E       		.uleb128 0x2e
 1285 0121 01       		.byte	0x1
 1286 0122 3F       		.uleb128 0x3f
 1287 0123 19       		.uleb128 0x19
 1288 0124 03       		.uleb128 0x3
 1289 0125 0E       		.uleb128 0xe
 1290 0126 3A       		.uleb128 0x3a
 1291 0127 0B       		.uleb128 0xb
ARM GAS  C:\Users\wl\AppData\Local\Temp\ccRsapig.s 			page 31


 1292 0128 3B       		.uleb128 0x3b
 1293 0129 05       		.uleb128 0x5
 1294 012a 27       		.uleb128 0x27
 1295 012b 19       		.uleb128 0x19
 1296 012c 11       		.uleb128 0x11
 1297 012d 01       		.uleb128 0x1
 1298 012e 12       		.uleb128 0x12
 1299 012f 06       		.uleb128 0x6
 1300 0130 40       		.uleb128 0x40
 1301 0131 18       		.uleb128 0x18
 1302 0132 9742     		.uleb128 0x2117
 1303 0134 19       		.uleb128 0x19
 1304 0135 01       		.uleb128 0x1
 1305 0136 13       		.uleb128 0x13
 1306 0137 00       		.byte	0
 1307 0138 00       		.byte	0
 1308 0139 18       		.uleb128 0x18
 1309 013a 0B       		.uleb128 0xb
 1310 013b 01       		.byte	0x1
 1311 013c 11       		.uleb128 0x11
 1312 013d 01       		.uleb128 0x1
 1313 013e 12       		.uleb128 0x12
 1314 013f 06       		.uleb128 0x6
 1315 0140 01       		.uleb128 0x1
 1316 0141 13       		.uleb128 0x13
 1317 0142 00       		.byte	0
 1318 0143 00       		.byte	0
 1319 0144 19       		.uleb128 0x19
 1320 0145 34       		.uleb128 0x34
 1321 0146 00       		.byte	0
 1322 0147 03       		.uleb128 0x3
 1323 0148 0E       		.uleb128 0xe
 1324 0149 3A       		.uleb128 0x3a
 1325 014a 0B       		.uleb128 0xb
 1326 014b 3B       		.uleb128 0x3b
 1327 014c 05       		.uleb128 0x5
 1328 014d 49       		.uleb128 0x49
 1329 014e 13       		.uleb128 0x13
 1330 014f 02       		.uleb128 0x2
 1331 0150 18       		.uleb128 0x18
 1332 0151 00       		.byte	0
 1333 0152 00       		.byte	0
 1334 0153 1A       		.uleb128 0x1a
 1335 0154 13       		.uleb128 0x13
 1336 0155 01       		.byte	0x1
 1337 0156 0B       		.uleb128 0xb
 1338 0157 0B       		.uleb128 0xb
 1339 0158 3A       		.uleb128 0x3a
 1340 0159 0B       		.uleb128 0xb
 1341 015a 3B       		.uleb128 0x3b
 1342 015b 05       		.uleb128 0x5
 1343 015c 01       		.uleb128 0x1
 1344 015d 13       		.uleb128 0x13
 1345 015e 00       		.byte	0
 1346 015f 00       		.byte	0
 1347 0160 1B       		.uleb128 0x1b
 1348 0161 0D       		.uleb128 0xd
ARM GAS  C:\Users\wl\AppData\Local\Temp\ccRsapig.s 			page 32


 1349 0162 00       		.byte	0
 1350 0163 03       		.uleb128 0x3
 1351 0164 0E       		.uleb128 0xe
 1352 0165 3A       		.uleb128 0x3a
 1353 0166 0B       		.uleb128 0xb
 1354 0167 3B       		.uleb128 0x3b
 1355 0168 05       		.uleb128 0x5
 1356 0169 49       		.uleb128 0x49
 1357 016a 13       		.uleb128 0x13
 1358 016b 38       		.uleb128 0x38
 1359 016c 0B       		.uleb128 0xb
 1360 016d 00       		.byte	0
 1361 016e 00       		.byte	0
 1362 016f 1C       		.uleb128 0x1c
 1363 0170 01       		.uleb128 0x1
 1364 0171 01       		.byte	0x1
 1365 0172 49       		.uleb128 0x49
 1366 0173 13       		.uleb128 0x13
 1367 0174 01       		.uleb128 0x1
 1368 0175 13       		.uleb128 0x13
 1369 0176 00       		.byte	0
 1370 0177 00       		.byte	0
 1371 0178 1D       		.uleb128 0x1d
 1372 0179 21       		.uleb128 0x21
 1373 017a 00       		.byte	0
 1374 017b 49       		.uleb128 0x49
 1375 017c 13       		.uleb128 0x13
 1376 017d 2F       		.uleb128 0x2f
 1377 017e 0B       		.uleb128 0xb
 1378 017f 00       		.byte	0
 1379 0180 00       		.byte	0
 1380 0181 1E       		.uleb128 0x1e
 1381 0182 34       		.uleb128 0x34
 1382 0183 00       		.byte	0
 1383 0184 03       		.uleb128 0x3
 1384 0185 08       		.uleb128 0x8
 1385 0186 3A       		.uleb128 0x3a
 1386 0187 0B       		.uleb128 0xb
 1387 0188 3B       		.uleb128 0x3b
 1388 0189 05       		.uleb128 0x5
 1389 018a 49       		.uleb128 0x49
 1390 018b 13       		.uleb128 0x13
 1391 018c 02       		.uleb128 0x2
 1392 018d 17       		.uleb128 0x17
 1393 018e 00       		.byte	0
 1394 018f 00       		.byte	0
 1395 0190 1F       		.uleb128 0x1f
 1396 0191 2E       		.uleb128 0x2e
 1397 0192 00       		.byte	0
 1398 0193 3F       		.uleb128 0x3f
 1399 0194 19       		.uleb128 0x19
 1400 0195 3C       		.uleb128 0x3c
 1401 0196 19       		.uleb128 0x19
 1402 0197 6E       		.uleb128 0x6e
 1403 0198 0E       		.uleb128 0xe
 1404 0199 03       		.uleb128 0x3
 1405 019a 0E       		.uleb128 0xe
ARM GAS  C:\Users\wl\AppData\Local\Temp\ccRsapig.s 			page 33


 1406 019b 00       		.byte	0
 1407 019c 00       		.byte	0
 1408 019d 20       		.uleb128 0x20
 1409 019e 2E       		.uleb128 0x2e
 1410 019f 00       		.byte	0
 1411 01a0 3F       		.uleb128 0x3f
 1412 01a1 19       		.uleb128 0x19
 1413 01a2 3C       		.uleb128 0x3c
 1414 01a3 19       		.uleb128 0x19
 1415 01a4 6E       		.uleb128 0x6e
 1416 01a5 0E       		.uleb128 0xe
 1417 01a6 03       		.uleb128 0x3
 1418 01a7 0E       		.uleb128 0xe
 1419 01a8 3A       		.uleb128 0x3a
 1420 01a9 0B       		.uleb128 0xb
 1421 01aa 3B       		.uleb128 0x3b
 1422 01ab 0B       		.uleb128 0xb
 1423 01ac 00       		.byte	0
 1424 01ad 00       		.byte	0
 1425 01ae 00       		.byte	0
 1426              		.section	.debug_loc,"",%progbits
 1427              	.Ldebug_loc0:
 1428              	.LLST0:
 1429 0000 02000000 		.4byte	.LVL1
 1430 0004 08000000 		.4byte	.LVL2
 1431 0008 0200     		.2byte	0x2
 1432 000a 30       		.byte	0x30
 1433 000b 9F       		.byte	0x9f
 1434 000c 08000000 		.4byte	.LVL2
 1435 0010 30000000 		.4byte	.LVL11
 1436 0014 0100     		.2byte	0x1
 1437 0016 57       		.byte	0x57
 1438 0017 00000000 		.4byte	0
 1439 001b 00000000 		.4byte	0
 1440              	.LLST1:
 1441 001f 02000000 		.4byte	.LVL1
 1442 0023 08000000 		.4byte	.LVL2
 1443 0027 0200     		.2byte	0x2
 1444 0029 30       		.byte	0x30
 1445 002a 9F       		.byte	0x9f
 1446 002b 08000000 		.4byte	.LVL2
 1447 002f 30000000 		.4byte	.LVL10
 1448 0033 0100     		.2byte	0x1
 1449 0035 55       		.byte	0x55
 1450 0036 00000000 		.4byte	0
 1451 003a 00000000 		.4byte	0
 1452              	.LLST2:
 1453 003e 0C000000 		.4byte	.LVL3
 1454 0042 2C000000 		.4byte	.LVL9
 1455 0046 0100     		.2byte	0x1
 1456 0048 56       		.byte	0x56
 1457 0049 00000000 		.4byte	0
 1458 004d 00000000 		.4byte	0
 1459              	.LLST3:
 1460 0051 0E000000 		.4byte	.LVL4
 1461 0055 24000000 		.4byte	.LVL7
 1462 0059 0100     		.2byte	0x1
ARM GAS  C:\Users\wl\AppData\Local\Temp\ccRsapig.s 			page 34


 1463 005b 53       		.byte	0x53
 1464 005c 26000000 		.4byte	.LVL8
 1465 0060 2C000000 		.4byte	.LVL9
 1466 0064 0100     		.2byte	0x1
 1467 0066 53       		.byte	0x53
 1468 0067 00000000 		.4byte	0
 1469 006b 00000000 		.4byte	0
 1470              	.LLST4:
 1471 006f 00000000 		.4byte	.LVL12
 1472 0073 09000000 		.4byte	.LVL14-1
 1473 0077 0100     		.2byte	0x1
 1474 0079 50       		.byte	0x50
 1475 007a 09000000 		.4byte	.LVL14-1
 1476 007e 0C000000 		.4byte	.LFE2
 1477 0082 0400     		.2byte	0x4
 1478 0084 F3       		.byte	0xf3
 1479 0085 01       		.uleb128 0x1
 1480 0086 50       		.byte	0x50
 1481 0087 9F       		.byte	0x9f
 1482 0088 00000000 		.4byte	0
 1483 008c 00000000 		.4byte	0
 1484              	.LLST5:
 1485 0090 00000000 		.4byte	.LVL12
 1486 0094 06000000 		.4byte	.LVL13
 1487 0098 0100     		.2byte	0x1
 1488 009a 51       		.byte	0x51
 1489 009b 06000000 		.4byte	.LVL13
 1490 009f 09000000 		.4byte	.LVL14-1
 1491 00a3 0100     		.2byte	0x1
 1492 00a5 52       		.byte	0x52
 1493 00a6 09000000 		.4byte	.LVL14-1
 1494 00aa 0C000000 		.4byte	.LFE2
 1495 00ae 0400     		.2byte	0x4
 1496 00b0 F3       		.byte	0xf3
 1497 00b1 01       		.uleb128 0x1
 1498 00b2 51       		.byte	0x51
 1499 00b3 9F       		.byte	0x9f
 1500 00b4 00000000 		.4byte	0
 1501 00b8 00000000 		.4byte	0
 1502              	.LLST6:
 1503 00bc E2000000 		.4byte	.LVL23
 1504 00c0 E6000000 		.4byte	.LVL24
 1505 00c4 0200     		.2byte	0x2
 1506 00c6 30       		.byte	0x30
 1507 00c7 9F       		.byte	0x9f
 1508 00c8 E6000000 		.4byte	.LVL24
 1509 00cc 04010000 		.4byte	.LVL26
 1510 00d0 0100     		.2byte	0x1
 1511 00d2 54       		.byte	0x54
 1512 00d3 06010000 		.4byte	.LVL27
 1513 00d7 66010000 		.4byte	.LVL31
 1514 00db 0100     		.2byte	0x1
 1515 00dd 54       		.byte	0x54
 1516 00de 00000000 		.4byte	0
 1517 00e2 00000000 		.4byte	0
 1518              	.LLST7:
 1519 00e6 E6000000 		.4byte	.LVL24
ARM GAS  C:\Users\wl\AppData\Local\Temp\ccRsapig.s 			page 35


 1520 00ea 04010000 		.4byte	.LVL26
 1521 00ee 0B00     		.2byte	0xb
 1522 00f0 74       		.byte	0x74
 1523 00f1 00       		.sleb128 0
 1524 00f2 36       		.byte	0x36
 1525 00f3 1E       		.byte	0x1e
 1526 00f4 03       		.byte	0x3
 1527 00f5 00000000 		.4byte	cfg_memset_list.4916
 1528 00f9 22       		.byte	0x22
 1529 00fa 9F       		.byte	0x9f
 1530 00fb 04010000 		.4byte	.LVL26
 1531 00ff 06010000 		.4byte	.LVL27
 1532 0103 0B00     		.2byte	0xb
 1533 0105 74       		.byte	0x74
 1534 0106 7F       		.sleb128 -1
 1535 0107 36       		.byte	0x36
 1536 0108 1E       		.byte	0x1e
 1537 0109 03       		.byte	0x3
 1538 010a 00000000 		.4byte	cfg_memset_list.4916
 1539 010e 22       		.byte	0x22
 1540 010f 9F       		.byte	0x9f
 1541 0110 00000000 		.4byte	0
 1542 0114 00000000 		.4byte	0
 1543              		.section	.debug_aranges,"",%progbits
 1544 0000 3C000000 		.4byte	0x3c
 1545 0004 0200     		.2byte	0x2
 1546 0006 00000000 		.4byte	.Ldebug_info0
 1547 000a 04       		.byte	0x4
 1548 000b 00       		.byte	0
 1549 000c 0000     		.2byte	0
 1550 000e 0000     		.2byte	0
 1551 0010 00000000 		.4byte	.LFB5
 1552 0014 32000000 		.4byte	.LFE5-.LFB5
 1553 0018 00000000 		.4byte	.LFB7
 1554 001c 20000000 		.4byte	.LFE7-.LFB7
 1555 0020 00000000 		.4byte	.LFB2
 1556 0024 0C000000 		.4byte	.LFE2-.LFB2
 1557 0028 00000000 		.4byte	.LFB6
 1558 002c D8000000 		.4byte	.LFE6-.LFB6
 1559 0030 D8000000 		.4byte	.LFB8
 1560 0034 C4000000 		.4byte	.LFE8-.LFB8
 1561 0038 00000000 		.4byte	0
 1562 003c 00000000 		.4byte	0
 1563              		.section	.debug_ranges,"",%progbits
 1564              	.Ldebug_ranges0:
 1565 0000 00000000 		.4byte	.LFB5
 1566 0004 32000000 		.4byte	.LFE5
 1567 0008 00000000 		.4byte	.LFB7
 1568 000c 20000000 		.4byte	.LFE7
 1569 0010 00000000 		.4byte	.LFB2
 1570 0014 0C000000 		.4byte	.LFE2
 1571 0018 00000000 		.4byte	.LFB6
 1572 001c D8000000 		.4byte	.LFE6
 1573 0020 D8000000 		.4byte	.LFB8
 1574 0024 9C010000 		.4byte	.LFE8
 1575 0028 00000000 		.4byte	0
 1576 002c 00000000 		.4byte	0
ARM GAS  C:\Users\wl\AppData\Local\Temp\ccRsapig.s 			page 36


 1577              		.section	.debug_line,"",%progbits
 1578              	.Ldebug_line0:
 1579 0000 88010000 		.section	.debug_str,"MS",%progbits,1
 1579      0200E300 
 1579      00000201 
 1579      FB0E0D00 
 1579      01010101 
 1580              	.LASF37:
 1581 0000 43794465 		.ascii	"CyDelayCycles\000"
 1581      6C617943 
 1581      79636C65 
 1581      7300
 1582              	.LASF19:
 1583 000e 72656733 		.ascii	"reg32\000"
 1583      3200
 1584              	.LASF12:
 1585 0014 73697A65 		.ascii	"size_t\000"
 1585      5F7400
 1586              	.LASF47:
 1587 001b 416E616C 		.ascii	"AnalogSetDefault\000"
 1587      6F675365 
 1587      74446566 
 1587      61756C74 
 1587      00
 1588              	.LASF42:
 1589 002c 4379496E 		.ascii	"CyIntSetVector\000"
 1589      74536574 
 1589      56656374 
 1589      6F7200
 1590              	.LASF21:
 1591 003b 76616C75 		.ascii	"value\000"
 1591      6500
 1592              	.LASF26:
 1593 0041 636F756E 		.ascii	"count\000"
 1593      7400
 1594              	.LASF29:
 1595 0047 436C6F63 		.ascii	"ClockSetup\000"
 1595      6B536574 
 1595      757000
 1596              	.LASF30:
 1597 0052 63795F63 		.ascii	"cy_cfg_addr_table\000"
 1597      66675F61 
 1597      6464725F 
 1597      7461626C 
 1597      6500
 1598              	.LASF31:
 1599 0064 63795F63 		.ascii	"cy_cfg_data_table\000"
 1599      66675F64 
 1599      6174615F 
 1599      7461626C 
 1599      6500
 1600              	.LASF16:
 1601 0076 666C6F61 		.ascii	"float\000"
 1601      7400
 1602              	.LASF35:
 1603 007c 6366675F 		.ascii	"cfg_memset_list\000"
 1603      6D656D73 
ARM GAS  C:\Users\wl\AppData\Local\Temp\ccRsapig.s 			page 37


 1603      65745F6C 
 1603      69737400 
 1604              	.LASF33:
 1605 008c 73697A65 		.ascii	"size\000"
 1605      00
 1606              	.LASF38:
 1607 0091 43795379 		.ascii	"CySysClkWcoSetPowerMode\000"
 1607      73436C6B 
 1607      57636F53 
 1607      6574506F 
 1607      7765724D 
 1608              	.LASF18:
 1609 00a9 72656738 		.ascii	"reg8\000"
 1609      00
 1610              	.LASF8:
 1611 00ae 6C6F6E67 		.ascii	"long unsigned int\000"
 1611      20756E73 
 1611      69676E65 
 1611      6420696E 
 1611      7400
 1612              	.LASF13:
 1613 00c0 75696E74 		.ascii	"uint8\000"
 1613      3800
 1614              	.LASF36:
 1615 00c6 43795379 		.ascii	"CySysClkWcoStart\000"
 1615      73436C6B 
 1615      57636F53 
 1615      74617274 
 1615      00
 1616              	.LASF28:
 1617 00d7 43594D45 		.ascii	"CYMEMZERO\000"
 1617      4D5A4552 
 1617      4F00
 1618              	.LASF4:
 1619 00e1 756E7369 		.ascii	"unsigned char\000"
 1619      676E6564 
 1619      20636861 
 1619      7200
 1620              	.LASF49:
 1621 00ef 6D656D73 		.ascii	"memset\000"
 1621      657400
 1622              	.LASF17:
 1623 00f6 646F7562 		.ascii	"double\000"
 1623      6C6500
 1624              	.LASF27:
 1625 00fd 6366675F 		.ascii	"cfg_write_bytes32\000"
 1625      77726974 
 1625      655F6279 
 1625      74657333 
 1625      3200
 1626              	.LASF43:
 1627 010f 4379496E 		.ascii	"CyIntEnable\000"
 1627      74456E61 
 1627      626C6500 
 1628              	.LASF23:
 1629 011b 61646472 		.ascii	"addr_table\000"
 1629      5F746162 
ARM GAS  C:\Users\wl\AppData\Local\Temp\ccRsapig.s 			page 38


 1629      6C6500
 1630              	.LASF14:
 1631 0126 75696E74 		.ascii	"uint16\000"
 1631      313600
 1632              	.LASF24:
 1633 012d 64617461 		.ascii	"data_table\000"
 1633      5F746162 
 1633      6C6500
 1634              	.LASF15:
 1635 0138 75696E74 		.ascii	"uint32\000"
 1635      333200
 1636              	.LASF0:
 1637 013f 756E7369 		.ascii	"unsigned int\000"
 1637      676E6564 
 1637      20696E74 
 1637      00
 1638              	.LASF48:
 1639 014c 63796669 		.ascii	"cyfitter_cfg\000"
 1639      74746572 
 1639      5F636667 
 1639      00
 1640              	.LASF32:
 1641 0159 61646472 		.ascii	"address\000"
 1641      65737300 
 1642              	.LASF9:
 1643 0161 6C6F6E67 		.ascii	"long long unsigned int\000"
 1643      206C6F6E 
 1643      6720756E 
 1643      7369676E 
 1643      65642069 
 1644              	.LASF44:
 1645 0178 474E5520 		.ascii	"GNU C11 5.4.1 20160609 (release) [ARM/embedded-5-br"
 1645      43313120 
 1645      352E342E 
 1645      31203230 
 1645      31363036 
 1646 01ab 616E6368 		.ascii	"anch revision 237715] -mcpu=cortex-m0 -mthumb -g -O"
 1646      20726576 
 1646      6973696F 
 1646      6E203233 
 1646      37373135 
 1647 01de 67202D66 		.ascii	"g -ffunction-sections -ffat-lto-objects\000"
 1647      66756E63 
 1647      74696F6E 
 1647      2D736563 
 1647      74696F6E 
 1648              	.LASF34:
 1649 0206 6366675F 		.ascii	"cfg_memset_t\000"
 1649      6D656D73 
 1649      65745F74 
 1649      00
 1650              	.LASF25:
 1651 0213 62617365 		.ascii	"baseAddr\000"
 1651      41646472 
 1651      00
 1652              	.LASF10:
 1653 021c 73697A65 		.ascii	"sizetype\000"
ARM GAS  C:\Users\wl\AppData\Local\Temp\ccRsapig.s 			page 39


 1653      74797065 
 1653      00
 1654              	.LASF6:
 1655 0225 73686F72 		.ascii	"short unsigned int\000"
 1655      7420756E 
 1655      7369676E 
 1655      65642069 
 1655      6E7400
 1656              	.LASF1:
 1657 0238 6C6F6E67 		.ascii	"long long int\000"
 1657      206C6F6E 
 1657      6720696E 
 1657      7400
 1658              	.LASF41:
 1659 0246 43794465 		.ascii	"CyDelayUs\000"
 1659      6C617955 
 1659      7300
 1660              	.LASF11:
 1661 0250 63686172 		.ascii	"char\000"
 1661      00
 1662              	.LASF40:
 1663 0255 43795379 		.ascii	"CySysClkEcoStart\000"
 1663      73436C6B 
 1663      45636F53 
 1663      74617274 
 1663      00
 1664              	.LASF22:
 1665 0266 63795F63 		.ascii	"cy_cfg_addrvalue_t\000"
 1665      66675F61 
 1665      64647276 
 1665      616C7565 
 1665      5F7400
 1666              	.LASF20:
 1667 0279 6F666673 		.ascii	"offset\000"
 1667      657400
 1668              	.LASF5:
 1669 0280 73686F72 		.ascii	"short int\000"
 1669      7420696E 
 1669      7400
 1670              	.LASF39:
 1671 028a 43795379 		.ascii	"CySysClkWriteImoFreq\000"
 1671      73436C6B 
 1671      57726974 
 1671      65496D6F 
 1671      46726571 
 1672              	.LASF7:
 1673 029f 6C6F6E67 		.ascii	"long int\000"
 1673      20696E74 
 1673      00
 1674              	.LASF2:
 1675 02a8 6C6F6E67 		.ascii	"long double\000"
 1675      20646F75 
 1675      626C6500 
 1676              	.LASF3:
 1677 02b4 7369676E 		.ascii	"signed char\000"
 1677      65642063 
 1677      68617200 
ARM GAS  C:\Users\wl\AppData\Local\Temp\ccRsapig.s 			page 40


 1678              	.LASF45:
 1679 02c0 47656E65 		.ascii	"Generated_Source\\PSoC4\\cyfitter_cfg.c\000"
 1679      72617465 
 1679      645F536F 
 1679      75726365 
 1679      5C50536F 
 1680              	.LASF46:
 1681 02e6 433A5C55 		.ascii	"C:\\Users\\wl\\Desktop\\cypressResource\\projects\\"
 1681      73657273 
 1681      5C776C5C 
 1681      4465736B 
 1681      746F705C 
 1682 0313 576F726B 		.ascii	"Workspace01\\Lesson7-Counter.cydsn\000"
 1682      73706163 
 1682      6530315C 
 1682      4C657373 
 1682      6F6E372D 
 1683              		.ident	"GCC: (GNU Tools for ARM Embedded Processors) 5.4.1 20160609 (release) [ARM/embedded-5-bran
