ARM GAS  C:\Users\wl\AppData\Local\Temp\ccUtCzZb.s 			page 1


   1              		.syntax unified
   2              		.cpu cortex-m0
   3              		.fpu softvfp
   4              		.eabi_attribute 20, 1
   5              		.eabi_attribute 21, 1
   6              		.eabi_attribute 23, 3
   7              		.eabi_attribute 24, 1
   8              		.eabi_attribute 25, 1
   9              		.eabi_attribute 26, 1
  10              		.eabi_attribute 30, 1
  11              		.eabi_attribute 34, 0
  12              		.eabi_attribute 18, 4
  13              		.thumb
  14              		.syntax unified
  15              		.file	"main.c"
  16              		.text
  17              	.Ltext0:
  18              		.cfi_sections	.debug_frame
  19              		.section	.text.main,"ax",%progbits
  20              		.align	2
  21              		.global	main
  22              		.code	16
  23              		.thumb_func
  24              		.type	main, %function
  25              	main:
  26              	.LFB35:
  27              		.file 1 "main.c"
   1:main.c        **** /*******************************************************************************
   2:main.c        **** * PSoC 101 Training Lessons: StatusRegister
   3:main.c        **** ********************************************************************************
   4:main.c        **** *
   5:main.c        **** * Use toggle flip-flops to cycle the RGB LED through 4 colors (off, red, green,
   6:main.c        **** * yellow) and print the current status via the UART.
   7:main.c        **** *
   8:main.c        **** */
   9:main.c        **** 
  10:main.c        **** #include <project.h>
  11:main.c        **** 
  12:main.c        **** 
  13:main.c        **** /*******************************************************************************
  14:main.c        **** * Function Name: main
  15:main.c        **** ********************************************************************************
  16:main.c        **** *
  17:main.c        **** * When the register value changes build a string with its value and a carriage
  18:main.c        **** * return (but no line feed) and print it to the UART.
  19:main.c        **** *
  20:main.c        **** * Parameters:	None
  21:main.c        **** *
  22:main.c        **** * Return:		int (not used)
  23:main.c        **** *
  24:main.c        **** *******************************************************************************/
  25:main.c        **** int main()
  26:main.c        **** {   
  28              		.loc 1 26 0
  29              		.cfi_startproc
  30              		@ args = 0, pretend = 0, frame = 0
  31              		@ frame_needed = 0, uses_anonymous_args = 0
ARM GAS  C:\Users\wl\AppData\Local\Temp\ccUtCzZb.s 			page 2


  32 0000 70B5     		push	{r4, r5, r6, lr}
  33              		.cfi_def_cfa_offset 16
  34              		.cfi_offset 4, -16
  35              		.cfi_offset 5, -12
  36              		.cfi_offset 6, -8
  37              		.cfi_offset 14, -4
  38              	.LVL0:
  27:main.c        ****     int status = 0;         /* Current value of the register */
  28:main.c        ****     
  29:main.c        ****     int oldstatus = -1;     /* Previous value (initialize to to !status) */
  30:main.c        **** 	
  31:main.c        ****     CyGlobalIntEnable;      /* Enable global interrupts */
  39              		.loc 1 31 0
  40              		.syntax divided
  41              	@ 31 "main.c" 1
  42 0002 62B6     		CPSIE   i
  43              	@ 0 "" 2
  32:main.c        **** 	
  33:main.c        **** 	UART_Start();
  44              		.loc 1 33 0
  45              		.thumb
  46              		.syntax unified
  47 0004 FFF7FEFF 		bl	UART_Start
  48              	.LVL1:
  29:main.c        **** 	
  49              		.loc 1 29 0
  50 0008 0125     		movs	r5, #1
  51 000a 6D42     		rsbs	r5, r5, #0
  52              	.LVL2:
  53              	.L2:
  34:main.c        **** 	
  35:main.c        ****     for(;;)
  36:main.c        ****     {
  37:main.c        ****         /* Read the status */
  38:main.c        ****         status = Status_Read();
  54              		.loc 1 38 0
  55 000c FFF7FEFF 		bl	Status_Read
  56              	.LVL3:
  57 0010 0400     		movs	r4, r0
  58              	.LVL4:
  39:main.c        ****         
  40:main.c        **** 		/* If it changed, create the string and print it */
  41:main.c        ****         if ( status != oldstatus )
  59              		.loc 1 41 0
  60 0012 8542     		cmp	r5, r0
  61 0014 FAD0     		beq	.L2
  62              	.LVL5:
  42:main.c        ****         {
  43:main.c        ****             oldstatus = status;
  44:main.c        ****    
  45:main.c        ****             UART_UartPutChar( '0' + status );
  63              		.loc 1 45 0
  64 0016 3030     		adds	r0, r0, #48
  65              	.LVL6:
  66 0018 FFF7FEFF 		bl	UART_SpiUartWriteTxData
  67              	.LVL7:
  46:main.c        ****             UART_UartPutChar( '\r' );
ARM GAS  C:\Users\wl\AppData\Local\Temp\ccUtCzZb.s 			page 3


  68              		.loc 1 46 0
  69 001c 0D20     		movs	r0, #13
  70 001e FFF7FEFF 		bl	UART_SpiUartWriteTxData
  71              	.LVL8:
  43:main.c        ****    
  72              		.loc 1 43 0
  73 0022 2500     		movs	r5, r4
  74 0024 F2E7     		b	.L2
  75              		.cfi_endproc
  76              	.LFE35:
  77              		.size	main, .-main
  78 0026 C046     		.text
  79              	.Letext0:
  80              		.file 2 "Generated_Source\\PSoC4/UART.h"
  81              		.file 3 "Generated_Source\\PSoC4/Status.h"
  82              		.file 4 "Generated_Source\\PSoC4/UART_SPI_UART.h"
  83              		.file 5 "Generated_Source\\PSoC4/cytypes.h"
  84              		.section	.debug_info,"",%progbits
  85              	.Ldebug_info0:
  86 0000 26010000 		.4byte	0x126
  87 0004 0400     		.2byte	0x4
  88 0006 00000000 		.4byte	.Ldebug_abbrev0
  89 000a 04       		.byte	0x4
  90 000b 01       		.uleb128 0x1
  91 000c 1C010000 		.4byte	.LASF19
  92 0010 0C       		.byte	0xc
  93 0011 7E000000 		.4byte	.LASF20
  94 0015 22000000 		.4byte	.LASF21
  95 0019 00000000 		.4byte	.Ldebug_ranges0+0
  96 001d 00000000 		.4byte	0
  97 0021 00000000 		.4byte	.Ldebug_line0
  98 0025 02       		.uleb128 0x2
  99 0026 01       		.byte	0x1
 100 0027 06       		.byte	0x6
 101 0028 BD010000 		.4byte	.LASF0
 102 002c 02       		.uleb128 0x2
 103 002d 01       		.byte	0x1
 104 002e 08       		.byte	0x8
 105 002f C8000000 		.4byte	.LASF1
 106 0033 02       		.uleb128 0x2
 107 0034 02       		.byte	0x2
 108 0035 05       		.byte	0x5
 109 0036 D5010000 		.4byte	.LASF2
 110 003a 02       		.uleb128 0x2
 111 003b 02       		.byte	0x2
 112 003c 07       		.byte	0x7
 113 003d AA010000 		.4byte	.LASF3
 114 0041 02       		.uleb128 0x2
 115 0042 04       		.byte	0x4
 116 0043 05       		.byte	0x5
 117 0044 EE000000 		.4byte	.LASF4
 118 0048 02       		.uleb128 0x2
 119 0049 04       		.byte	0x4
 120 004a 07       		.byte	0x7
 121 004b F7000000 		.4byte	.LASF5
 122 004f 02       		.uleb128 0x2
 123 0050 08       		.byte	0x8
ARM GAS  C:\Users\wl\AppData\Local\Temp\ccUtCzZb.s 			page 4


 124 0051 05       		.byte	0x5
 125 0052 00000000 		.4byte	.LASF6
 126 0056 02       		.uleb128 0x2
 127 0057 08       		.byte	0x8
 128 0058 07       		.byte	0x7
 129 0059 9B000000 		.4byte	.LASF7
 130 005d 03       		.uleb128 0x3
 131 005e 04       		.byte	0x4
 132 005f 05       		.byte	0x5
 133 0060 696E7400 		.ascii	"int\000"
 134 0064 02       		.uleb128 0x2
 135 0065 04       		.byte	0x4
 136 0066 07       		.byte	0x7
 137 0067 15000000 		.4byte	.LASF8
 138 006b 04       		.uleb128 0x4
 139 006c 0E000000 		.4byte	.LASF22
 140 0070 05       		.byte	0x5
 141 0071 E601     		.2byte	0x1e6
 142 0073 48000000 		.4byte	0x48
 143 0077 02       		.uleb128 0x2
 144 0078 04       		.byte	0x4
 145 0079 04       		.byte	0x4
 146 007a B2000000 		.4byte	.LASF9
 147 007e 02       		.uleb128 0x2
 148 007f 08       		.byte	0x8
 149 0080 04       		.byte	0x4
 150 0081 09010000 		.4byte	.LASF10
 151 0085 02       		.uleb128 0x2
 152 0086 01       		.byte	0x1
 153 0087 08       		.byte	0x8
 154 0088 B8000000 		.4byte	.LASF11
 155 008c 02       		.uleb128 0x2
 156 008d 08       		.byte	0x8
 157 008e 04       		.byte	0x4
 158 008f C9010000 		.4byte	.LASF12
 159 0093 02       		.uleb128 0x2
 160 0094 04       		.byte	0x4
 161 0095 07       		.byte	0x7
 162 0096 DF010000 		.4byte	.LASF13
 163 009a 05       		.uleb128 0x5
 164 009b 85000000 		.4byte	.LASF23
 165 009f 01       		.byte	0x1
 166 00a0 19       		.byte	0x19
 167 00a1 5D000000 		.4byte	0x5d
 168 00a5 00000000 		.4byte	.LFB35
 169 00a9 26000000 		.4byte	.LFE35-.LFB35
 170 00ad 01       		.uleb128 0x1
 171 00ae 9C       		.byte	0x9c
 172 00af 07010000 		.4byte	0x107
 173 00b3 06       		.uleb128 0x6
 174 00b4 8A000000 		.4byte	.LASF14
 175 00b8 01       		.byte	0x1
 176 00b9 1B       		.byte	0x1b
 177 00ba 5D000000 		.4byte	0x5d
 178 00be 00000000 		.4byte	.LLST0
 179 00c2 06       		.uleb128 0x6
 180 00c3 91000000 		.4byte	.LASF15
ARM GAS  C:\Users\wl\AppData\Local\Temp\ccUtCzZb.s 			page 5


 181 00c7 01       		.byte	0x1
 182 00c8 1D       		.byte	0x1d
 183 00c9 5D000000 		.4byte	0x5d
 184 00cd 2A000000 		.4byte	.LLST1
 185 00d1 07       		.uleb128 0x7
 186 00d2 08000000 		.4byte	.LVL1
 187 00d6 07010000 		.4byte	0x107
 188 00da 07       		.uleb128 0x7
 189 00db 10000000 		.4byte	.LVL3
 190 00df 12010000 		.4byte	0x112
 191 00e3 08       		.uleb128 0x8
 192 00e4 1C000000 		.4byte	.LVL7
 193 00e8 1D010000 		.4byte	0x11d
 194 00ec F7000000 		.4byte	0xf7
 195 00f0 09       		.uleb128 0x9
 196 00f1 01       		.uleb128 0x1
 197 00f2 50       		.byte	0x50
 198 00f3 02       		.uleb128 0x2
 199 00f4 74       		.byte	0x74
 200 00f5 30       		.sleb128 48
 201 00f6 00       		.byte	0
 202 00f7 0A       		.uleb128 0xa
 203 00f8 22000000 		.4byte	.LVL8
 204 00fc 1D010000 		.4byte	0x11d
 205 0100 09       		.uleb128 0x9
 206 0101 01       		.uleb128 0x1
 207 0102 50       		.byte	0x50
 208 0103 01       		.uleb128 0x1
 209 0104 3D       		.byte	0x3d
 210 0105 00       		.byte	0
 211 0106 00       		.byte	0
 212 0107 0B       		.uleb128 0xb
 213 0108 BD000000 		.4byte	.LASF16
 214 010c BD000000 		.4byte	.LASF16
 215 0110 02       		.byte	0x2
 216 0111 72       		.byte	0x72
 217 0112 0B       		.uleb128 0xb
 218 0113 10010000 		.4byte	.LASF17
 219 0117 10010000 		.4byte	.LASF17
 220 011b 03       		.byte	0x3
 221 011c 30       		.byte	0x30
 222 011d 0C       		.uleb128 0xc
 223 011e D6000000 		.4byte	.LASF18
 224 0122 D6000000 		.4byte	.LASF18
 225 0126 04       		.byte	0x4
 226 0127 4403     		.2byte	0x344
 227 0129 00       		.byte	0
 228              		.section	.debug_abbrev,"",%progbits
 229              	.Ldebug_abbrev0:
 230 0000 01       		.uleb128 0x1
 231 0001 11       		.uleb128 0x11
 232 0002 01       		.byte	0x1
 233 0003 25       		.uleb128 0x25
 234 0004 0E       		.uleb128 0xe
 235 0005 13       		.uleb128 0x13
 236 0006 0B       		.uleb128 0xb
 237 0007 03       		.uleb128 0x3
ARM GAS  C:\Users\wl\AppData\Local\Temp\ccUtCzZb.s 			page 6


 238 0008 0E       		.uleb128 0xe
 239 0009 1B       		.uleb128 0x1b
 240 000a 0E       		.uleb128 0xe
 241 000b 55       		.uleb128 0x55
 242 000c 17       		.uleb128 0x17
 243 000d 11       		.uleb128 0x11
 244 000e 01       		.uleb128 0x1
 245 000f 10       		.uleb128 0x10
 246 0010 17       		.uleb128 0x17
 247 0011 00       		.byte	0
 248 0012 00       		.byte	0
 249 0013 02       		.uleb128 0x2
 250 0014 24       		.uleb128 0x24
 251 0015 00       		.byte	0
 252 0016 0B       		.uleb128 0xb
 253 0017 0B       		.uleb128 0xb
 254 0018 3E       		.uleb128 0x3e
 255 0019 0B       		.uleb128 0xb
 256 001a 03       		.uleb128 0x3
 257 001b 0E       		.uleb128 0xe
 258 001c 00       		.byte	0
 259 001d 00       		.byte	0
 260 001e 03       		.uleb128 0x3
 261 001f 24       		.uleb128 0x24
 262 0020 00       		.byte	0
 263 0021 0B       		.uleb128 0xb
 264 0022 0B       		.uleb128 0xb
 265 0023 3E       		.uleb128 0x3e
 266 0024 0B       		.uleb128 0xb
 267 0025 03       		.uleb128 0x3
 268 0026 08       		.uleb128 0x8
 269 0027 00       		.byte	0
 270 0028 00       		.byte	0
 271 0029 04       		.uleb128 0x4
 272 002a 16       		.uleb128 0x16
 273 002b 00       		.byte	0
 274 002c 03       		.uleb128 0x3
 275 002d 0E       		.uleb128 0xe
 276 002e 3A       		.uleb128 0x3a
 277 002f 0B       		.uleb128 0xb
 278 0030 3B       		.uleb128 0x3b
 279 0031 05       		.uleb128 0x5
 280 0032 49       		.uleb128 0x49
 281 0033 13       		.uleb128 0x13
 282 0034 00       		.byte	0
 283 0035 00       		.byte	0
 284 0036 05       		.uleb128 0x5
 285 0037 2E       		.uleb128 0x2e
 286 0038 01       		.byte	0x1
 287 0039 3F       		.uleb128 0x3f
 288 003a 19       		.uleb128 0x19
 289 003b 03       		.uleb128 0x3
 290 003c 0E       		.uleb128 0xe
 291 003d 3A       		.uleb128 0x3a
 292 003e 0B       		.uleb128 0xb
 293 003f 3B       		.uleb128 0x3b
 294 0040 0B       		.uleb128 0xb
ARM GAS  C:\Users\wl\AppData\Local\Temp\ccUtCzZb.s 			page 7


 295 0041 49       		.uleb128 0x49
 296 0042 13       		.uleb128 0x13
 297 0043 8701     		.uleb128 0x87
 298 0045 19       		.uleb128 0x19
 299 0046 11       		.uleb128 0x11
 300 0047 01       		.uleb128 0x1
 301 0048 12       		.uleb128 0x12
 302 0049 06       		.uleb128 0x6
 303 004a 40       		.uleb128 0x40
 304 004b 18       		.uleb128 0x18
 305 004c 9742     		.uleb128 0x2117
 306 004e 19       		.uleb128 0x19
 307 004f 01       		.uleb128 0x1
 308 0050 13       		.uleb128 0x13
 309 0051 00       		.byte	0
 310 0052 00       		.byte	0
 311 0053 06       		.uleb128 0x6
 312 0054 34       		.uleb128 0x34
 313 0055 00       		.byte	0
 314 0056 03       		.uleb128 0x3
 315 0057 0E       		.uleb128 0xe
 316 0058 3A       		.uleb128 0x3a
 317 0059 0B       		.uleb128 0xb
 318 005a 3B       		.uleb128 0x3b
 319 005b 0B       		.uleb128 0xb
 320 005c 49       		.uleb128 0x49
 321 005d 13       		.uleb128 0x13
 322 005e 02       		.uleb128 0x2
 323 005f 17       		.uleb128 0x17
 324 0060 00       		.byte	0
 325 0061 00       		.byte	0
 326 0062 07       		.uleb128 0x7
 327 0063 898201   		.uleb128 0x4109
 328 0066 00       		.byte	0
 329 0067 11       		.uleb128 0x11
 330 0068 01       		.uleb128 0x1
 331 0069 31       		.uleb128 0x31
 332 006a 13       		.uleb128 0x13
 333 006b 00       		.byte	0
 334 006c 00       		.byte	0
 335 006d 08       		.uleb128 0x8
 336 006e 898201   		.uleb128 0x4109
 337 0071 01       		.byte	0x1
 338 0072 11       		.uleb128 0x11
 339 0073 01       		.uleb128 0x1
 340 0074 31       		.uleb128 0x31
 341 0075 13       		.uleb128 0x13
 342 0076 01       		.uleb128 0x1
 343 0077 13       		.uleb128 0x13
 344 0078 00       		.byte	0
 345 0079 00       		.byte	0
 346 007a 09       		.uleb128 0x9
 347 007b 8A8201   		.uleb128 0x410a
 348 007e 00       		.byte	0
 349 007f 02       		.uleb128 0x2
 350 0080 18       		.uleb128 0x18
 351 0081 9142     		.uleb128 0x2111
ARM GAS  C:\Users\wl\AppData\Local\Temp\ccUtCzZb.s 			page 8


 352 0083 18       		.uleb128 0x18
 353 0084 00       		.byte	0
 354 0085 00       		.byte	0
 355 0086 0A       		.uleb128 0xa
 356 0087 898201   		.uleb128 0x4109
 357 008a 01       		.byte	0x1
 358 008b 11       		.uleb128 0x11
 359 008c 01       		.uleb128 0x1
 360 008d 31       		.uleb128 0x31
 361 008e 13       		.uleb128 0x13
 362 008f 00       		.byte	0
 363 0090 00       		.byte	0
 364 0091 0B       		.uleb128 0xb
 365 0092 2E       		.uleb128 0x2e
 366 0093 00       		.byte	0
 367 0094 3F       		.uleb128 0x3f
 368 0095 19       		.uleb128 0x19
 369 0096 3C       		.uleb128 0x3c
 370 0097 19       		.uleb128 0x19
 371 0098 6E       		.uleb128 0x6e
 372 0099 0E       		.uleb128 0xe
 373 009a 03       		.uleb128 0x3
 374 009b 0E       		.uleb128 0xe
 375 009c 3A       		.uleb128 0x3a
 376 009d 0B       		.uleb128 0xb
 377 009e 3B       		.uleb128 0x3b
 378 009f 0B       		.uleb128 0xb
 379 00a0 00       		.byte	0
 380 00a1 00       		.byte	0
 381 00a2 0C       		.uleb128 0xc
 382 00a3 2E       		.uleb128 0x2e
 383 00a4 00       		.byte	0
 384 00a5 3F       		.uleb128 0x3f
 385 00a6 19       		.uleb128 0x19
 386 00a7 3C       		.uleb128 0x3c
 387 00a8 19       		.uleb128 0x19
 388 00a9 6E       		.uleb128 0x6e
 389 00aa 0E       		.uleb128 0xe
 390 00ab 03       		.uleb128 0x3
 391 00ac 0E       		.uleb128 0xe
 392 00ad 3A       		.uleb128 0x3a
 393 00ae 0B       		.uleb128 0xb
 394 00af 3B       		.uleb128 0x3b
 395 00b0 05       		.uleb128 0x5
 396 00b1 00       		.byte	0
 397 00b2 00       		.byte	0
 398 00b3 00       		.byte	0
 399              		.section	.debug_loc,"",%progbits
 400              	.Ldebug_loc0:
 401              	.LLST0:
 402 0000 02000000 		.4byte	.LVL0
 403 0004 0C000000 		.4byte	.LVL2
 404 0008 0200     		.2byte	0x2
 405 000a 30       		.byte	0x30
 406 000b 9F       		.byte	0x9f
 407 000c 12000000 		.4byte	.LVL4
 408 0010 18000000 		.4byte	.LVL6
ARM GAS  C:\Users\wl\AppData\Local\Temp\ccUtCzZb.s 			page 9


 409 0014 0100     		.2byte	0x1
 410 0016 50       		.byte	0x50
 411 0017 18000000 		.4byte	.LVL6
 412 001b 26000000 		.4byte	.LFE35
 413 001f 0100     		.2byte	0x1
 414 0021 54       		.byte	0x54
 415 0022 00000000 		.4byte	0
 416 0026 00000000 		.4byte	0
 417              	.LLST1:
 418 002a 02000000 		.4byte	.LVL0
 419 002e 0C000000 		.4byte	.LVL2
 420 0032 0300     		.2byte	0x3
 421 0034 09       		.byte	0x9
 422 0035 FF       		.byte	0xff
 423 0036 9F       		.byte	0x9f
 424 0037 0C000000 		.4byte	.LVL2
 425 003b 16000000 		.4byte	.LVL5
 426 003f 0100     		.2byte	0x1
 427 0041 55       		.byte	0x55
 428 0042 16000000 		.4byte	.LVL5
 429 0046 18000000 		.4byte	.LVL6
 430 004a 0100     		.2byte	0x1
 431 004c 50       		.byte	0x50
 432 004d 18000000 		.4byte	.LVL6
 433 0051 26000000 		.4byte	.LFE35
 434 0055 0100     		.2byte	0x1
 435 0057 54       		.byte	0x54
 436 0058 00000000 		.4byte	0
 437 005c 00000000 		.4byte	0
 438              		.section	.debug_aranges,"",%progbits
 439 0000 1C000000 		.4byte	0x1c
 440 0004 0200     		.2byte	0x2
 441 0006 00000000 		.4byte	.Ldebug_info0
 442 000a 04       		.byte	0x4
 443 000b 00       		.byte	0
 444 000c 0000     		.2byte	0
 445 000e 0000     		.2byte	0
 446 0010 00000000 		.4byte	.LFB35
 447 0014 26000000 		.4byte	.LFE35-.LFB35
 448 0018 00000000 		.4byte	0
 449 001c 00000000 		.4byte	0
 450              		.section	.debug_ranges,"",%progbits
 451              	.Ldebug_ranges0:
 452 0000 00000000 		.4byte	.LFB35
 453 0004 26000000 		.4byte	.LFE35
 454 0008 00000000 		.4byte	0
 455 000c 00000000 		.4byte	0
 456              		.section	.debug_line,"",%progbits
 457              	.Ldebug_line0:
 458 0000 89000000 		.section	.debug_str,"MS",%progbits,1
 458      02006A00 
 458      00000201 
 458      FB0E0D00 
 458      01010101 
 459              	.LASF6:
 460 0000 6C6F6E67 		.ascii	"long long int\000"
 460      206C6F6E 
ARM GAS  C:\Users\wl\AppData\Local\Temp\ccUtCzZb.s 			page 10


 460      6720696E 
 460      7400
 461              	.LASF22:
 462 000e 75696E74 		.ascii	"uint32\000"
 462      333200
 463              	.LASF8:
 464 0015 756E7369 		.ascii	"unsigned int\000"
 464      676E6564 
 464      20696E74 
 464      00
 465              	.LASF21:
 466 0022 433A5C55 		.ascii	"C:\\Users\\wl\\Desktop\\cypressResource\\projects\\"
 466      73657273 
 466      5C776C5C 
 466      4465736B 
 466      746F705C 
 467 004f 50536F43 		.ascii	"PSoC101-CY8CKIT-042BLE\\14-StatusRegister.cydsn\000"
 467      3130312D 
 467      43593843 
 467      4B49542D 
 467      30343242 
 468              	.LASF20:
 469 007e 6D61696E 		.ascii	"main.c\000"
 469      2E6300
 470              	.LASF23:
 471 0085 6D61696E 		.ascii	"main\000"
 471      00
 472              	.LASF14:
 473 008a 73746174 		.ascii	"status\000"
 473      757300
 474              	.LASF15:
 475 0091 6F6C6473 		.ascii	"oldstatus\000"
 475      74617475 
 475      7300
 476              	.LASF7:
 477 009b 6C6F6E67 		.ascii	"long long unsigned int\000"
 477      206C6F6E 
 477      6720756E 
 477      7369676E 
 477      65642069 
 478              	.LASF9:
 479 00b2 666C6F61 		.ascii	"float\000"
 479      7400
 480              	.LASF11:
 481 00b8 63686172 		.ascii	"char\000"
 481      00
 482              	.LASF16:
 483 00bd 55415254 		.ascii	"UART_Start\000"
 483      5F537461 
 483      727400
 484              	.LASF1:
 485 00c8 756E7369 		.ascii	"unsigned char\000"
 485      676E6564 
 485      20636861 
 485      7200
 486              	.LASF18:
 487 00d6 55415254 		.ascii	"UART_SpiUartWriteTxData\000"
ARM GAS  C:\Users\wl\AppData\Local\Temp\ccUtCzZb.s 			page 11


 487      5F537069 
 487      55617274 
 487      57726974 
 487      65547844 
 488              	.LASF4:
 489 00ee 6C6F6E67 		.ascii	"long int\000"
 489      20696E74 
 489      00
 490              	.LASF5:
 491 00f7 6C6F6E67 		.ascii	"long unsigned int\000"
 491      20756E73 
 491      69676E65 
 491      6420696E 
 491      7400
 492              	.LASF10:
 493 0109 646F7562 		.ascii	"double\000"
 493      6C6500
 494              	.LASF17:
 495 0110 53746174 		.ascii	"Status_Read\000"
 495      75735F52 
 495      65616400 
 496              	.LASF19:
 497 011c 474E5520 		.ascii	"GNU C11 5.4.1 20160609 (release) [ARM/embedded-5-br"
 497      43313120 
 497      352E342E 
 497      31203230 
 497      31363036 
 498 014f 616E6368 		.ascii	"anch revision 237715] -mcpu=cortex-m0 -mthumb -g -O"
 498      20726576 
 498      6973696F 
 498      6E203233 
 498      37373135 
 499 0182 67202D66 		.ascii	"g -ffunction-sections -ffat-lto-objects\000"
 499      66756E63 
 499      74696F6E 
 499      2D736563 
 499      74696F6E 
 500              	.LASF3:
 501 01aa 73686F72 		.ascii	"short unsigned int\000"
 501      7420756E 
 501      7369676E 
 501      65642069 
 501      6E7400
 502              	.LASF0:
 503 01bd 7369676E 		.ascii	"signed char\000"
 503      65642063 
 503      68617200 
 504              	.LASF12:
 505 01c9 6C6F6E67 		.ascii	"long double\000"
 505      20646F75 
 505      626C6500 
 506              	.LASF2:
 507 01d5 73686F72 		.ascii	"short int\000"
 507      7420696E 
 507      7400
 508              	.LASF13:
 509 01df 73697A65 		.ascii	"sizetype\000"
ARM GAS  C:\Users\wl\AppData\Local\Temp\ccUtCzZb.s 			page 12


 509      74797065 
 509      00
 510              		.ident	"GCC: (GNU Tools for ARM Embedded Processors) 5.4.1 20160609 (release) [ARM/embedded-5-bran
