ARM GAS  C:\Users\wl\AppData\Local\Temp\ccklOtE7.s 			page 1


   1              		.syntax unified
   2              		.cpu cortex-m0
   3              		.fpu softvfp
   4              		.eabi_attribute 20, 1
   5              		.eabi_attribute 21, 1
   6              		.eabi_attribute 23, 3
   7              		.eabi_attribute 24, 1
   8              		.eabi_attribute 25, 1
   9              		.eabi_attribute 26, 1
  10              		.eabi_attribute 30, 1
  11              		.eabi_attribute 34, 0
  12              		.eabi_attribute 18, 4
  13              		.thumb
  14              		.syntax unified
  15              		.file	"main.c"
  16              		.text
  17              	.Ltext0:
  18              		.cfi_sections	.debug_frame
  19              		.section	.text.main,"ax",%progbits
  20              		.align	2
  21              		.global	main
  22              		.code	16
  23              		.thumb_func
  24              		.type	main, %function
  25              	main:
  26              	.LFB36:
  27              		.file 1 "main.c"
   1:main.c        **** /* ========================================
   2:main.c        ****  *
   3:main.c        ****  * Copyright YOUR COMPANY, THE YEAR
   4:main.c        ****  * All Rights Reserved
   5:main.c        ****  * UNPUBLISHED, LICENSED SOFTWARE.
   6:main.c        ****  *
   7:main.c        ****  * CONFIDENTIAL AND PROPRIETARY INFORMATION
   8:main.c        ****  * WHICH IS THE PROPERTY OF your company.
   9:main.c        ****  *
  10:main.c        ****  * ========================================
  11:main.c        **** */
  12:main.c        **** #include "project.h"
  13:main.c        **** #include "stdio.h"
  14:main.c        **** 
  15:main.c        **** int main(void)
  16:main.c        **** {
  28              		.loc 1 16 0
  29              		.cfi_startproc
  30              		@ args = 0, pretend = 0, frame = 0
  31              		@ frame_needed = 0, uses_anonymous_args = 0
  32 0000 F8B5     		push	{r3, r4, r5, r6, r7, lr}
  33              		.cfi_def_cfa_offset 24
  34              		.cfi_offset 3, -24
  35              		.cfi_offset 4, -20
  36              		.cfi_offset 5, -16
  37              		.cfi_offset 6, -12
  38              		.cfi_offset 7, -8
  39              		.cfi_offset 14, -4
  40              	.LVL0:
  17:main.c        ****     uint32 button0 = 0;             /* Current button state */
ARM GAS  C:\Users\wl\AppData\Local\Temp\ccklOtE7.s 			page 2


  18:main.c        ****     uint32 button1 = 0;  
  19:main.c        ****     
  20:main.c        ****     uint32 button0_down = 0;        /* Previous button state */
  21:main.c        ****     uint32 button1_down = 0;
  22:main.c        ****     
  23:main.c        ****     CyGlobalIntEnable; /* Enable global interrupts. */
  41              		.loc 1 23 0
  42              		.syntax divided
  43              	@ 23 "main.c" 1
  44 0002 62B6     		CPSIE   i
  45              	@ 0 "" 2
  24:main.c        **** 
  25:main.c        ****     /* Place your initialization/startup code here (e.g. MyInst_Start()) */
  26:main.c        ****     UART_Start();
  46              		.loc 1 26 0
  47              		.thumb
  48              		.syntax unified
  49 0004 FFF7FEFF 		bl	UART_Start
  50              	.LVL1:
  27:main.c        ****     //1.初始化CapSense
  28:main.c        ****     CapSense_Start();
  51              		.loc 1 28 0
  52 0008 FFF7FEFF 		bl	CapSense_Start
  53              	.LVL2:
  29:main.c        ****     //2.初始化基线
  30:main.c        ****     CapSense_InitializeAllBaselines();
  54              		.loc 1 30 0
  55 000c FFF7FEFF 		bl	CapSense_InitializeAllBaselines
  56              	.LVL3:
  31:main.c        ****     //3.scan all of the enabled widgets
  32:main.c        ****     CapSense_ScanEnabledWidgets();
  57              		.loc 1 32 0
  58 0010 FFF7FEFF 		bl	CapSense_ScanEnabledWidgets
  59              	.LVL4:
  21:main.c        ****     
  60              		.loc 1 21 0
  61 0014 0025     		movs	r5, #0
  20:main.c        ****     uint32 button1_down = 0;
  62              		.loc 1 20 0
  63 0016 0024     		movs	r4, #0
  64              	.LVL5:
  65              	.L2:
  33:main.c        **** 
  34:main.c        ****     for(;;)
  35:main.c        ****     {
  36:main.c        ****        if(! CapSense_IsBusy())
  66              		.loc 1 36 0
  67 0018 FFF7FEFF 		bl	CapSense_IsBusy
  68              	.LVL6:
  69 001c 0028     		cmp	r0, #0
  70 001e FBD1     		bne	.L2
  37:main.c        ****        {
  38:main.c        ****             button0 = CapSense_CheckIsWidgetActive(CapSense_BUTTON0__BTN);
  71              		.loc 1 38 0
  72 0020 FFF7FEFF 		bl	CapSense_CheckIsWidgetActive
  73              	.LVL7:
  74 0024 0700     		movs	r7, r0
ARM GAS  C:\Users\wl\AppData\Local\Temp\ccklOtE7.s 			page 3


  75              	.LVL8:
  39:main.c        ****             button1 = CapSense_CheckIsWidgetActive(CapSense_BUTTON1__BTN);
  76              		.loc 1 39 0
  77 0026 0120     		movs	r0, #1
  78              	.LVL9:
  79 0028 FFF7FEFF 		bl	CapSense_CheckIsWidgetActive
  80              	.LVL10:
  81 002c 0600     		movs	r6, r0
  82              	.LVL11:
  40:main.c        ****             
  41:main.c        ****             /* If button0 was not down and is now down, it was pressed */
  42:main.c        **** 			if( !button0_down && button0 )
  83              		.loc 1 42 0
  84 002e 002C     		cmp	r4, #0
  85 0030 05D1     		bne	.L3
  86              		.loc 1 42 0 is_stmt 0 discriminator 1
  87 0032 002F     		cmp	r7, #0
  88 0034 03D0     		beq	.L3
  43:main.c        **** 			{
  44:main.c        **** 				UART_UartPutString( "LEFT pressed\r\n" );
  89              		.loc 1 44 0 is_stmt 1
  90 0036 1048     		ldr	r0, .L8
  91              	.LVL12:
  92 0038 FFF7FEFF 		bl	UART_UartPutString
  93              	.LVL13:
  45:main.c        ****                 button0_down = 1;
  94              		.loc 1 45 0
  95 003c 0134     		adds	r4, r4, #1
  96              	.LVL14:
  97              	.L3:
  46:main.c        **** 			}
  47:main.c        ****             
  48:main.c        ****             /* If button0 was down and is now not down, it was released */
  49:main.c        **** 			if( button0_down && !button0 )
  98              		.loc 1 49 0
  99 003e 002C     		cmp	r4, #0
 100 0040 05D0     		beq	.L4
 101              		.loc 1 49 0 is_stmt 0 discriminator 1
 102 0042 002F     		cmp	r7, #0
 103 0044 03D1     		bne	.L4
  50:main.c        **** 			{
  51:main.c        **** 				UART_UartPutString( "LEFT released\r\n" );
 104              		.loc 1 51 0 is_stmt 1
 105 0046 0D48     		ldr	r0, .L8+4
 106 0048 FFF7FEFF 		bl	UART_UartPutString
 107              	.LVL15:
  52:main.c        ****                 button0_down = 0;
 108              		.loc 1 52 0
 109 004c 0024     		movs	r4, #0
 110              	.LVL16:
 111              	.L4:
  53:main.c        **** 			}            
  54:main.c        **** 			
  55:main.c        **** 			/* If button1 was not down and is now down, it was pressed */
  56:main.c        **** 			if( !button1_down && button1 )
 112              		.loc 1 56 0
 113 004e 002D     		cmp	r5, #0
ARM GAS  C:\Users\wl\AppData\Local\Temp\ccklOtE7.s 			page 4


 114 0050 05D1     		bne	.L5
 115              		.loc 1 56 0 is_stmt 0 discriminator 1
 116 0052 002E     		cmp	r6, #0
 117 0054 03D0     		beq	.L5
  57:main.c        **** 			{
  58:main.c        **** 				UART_UartPutString( "RIGHT pressed\r\n" );
 118              		.loc 1 58 0 is_stmt 1
 119 0056 0A48     		ldr	r0, .L8+8
 120 0058 FFF7FEFF 		bl	UART_UartPutString
 121              	.LVL17:
  59:main.c        ****                 button1_down = 1;
 122              		.loc 1 59 0
 123 005c 0135     		adds	r5, r5, #1
 124              	.LVL18:
 125              	.L5:
  60:main.c        **** 			}
  61:main.c        ****                         
  62:main.c        ****             /* If button1 was down and is now not down, it was released */
  63:main.c        **** 			if( button1_down && !button1 )
 126              		.loc 1 63 0
 127 005e 002D     		cmp	r5, #0
 128 0060 05D0     		beq	.L6
 129              		.loc 1 63 0 is_stmt 0 discriminator 1
 130 0062 002E     		cmp	r6, #0
 131 0064 03D1     		bne	.L6
  64:main.c        **** 			{
  65:main.c        **** 				UART_UartPutString( "RIGHT released\r\n" );
 132              		.loc 1 65 0 is_stmt 1
 133 0066 0748     		ldr	r0, .L8+12
 134 0068 FFF7FEFF 		bl	UART_UartPutString
 135              	.LVL19:
  66:main.c        ****                 button1_down = 0;
 136              		.loc 1 66 0
 137 006c 0025     		movs	r5, #0
 138              	.LVL20:
 139              	.L6:
  67:main.c        **** 			}		
  68:main.c        **** 						
  69:main.c        **** 			/* Set up for the next scan */
  70:main.c        **** 			CapSense_UpdateEnabledBaselines();
 140              		.loc 1 70 0
 141 006e FFF7FEFF 		bl	CapSense_UpdateEnabledBaselines
 142              	.LVL21:
  71:main.c        **** 			CapSense_ScanEnabledWidgets();
 143              		.loc 1 71 0
 144 0072 FFF7FEFF 		bl	CapSense_ScanEnabledWidgets
 145              	.LVL22:
 146 0076 CFE7     		b	.L2
 147              	.L9:
 148              		.align	2
 149              	.L8:
 150 0078 00000000 		.word	.LC0
 151 007c 10000000 		.word	.LC2
 152 0080 20000000 		.word	.LC4
 153 0084 30000000 		.word	.LC6
 154              		.cfi_endproc
 155              	.LFE36:
ARM GAS  C:\Users\wl\AppData\Local\Temp\ccklOtE7.s 			page 5


 156              		.size	main, .-main
 157              		.section	.rodata.str1.4,"aMS",%progbits,1
 158              		.align	2
 159              	.LC0:
 160 0000 4C454654 		.ascii	"LEFT pressed\015\012\000"
 160      20707265 
 160      73736564 
 160      0D0A00
 161 000f 00       		.space	1
 162              	.LC2:
 163 0010 4C454654 		.ascii	"LEFT released\015\012\000"
 163      2072656C 
 163      65617365 
 163      640D0A00 
 164              	.LC4:
 165 0020 52494748 		.ascii	"RIGHT pressed\015\012\000"
 165      54207072 
 165      65737365 
 165      640D0A00 
 166              	.LC6:
 167 0030 52494748 		.ascii	"RIGHT released\015\012\000"
 167      54207265 
 167      6C656173 
 167      65640D0A 
 167      00
 168              		.text
 169              	.Letext0:
 170              		.file 2 "Generated_Source\\PSoC4/UART.h"
 171              		.file 3 "Generated_Source\\PSoC4/CapSense.h"
 172              		.file 4 "Generated_Source\\PSoC4/CapSense_CSHL.h"
 173              		.file 5 "Generated_Source\\PSoC4/UART_SPI_UART.h"
 174              		.file 6 "Generated_Source\\PSoC4/cytypes.h"
 175              		.section	.debug_info,"",%progbits
 176              	.Ldebug_info0:
 177 0000 FD010000 		.4byte	0x1fd
 178 0004 0400     		.2byte	0x4
 179 0006 00000000 		.4byte	.Ldebug_abbrev0
 180 000a 04       		.byte	0x4
 181 000b 01       		.uleb128 0x1
 182 000c D7000000 		.4byte	.LASF26
 183 0010 0C       		.byte	0xc
 184 0011 9C010000 		.4byte	.LASF27
 185 0015 2C020000 		.4byte	.LASF28
 186 0019 00000000 		.4byte	.Ldebug_ranges0+0
 187 001d 00000000 		.4byte	0
 188 0021 00000000 		.4byte	.Ldebug_line0
 189 0025 02       		.uleb128 0x2
 190 0026 01       		.byte	0x1
 191 0027 06       		.byte	0x6
 192 0028 F1010000 		.4byte	.LASF0
 193 002c 02       		.uleb128 0x2
 194 002d 01       		.byte	0x1
 195 002e 08       		.byte	0x8
 196 002f 26000000 		.4byte	.LASF1
 197 0033 02       		.uleb128 0x2
 198 0034 02       		.byte	0x2
 199 0035 05       		.byte	0x5
ARM GAS  C:\Users\wl\AppData\Local\Temp\ccklOtE7.s 			page 6


 200 0036 A8010000 		.4byte	.LASF2
 201 003a 02       		.uleb128 0x2
 202 003b 02       		.byte	0x2
 203 003c 07       		.byte	0x7
 204 003d 56000000 		.4byte	.LASF3
 205 0041 02       		.uleb128 0x2
 206 0042 04       		.byte	0x4
 207 0043 05       		.byte	0x5
 208 0044 BF010000 		.4byte	.LASF4
 209 0048 02       		.uleb128 0x2
 210 0049 04       		.byte	0x4
 211 004a 07       		.byte	0x7
 212 004b 44000000 		.4byte	.LASF5
 213 004f 02       		.uleb128 0x2
 214 0050 08       		.byte	0x8
 215 0051 05       		.byte	0x5
 216 0052 8E010000 		.4byte	.LASF6
 217 0056 02       		.uleb128 0x2
 218 0057 08       		.byte	0x8
 219 0058 07       		.byte	0x7
 220 0059 C0000000 		.4byte	.LASF7
 221 005d 03       		.uleb128 0x3
 222 005e 04       		.byte	0x4
 223 005f 05       		.byte	0x5
 224 0060 696E7400 		.ascii	"int\000"
 225 0064 02       		.uleb128 0x2
 226 0065 04       		.byte	0x4
 227 0066 07       		.byte	0x7
 228 0067 A3000000 		.4byte	.LASF8
 229 006b 04       		.uleb128 0x4
 230 006c 9C000000 		.4byte	.LASF29
 231 0070 06       		.byte	0x6
 232 0071 E601     		.2byte	0x1e6
 233 0073 48000000 		.4byte	0x48
 234 0077 02       		.uleb128 0x2
 235 0078 04       		.byte	0x4
 236 0079 04       		.byte	0x4
 237 007a 20000000 		.4byte	.LASF9
 238 007e 02       		.uleb128 0x2
 239 007f 08       		.byte	0x8
 240 0080 04       		.byte	0x4
 241 0081 74000000 		.4byte	.LASF10
 242 0085 02       		.uleb128 0x2
 243 0086 01       		.byte	0x1
 244 0087 08       		.byte	0x8
 245 0088 A3010000 		.4byte	.LASF11
 246 008c 02       		.uleb128 0x2
 247 008d 08       		.byte	0x8
 248 008e 04       		.byte	0x4
 249 008f C8010000 		.4byte	.LASF12
 250 0093 02       		.uleb128 0x2
 251 0094 04       		.byte	0x4
 252 0095 07       		.byte	0x7
 253 0096 65010000 		.4byte	.LASF13
 254 009a 05       		.uleb128 0x5
 255 009b 97000000 		.4byte	.LASF30
 256 009f 01       		.byte	0x1
ARM GAS  C:\Users\wl\AppData\Local\Temp\ccklOtE7.s 			page 7


 257 00a0 0F       		.byte	0xf
 258 00a1 5D000000 		.4byte	0x5d
 259 00a5 00000000 		.4byte	.LFB36
 260 00a9 88000000 		.4byte	.LFE36-.LFB36
 261 00ad 01       		.uleb128 0x1
 262 00ae 9C       		.byte	0x9c
 263 00af A7010000 		.4byte	0x1a7
 264 00b3 06       		.uleb128 0x6
 265 00b4 B0000000 		.4byte	.LASF14
 266 00b8 01       		.byte	0x1
 267 00b9 11       		.byte	0x11
 268 00ba 6B000000 		.4byte	0x6b
 269 00be 00000000 		.4byte	.LLST0
 270 00c2 06       		.uleb128 0x6
 271 00c3 B8000000 		.4byte	.LASF15
 272 00c7 01       		.byte	0x1
 273 00c8 12       		.byte	0x12
 274 00c9 6B000000 		.4byte	0x6b
 275 00cd 2A000000 		.4byte	.LLST1
 276 00d1 06       		.uleb128 0x6
 277 00d2 B2010000 		.4byte	.LASF16
 278 00d6 01       		.byte	0x1
 279 00d7 14       		.byte	0x14
 280 00d8 6B000000 		.4byte	0x6b
 281 00dc 54000000 		.4byte	.LLST2
 282 00e0 06       		.uleb128 0x6
 283 00e1 00000000 		.4byte	.LASF17
 284 00e5 01       		.byte	0x1
 285 00e6 15       		.byte	0x15
 286 00e7 6B000000 		.4byte	0x6b
 287 00eb A1000000 		.4byte	.LLST3
 288 00ef 07       		.uleb128 0x7
 289 00f0 08000000 		.4byte	.LVL1
 290 00f4 A7010000 		.4byte	0x1a7
 291 00f8 07       		.uleb128 0x7
 292 00f9 0C000000 		.4byte	.LVL2
 293 00fd B2010000 		.4byte	0x1b2
 294 0101 07       		.uleb128 0x7
 295 0102 10000000 		.4byte	.LVL3
 296 0106 BD010000 		.4byte	0x1bd
 297 010a 07       		.uleb128 0x7
 298 010b 14000000 		.4byte	.LVL4
 299 010f C8010000 		.4byte	0x1c8
 300 0113 07       		.uleb128 0x7
 301 0114 1C000000 		.4byte	.LVL6
 302 0118 D3010000 		.4byte	0x1d3
 303 011c 07       		.uleb128 0x7
 304 011d 24000000 		.4byte	.LVL7
 305 0121 DE010000 		.4byte	0x1de
 306 0125 08       		.uleb128 0x8
 307 0126 2C000000 		.4byte	.LVL10
 308 012a DE010000 		.4byte	0x1de
 309 012e 38010000 		.4byte	0x138
 310 0132 09       		.uleb128 0x9
 311 0133 01       		.uleb128 0x1
 312 0134 50       		.byte	0x50
 313 0135 01       		.uleb128 0x1
ARM GAS  C:\Users\wl\AppData\Local\Temp\ccklOtE7.s 			page 8


 314 0136 31       		.byte	0x31
 315 0137 00       		.byte	0
 316 0138 08       		.uleb128 0x8
 317 0139 3C000000 		.4byte	.LVL13
 318 013d E9010000 		.4byte	0x1e9
 319 0141 4F010000 		.4byte	0x14f
 320 0145 09       		.uleb128 0x9
 321 0146 01       		.uleb128 0x1
 322 0147 50       		.byte	0x50
 323 0148 05       		.uleb128 0x5
 324 0149 03       		.byte	0x3
 325 014a 00000000 		.4byte	.LC0
 326 014e 00       		.byte	0
 327 014f 08       		.uleb128 0x8
 328 0150 4C000000 		.4byte	.LVL15
 329 0154 E9010000 		.4byte	0x1e9
 330 0158 66010000 		.4byte	0x166
 331 015c 09       		.uleb128 0x9
 332 015d 01       		.uleb128 0x1
 333 015e 50       		.byte	0x50
 334 015f 05       		.uleb128 0x5
 335 0160 03       		.byte	0x3
 336 0161 10000000 		.4byte	.LC2
 337 0165 00       		.byte	0
 338 0166 08       		.uleb128 0x8
 339 0167 5C000000 		.4byte	.LVL17
 340 016b E9010000 		.4byte	0x1e9
 341 016f 7D010000 		.4byte	0x17d
 342 0173 09       		.uleb128 0x9
 343 0174 01       		.uleb128 0x1
 344 0175 50       		.byte	0x50
 345 0176 05       		.uleb128 0x5
 346 0177 03       		.byte	0x3
 347 0178 20000000 		.4byte	.LC4
 348 017c 00       		.byte	0
 349 017d 08       		.uleb128 0x8
 350 017e 6C000000 		.4byte	.LVL19
 351 0182 E9010000 		.4byte	0x1e9
 352 0186 94010000 		.4byte	0x194
 353 018a 09       		.uleb128 0x9
 354 018b 01       		.uleb128 0x1
 355 018c 50       		.byte	0x50
 356 018d 05       		.uleb128 0x5
 357 018e 03       		.byte	0x3
 358 018f 30000000 		.4byte	.LC6
 359 0193 00       		.byte	0
 360 0194 07       		.uleb128 0x7
 361 0195 72000000 		.4byte	.LVL21
 362 0199 F5010000 		.4byte	0x1f5
 363 019d 07       		.uleb128 0x7
 364 019e 76000000 		.4byte	.LVL22
 365 01a2 C8010000 		.4byte	0x1c8
 366 01a6 00       		.byte	0
 367 01a7 0A       		.uleb128 0xa
 368 01a8 69000000 		.4byte	.LASF18
 369 01ac 69000000 		.4byte	.LASF18
 370 01b0 02       		.byte	0x2
ARM GAS  C:\Users\wl\AppData\Local\Temp\ccklOtE7.s 			page 9


 371 01b1 72       		.byte	0x72
 372 01b2 0A       		.uleb128 0xa
 373 01b3 1D020000 		.4byte	.LASF19
 374 01b7 1D020000 		.4byte	.LASF19
 375 01bb 03       		.byte	0x3
 376 01bc 96       		.byte	0x96
 377 01bd 0A       		.uleb128 0xa
 378 01be FD010000 		.4byte	.LASF20
 379 01c2 FD010000 		.4byte	.LASF20
 380 01c6 04       		.byte	0x4
 381 01c7 AC       		.byte	0xac
 382 01c8 0A       		.uleb128 0xa
 383 01c9 7B000000 		.4byte	.LASF21
 384 01cd 7B000000 		.4byte	.LASF21
 385 01d1 03       		.byte	0x3
 386 01d2 9F       		.byte	0x9f
 387 01d3 0A       		.uleb128 0xa
 388 01d4 34000000 		.4byte	.LASF22
 389 01d8 34000000 		.4byte	.LASF22
 390 01dc 03       		.byte	0x3
 391 01dd 9C       		.byte	0x9c
 392 01de 0A       		.uleb128 0xa
 393 01df D4010000 		.4byte	.LASF23
 394 01e3 D4010000 		.4byte	.LASF23
 395 01e7 04       		.byte	0x4
 396 01e8 D7       		.byte	0xd7
 397 01e9 0B       		.uleb128 0xb
 398 01ea 0D000000 		.4byte	.LASF24
 399 01ee 0D000000 		.4byte	.LASF24
 400 01f2 05       		.byte	0x5
 401 01f3 2A03     		.2byte	0x32a
 402 01f5 0A       		.uleb128 0xa
 403 01f6 6E010000 		.4byte	.LASF25
 404 01fa 6E010000 		.4byte	.LASF25
 405 01fe 04       		.byte	0x4
 406 01ff B0       		.byte	0xb0
 407 0200 00       		.byte	0
 408              		.section	.debug_abbrev,"",%progbits
 409              	.Ldebug_abbrev0:
 410 0000 01       		.uleb128 0x1
 411 0001 11       		.uleb128 0x11
 412 0002 01       		.byte	0x1
 413 0003 25       		.uleb128 0x25
 414 0004 0E       		.uleb128 0xe
 415 0005 13       		.uleb128 0x13
 416 0006 0B       		.uleb128 0xb
 417 0007 03       		.uleb128 0x3
 418 0008 0E       		.uleb128 0xe
 419 0009 1B       		.uleb128 0x1b
 420 000a 0E       		.uleb128 0xe
 421 000b 55       		.uleb128 0x55
 422 000c 17       		.uleb128 0x17
 423 000d 11       		.uleb128 0x11
 424 000e 01       		.uleb128 0x1
 425 000f 10       		.uleb128 0x10
 426 0010 17       		.uleb128 0x17
 427 0011 00       		.byte	0
ARM GAS  C:\Users\wl\AppData\Local\Temp\ccklOtE7.s 			page 10


 428 0012 00       		.byte	0
 429 0013 02       		.uleb128 0x2
 430 0014 24       		.uleb128 0x24
 431 0015 00       		.byte	0
 432 0016 0B       		.uleb128 0xb
 433 0017 0B       		.uleb128 0xb
 434 0018 3E       		.uleb128 0x3e
 435 0019 0B       		.uleb128 0xb
 436 001a 03       		.uleb128 0x3
 437 001b 0E       		.uleb128 0xe
 438 001c 00       		.byte	0
 439 001d 00       		.byte	0
 440 001e 03       		.uleb128 0x3
 441 001f 24       		.uleb128 0x24
 442 0020 00       		.byte	0
 443 0021 0B       		.uleb128 0xb
 444 0022 0B       		.uleb128 0xb
 445 0023 3E       		.uleb128 0x3e
 446 0024 0B       		.uleb128 0xb
 447 0025 03       		.uleb128 0x3
 448 0026 08       		.uleb128 0x8
 449 0027 00       		.byte	0
 450 0028 00       		.byte	0
 451 0029 04       		.uleb128 0x4
 452 002a 16       		.uleb128 0x16
 453 002b 00       		.byte	0
 454 002c 03       		.uleb128 0x3
 455 002d 0E       		.uleb128 0xe
 456 002e 3A       		.uleb128 0x3a
 457 002f 0B       		.uleb128 0xb
 458 0030 3B       		.uleb128 0x3b
 459 0031 05       		.uleb128 0x5
 460 0032 49       		.uleb128 0x49
 461 0033 13       		.uleb128 0x13
 462 0034 00       		.byte	0
 463 0035 00       		.byte	0
 464 0036 05       		.uleb128 0x5
 465 0037 2E       		.uleb128 0x2e
 466 0038 01       		.byte	0x1
 467 0039 3F       		.uleb128 0x3f
 468 003a 19       		.uleb128 0x19
 469 003b 03       		.uleb128 0x3
 470 003c 0E       		.uleb128 0xe
 471 003d 3A       		.uleb128 0x3a
 472 003e 0B       		.uleb128 0xb
 473 003f 3B       		.uleb128 0x3b
 474 0040 0B       		.uleb128 0xb
 475 0041 27       		.uleb128 0x27
 476 0042 19       		.uleb128 0x19
 477 0043 49       		.uleb128 0x49
 478 0044 13       		.uleb128 0x13
 479 0045 8701     		.uleb128 0x87
 480 0047 19       		.uleb128 0x19
 481 0048 11       		.uleb128 0x11
 482 0049 01       		.uleb128 0x1
 483 004a 12       		.uleb128 0x12
 484 004b 06       		.uleb128 0x6
ARM GAS  C:\Users\wl\AppData\Local\Temp\ccklOtE7.s 			page 11


 485 004c 40       		.uleb128 0x40
 486 004d 18       		.uleb128 0x18
 487 004e 9742     		.uleb128 0x2117
 488 0050 19       		.uleb128 0x19
 489 0051 01       		.uleb128 0x1
 490 0052 13       		.uleb128 0x13
 491 0053 00       		.byte	0
 492 0054 00       		.byte	0
 493 0055 06       		.uleb128 0x6
 494 0056 34       		.uleb128 0x34
 495 0057 00       		.byte	0
 496 0058 03       		.uleb128 0x3
 497 0059 0E       		.uleb128 0xe
 498 005a 3A       		.uleb128 0x3a
 499 005b 0B       		.uleb128 0xb
 500 005c 3B       		.uleb128 0x3b
 501 005d 0B       		.uleb128 0xb
 502 005e 49       		.uleb128 0x49
 503 005f 13       		.uleb128 0x13
 504 0060 02       		.uleb128 0x2
 505 0061 17       		.uleb128 0x17
 506 0062 00       		.byte	0
 507 0063 00       		.byte	0
 508 0064 07       		.uleb128 0x7
 509 0065 898201   		.uleb128 0x4109
 510 0068 00       		.byte	0
 511 0069 11       		.uleb128 0x11
 512 006a 01       		.uleb128 0x1
 513 006b 31       		.uleb128 0x31
 514 006c 13       		.uleb128 0x13
 515 006d 00       		.byte	0
 516 006e 00       		.byte	0
 517 006f 08       		.uleb128 0x8
 518 0070 898201   		.uleb128 0x4109
 519 0073 01       		.byte	0x1
 520 0074 11       		.uleb128 0x11
 521 0075 01       		.uleb128 0x1
 522 0076 31       		.uleb128 0x31
 523 0077 13       		.uleb128 0x13
 524 0078 01       		.uleb128 0x1
 525 0079 13       		.uleb128 0x13
 526 007a 00       		.byte	0
 527 007b 00       		.byte	0
 528 007c 09       		.uleb128 0x9
 529 007d 8A8201   		.uleb128 0x410a
 530 0080 00       		.byte	0
 531 0081 02       		.uleb128 0x2
 532 0082 18       		.uleb128 0x18
 533 0083 9142     		.uleb128 0x2111
 534 0085 18       		.uleb128 0x18
 535 0086 00       		.byte	0
 536 0087 00       		.byte	0
 537 0088 0A       		.uleb128 0xa
 538 0089 2E       		.uleb128 0x2e
 539 008a 00       		.byte	0
 540 008b 3F       		.uleb128 0x3f
 541 008c 19       		.uleb128 0x19
ARM GAS  C:\Users\wl\AppData\Local\Temp\ccklOtE7.s 			page 12


 542 008d 3C       		.uleb128 0x3c
 543 008e 19       		.uleb128 0x19
 544 008f 6E       		.uleb128 0x6e
 545 0090 0E       		.uleb128 0xe
 546 0091 03       		.uleb128 0x3
 547 0092 0E       		.uleb128 0xe
 548 0093 3A       		.uleb128 0x3a
 549 0094 0B       		.uleb128 0xb
 550 0095 3B       		.uleb128 0x3b
 551 0096 0B       		.uleb128 0xb
 552 0097 00       		.byte	0
 553 0098 00       		.byte	0
 554 0099 0B       		.uleb128 0xb
 555 009a 2E       		.uleb128 0x2e
 556 009b 00       		.byte	0
 557 009c 3F       		.uleb128 0x3f
 558 009d 19       		.uleb128 0x19
 559 009e 3C       		.uleb128 0x3c
 560 009f 19       		.uleb128 0x19
 561 00a0 6E       		.uleb128 0x6e
 562 00a1 0E       		.uleb128 0xe
 563 00a2 03       		.uleb128 0x3
 564 00a3 0E       		.uleb128 0xe
 565 00a4 3A       		.uleb128 0x3a
 566 00a5 0B       		.uleb128 0xb
 567 00a6 3B       		.uleb128 0x3b
 568 00a7 05       		.uleb128 0x5
 569 00a8 00       		.byte	0
 570 00a9 00       		.byte	0
 571 00aa 00       		.byte	0
 572              		.section	.debug_loc,"",%progbits
 573              	.Ldebug_loc0:
 574              	.LLST0:
 575 0000 02000000 		.4byte	.LVL0
 576 0004 18000000 		.4byte	.LVL5
 577 0008 0200     		.2byte	0x2
 578 000a 30       		.byte	0x30
 579 000b 9F       		.byte	0x9f
 580 000c 26000000 		.4byte	.LVL8
 581 0010 28000000 		.4byte	.LVL9
 582 0014 0100     		.2byte	0x1
 583 0016 50       		.byte	0x50
 584 0017 28000000 		.4byte	.LVL9
 585 001b 88000000 		.4byte	.LFE36
 586 001f 0100     		.2byte	0x1
 587 0021 57       		.byte	0x57
 588 0022 00000000 		.4byte	0
 589 0026 00000000 		.4byte	0
 590              	.LLST1:
 591 002a 02000000 		.4byte	.LVL0
 592 002e 18000000 		.4byte	.LVL5
 593 0032 0200     		.2byte	0x2
 594 0034 30       		.byte	0x30
 595 0035 9F       		.byte	0x9f
 596 0036 2E000000 		.4byte	.LVL11
 597 003a 38000000 		.4byte	.LVL12
 598 003e 0100     		.2byte	0x1
ARM GAS  C:\Users\wl\AppData\Local\Temp\ccklOtE7.s 			page 13


 599 0040 50       		.byte	0x50
 600 0041 38000000 		.4byte	.LVL12
 601 0045 88000000 		.4byte	.LFE36
 602 0049 0100     		.2byte	0x1
 603 004b 56       		.byte	0x56
 604 004c 00000000 		.4byte	0
 605 0050 00000000 		.4byte	0
 606              	.LLST2:
 607 0054 02000000 		.4byte	.LVL0
 608 0058 18000000 		.4byte	.LVL5
 609 005c 0200     		.2byte	0x2
 610 005e 30       		.byte	0x30
 611 005f 9F       		.byte	0x9f
 612 0060 18000000 		.4byte	.LVL5
 613 0064 3C000000 		.4byte	.LVL13
 614 0068 0100     		.2byte	0x1
 615 006a 54       		.byte	0x54
 616 006b 3C000000 		.4byte	.LVL13
 617 006f 3E000000 		.4byte	.LVL14
 618 0073 0200     		.2byte	0x2
 619 0075 31       		.byte	0x31
 620 0076 9F       		.byte	0x9f
 621 0077 3E000000 		.4byte	.LVL14
 622 007b 4C000000 		.4byte	.LVL15
 623 007f 0100     		.2byte	0x1
 624 0081 54       		.byte	0x54
 625 0082 4C000000 		.4byte	.LVL15
 626 0086 4E000000 		.4byte	.LVL16
 627 008a 0200     		.2byte	0x2
 628 008c 30       		.byte	0x30
 629 008d 9F       		.byte	0x9f
 630 008e 4E000000 		.4byte	.LVL16
 631 0092 88000000 		.4byte	.LFE36
 632 0096 0100     		.2byte	0x1
 633 0098 54       		.byte	0x54
 634 0099 00000000 		.4byte	0
 635 009d 00000000 		.4byte	0
 636              	.LLST3:
 637 00a1 02000000 		.4byte	.LVL0
 638 00a5 18000000 		.4byte	.LVL5
 639 00a9 0200     		.2byte	0x2
 640 00ab 30       		.byte	0x30
 641 00ac 9F       		.byte	0x9f
 642 00ad 18000000 		.4byte	.LVL5
 643 00b1 5C000000 		.4byte	.LVL17
 644 00b5 0100     		.2byte	0x1
 645 00b7 55       		.byte	0x55
 646 00b8 5C000000 		.4byte	.LVL17
 647 00bc 5E000000 		.4byte	.LVL18
 648 00c0 0200     		.2byte	0x2
 649 00c2 31       		.byte	0x31
 650 00c3 9F       		.byte	0x9f
 651 00c4 5E000000 		.4byte	.LVL18
 652 00c8 6C000000 		.4byte	.LVL19
 653 00cc 0100     		.2byte	0x1
 654 00ce 55       		.byte	0x55
 655 00cf 6C000000 		.4byte	.LVL19
ARM GAS  C:\Users\wl\AppData\Local\Temp\ccklOtE7.s 			page 14


 656 00d3 6E000000 		.4byte	.LVL20
 657 00d7 0200     		.2byte	0x2
 658 00d9 30       		.byte	0x30
 659 00da 9F       		.byte	0x9f
 660 00db 6E000000 		.4byte	.LVL20
 661 00df 88000000 		.4byte	.LFE36
 662 00e3 0100     		.2byte	0x1
 663 00e5 55       		.byte	0x55
 664 00e6 00000000 		.4byte	0
 665 00ea 00000000 		.4byte	0
 666              		.section	.debug_aranges,"",%progbits
 667 0000 1C000000 		.4byte	0x1c
 668 0004 0200     		.2byte	0x2
 669 0006 00000000 		.4byte	.Ldebug_info0
 670 000a 04       		.byte	0x4
 671 000b 00       		.byte	0
 672 000c 0000     		.2byte	0
 673 000e 0000     		.2byte	0
 674 0010 00000000 		.4byte	.LFB36
 675 0014 88000000 		.4byte	.LFE36-.LFB36
 676 0018 00000000 		.4byte	0
 677 001c 00000000 		.4byte	0
 678              		.section	.debug_ranges,"",%progbits
 679              	.Ldebug_ranges0:
 680 0000 00000000 		.4byte	.LFB36
 681 0004 88000000 		.4byte	.LFE36
 682 0008 00000000 		.4byte	0
 683 000c 00000000 		.4byte	0
 684              		.section	.debug_line,"",%progbits
 685              	.Ldebug_line0:
 686 0000 CC000000 		.section	.debug_str,"MS",%progbits,1
 686      02007F00 
 686      00000201 
 686      FB0E0D00 
 686      01010101 
 687              	.LASF17:
 688 0000 62757474 		.ascii	"button1_down\000"
 688      6F6E315F 
 688      646F776E 
 688      00
 689              	.LASF24:
 690 000d 55415254 		.ascii	"UART_UartPutString\000"
 690      5F556172 
 690      74507574 
 690      53747269 
 690      6E6700
 691              	.LASF9:
 692 0020 666C6F61 		.ascii	"float\000"
 692      7400
 693              	.LASF1:
 694 0026 756E7369 		.ascii	"unsigned char\000"
 694      676E6564 
 694      20636861 
 694      7200
 695              	.LASF22:
 696 0034 43617053 		.ascii	"CapSense_IsBusy\000"
 696      656E7365 
ARM GAS  C:\Users\wl\AppData\Local\Temp\ccklOtE7.s 			page 15


 696      5F497342 
 696      75737900 
 697              	.LASF5:
 698 0044 6C6F6E67 		.ascii	"long unsigned int\000"
 698      20756E73 
 698      69676E65 
 698      6420696E 
 698      7400
 699              	.LASF3:
 700 0056 73686F72 		.ascii	"short unsigned int\000"
 700      7420756E 
 700      7369676E 
 700      65642069 
 700      6E7400
 701              	.LASF18:
 702 0069 55415254 		.ascii	"UART_Start\000"
 702      5F537461 
 702      727400
 703              	.LASF10:
 704 0074 646F7562 		.ascii	"double\000"
 704      6C6500
 705              	.LASF21:
 706 007b 43617053 		.ascii	"CapSense_ScanEnabledWidgets\000"
 706      656E7365 
 706      5F536361 
 706      6E456E61 
 706      626C6564 
 707              	.LASF30:
 708 0097 6D61696E 		.ascii	"main\000"
 708      00
 709              	.LASF29:
 710 009c 75696E74 		.ascii	"uint32\000"
 710      333200
 711              	.LASF8:
 712 00a3 756E7369 		.ascii	"unsigned int\000"
 712      676E6564 
 712      20696E74 
 712      00
 713              	.LASF14:
 714 00b0 62757474 		.ascii	"button0\000"
 714      6F6E3000 
 715              	.LASF15:
 716 00b8 62757474 		.ascii	"button1\000"
 716      6F6E3100 
 717              	.LASF7:
 718 00c0 6C6F6E67 		.ascii	"long long unsigned int\000"
 718      206C6F6E 
 718      6720756E 
 718      7369676E 
 718      65642069 
 719              	.LASF26:
 720 00d7 474E5520 		.ascii	"GNU C11 5.4.1 20160609 (release) [ARM/embedded-5-br"
 720      43313120 
 720      352E342E 
 720      31203230 
 720      31363036 
 721 010a 616E6368 		.ascii	"anch revision 237715] -mcpu=cortex-m0 -mthumb -g -O"
ARM GAS  C:\Users\wl\AppData\Local\Temp\ccklOtE7.s 			page 16


 721      20726576 
 721      6973696F 
 721      6E203233 
 721      37373135 
 722 013d 67202D66 		.ascii	"g -ffunction-sections -ffat-lto-objects\000"
 722      66756E63 
 722      74696F6E 
 722      2D736563 
 722      74696F6E 
 723              	.LASF13:
 724 0165 73697A65 		.ascii	"sizetype\000"
 724      74797065 
 724      00
 725              	.LASF25:
 726 016e 43617053 		.ascii	"CapSense_UpdateEnabledBaselines\000"
 726      656E7365 
 726      5F557064 
 726      61746545 
 726      6E61626C 
 727              	.LASF6:
 728 018e 6C6F6E67 		.ascii	"long long int\000"
 728      206C6F6E 
 728      6720696E 
 728      7400
 729              	.LASF27:
 730 019c 6D61696E 		.ascii	"main.c\000"
 730      2E6300
 731              	.LASF11:
 732 01a3 63686172 		.ascii	"char\000"
 732      00
 733              	.LASF2:
 734 01a8 73686F72 		.ascii	"short int\000"
 734      7420696E 
 734      7400
 735              	.LASF16:
 736 01b2 62757474 		.ascii	"button0_down\000"
 736      6F6E305F 
 736      646F776E 
 736      00
 737              	.LASF4:
 738 01bf 6C6F6E67 		.ascii	"long int\000"
 738      20696E74 
 738      00
 739              	.LASF12:
 740 01c8 6C6F6E67 		.ascii	"long double\000"
 740      20646F75 
 740      626C6500 
 741              	.LASF23:
 742 01d4 43617053 		.ascii	"CapSense_CheckIsWidgetActive\000"
 742      656E7365 
 742      5F436865 
 742      636B4973 
 742      57696467 
 743              	.LASF0:
 744 01f1 7369676E 		.ascii	"signed char\000"
 744      65642063 
 744      68617200 
ARM GAS  C:\Users\wl\AppData\Local\Temp\ccklOtE7.s 			page 17


 745              	.LASF20:
 746 01fd 43617053 		.ascii	"CapSense_InitializeAllBaselines\000"
 746      656E7365 
 746      5F496E69 
 746      7469616C 
 746      697A6541 
 747              	.LASF19:
 748 021d 43617053 		.ascii	"CapSense_Start\000"
 748      656E7365 
 748      5F537461 
 748      727400
 749              	.LASF28:
 750 022c 433A5C55 		.ascii	"C:\\Users\\wl\\Desktop\\cypressResource\\projects\\"
 750      73657273 
 750      5C776C5C 
 750      4465736B 
 750      746F705C 
 751 0259 576F726B 		.ascii	"Workspace01\\Lesson13-Practice.cydsn\000"
 751      73706163 
 751      6530315C 
 751      4C657373 
 751      6F6E3133 
 752              		.ident	"GCC: (GNU Tools for ARM Embedded Processors) 5.4.1 20160609 (release) [ARM/embedded-5-bran
