ARM GAS  C:\Users\wl\AppData\Local\Temp\ccwjZMzc.s 			page 1


   1              		.syntax unified
   2              		.cpu cortex-m0
   3              		.fpu softvfp
   4              		.eabi_attribute 20, 1
   5              		.eabi_attribute 21, 1
   6              		.eabi_attribute 23, 3
   7              		.eabi_attribute 24, 1
   8              		.eabi_attribute 25, 1
   9              		.eabi_attribute 26, 1
  10              		.eabi_attribute 30, 1
  11              		.eabi_attribute 34, 0
  12              		.eabi_attribute 18, 4
  13              		.thumb
  14              		.syntax unified
  15              		.file	"cyfitter_cfg.c"
  16              		.text
  17              	.Ltext0:
  18              		.cfi_sections	.debug_frame
  19              		.section	.text.cfg_write_bytes32,"ax",%progbits
  20              		.align	2
  21              		.code	16
  22              		.thumb_func
  23              		.type	cfg_write_bytes32, %function
  24              	cfg_write_bytes32:
  25              	.LFB5:
  26              		.file 1 "Generated_Source\\PSoC4\\cyfitter_cfg.c"
   1:Generated_Source\PSoC4/cyfitter_cfg.c **** 
   2:Generated_Source\PSoC4/cyfitter_cfg.c **** /*******************************************************************************
   3:Generated_Source\PSoC4/cyfitter_cfg.c **** * File Name: cyfitter_cfg.c
   4:Generated_Source\PSoC4/cyfitter_cfg.c **** * 
   5:Generated_Source\PSoC4/cyfitter_cfg.c **** * PSoC Creator  4.2
   6:Generated_Source\PSoC4/cyfitter_cfg.c **** *
   7:Generated_Source\PSoC4/cyfitter_cfg.c **** * Description:
   8:Generated_Source\PSoC4/cyfitter_cfg.c **** * This file contains device initialization code.
   9:Generated_Source\PSoC4/cyfitter_cfg.c **** * Except for the user defined sections in CyClockStartupError(), this file should not be modified.
  10:Generated_Source\PSoC4/cyfitter_cfg.c **** * This file is automatically generated by PSoC Creator.
  11:Generated_Source\PSoC4/cyfitter_cfg.c **** *
  12:Generated_Source\PSoC4/cyfitter_cfg.c **** ********************************************************************************
  13:Generated_Source\PSoC4/cyfitter_cfg.c **** * Copyright (c) 2007-2018 Cypress Semiconductor.  All rights reserved.
  14:Generated_Source\PSoC4/cyfitter_cfg.c **** * You may use this file only in accordance with the license, terms, conditions, 
  15:Generated_Source\PSoC4/cyfitter_cfg.c **** * disclaimers, and limitations in the end user license agreement accompanying 
  16:Generated_Source\PSoC4/cyfitter_cfg.c **** * the software package with which this file was provided.
  17:Generated_Source\PSoC4/cyfitter_cfg.c **** ********************************************************************************/
  18:Generated_Source\PSoC4/cyfitter_cfg.c **** 
  19:Generated_Source\PSoC4/cyfitter_cfg.c **** #include <string.h>
  20:Generated_Source\PSoC4/cyfitter_cfg.c **** #include "cytypes.h"
  21:Generated_Source\PSoC4/cyfitter_cfg.c **** #include "cydevice_trm.h"
  22:Generated_Source\PSoC4/cyfitter_cfg.c **** #include "cyfitter.h"
  23:Generated_Source\PSoC4/cyfitter_cfg.c **** #include "CyLib.h"
  24:Generated_Source\PSoC4/cyfitter_cfg.c **** #include "CyLFClk.h"
  25:Generated_Source\PSoC4/cyfitter_cfg.c **** #include "cyfitter_cfg.h"
  26:Generated_Source\PSoC4/cyfitter_cfg.c **** #include "cyapicallbacks.h"
  27:Generated_Source\PSoC4/cyfitter_cfg.c **** 
  28:Generated_Source\PSoC4/cyfitter_cfg.c **** 
  29:Generated_Source\PSoC4/cyfitter_cfg.c **** #if defined(__GNUC__) || defined(__ARMCC_VERSION)
  30:Generated_Source\PSoC4/cyfitter_cfg.c ****     #define CYPACKED 
  31:Generated_Source\PSoC4/cyfitter_cfg.c ****     #define CYPACKED_ATTR __attribute__ ((packed))
ARM GAS  C:\Users\wl\AppData\Local\Temp\ccwjZMzc.s 			page 2


  32:Generated_Source\PSoC4/cyfitter_cfg.c ****     #define CYALIGNED __attribute__ ((aligned))
  33:Generated_Source\PSoC4/cyfitter_cfg.c ****     #define CY_CFG_UNUSED __attribute__ ((unused))
  34:Generated_Source\PSoC4/cyfitter_cfg.c ****     #ifndef CY_CFG_SECTION
  35:Generated_Source\PSoC4/cyfitter_cfg.c ****         #define CY_CFG_SECTION __attribute__ ((section(".psocinit")))
  36:Generated_Source\PSoC4/cyfitter_cfg.c ****     #endif
  37:Generated_Source\PSoC4/cyfitter_cfg.c ****     
  38:Generated_Source\PSoC4/cyfitter_cfg.c ****     #if defined(__ARMCC_VERSION)
  39:Generated_Source\PSoC4/cyfitter_cfg.c ****         #define CY_CFG_MEMORY_BARRIER() __memory_changed()
  40:Generated_Source\PSoC4/cyfitter_cfg.c ****     #else
  41:Generated_Source\PSoC4/cyfitter_cfg.c ****         #define CY_CFG_MEMORY_BARRIER() __sync_synchronize()
  42:Generated_Source\PSoC4/cyfitter_cfg.c ****     #endif
  43:Generated_Source\PSoC4/cyfitter_cfg.c ****     
  44:Generated_Source\PSoC4/cyfitter_cfg.c **** #elif defined(__ICCARM__)
  45:Generated_Source\PSoC4/cyfitter_cfg.c ****     #include <intrinsics.h>
  46:Generated_Source\PSoC4/cyfitter_cfg.c **** 
  47:Generated_Source\PSoC4/cyfitter_cfg.c ****     #define CYPACKED __packed
  48:Generated_Source\PSoC4/cyfitter_cfg.c ****     #define CYPACKED_ATTR 
  49:Generated_Source\PSoC4/cyfitter_cfg.c ****     #define CYALIGNED _Pragma("data_alignment=4")
  50:Generated_Source\PSoC4/cyfitter_cfg.c ****     #define CY_CFG_UNUSED _Pragma("diag_suppress=Pe177")
  51:Generated_Source\PSoC4/cyfitter_cfg.c ****     #define CY_CFG_SECTION _Pragma("location=\".psocinit\"")
  52:Generated_Source\PSoC4/cyfitter_cfg.c ****     
  53:Generated_Source\PSoC4/cyfitter_cfg.c ****     #define CY_CFG_MEMORY_BARRIER() __DMB()
  54:Generated_Source\PSoC4/cyfitter_cfg.c ****     
  55:Generated_Source\PSoC4/cyfitter_cfg.c **** #else
  56:Generated_Source\PSoC4/cyfitter_cfg.c ****     #error Unsupported toolchain
  57:Generated_Source\PSoC4/cyfitter_cfg.c **** #endif
  58:Generated_Source\PSoC4/cyfitter_cfg.c **** 
  59:Generated_Source\PSoC4/cyfitter_cfg.c **** #ifndef CYCODE
  60:Generated_Source\PSoC4/cyfitter_cfg.c ****     #define CYCODE
  61:Generated_Source\PSoC4/cyfitter_cfg.c **** #endif
  62:Generated_Source\PSoC4/cyfitter_cfg.c **** #ifndef CYDATA
  63:Generated_Source\PSoC4/cyfitter_cfg.c ****     #define CYDATA
  64:Generated_Source\PSoC4/cyfitter_cfg.c **** #endif
  65:Generated_Source\PSoC4/cyfitter_cfg.c **** #ifndef CYFAR
  66:Generated_Source\PSoC4/cyfitter_cfg.c ****     #define CYFAR
  67:Generated_Source\PSoC4/cyfitter_cfg.c **** #endif
  68:Generated_Source\PSoC4/cyfitter_cfg.c **** #ifndef CYXDATA
  69:Generated_Source\PSoC4/cyfitter_cfg.c ****     #define CYXDATA
  70:Generated_Source\PSoC4/cyfitter_cfg.c **** #endif
  71:Generated_Source\PSoC4/cyfitter_cfg.c **** 
  72:Generated_Source\PSoC4/cyfitter_cfg.c **** 
  73:Generated_Source\PSoC4/cyfitter_cfg.c **** CY_CFG_UNUSED
  74:Generated_Source\PSoC4/cyfitter_cfg.c **** static void CYMEMZERO(void *s, size_t n);
  75:Generated_Source\PSoC4/cyfitter_cfg.c **** CY_CFG_UNUSED
  76:Generated_Source\PSoC4/cyfitter_cfg.c **** static void CYMEMZERO(void *s, size_t n)
  77:Generated_Source\PSoC4/cyfitter_cfg.c **** {
  78:Generated_Source\PSoC4/cyfitter_cfg.c **** 	(void)memset(s, 0, n);
  79:Generated_Source\PSoC4/cyfitter_cfg.c **** }
  80:Generated_Source\PSoC4/cyfitter_cfg.c **** CY_CFG_UNUSED
  81:Generated_Source\PSoC4/cyfitter_cfg.c **** static void CYCONFIGCPY(void *dest, const void *src, size_t n);
  82:Generated_Source\PSoC4/cyfitter_cfg.c **** CY_CFG_UNUSED
  83:Generated_Source\PSoC4/cyfitter_cfg.c **** static void CYCONFIGCPY(void *dest, const void *src, size_t n)
  84:Generated_Source\PSoC4/cyfitter_cfg.c **** {
  85:Generated_Source\PSoC4/cyfitter_cfg.c **** 	(void)memcpy(dest, src, n);
  86:Generated_Source\PSoC4/cyfitter_cfg.c **** }
  87:Generated_Source\PSoC4/cyfitter_cfg.c **** CY_CFG_UNUSED
  88:Generated_Source\PSoC4/cyfitter_cfg.c **** static void CYCONFIGCPYCODE(void *dest, const void *src, size_t n);
ARM GAS  C:\Users\wl\AppData\Local\Temp\ccwjZMzc.s 			page 3


  89:Generated_Source\PSoC4/cyfitter_cfg.c **** CY_CFG_UNUSED
  90:Generated_Source\PSoC4/cyfitter_cfg.c **** static void CYCONFIGCPYCODE(void *dest, const void *src, size_t n)
  91:Generated_Source\PSoC4/cyfitter_cfg.c **** {
  92:Generated_Source\PSoC4/cyfitter_cfg.c **** 	(void)memcpy(dest, src, n);
  93:Generated_Source\PSoC4/cyfitter_cfg.c **** }
  94:Generated_Source\PSoC4/cyfitter_cfg.c **** 
  95:Generated_Source\PSoC4/cyfitter_cfg.c **** 
  96:Generated_Source\PSoC4/cyfitter_cfg.c **** 
  97:Generated_Source\PSoC4/cyfitter_cfg.c **** 
  98:Generated_Source\PSoC4/cyfitter_cfg.c **** /* Clock startup error codes                                                   */
  99:Generated_Source\PSoC4/cyfitter_cfg.c **** #define CYCLOCKSTART_NO_ERROR    0u
 100:Generated_Source\PSoC4/cyfitter_cfg.c **** #define CYCLOCKSTART_XTAL_ERROR  1u
 101:Generated_Source\PSoC4/cyfitter_cfg.c **** #define CYCLOCKSTART_32KHZ_ERROR 2u
 102:Generated_Source\PSoC4/cyfitter_cfg.c **** #define CYCLOCKSTART_PLL_ERROR   3u
 103:Generated_Source\PSoC4/cyfitter_cfg.c **** #define CYCLOCKSTART_FLL_ERROR   4u
 104:Generated_Source\PSoC4/cyfitter_cfg.c **** #define CYCLOCKSTART_WCO_ERROR   5u
 105:Generated_Source\PSoC4/cyfitter_cfg.c **** 
 106:Generated_Source\PSoC4/cyfitter_cfg.c **** 
 107:Generated_Source\PSoC4/cyfitter_cfg.c **** #ifdef CY_NEED_CYCLOCKSTARTUPERROR
 108:Generated_Source\PSoC4/cyfitter_cfg.c **** /*******************************************************************************
 109:Generated_Source\PSoC4/cyfitter_cfg.c **** * Function Name: CyClockStartupError
 110:Generated_Source\PSoC4/cyfitter_cfg.c **** ********************************************************************************
 111:Generated_Source\PSoC4/cyfitter_cfg.c **** * Summary:
 112:Generated_Source\PSoC4/cyfitter_cfg.c **** *  If an error is encountered during clock configuration (crystal startup error,
 113:Generated_Source\PSoC4/cyfitter_cfg.c **** *  PLL lock error, etc.), the system will end up here.  Unless reimplemented by
 114:Generated_Source\PSoC4/cyfitter_cfg.c **** *  the customer, this function will stop in an infinite loop.
 115:Generated_Source\PSoC4/cyfitter_cfg.c **** *
 116:Generated_Source\PSoC4/cyfitter_cfg.c **** * Parameters:
 117:Generated_Source\PSoC4/cyfitter_cfg.c **** *   void
 118:Generated_Source\PSoC4/cyfitter_cfg.c **** *
 119:Generated_Source\PSoC4/cyfitter_cfg.c **** * Return:
 120:Generated_Source\PSoC4/cyfitter_cfg.c **** *   void
 121:Generated_Source\PSoC4/cyfitter_cfg.c **** *
 122:Generated_Source\PSoC4/cyfitter_cfg.c **** *******************************************************************************/
 123:Generated_Source\PSoC4/cyfitter_cfg.c **** CY_CFG_UNUSED
 124:Generated_Source\PSoC4/cyfitter_cfg.c **** static void CyClockStartupError(uint8 errorCode);
 125:Generated_Source\PSoC4/cyfitter_cfg.c **** CY_CFG_UNUSED
 126:Generated_Source\PSoC4/cyfitter_cfg.c **** static void CyClockStartupError(uint8 errorCode)
 127:Generated_Source\PSoC4/cyfitter_cfg.c **** {
 128:Generated_Source\PSoC4/cyfitter_cfg.c ****     /* To remove the compiler warning if errorCode not used.                */
 129:Generated_Source\PSoC4/cyfitter_cfg.c ****     errorCode = errorCode;
 130:Generated_Source\PSoC4/cyfitter_cfg.c **** 
 131:Generated_Source\PSoC4/cyfitter_cfg.c ****     /* If we have a clock startup error (bad MHz crystal, PLL lock, etc.),  */
 132:Generated_Source\PSoC4/cyfitter_cfg.c ****     /* we will end up here to allow the customer to implement something to  */
 133:Generated_Source\PSoC4/cyfitter_cfg.c ****     /* deal with the clock condition.                                       */
 134:Generated_Source\PSoC4/cyfitter_cfg.c **** 
 135:Generated_Source\PSoC4/cyfitter_cfg.c **** #ifdef CY_CFG_CLOCK_STARTUP_ERROR_CALLBACK
 136:Generated_Source\PSoC4/cyfitter_cfg.c ****     CY_CFG_Clock_Startup_ErrorCallback();
 137:Generated_Source\PSoC4/cyfitter_cfg.c **** #else
 138:Generated_Source\PSoC4/cyfitter_cfg.c ****     /*  If not using CY_CFG_CLOCK_STARTUP_ERROR_CALLBACK, place your clock startup code here. */
 139:Generated_Source\PSoC4/cyfitter_cfg.c ****     /* `#START CyClockStartupError` */
 140:Generated_Source\PSoC4/cyfitter_cfg.c **** 
 141:Generated_Source\PSoC4/cyfitter_cfg.c **** 
 142:Generated_Source\PSoC4/cyfitter_cfg.c **** 
 143:Generated_Source\PSoC4/cyfitter_cfg.c ****     /* `#END` */
 144:Generated_Source\PSoC4/cyfitter_cfg.c **** 
 145:Generated_Source\PSoC4/cyfitter_cfg.c ****     while(1) {}
ARM GAS  C:\Users\wl\AppData\Local\Temp\ccwjZMzc.s 			page 4


 146:Generated_Source\PSoC4/cyfitter_cfg.c **** #endif /* CY_CFG_CLOCK_STARTUP_ERROR_CALLBACK */
 147:Generated_Source\PSoC4/cyfitter_cfg.c **** }
 148:Generated_Source\PSoC4/cyfitter_cfg.c **** #endif
 149:Generated_Source\PSoC4/cyfitter_cfg.c **** 
 150:Generated_Source\PSoC4/cyfitter_cfg.c **** #define CY_CFG_BASE_ADDR_COUNT 2u
 151:Generated_Source\PSoC4/cyfitter_cfg.c **** CYPACKED typedef struct
 152:Generated_Source\PSoC4/cyfitter_cfg.c **** {
 153:Generated_Source\PSoC4/cyfitter_cfg.c **** 	uint8 offset;
 154:Generated_Source\PSoC4/cyfitter_cfg.c **** 	uint8 value;
 155:Generated_Source\PSoC4/cyfitter_cfg.c **** } CYPACKED_ATTR cy_cfg_addrvalue_t;
 156:Generated_Source\PSoC4/cyfitter_cfg.c **** 
 157:Generated_Source\PSoC4/cyfitter_cfg.c **** 
 158:Generated_Source\PSoC4/cyfitter_cfg.c **** 
 159:Generated_Source\PSoC4/cyfitter_cfg.c **** /*******************************************************************************
 160:Generated_Source\PSoC4/cyfitter_cfg.c **** * Function Name: cfg_write_bytes32
 161:Generated_Source\PSoC4/cyfitter_cfg.c **** ********************************************************************************
 162:Generated_Source\PSoC4/cyfitter_cfg.c **** * Summary:
 163:Generated_Source\PSoC4/cyfitter_cfg.c **** *  This function is used for setting up the chip configuration areas that
 164:Generated_Source\PSoC4/cyfitter_cfg.c **** *  contain relatively sparse data.
 165:Generated_Source\PSoC4/cyfitter_cfg.c **** *
 166:Generated_Source\PSoC4/cyfitter_cfg.c **** * Parameters:
 167:Generated_Source\PSoC4/cyfitter_cfg.c **** *   void
 168:Generated_Source\PSoC4/cyfitter_cfg.c **** *
 169:Generated_Source\PSoC4/cyfitter_cfg.c **** * Return:
 170:Generated_Source\PSoC4/cyfitter_cfg.c **** *   void
 171:Generated_Source\PSoC4/cyfitter_cfg.c **** *
 172:Generated_Source\PSoC4/cyfitter_cfg.c **** *******************************************************************************/
 173:Generated_Source\PSoC4/cyfitter_cfg.c **** static void cfg_write_bytes32(const uint32 addr_table[], const cy_cfg_addrvalue_t data_table[]);
 174:Generated_Source\PSoC4/cyfitter_cfg.c **** static void cfg_write_bytes32(const uint32 addr_table[], const cy_cfg_addrvalue_t data_table[])
 175:Generated_Source\PSoC4/cyfitter_cfg.c **** {
  27              		.loc 1 175 0
  28              		.cfi_startproc
  29              		@ args = 0, pretend = 0, frame = 0
  30              		@ frame_needed = 0, uses_anonymous_args = 0
  31              	.LVL0:
  32 0000 F0B5     		push	{r4, r5, r6, r7, lr}
  33              		.cfi_def_cfa_offset 20
  34              		.cfi_offset 4, -20
  35              		.cfi_offset 5, -16
  36              		.cfi_offset 6, -12
  37              		.cfi_offset 7, -8
  38              		.cfi_offset 14, -4
  39              	.LVL1:
 176:Generated_Source\PSoC4/cyfitter_cfg.c **** 	/* For 32-bit little-endian architectures */
 177:Generated_Source\PSoC4/cyfitter_cfg.c **** 	uint32 i, j = 0u;
  40              		.loc 1 177 0
  41 0002 0025     		movs	r5, #0
 178:Generated_Source\PSoC4/cyfitter_cfg.c **** 	for (i = 0u; i < CY_CFG_BASE_ADDR_COUNT; i++)
  42              		.loc 1 178 0
  43 0004 0027     		movs	r7, #0
  44 0006 11E0     		b	.L2
  45              	.LVL2:
  46              	.L5:
  47              	.LBB2:
 179:Generated_Source\PSoC4/cyfitter_cfg.c **** 	{
 180:Generated_Source\PSoC4/cyfitter_cfg.c **** 		uint32 baseAddr = addr_table[i];
  48              		.loc 1 180 0
ARM GAS  C:\Users\wl\AppData\Local\Temp\ccwjZMzc.s 			page 5


  49 0008 BB00     		lsls	r3, r7, #2
  50 000a C658     		ldr	r6, [r0, r3]
  51              	.LVL3:
 181:Generated_Source\PSoC4/cyfitter_cfg.c **** 		uint8 count = (uint8)baseAddr;
  52              		.loc 1 181 0
  53 000c F3B2     		uxtb	r3, r6
  54              	.LVL4:
 182:Generated_Source\PSoC4/cyfitter_cfg.c **** 		baseAddr &= 0xFFFFFF00u;
  55              		.loc 1 182 0
  56 000e FF22     		movs	r2, #255
  57 0010 9643     		bics	r6, r2
  58              	.LVL5:
 183:Generated_Source\PSoC4/cyfitter_cfg.c **** 		while (count != 0u)
  59              		.loc 1 183 0
  60 0012 08E0     		b	.L3
  61              	.L4:
 184:Generated_Source\PSoC4/cyfitter_cfg.c **** 		{
 185:Generated_Source\PSoC4/cyfitter_cfg.c **** 			CY_SET_REG8((void *)(baseAddr + data_table[j].offset), data_table[j].value);
  62              		.loc 1 185 0
  63 0014 6A00     		lsls	r2, r5, #1
  64 0016 8A18     		adds	r2, r1, r2
  65 0018 1478     		ldrb	r4, [r2]
  66 001a A419     		adds	r4, r4, r6
  67 001c 5278     		ldrb	r2, [r2, #1]
  68 001e 2270     		strb	r2, [r4]
 186:Generated_Source\PSoC4/cyfitter_cfg.c **** 			j++;
  69              		.loc 1 186 0
  70 0020 0135     		adds	r5, r5, #1
  71              	.LVL6:
 187:Generated_Source\PSoC4/cyfitter_cfg.c **** 			count--;
  72              		.loc 1 187 0
  73 0022 013B     		subs	r3, r3, #1
  74              	.LVL7:
  75 0024 DBB2     		uxtb	r3, r3
  76              	.LVL8:
  77              	.L3:
 183:Generated_Source\PSoC4/cyfitter_cfg.c **** 		{
  78              		.loc 1 183 0
  79 0026 002B     		cmp	r3, #0
  80 0028 F4D1     		bne	.L4
  81              	.LBE2:
 178:Generated_Source\PSoC4/cyfitter_cfg.c **** 	{
  82              		.loc 1 178 0 discriminator 2
  83 002a 0137     		adds	r7, r7, #1
  84              	.LVL9:
  85              	.L2:
 178:Generated_Source\PSoC4/cyfitter_cfg.c **** 	{
  86              		.loc 1 178 0 is_stmt 0 discriminator 1
  87 002c 012F     		cmp	r7, #1
  88 002e EBD9     		bls	.L5
 188:Generated_Source\PSoC4/cyfitter_cfg.c **** 		}
 189:Generated_Source\PSoC4/cyfitter_cfg.c **** 	}
 190:Generated_Source\PSoC4/cyfitter_cfg.c **** }
  89              		.loc 1 190 0 is_stmt 1
  90              		@ sp needed
  91              	.LVL10:
  92              	.LVL11:
ARM GAS  C:\Users\wl\AppData\Local\Temp\ccwjZMzc.s 			page 6


  93 0030 F0BD     		pop	{r4, r5, r6, r7, pc}
  94              		.cfi_endproc
  95              	.LFE5:
  96              		.size	cfg_write_bytes32, .-cfg_write_bytes32
  97 0032 C046     		.section	.text.AnalogSetDefault,"ax",%progbits
  98              		.align	2
  99              		.code	16
 100              		.thumb_func
 101              		.type	AnalogSetDefault, %function
 102              	AnalogSetDefault:
 103              	.LFB7:
 191:Generated_Source\PSoC4/cyfitter_cfg.c **** 
 192:Generated_Source\PSoC4/cyfitter_cfg.c **** 
 193:Generated_Source\PSoC4/cyfitter_cfg.c **** /*******************************************************************************
 194:Generated_Source\PSoC4/cyfitter_cfg.c **** * Function Name: ClockSetup
 195:Generated_Source\PSoC4/cyfitter_cfg.c **** ********************************************************************************
 196:Generated_Source\PSoC4/cyfitter_cfg.c **** *
 197:Generated_Source\PSoC4/cyfitter_cfg.c **** * Summary:
 198:Generated_Source\PSoC4/cyfitter_cfg.c **** *   Performs the initialization of all of the clocks in the device based on the
 199:Generated_Source\PSoC4/cyfitter_cfg.c **** *   settings in the Clock tab of the DWR.  This includes enabling the requested
 200:Generated_Source\PSoC4/cyfitter_cfg.c **** *   clocks and setting the necessary dividers to produce the desired frequency. 
 201:Generated_Source\PSoC4/cyfitter_cfg.c **** *
 202:Generated_Source\PSoC4/cyfitter_cfg.c **** * Parameters:
 203:Generated_Source\PSoC4/cyfitter_cfg.c **** *   void
 204:Generated_Source\PSoC4/cyfitter_cfg.c **** *
 205:Generated_Source\PSoC4/cyfitter_cfg.c **** * Return:
 206:Generated_Source\PSoC4/cyfitter_cfg.c **** *   void
 207:Generated_Source\PSoC4/cyfitter_cfg.c **** *
 208:Generated_Source\PSoC4/cyfitter_cfg.c **** *******************************************************************************/
 209:Generated_Source\PSoC4/cyfitter_cfg.c **** static void ClockSetup(void);
 210:Generated_Source\PSoC4/cyfitter_cfg.c **** CY_CFG_SECTION
 211:Generated_Source\PSoC4/cyfitter_cfg.c **** static void ClockSetup(void)
 212:Generated_Source\PSoC4/cyfitter_cfg.c **** {
 213:Generated_Source\PSoC4/cyfitter_cfg.c **** 
 214:Generated_Source\PSoC4/cyfitter_cfg.c **** 	/* Set Flash Cycles based on max possible frequency in case a glitch occurs during ClockSetup(). *
 215:Generated_Source\PSoC4/cyfitter_cfg.c **** 	CY_SET_REG32((void CYXDATA *)(CYREG_CPUSS_FLASH_CTL), (0x0012u));
 216:Generated_Source\PSoC4/cyfitter_cfg.c **** 
 217:Generated_Source\PSoC4/cyfitter_cfg.c **** 	/* Start the WCO */
 218:Generated_Source\PSoC4/cyfitter_cfg.c **** 	CySysClkWcoStart();
 219:Generated_Source\PSoC4/cyfitter_cfg.c **** 	CyDelayCycles(12000000u); /* WCO may take up to 500ms to start */
 220:Generated_Source\PSoC4/cyfitter_cfg.c **** 	(void)CySysClkWcoSetPowerMode(CY_SYS_CLK_WCO_LPM);    /* Switch to the low power mode */
 221:Generated_Source\PSoC4/cyfitter_cfg.c **** 
 222:Generated_Source\PSoC4/cyfitter_cfg.c **** 	/* Setup and trim IMO based on desired frequency. */
 223:Generated_Source\PSoC4/cyfitter_cfg.c **** 	CySysClkWriteImoFreq(48u);
 224:Generated_Source\PSoC4/cyfitter_cfg.c **** 	/* CYDEV_CLK_ILO_CONFIG Starting address: CYDEV_CLK_ILO_CONFIG */
 225:Generated_Source\PSoC4/cyfitter_cfg.c **** 	CY_SET_REG32((void *)(CYREG_CLK_ILO_CONFIG), 0x80000006u);
 226:Generated_Source\PSoC4/cyfitter_cfg.c **** 
 227:Generated_Source\PSoC4/cyfitter_cfg.c **** 	/* CYDEV_WDT_CONFIG Starting address: CYDEV_WDT_CONFIG */
 228:Generated_Source\PSoC4/cyfitter_cfg.c **** 	CY_SET_REG32((void *)(CYREG_WDT_CONFIG), 0x40000000u);
 229:Generated_Source\PSoC4/cyfitter_cfg.c **** 
 230:Generated_Source\PSoC4/cyfitter_cfg.c **** 
 231:Generated_Source\PSoC4/cyfitter_cfg.c **** 	/* Enable fast start mode for XO */
 232:Generated_Source\PSoC4/cyfitter_cfg.c **** 	CY_SET_REG32((void*)CYREG_BLE_BLERD_BB_XO, CY_GET_REG32((void*)CYREG_BLE_BLERD_BB_XO) | (uint32)0x
 233:Generated_Source\PSoC4/cyfitter_cfg.c **** 	CY_SET_REG32((void *)(CYREG_BLE_BLERD_BB_XO_CAPTRIM), 0x00003E2Du);
 234:Generated_Source\PSoC4/cyfitter_cfg.c **** 	/*Set XTAL(ECO) divider*/
 235:Generated_Source\PSoC4/cyfitter_cfg.c **** 	CY_SET_REG32((void *)(CYREG_BLE_BLESS_XTAL_CLK_DIV_CONFIG), 0x00000000u);
 236:Generated_Source\PSoC4/cyfitter_cfg.c **** 	/* Disable Crystal Stable Interrupt before enabling ECO */
ARM GAS  C:\Users\wl\AppData\Local\Temp\ccwjZMzc.s 			page 7


 237:Generated_Source\PSoC4/cyfitter_cfg.c **** 	CY_SET_REG32((void*)CYREG_BLE_BLESS_LL_DSM_CTRL, CY_GET_REG32((void*)CYREG_BLE_BLESS_LL_DSM_CTRL) 
 238:Generated_Source\PSoC4/cyfitter_cfg.c **** 	/* Start the ECO and do not check status since it is not needed for HFCLK */
 239:Generated_Source\PSoC4/cyfitter_cfg.c **** 	(void)CySysClkEcoStart(2000u);
 240:Generated_Source\PSoC4/cyfitter_cfg.c **** 	CyDelayUs(1500u); /* Wait to stabilize */
 241:Generated_Source\PSoC4/cyfitter_cfg.c **** 
 242:Generated_Source\PSoC4/cyfitter_cfg.c **** 	/* Setup phase aligned clocks */
 243:Generated_Source\PSoC4/cyfitter_cfg.c **** 	CY_SET_REG32((void *)CYREG_PERI_DIV_16_CTL0, 0x00000300u);
 244:Generated_Source\PSoC4/cyfitter_cfg.c **** 	CY_SET_REG32((void *)CYREG_PERI_DIV_CMD, 0x8000FF40u);
 245:Generated_Source\PSoC4/cyfitter_cfg.c **** 
 246:Generated_Source\PSoC4/cyfitter_cfg.c **** 	/* CYDEV_CLK_IMO_CONFIG Starting address: CYDEV_CLK_IMO_CONFIG */
 247:Generated_Source\PSoC4/cyfitter_cfg.c **** 	CY_SET_REG32((void *)(CYREG_CLK_IMO_CONFIG), 0x80000000u);
 248:Generated_Source\PSoC4/cyfitter_cfg.c **** 
 249:Generated_Source\PSoC4/cyfitter_cfg.c **** 	/* CYDEV_CLK_SELECT Starting address: CYDEV_CLK_SELECT */
 250:Generated_Source\PSoC4/cyfitter_cfg.c **** 	CY_SET_REG32((void *)(CYREG_CLK_SELECT), 0x00040000u);
 251:Generated_Source\PSoC4/cyfitter_cfg.c **** 
 252:Generated_Source\PSoC4/cyfitter_cfg.c **** 	/* CYDEV_PERI_PCLK_CTL7 Starting address: CYDEV_PERI_PCLK_CTL7 */
 253:Generated_Source\PSoC4/cyfitter_cfg.c **** 	CY_SET_REG32((void *)(CYREG_PERI_PCLK_CTL7), 0x00000040u);
 254:Generated_Source\PSoC4/cyfitter_cfg.c **** 
 255:Generated_Source\PSoC4/cyfitter_cfg.c **** 	(void)CyIntSetVector(8u, &CySysWdtIsr);
 256:Generated_Source\PSoC4/cyfitter_cfg.c **** 	CyIntEnable(8u);
 257:Generated_Source\PSoC4/cyfitter_cfg.c **** 	CY_SET_REG32((void *)(CYREG_WDT_CONFIG), 0x40000000u);
 258:Generated_Source\PSoC4/cyfitter_cfg.c **** }
 259:Generated_Source\PSoC4/cyfitter_cfg.c **** 
 260:Generated_Source\PSoC4/cyfitter_cfg.c **** 
 261:Generated_Source\PSoC4/cyfitter_cfg.c **** /* Analog API Functions */
 262:Generated_Source\PSoC4/cyfitter_cfg.c **** 
 263:Generated_Source\PSoC4/cyfitter_cfg.c **** 
 264:Generated_Source\PSoC4/cyfitter_cfg.c **** /*******************************************************************************
 265:Generated_Source\PSoC4/cyfitter_cfg.c **** * Function Name: AnalogSetDefault
 266:Generated_Source\PSoC4/cyfitter_cfg.c **** ********************************************************************************
 267:Generated_Source\PSoC4/cyfitter_cfg.c **** *
 268:Generated_Source\PSoC4/cyfitter_cfg.c **** * Summary:
 269:Generated_Source\PSoC4/cyfitter_cfg.c **** *  Sets up the analog portions of the chip to default values based on chip
 270:Generated_Source\PSoC4/cyfitter_cfg.c **** *  configuration options from the project.
 271:Generated_Source\PSoC4/cyfitter_cfg.c **** *
 272:Generated_Source\PSoC4/cyfitter_cfg.c **** * Parameters:
 273:Generated_Source\PSoC4/cyfitter_cfg.c **** *  void
 274:Generated_Source\PSoC4/cyfitter_cfg.c **** *
 275:Generated_Source\PSoC4/cyfitter_cfg.c **** * Return:
 276:Generated_Source\PSoC4/cyfitter_cfg.c **** *  void
 277:Generated_Source\PSoC4/cyfitter_cfg.c **** *
 278:Generated_Source\PSoC4/cyfitter_cfg.c **** *******************************************************************************/
 279:Generated_Source\PSoC4/cyfitter_cfg.c **** static void AnalogSetDefault(void);
 280:Generated_Source\PSoC4/cyfitter_cfg.c **** static void AnalogSetDefault(void)
 281:Generated_Source\PSoC4/cyfitter_cfg.c **** {
 104              		.loc 1 281 0
 105              		.cfi_startproc
 106              		@ args = 0, pretend = 0, frame = 0
 107              		@ frame_needed = 0, uses_anonymous_args = 0
 108              		@ link register save eliminated.
 282:Generated_Source\PSoC4/cyfitter_cfg.c **** 	CY_SET_XTND_REG32((void CYFAR *)CYREG_CTBM0_DFT_CTRL, 0x00000003u);
 109              		.loc 1 282 0
 110 0000 0323     		movs	r3, #3
 111 0002 044A     		ldr	r2, .L7
 112 0004 1360     		str	r3, [r2]
 283:Generated_Source\PSoC4/cyfitter_cfg.c **** 	CY_SET_XTND_REG32((void CYFAR *)CYREG_CTBM1_DFT_CTRL, 0x00000003u);
 113              		.loc 1 283 0
ARM GAS  C:\Users\wl\AppData\Local\Temp\ccwjZMzc.s 			page 8


 114 0006 044A     		ldr	r2, .L7+4
 115 0008 1360     		str	r3, [r2]
 284:Generated_Source\PSoC4/cyfitter_cfg.c **** 	CY_SET_XTND_REG32((void CYFAR *)CYREG_PASS_DSAB_DSAB_CTRL, 0x00000000u);
 116              		.loc 1 284 0
 117 000a 0022     		movs	r2, #0
 118 000c 034B     		ldr	r3, .L7+8
 119 000e 1A60     		str	r2, [r3]
 285:Generated_Source\PSoC4/cyfitter_cfg.c **** }
 120              		.loc 1 285 0
 121              		@ sp needed
 122 0010 7047     		bx	lr
 123              	.L8:
 124 0012 C046     		.align	2
 125              	.L7:
 126 0014 30003040 		.word	1076887600
 127 0018 30003140 		.word	1076953136
 128 001c 000E3F40 		.word	1077874176
 129              		.cfi_endproc
 130              	.LFE7:
 131              		.size	AnalogSetDefault, .-AnalogSetDefault
 132              		.section	.text.CYMEMZERO,"ax",%progbits
 133              		.align	2
 134              		.code	16
 135              		.thumb_func
 136              		.type	CYMEMZERO, %function
 137              	CYMEMZERO:
 138              	.LFB2:
  77:Generated_Source\PSoC4/cyfitter_cfg.c **** 	(void)memset(s, 0, n);
 139              		.loc 1 77 0
 140              		.cfi_startproc
 141              		@ args = 0, pretend = 0, frame = 0
 142              		@ frame_needed = 0, uses_anonymous_args = 0
 143              	.LVL12:
 144 0000 10B5     		push	{r4, lr}
 145              		.cfi_def_cfa_offset 8
 146              		.cfi_offset 4, -8
 147              		.cfi_offset 14, -4
 148 0002 0A00     		movs	r2, r1
  78:Generated_Source\PSoC4/cyfitter_cfg.c **** }
 149              		.loc 1 78 0
 150 0004 0021     		movs	r1, #0
 151              	.LVL13:
 152 0006 FFF7FEFF 		bl	memset
 153              	.LVL14:
  79:Generated_Source\PSoC4/cyfitter_cfg.c **** CY_CFG_UNUSED
 154              		.loc 1 79 0
 155              		@ sp needed
 156 000a 10BD     		pop	{r4, pc}
 157              		.cfi_endproc
 158              	.LFE2:
 159              		.size	CYMEMZERO, .-CYMEMZERO
 160              		.section	.psocinit,"ax",%progbits
 161              		.align	2
 162              		.code	16
 163              		.thumb_func
 164              		.type	ClockSetup, %function
 165              	ClockSetup:
ARM GAS  C:\Users\wl\AppData\Local\Temp\ccwjZMzc.s 			page 9


 166              	.LFB6:
 212:Generated_Source\PSoC4/cyfitter_cfg.c **** 
 167              		.loc 1 212 0
 168              		.cfi_startproc
 169              		@ args = 0, pretend = 0, frame = 0
 170              		@ frame_needed = 0, uses_anonymous_args = 0
 171 0000 70B5     		push	{r4, r5, r6, lr}
 172              		.cfi_def_cfa_offset 16
 173              		.cfi_offset 4, -16
 174              		.cfi_offset 5, -12
 175              		.cfi_offset 6, -8
 176              		.cfi_offset 14, -4
 215:Generated_Source\PSoC4/cyfitter_cfg.c **** 
 177              		.loc 1 215 0
 178 0002 1222     		movs	r2, #18
 179 0004 224B     		ldr	r3, .L11
 180 0006 1A60     		str	r2, [r3]
 218:Generated_Source\PSoC4/cyfitter_cfg.c **** 	CyDelayCycles(12000000u); /* WCO may take up to 500ms to start */
 181              		.loc 1 218 0
 182 0008 FFF7FEFF 		bl	CySysClkWcoStart
 183              	.LVL15:
 219:Generated_Source\PSoC4/cyfitter_cfg.c **** 	(void)CySysClkWcoSetPowerMode(CY_SYS_CLK_WCO_LPM);    /* Switch to the low power mode */
 184              		.loc 1 219 0
 185 000c 2148     		ldr	r0, .L11+4
 186 000e FFF7FEFF 		bl	CyDelayCycles
 187              	.LVL16:
 220:Generated_Source\PSoC4/cyfitter_cfg.c **** 
 188              		.loc 1 220 0
 189 0012 0120     		movs	r0, #1
 190 0014 FFF7FEFF 		bl	CySysClkWcoSetPowerMode
 191              	.LVL17:
 223:Generated_Source\PSoC4/cyfitter_cfg.c **** 	/* CYDEV_CLK_ILO_CONFIG Starting address: CYDEV_CLK_ILO_CONFIG */
 192              		.loc 1 223 0
 193 0018 3020     		movs	r0, #48
 194 001a FFF7FEFF 		bl	CySysClkWriteImoFreq
 195              	.LVL18:
 225:Generated_Source\PSoC4/cyfitter_cfg.c **** 
 196              		.loc 1 225 0
 197 001e 1E4A     		ldr	r2, .L11+8
 198 0020 1E4B     		ldr	r3, .L11+12
 199 0022 1A60     		str	r2, [r3]
 228:Generated_Source\PSoC4/cyfitter_cfg.c **** 
 200              		.loc 1 228 0
 201 0024 1E4C     		ldr	r4, .L11+16
 202 0026 8025     		movs	r5, #128
 203 0028 ED05     		lsls	r5, r5, #23
 204 002a 2560     		str	r5, [r4]
 232:Generated_Source\PSoC4/cyfitter_cfg.c **** 	CY_SET_REG32((void *)(CYREG_BLE_BLERD_BB_XO_CAPTRIM), 0x00003E2Du);
 205              		.loc 1 232 0
 206 002c 1D4A     		ldr	r2, .L11+20
 207 002e 1168     		ldr	r1, [r2]
 208 0030 0223     		movs	r3, #2
 209 0032 0B43     		orrs	r3, r1
 210 0034 1360     		str	r3, [r2]
 233:Generated_Source\PSoC4/cyfitter_cfg.c **** 	/*Set XTAL(ECO) divider*/
 211              		.loc 1 233 0
 212 0036 1C4A     		ldr	r2, .L11+24
ARM GAS  C:\Users\wl\AppData\Local\Temp\ccwjZMzc.s 			page 10


 213 0038 1C4B     		ldr	r3, .L11+28
 214 003a 1A60     		str	r2, [r3]
 235:Generated_Source\PSoC4/cyfitter_cfg.c **** 	/* Disable Crystal Stable Interrupt before enabling ECO */
 215              		.loc 1 235 0
 216 003c 0022     		movs	r2, #0
 217 003e 1C4B     		ldr	r3, .L11+32
 218 0040 1A60     		str	r2, [r3]
 237:Generated_Source\PSoC4/cyfitter_cfg.c **** 	/* Start the ECO and do not check status since it is not needed for HFCLK */
 219              		.loc 1 237 0
 220 0042 1C4A     		ldr	r2, .L11+36
 221 0044 1368     		ldr	r3, [r2]
 222 0046 0821     		movs	r1, #8
 223 0048 8B43     		bics	r3, r1
 224 004a 1360     		str	r3, [r2]
 239:Generated_Source\PSoC4/cyfitter_cfg.c **** 	CyDelayUs(1500u); /* Wait to stabilize */
 225              		.loc 1 239 0
 226 004c FA20     		movs	r0, #250
 227 004e C000     		lsls	r0, r0, #3
 228 0050 FFF7FEFF 		bl	CySysClkEcoStart
 229              	.LVL19:
 240:Generated_Source\PSoC4/cyfitter_cfg.c **** 
 230              		.loc 1 240 0
 231 0054 1848     		ldr	r0, .L11+40
 232 0056 FFF7FEFF 		bl	CyDelayUs
 233              	.LVL20:
 243:Generated_Source\PSoC4/cyfitter_cfg.c **** 	CY_SET_REG32((void *)CYREG_PERI_DIV_CMD, 0x8000FF40u);
 234              		.loc 1 243 0
 235 005a C022     		movs	r2, #192
 236 005c 9200     		lsls	r2, r2, #2
 237 005e 174B     		ldr	r3, .L11+44
 238 0060 1A60     		str	r2, [r3]
 244:Generated_Source\PSoC4/cyfitter_cfg.c **** 
 239              		.loc 1 244 0
 240 0062 174A     		ldr	r2, .L11+48
 241 0064 174B     		ldr	r3, .L11+52
 242 0066 1A60     		str	r2, [r3]
 247:Generated_Source\PSoC4/cyfitter_cfg.c **** 
 243              		.loc 1 247 0
 244 0068 8022     		movs	r2, #128
 245 006a 1206     		lsls	r2, r2, #24
 246 006c 164B     		ldr	r3, .L11+56
 247 006e 1A60     		str	r2, [r3]
 250:Generated_Source\PSoC4/cyfitter_cfg.c **** 
 248              		.loc 1 250 0
 249 0070 8022     		movs	r2, #128
 250 0072 D202     		lsls	r2, r2, #11
 251 0074 154B     		ldr	r3, .L11+60
 252 0076 1A60     		str	r2, [r3]
 253:Generated_Source\PSoC4/cyfitter_cfg.c **** 
 253              		.loc 1 253 0
 254 0078 4022     		movs	r2, #64
 255 007a 154B     		ldr	r3, .L11+64
 256 007c 1A60     		str	r2, [r3]
 255:Generated_Source\PSoC4/cyfitter_cfg.c **** 	CyIntEnable(8u);
 257              		.loc 1 255 0
 258 007e 1549     		ldr	r1, .L11+68
 259 0080 0820     		movs	r0, #8
ARM GAS  C:\Users\wl\AppData\Local\Temp\ccwjZMzc.s 			page 11


 260 0082 FFF7FEFF 		bl	CyIntSetVector
 261              	.LVL21:
 256:Generated_Source\PSoC4/cyfitter_cfg.c **** 	CY_SET_REG32((void *)(CYREG_WDT_CONFIG), 0x40000000u);
 262              		.loc 1 256 0
 263 0086 0820     		movs	r0, #8
 264 0088 FFF7FEFF 		bl	CyIntEnable
 265              	.LVL22:
 257:Generated_Source\PSoC4/cyfitter_cfg.c **** }
 266              		.loc 1 257 0
 267 008c 2560     		str	r5, [r4]
 258:Generated_Source\PSoC4/cyfitter_cfg.c **** 
 268              		.loc 1 258 0
 269              		@ sp needed
 270 008e 70BD     		pop	{r4, r5, r6, pc}
 271              	.L12:
 272              		.align	2
 273              	.L11:
 274 0090 30001040 		.word	1074790448
 275 0094 001BB700 		.word	12000000
 276 0098 06000080 		.word	-2147483642
 277 009c 04010B40 		.word	1074462980
 278 00a0 0C020B40 		.word	1074463244
 279 00a4 78002E40 		.word	1076756600
 280 00a8 2D3E0000 		.word	15917
 281 00ac 7C002E40 		.word	1076756604
 282 00b0 64F02E40 		.word	1076818020
 283 00b4 6CF02E40 		.word	1076818028
 284 00b8 DC050000 		.word	1500
 285 00bc 00030140 		.word	1073808128
 286 00c0 40FF0080 		.word	-2147418304
 287 00c4 00000140 		.word	1073807360
 288 00c8 08010B40 		.word	1074462984
 289 00cc 00010B40 		.word	1074462976
 290 00d0 1C010140 		.word	1073807644
 291 00d4 00000000 		.word	CySysWdtIsr
 292              		.cfi_endproc
 293              	.LFE6:
 294              		.size	ClockSetup, .-ClockSetup
 295              		.align	2
 296              		.global	cyfitter_cfg
 297              		.code	16
 298              		.thumb_func
 299              		.type	cyfitter_cfg, %function
 300              	cyfitter_cfg:
 301              	.LFB8:
 286:Generated_Source\PSoC4/cyfitter_cfg.c **** 
 287:Generated_Source\PSoC4/cyfitter_cfg.c **** 
 288:Generated_Source\PSoC4/cyfitter_cfg.c **** 
 289:Generated_Source\PSoC4/cyfitter_cfg.c **** 
 290:Generated_Source\PSoC4/cyfitter_cfg.c **** /*******************************************************************************
 291:Generated_Source\PSoC4/cyfitter_cfg.c **** * Function Name: cyfitter_cfg
 292:Generated_Source\PSoC4/cyfitter_cfg.c **** ********************************************************************************
 293:Generated_Source\PSoC4/cyfitter_cfg.c **** * Summary:
 294:Generated_Source\PSoC4/cyfitter_cfg.c **** *  This function is called by the start-up code for the selected device. It
 295:Generated_Source\PSoC4/cyfitter_cfg.c **** *  performs all of the necessary device configuration based on the design
 296:Generated_Source\PSoC4/cyfitter_cfg.c **** *  settings.  This includes settings from the Design Wide Resources (DWR) such
 297:Generated_Source\PSoC4/cyfitter_cfg.c **** *  as Clocks and Pins as well as any component configuration that is necessary.
ARM GAS  C:\Users\wl\AppData\Local\Temp\ccwjZMzc.s 			page 12


 298:Generated_Source\PSoC4/cyfitter_cfg.c **** *
 299:Generated_Source\PSoC4/cyfitter_cfg.c **** * Parameters:
 300:Generated_Source\PSoC4/cyfitter_cfg.c **** *   void
 301:Generated_Source\PSoC4/cyfitter_cfg.c **** *
 302:Generated_Source\PSoC4/cyfitter_cfg.c **** * Return:
 303:Generated_Source\PSoC4/cyfitter_cfg.c **** *   void
 304:Generated_Source\PSoC4/cyfitter_cfg.c **** *
 305:Generated_Source\PSoC4/cyfitter_cfg.c **** *******************************************************************************/
 306:Generated_Source\PSoC4/cyfitter_cfg.c **** CY_CFG_SECTION
 307:Generated_Source\PSoC4/cyfitter_cfg.c **** void cyfitter_cfg(void)
 308:Generated_Source\PSoC4/cyfitter_cfg.c **** {
 302              		.loc 1 308 0
 303              		.cfi_startproc
 304              		@ args = 0, pretend = 0, frame = 0
 305              		@ frame_needed = 0, uses_anonymous_args = 0
 306 00d8 10B5     		push	{r4, lr}
 307              		.cfi_def_cfa_offset 8
 308              		.cfi_offset 4, -8
 309              		.cfi_offset 14, -4
 309:Generated_Source\PSoC4/cyfitter_cfg.c **** 	/* Disable interrupts by default. Let user enable if/when they want. */
 310:Generated_Source\PSoC4/cyfitter_cfg.c **** 	CyGlobalIntDisable;
 310              		.loc 1 310 0
 311              		.syntax divided
 312              	@ 310 "Generated_Source\PSoC4\cyfitter_cfg.c" 1
 313 00da 72B6     		CPSID   i
 314              	@ 0 "" 2
 311:Generated_Source\PSoC4/cyfitter_cfg.c **** 
 312:Generated_Source\PSoC4/cyfitter_cfg.c **** 	CY_SET_REG32((void *)(CYREG_BLE_BLESS_LL_DSM_CTRL), 0x00000000u);
 315              		.loc 1 312 0
 316              		.thumb
 317              		.syntax unified
 318 00dc 0022     		movs	r2, #0
 319 00de 284B     		ldr	r3, .L16
 320 00e0 1A60     		str	r2, [r3]
 321              	.LVL23:
 322              	.LBB3:
 313:Generated_Source\PSoC4/cyfitter_cfg.c **** 
 314:Generated_Source\PSoC4/cyfitter_cfg.c **** 	{
 315:Generated_Source\PSoC4/cyfitter_cfg.c **** 		static const uint32 CYCODE cy_cfg_addr_table[] = {
 316:Generated_Source\PSoC4/cyfitter_cfg.c **** 			0x400F4206u, /* Base address: 0x400F4200 Count: 6 */
 317:Generated_Source\PSoC4/cyfitter_cfg.c **** 			0x400F4303u, /* Base address: 0x400F4300 Count: 3 */
 318:Generated_Source\PSoC4/cyfitter_cfg.c **** 		};
 319:Generated_Source\PSoC4/cyfitter_cfg.c **** 
 320:Generated_Source\PSoC4/cyfitter_cfg.c **** 		static const cy_cfg_addrvalue_t CYCODE cy_cfg_data_table[] = {
 321:Generated_Source\PSoC4/cyfitter_cfg.c **** 			{0x11u, 0x01u},
 322:Generated_Source\PSoC4/cyfitter_cfg.c **** 			{0x18u, 0x10u},
 323:Generated_Source\PSoC4/cyfitter_cfg.c **** 			{0x5Du, 0x01u},
 324:Generated_Source\PSoC4/cyfitter_cfg.c **** 			{0xC4u, 0x08u},
 325:Generated_Source\PSoC4/cyfitter_cfg.c **** 			{0xC6u, 0x08u},
 326:Generated_Source\PSoC4/cyfitter_cfg.c **** 			{0xD6u, 0x01u},
 327:Generated_Source\PSoC4/cyfitter_cfg.c **** 			{0x60u, 0x10u},
 328:Generated_Source\PSoC4/cyfitter_cfg.c **** 			{0x90u, 0x10u},
 329:Generated_Source\PSoC4/cyfitter_cfg.c **** 			{0xD8u, 0x02u},
 330:Generated_Source\PSoC4/cyfitter_cfg.c **** 		};
 331:Generated_Source\PSoC4/cyfitter_cfg.c **** 
 332:Generated_Source\PSoC4/cyfitter_cfg.c **** 
 333:Generated_Source\PSoC4/cyfitter_cfg.c **** 
ARM GAS  C:\Users\wl\AppData\Local\Temp\ccwjZMzc.s 			page 13


 334:Generated_Source\PSoC4/cyfitter_cfg.c **** 		CYPACKED typedef struct {
 335:Generated_Source\PSoC4/cyfitter_cfg.c **** 			void CYFAR *address;
 336:Generated_Source\PSoC4/cyfitter_cfg.c **** 			uint16 size;
 337:Generated_Source\PSoC4/cyfitter_cfg.c **** 		} CYPACKED_ATTR cfg_memset_t;
 338:Generated_Source\PSoC4/cyfitter_cfg.c **** 
 339:Generated_Source\PSoC4/cyfitter_cfg.c **** 		static const cfg_memset_t CYCODE cfg_memset_list[] = {
 340:Generated_Source\PSoC4/cyfitter_cfg.c **** 			/* address, size */
 341:Generated_Source\PSoC4/cyfitter_cfg.c **** 			{(void CYFAR *)(CYDEV_UDB_P0_U0_BASE), 1024u},
 342:Generated_Source\PSoC4/cyfitter_cfg.c **** 			{(void CYFAR *)(CYDEV_UDB_DSI0_BASE), 1024u},
 343:Generated_Source\PSoC4/cyfitter_cfg.c **** 		};
 344:Generated_Source\PSoC4/cyfitter_cfg.c **** 
 345:Generated_Source\PSoC4/cyfitter_cfg.c **** 		uint8 CYDATA i;
 346:Generated_Source\PSoC4/cyfitter_cfg.c **** 
 347:Generated_Source\PSoC4/cyfitter_cfg.c **** 		/* Zero out critical memory blocks before beginning configuration */
 348:Generated_Source\PSoC4/cyfitter_cfg.c **** 		for (i = 0u; i < (sizeof(cfg_memset_list)/sizeof(cfg_memset_list[0])); i++)
 323              		.loc 1 348 0
 324 00e2 0024     		movs	r4, #0
 325 00e4 0FE0     		b	.L14
 326              	.LVL24:
 327              	.L15:
 328              	.LBB4:
 349:Generated_Source\PSoC4/cyfitter_cfg.c **** 		{
 350:Generated_Source\PSoC4/cyfitter_cfg.c **** 			const cfg_memset_t CYCODE * CYDATA ms = &cfg_memset_list[i];
 351:Generated_Source\PSoC4/cyfitter_cfg.c **** 			CYMEMZERO(ms->address, (size_t)(uint32)(ms->size));
 329              		.loc 1 351 0 discriminator 3
 330 00e6 2748     		ldr	r0, .L16+4
 331 00e8 6200     		lsls	r2, r4, #1
 332 00ea 1319     		adds	r3, r2, r4
 333 00ec 5900     		lsls	r1, r3, #1
 334 00ee 0B00     		movs	r3, r1
 335 00f0 4118     		adds	r1, r0, r1
 336 00f2 8988     		ldrh	r1, [r1, #4]
 337 00f4 1A5A     		ldrh	r2, [r3, r0]
 338 00f6 C318     		adds	r3, r0, r3
 339 00f8 5888     		ldrh	r0, [r3, #2]
 340 00fa 0004     		lsls	r0, r0, #16
 341 00fc 1043     		orrs	r0, r2
 342 00fe FFF7FEFF 		bl	CYMEMZERO
 343              	.LVL25:
 344              	.LBE4:
 348:Generated_Source\PSoC4/cyfitter_cfg.c **** 		{
 345              		.loc 1 348 0 discriminator 3
 346 0102 0134     		adds	r4, r4, #1
 347              	.LVL26:
 348 0104 E4B2     		uxtb	r4, r4
 349              	.LVL27:
 350              	.L14:
 348:Generated_Source\PSoC4/cyfitter_cfg.c **** 		{
 351              		.loc 1 348 0 is_stmt 0 discriminator 1
 352 0106 012C     		cmp	r4, #1
 353 0108 EDD9     		bls	.L15
 352:Generated_Source\PSoC4/cyfitter_cfg.c **** 		}
 353:Generated_Source\PSoC4/cyfitter_cfg.c **** 
 354:Generated_Source\PSoC4/cyfitter_cfg.c **** 		cfg_write_bytes32(cy_cfg_addr_table, cy_cfg_data_table);
 354              		.loc 1 354 0 is_stmt 1
 355 010a 1E48     		ldr	r0, .L16+4
 356 010c 0100     		movs	r1, r0
ARM GAS  C:\Users\wl\AppData\Local\Temp\ccwjZMzc.s 			page 14


 357 010e 0C31     		adds	r1, r1, #12
 358 0110 2030     		adds	r0, r0, #32
 359 0112 FFF7FEFF 		bl	cfg_write_bytes32
 360              	.LVL28:
 355:Generated_Source\PSoC4/cyfitter_cfg.c **** 
 356:Generated_Source\PSoC4/cyfitter_cfg.c **** 		/* HSIOM Starting address: CYDEV_HSIOM_BASE */
 357:Generated_Source\PSoC4/cyfitter_cfg.c **** 		CY_SET_REG32((void *)(CYDEV_HSIOM_BASE), 0xEE000000u);
 361              		.loc 1 357 0
 362 0116 EE22     		movs	r2, #238
 363 0118 1206     		lsls	r2, r2, #24
 364 011a 1B4B     		ldr	r3, .L16+8
 365 011c 1A60     		str	r2, [r3]
 358:Generated_Source\PSoC4/cyfitter_cfg.c **** 		CY_SET_REG32((void *)(CYREG_HSIOM_PORT_SEL2), 0x03000000u);
 366              		.loc 1 358 0
 367 011e C023     		movs	r3, #192
 368 0120 9B04     		lsls	r3, r3, #18
 369 0122 1A4A     		ldr	r2, .L16+12
 370 0124 1360     		str	r3, [r2]
 359:Generated_Source\PSoC4/cyfitter_cfg.c **** 		CY_SET_REG32((void *)(CYREG_HSIOM_PORT_SEL3), 0x03000000u);
 371              		.loc 1 359 0
 372 0126 1A4A     		ldr	r2, .L16+16
 373 0128 1360     		str	r3, [r2]
 360:Generated_Source\PSoC4/cyfitter_cfg.c **** 
 361:Generated_Source\PSoC4/cyfitter_cfg.c **** 		/* UDB_PA_0 Starting address: CYDEV_UDB_PA0_BASE */
 362:Generated_Source\PSoC4/cyfitter_cfg.c **** 		CY_SET_REG32((void *)(CYDEV_UDB_PA0_BASE), 0x00990000u);
 374              		.loc 1 362 0
 375 012a 9923     		movs	r3, #153
 376 012c 1B04     		lsls	r3, r3, #16
 377 012e 194A     		ldr	r2, .L16+20
 378 0130 1360     		str	r3, [r2]
 363:Generated_Source\PSoC4/cyfitter_cfg.c **** 
 364:Generated_Source\PSoC4/cyfitter_cfg.c **** 		/* UDB_PA_2 Starting address: CYDEV_UDB_PA2_BASE */
 365:Generated_Source\PSoC4/cyfitter_cfg.c **** 		CY_SET_REG32((void *)(CYDEV_UDB_PA2_BASE), 0x00990000u);
 379              		.loc 1 365 0
 380 0132 194A     		ldr	r2, .L16+24
 381 0134 1360     		str	r3, [r2]
 366:Generated_Source\PSoC4/cyfitter_cfg.c **** 		CY_SET_REG32((void *)(CYREG_UDB_PA2_CFG8), 0x10000000u);
 382              		.loc 1 366 0
 383 0136 8021     		movs	r1, #128
 384 0138 4905     		lsls	r1, r1, #21
 385 013a 184A     		ldr	r2, .L16+28
 386 013c 1160     		str	r1, [r2]
 367:Generated_Source\PSoC4/cyfitter_cfg.c **** 
 368:Generated_Source\PSoC4/cyfitter_cfg.c **** 		/* UDB_PA_3 Starting address: CYDEV_UDB_PA3_BASE */
 369:Generated_Source\PSoC4/cyfitter_cfg.c **** 		CY_SET_REG32((void *)(CYDEV_UDB_PA3_BASE), 0x00990000u);
 387              		.loc 1 369 0
 388 013e 184A     		ldr	r2, .L16+32
 389 0140 1360     		str	r3, [r2]
 370:Generated_Source\PSoC4/cyfitter_cfg.c **** 		CY_SET_REG32((void *)(CYREG_UDB_PA3_CFG8), 0x20000000u);
 390              		.loc 1 370 0
 391 0142 8022     		movs	r2, #128
 392 0144 9205     		lsls	r2, r2, #22
 393 0146 174B     		ldr	r3, .L16+36
 394 0148 1A60     		str	r2, [r3]
 371:Generated_Source\PSoC4/cyfitter_cfg.c **** 
 372:Generated_Source\PSoC4/cyfitter_cfg.c **** 		/* Enable digital routing */
 373:Generated_Source\PSoC4/cyfitter_cfg.c **** 		CY_SET_XTND_REG8((void *)CYREG_UDB_UDBIF_BANK_CTL, (uint8)(CY_GET_XTND_REG8((void *)CYREG_UDB_UDB
ARM GAS  C:\Users\wl\AppData\Local\Temp\ccwjZMzc.s 			page 15


 395              		.loc 1 373 0
 396 014a 174A     		ldr	r2, .L16+40
 397 014c 1178     		ldrb	r1, [r2]
 398 014e 0623     		movs	r3, #6
 399 0150 0B43     		orrs	r3, r1
 400 0152 DBB2     		uxtb	r3, r3
 401 0154 1370     		strb	r3, [r2]
 402              	.LBE3:
 374:Generated_Source\PSoC4/cyfitter_cfg.c **** 	}
 375:Generated_Source\PSoC4/cyfitter_cfg.c **** 
 376:Generated_Source\PSoC4/cyfitter_cfg.c **** 	/* Perform second pass device configuration. These items must be configured in specific order afte
 377:Generated_Source\PSoC4/cyfitter_cfg.c **** 	/* IOPINS0_0 Starting address: CYDEV_GPIO_PRT0_BASE */
 378:Generated_Source\PSoC4/cyfitter_cfg.c **** 	CY_SET_REG32((void *)(CYREG_GPIO_PRT0_PC), 0x00D80000u);
 403              		.loc 1 378 0
 404 0156 D823     		movs	r3, #216
 405 0158 1B04     		lsls	r3, r3, #16
 406 015a 144A     		ldr	r2, .L16+44
 407 015c 1360     		str	r3, [r2]
 379:Generated_Source\PSoC4/cyfitter_cfg.c **** 
 380:Generated_Source\PSoC4/cyfitter_cfg.c **** 	/* IOPINS0_2 Starting address: CYDEV_GPIO_PRT2_BASE */
 381:Generated_Source\PSoC4/cyfitter_cfg.c **** 	CY_SET_REG32((void *)(CYDEV_GPIO_PRT2_BASE), 0x000000C0u);
 408              		.loc 1 381 0
 409 015e C022     		movs	r2, #192
 410 0160 1349     		ldr	r1, .L16+48
 411 0162 0A60     		str	r2, [r1]
 382:Generated_Source\PSoC4/cyfitter_cfg.c **** 	CY_SET_REG32((void *)(CYREG_GPIO_PRT2_PC), 0x00580000u);
 412              		.loc 1 382 0
 413 0164 B020     		movs	r0, #176
 414 0166 C003     		lsls	r0, r0, #15
 415 0168 1249     		ldr	r1, .L16+52
 416 016a 0860     		str	r0, [r1]
 383:Generated_Source\PSoC4/cyfitter_cfg.c **** 
 384:Generated_Source\PSoC4/cyfitter_cfg.c **** 	/* IOPINS0_3 Starting address: CYDEV_GPIO_PRT3_BASE */
 385:Generated_Source\PSoC4/cyfitter_cfg.c **** 	CY_SET_REG32((void *)(CYDEV_GPIO_PRT3_BASE), 0x000000C0u);
 417              		.loc 1 385 0
 418 016c 1249     		ldr	r1, .L16+56
 419 016e 0A60     		str	r2, [r1]
 386:Generated_Source\PSoC4/cyfitter_cfg.c **** 	CY_SET_REG32((void *)(CYREG_GPIO_PRT3_PC), 0x00D80000u);
 420              		.loc 1 386 0
 421 0170 124A     		ldr	r2, .L16+60
 422 0172 1360     		str	r3, [r2]
 387:Generated_Source\PSoC4/cyfitter_cfg.c **** 
 388:Generated_Source\PSoC4/cyfitter_cfg.c **** 
 389:Generated_Source\PSoC4/cyfitter_cfg.c **** 	/* Setup clocks based on selections from Clock DWR */
 390:Generated_Source\PSoC4/cyfitter_cfg.c **** 	ClockSetup();
 423              		.loc 1 390 0
 424 0174 FFF744FF 		bl	ClockSetup
 425              	.LVL29:
 391:Generated_Source\PSoC4/cyfitter_cfg.c **** 
 392:Generated_Source\PSoC4/cyfitter_cfg.c **** 	/* Perform basic analog initialization to defaults */
 393:Generated_Source\PSoC4/cyfitter_cfg.c **** 	AnalogSetDefault();
 426              		.loc 1 393 0
 427 0178 FFF7FEFF 		bl	AnalogSetDefault
 428              	.LVL30:
 394:Generated_Source\PSoC4/cyfitter_cfg.c **** 
 395:Generated_Source\PSoC4/cyfitter_cfg.c **** }
 429              		.loc 1 395 0
ARM GAS  C:\Users\wl\AppData\Local\Temp\ccwjZMzc.s 			page 16


 430              		@ sp needed
 431              	.LVL31:
 432 017c 10BD     		pop	{r4, pc}
 433              	.L17:
 434 017e C046     		.align	2
 435              	.L16:
 436 0180 6CF02E40 		.word	1076818028
 437 0184 00000000 		.word	.LANCHOR0
 438 0188 00000240 		.word	1073872896
 439 018c 00020240 		.word	1073873408
 440 0190 00030240 		.word	1073873664
 441 0194 00500F40 		.word	1074745344
 442 0198 20500F40 		.word	1074745376
 443 019c 28500F40 		.word	1074745384
 444 01a0 30500F40 		.word	1074745392
 445 01a4 38500F40 		.word	1074745400
 446 01a8 00700F40 		.word	1074753536
 447 01ac 08000440 		.word	1074003976
 448 01b0 00020440 		.word	1074004480
 449 01b4 08020440 		.word	1074004488
 450 01b8 00030440 		.word	1074004736
 451 01bc 08030440 		.word	1074004744
 452              		.cfi_endproc
 453              	.LFE8:
 454              		.size	cyfitter_cfg, .-cyfitter_cfg
 455              		.section	.rodata
 456              		.align	2
 457              		.set	.LANCHOR0,. + 0
 458              		.type	cfg_memset_list.4916, %object
 459              		.size	cfg_memset_list.4916, 12
 460              	cfg_memset_list.4916:
 461 0000 00300F40 		.word	1074737152
 462 0004 0004     		.short	1024
 463 0006 00400F40 		.4byte	1074741248
 464 000a 0004     		.short	1024
 465              		.type	cy_cfg_data_table.4911, %object
 466              		.size	cy_cfg_data_table.4911, 18
 467              	cy_cfg_data_table.4911:
 468 000c 11       		.byte	17
 469 000d 01       		.byte	1
 470 000e 18       		.byte	24
 471 000f 10       		.byte	16
 472 0010 5D       		.byte	93
 473 0011 01       		.byte	1
 474 0012 C4       		.byte	-60
 475 0013 08       		.byte	8
 476 0014 C6       		.byte	-58
 477 0015 08       		.byte	8
 478 0016 D6       		.byte	-42
 479 0017 01       		.byte	1
 480 0018 60       		.byte	96
 481 0019 10       		.byte	16
 482 001a 90       		.byte	-112
 483 001b 10       		.byte	16
 484 001c D8       		.byte	-40
 485 001d 02       		.byte	2
 486 001e 0000     		.space	2
ARM GAS  C:\Users\wl\AppData\Local\Temp\ccwjZMzc.s 			page 17


 487              		.type	cy_cfg_addr_table.4910, %object
 488              		.size	cy_cfg_addr_table.4910, 8
 489              	cy_cfg_addr_table.4910:
 490 0020 06420F40 		.word	1074741766
 491 0024 03430F40 		.word	1074742019
 492              		.text
 493              	.Letext0:
 494              		.file 2 "c:\\program files (x86)\\cypress\\psoc creator\\4.2\\psoc creator\\import\\gnu\\arm\\5.4.
 495              		.file 3 "Generated_Source\\PSoC4\\cytypes.h"
 496              		.file 4 "Generated_Source\\PSoC4\\CyLFClk.h"
 497              		.file 5 "Generated_Source\\PSoC4\\CyLib.h"
 498              		.section	.debug_info,"",%progbits
 499              	.Ldebug_info0:
 500 0000 4C040000 		.4byte	0x44c
 501 0004 0400     		.2byte	0x4
 502 0006 00000000 		.4byte	.Ldebug_abbrev0
 503 000a 04       		.byte	0x4
 504 000b 01       		.uleb128 0x1
 505 000c CF010000 		.4byte	.LASF44
 506 0010 0C       		.byte	0xc
 507 0011 17030000 		.4byte	.LASF45
 508 0015 AE000000 		.4byte	.LASF46
 509 0019 00000000 		.4byte	.Ldebug_ranges0+0
 510 001d 00000000 		.4byte	0
 511 0021 00000000 		.4byte	.Ldebug_line0
 512 0025 02       		.uleb128 0x2
 513 0026 04       		.byte	0x4
 514 0027 05       		.byte	0x5
 515 0028 696E7400 		.ascii	"int\000"
 516 002c 03       		.uleb128 0x3
 517 002d 14000000 		.4byte	.LASF12
 518 0031 02       		.byte	0x2
 519 0032 D8       		.byte	0xd8
 520 0033 37000000 		.4byte	0x37
 521 0037 04       		.uleb128 0x4
 522 0038 04       		.byte	0x4
 523 0039 07       		.byte	0x7
 524 003a 96010000 		.4byte	.LASF0
 525 003e 04       		.uleb128 0x4
 526 003f 08       		.byte	0x8
 527 0040 05       		.byte	0x5
 528 0041 8F020000 		.4byte	.LASF1
 529 0045 04       		.uleb128 0x4
 530 0046 08       		.byte	0x8
 531 0047 04       		.byte	0x4
 532 0048 FF020000 		.4byte	.LASF2
 533 004c 04       		.uleb128 0x4
 534 004d 01       		.byte	0x1
 535 004e 06       		.byte	0x6
 536 004f 0B030000 		.4byte	.LASF3
 537 0053 04       		.uleb128 0x4
 538 0054 01       		.byte	0x1
 539 0055 08       		.byte	0x8
 540 0056 38010000 		.4byte	.LASF4
 541 005a 04       		.uleb128 0x4
 542 005b 02       		.byte	0x2
 543 005c 05       		.byte	0x5
ARM GAS  C:\Users\wl\AppData\Local\Temp\ccwjZMzc.s 			page 18


 544 005d D7020000 		.4byte	.LASF5
 545 0061 04       		.uleb128 0x4
 546 0062 02       		.byte	0x2
 547 0063 07       		.byte	0x7
 548 0064 7C020000 		.4byte	.LASF6
 549 0068 04       		.uleb128 0x4
 550 0069 04       		.byte	0x4
 551 006a 05       		.byte	0x5
 552 006b F6020000 		.4byte	.LASF7
 553 006f 04       		.uleb128 0x4
 554 0070 04       		.byte	0x4
 555 0071 07       		.byte	0x7
 556 0072 05010000 		.4byte	.LASF8
 557 0076 04       		.uleb128 0x4
 558 0077 08       		.byte	0x8
 559 0078 07       		.byte	0x7
 560 0079 B8010000 		.4byte	.LASF9
 561 007d 04       		.uleb128 0x4
 562 007e 04       		.byte	0x4
 563 007f 07       		.byte	0x7
 564 0080 73020000 		.4byte	.LASF10
 565 0084 05       		.uleb128 0x5
 566 0085 04       		.byte	0x4
 567 0086 04       		.uleb128 0x4
 568 0087 01       		.byte	0x1
 569 0088 08       		.byte	0x8
 570 0089 A7020000 		.4byte	.LASF11
 571 008d 06       		.uleb128 0x6
 572 008e 17010000 		.4byte	.LASF13
 573 0092 03       		.byte	0x3
 574 0093 E401     		.2byte	0x1e4
 575 0095 53000000 		.4byte	0x53
 576 0099 06       		.uleb128 0x6
 577 009a 7D010000 		.4byte	.LASF14
 578 009e 03       		.byte	0x3
 579 009f E501     		.2byte	0x1e5
 580 00a1 61000000 		.4byte	0x61
 581 00a5 06       		.uleb128 0x6
 582 00a6 8F010000 		.4byte	.LASF15
 583 00aa 03       		.byte	0x3
 584 00ab E601     		.2byte	0x1e6
 585 00ad 6F000000 		.4byte	0x6f
 586 00b1 04       		.uleb128 0x4
 587 00b2 04       		.byte	0x4
 588 00b3 04       		.byte	0x4
 589 00b4 76000000 		.4byte	.LASF16
 590 00b8 04       		.uleb128 0x4
 591 00b9 08       		.byte	0x8
 592 00ba 04       		.byte	0x4
 593 00bb 4D010000 		.4byte	.LASF17
 594 00bf 06       		.uleb128 0x6
 595 00c0 A9000000 		.4byte	.LASF18
 596 00c4 03       		.byte	0x3
 597 00c5 8E02     		.2byte	0x28e
 598 00c7 CB000000 		.4byte	0xcb
 599 00cb 07       		.uleb128 0x7
 600 00cc 8D000000 		.4byte	0x8d
ARM GAS  C:\Users\wl\AppData\Local\Temp\ccwjZMzc.s 			page 19


 601 00d0 06       		.uleb128 0x6
 602 00d1 0E000000 		.4byte	.LASF19
 603 00d5 03       		.byte	0x3
 604 00d6 9002     		.2byte	0x290
 605 00d8 DC000000 		.4byte	0xdc
 606 00dc 07       		.uleb128 0x7
 607 00dd A5000000 		.4byte	0xa5
 608 00e1 08       		.uleb128 0x8
 609 00e2 02       		.byte	0x2
 610 00e3 01       		.byte	0x1
 611 00e4 97       		.byte	0x97
 612 00e5 02010000 		.4byte	0x102
 613 00e9 09       		.uleb128 0x9
 614 00ea D0020000 		.4byte	.LASF20
 615 00ee 01       		.byte	0x1
 616 00ef 99       		.byte	0x99
 617 00f0 8D000000 		.4byte	0x8d
 618 00f4 00       		.byte	0
 619 00f5 09       		.uleb128 0x9
 620 00f6 3B000000 		.4byte	.LASF21
 621 00fa 01       		.byte	0x1
 622 00fb 9A       		.byte	0x9a
 623 00fc 8D000000 		.4byte	0x8d
 624 0100 01       		.byte	0x1
 625 0101 00       		.byte	0
 626 0102 03       		.uleb128 0x3
 627 0103 BD020000 		.4byte	.LASF22
 628 0107 01       		.byte	0x1
 629 0108 9B       		.byte	0x9b
 630 0109 E1000000 		.4byte	0xe1
 631 010d 0A       		.uleb128 0xa
 632 010e 54010000 		.4byte	.LASF27
 633 0112 01       		.byte	0x1
 634 0113 AE       		.byte	0xae
 635 0114 00000000 		.4byte	.LFB5
 636 0118 32000000 		.4byte	.LFE5-.LFB5
 637 011c 01       		.uleb128 0x1
 638 011d 9C       		.byte	0x9c
 639 011e 7F010000 		.4byte	0x17f
 640 0122 0B       		.uleb128 0xb
 641 0123 72010000 		.4byte	.LASF23
 642 0127 01       		.byte	0x1
 643 0128 AE       		.byte	0xae
 644 0129 7F010000 		.4byte	0x17f
 645 012d 01       		.uleb128 0x1
 646 012e 50       		.byte	0x50
 647 012f 0B       		.uleb128 0xb
 648 0130 84010000 		.4byte	.LASF24
 649 0134 01       		.byte	0x1
 650 0135 AE       		.byte	0xae
 651 0136 8A010000 		.4byte	0x18a
 652 013a 01       		.uleb128 0x1
 653 013b 51       		.byte	0x51
 654 013c 0C       		.uleb128 0xc
 655 013d 6900     		.ascii	"i\000"
 656 013f 01       		.byte	0x1
 657 0140 B1       		.byte	0xb1
ARM GAS  C:\Users\wl\AppData\Local\Temp\ccwjZMzc.s 			page 20


 658 0141 A5000000 		.4byte	0xa5
 659 0145 00000000 		.4byte	.LLST0
 660 0149 0C       		.uleb128 0xc
 661 014a 6A00     		.ascii	"j\000"
 662 014c 01       		.byte	0x1
 663 014d B1       		.byte	0xb1
 664 014e A5000000 		.4byte	0xa5
 665 0152 1F000000 		.4byte	.LLST1
 666 0156 0D       		.uleb128 0xd
 667 0157 08000000 		.4byte	.LBB2
 668 015b 22000000 		.4byte	.LBE2-.LBB2
 669 015f 0E       		.uleb128 0xe
 670 0160 6A020000 		.4byte	.LASF25
 671 0164 01       		.byte	0x1
 672 0165 B4       		.byte	0xb4
 673 0166 A5000000 		.4byte	0xa5
 674 016a 3E000000 		.4byte	.LLST2
 675 016e 0E       		.uleb128 0xe
 676 016f 41000000 		.4byte	.LASF26
 677 0173 01       		.byte	0x1
 678 0174 B5       		.byte	0xb5
 679 0175 8D000000 		.4byte	0x8d
 680 0179 51000000 		.4byte	.LLST3
 681 017d 00       		.byte	0
 682 017e 00       		.byte	0
 683 017f 0F       		.uleb128 0xf
 684 0180 04       		.byte	0x4
 685 0181 85010000 		.4byte	0x185
 686 0185 10       		.uleb128 0x10
 687 0186 A5000000 		.4byte	0xa5
 688 018a 0F       		.uleb128 0xf
 689 018b 04       		.byte	0x4
 690 018c 90010000 		.4byte	0x190
 691 0190 10       		.uleb128 0x10
 692 0191 02010000 		.4byte	0x102
 693 0195 11       		.uleb128 0x11
 694 0196 1B000000 		.4byte	.LASF47
 695 019a 01       		.byte	0x1
 696 019b 1801     		.2byte	0x118
 697 019d 00000000 		.4byte	.LFB7
 698 01a1 20000000 		.4byte	.LFE7-.LFB7
 699 01a5 01       		.uleb128 0x1
 700 01a6 9C       		.byte	0x9c
 701 01a7 0A       		.uleb128 0xa
 702 01a8 2E010000 		.4byte	.LASF28
 703 01ac 01       		.byte	0x1
 704 01ad 4C       		.byte	0x4c
 705 01ae 00000000 		.4byte	.LFB2
 706 01b2 0C000000 		.4byte	.LFE2-.LFB2
 707 01b6 01       		.uleb128 0x1
 708 01b7 9C       		.byte	0x9c
 709 01b8 F4010000 		.4byte	0x1f4
 710 01bc 12       		.uleb128 0x12
 711 01bd 7300     		.ascii	"s\000"
 712 01bf 01       		.byte	0x1
 713 01c0 4C       		.byte	0x4c
 714 01c1 84000000 		.4byte	0x84
ARM GAS  C:\Users\wl\AppData\Local\Temp\ccwjZMzc.s 			page 21


 715 01c5 6F000000 		.4byte	.LLST4
 716 01c9 12       		.uleb128 0x12
 717 01ca 6E00     		.ascii	"n\000"
 718 01cc 01       		.byte	0x1
 719 01cd 4C       		.byte	0x4c
 720 01ce 2C000000 		.4byte	0x2c
 721 01d2 90000000 		.4byte	.LLST5
 722 01d6 13       		.uleb128 0x13
 723 01d7 0A000000 		.4byte	.LVL14
 724 01db EE030000 		.4byte	0x3ee
 725 01df 14       		.uleb128 0x14
 726 01e0 01       		.uleb128 0x1
 727 01e1 50       		.byte	0x50
 728 01e2 03       		.uleb128 0x3
 729 01e3 F3       		.byte	0xf3
 730 01e4 01       		.uleb128 0x1
 731 01e5 50       		.byte	0x50
 732 01e6 14       		.uleb128 0x14
 733 01e7 01       		.uleb128 0x1
 734 01e8 51       		.byte	0x51
 735 01e9 01       		.uleb128 0x1
 736 01ea 30       		.byte	0x30
 737 01eb 14       		.uleb128 0x14
 738 01ec 01       		.uleb128 0x1
 739 01ed 52       		.byte	0x52
 740 01ee 03       		.uleb128 0x3
 741 01ef F3       		.byte	0xf3
 742 01f0 01       		.uleb128 0x1
 743 01f1 51       		.byte	0x51
 744 01f2 00       		.byte	0
 745 01f3 00       		.byte	0
 746 01f4 0A       		.uleb128 0xa
 747 01f5 47000000 		.4byte	.LASF29
 748 01f9 01       		.byte	0x1
 749 01fa D3       		.byte	0xd3
 750 01fb 00000000 		.4byte	.LFB6
 751 01ff D8000000 		.4byte	.LFE6-.LFB6
 752 0203 01       		.uleb128 0x1
 753 0204 9C       		.byte	0x9c
 754 0205 9D020000 		.4byte	0x29d
 755 0209 15       		.uleb128 0x15
 756 020a 0C000000 		.4byte	.LVL15
 757 020e F7030000 		.4byte	0x3f7
 758 0212 16       		.uleb128 0x16
 759 0213 12000000 		.4byte	.LVL16
 760 0217 02040000 		.4byte	0x402
 761 021b 29020000 		.4byte	0x229
 762 021f 14       		.uleb128 0x14
 763 0220 01       		.uleb128 0x1
 764 0221 50       		.byte	0x50
 765 0222 05       		.uleb128 0x5
 766 0223 0C       		.byte	0xc
 767 0224 001BB700 		.4byte	0xb71b00
 768 0228 00       		.byte	0
 769 0229 16       		.uleb128 0x16
 770 022a 18000000 		.4byte	.LVL17
 771 022e 0D040000 		.4byte	0x40d
ARM GAS  C:\Users\wl\AppData\Local\Temp\ccwjZMzc.s 			page 22


 772 0232 3C020000 		.4byte	0x23c
 773 0236 14       		.uleb128 0x14
 774 0237 01       		.uleb128 0x1
 775 0238 50       		.byte	0x50
 776 0239 01       		.uleb128 0x1
 777 023a 31       		.byte	0x31
 778 023b 00       		.byte	0
 779 023c 16       		.uleb128 0x16
 780 023d 1E000000 		.4byte	.LVL18
 781 0241 18040000 		.4byte	0x418
 782 0245 50020000 		.4byte	0x250
 783 0249 14       		.uleb128 0x14
 784 024a 01       		.uleb128 0x1
 785 024b 50       		.byte	0x50
 786 024c 02       		.uleb128 0x2
 787 024d 08       		.byte	0x8
 788 024e 30       		.byte	0x30
 789 024f 00       		.byte	0
 790 0250 16       		.uleb128 0x16
 791 0251 54000000 		.4byte	.LVL19
 792 0255 23040000 		.4byte	0x423
 793 0259 65020000 		.4byte	0x265
 794 025d 14       		.uleb128 0x14
 795 025e 01       		.uleb128 0x1
 796 025f 50       		.byte	0x50
 797 0260 03       		.uleb128 0x3
 798 0261 0A       		.byte	0xa
 799 0262 D007     		.2byte	0x7d0
 800 0264 00       		.byte	0
 801 0265 16       		.uleb128 0x16
 802 0266 5A000000 		.4byte	.LVL20
 803 026a 2E040000 		.4byte	0x42e
 804 026e 7A020000 		.4byte	0x27a
 805 0272 14       		.uleb128 0x14
 806 0273 01       		.uleb128 0x1
 807 0274 50       		.byte	0x50
 808 0275 03       		.uleb128 0x3
 809 0276 0A       		.byte	0xa
 810 0277 DC05     		.2byte	0x5dc
 811 0279 00       		.byte	0
 812 027a 16       		.uleb128 0x16
 813 027b 86000000 		.4byte	.LVL21
 814 027f 39040000 		.4byte	0x439
 815 0283 8D020000 		.4byte	0x28d
 816 0287 14       		.uleb128 0x14
 817 0288 01       		.uleb128 0x1
 818 0289 50       		.byte	0x50
 819 028a 01       		.uleb128 0x1
 820 028b 38       		.byte	0x38
 821 028c 00       		.byte	0
 822 028d 13       		.uleb128 0x13
 823 028e 8C000000 		.4byte	.LVL22
 824 0292 44040000 		.4byte	0x444
 825 0296 14       		.uleb128 0x14
 826 0297 01       		.uleb128 0x1
 827 0298 50       		.byte	0x50
 828 0299 01       		.uleb128 0x1
ARM GAS  C:\Users\wl\AppData\Local\Temp\ccwjZMzc.s 			page 23


 829 029a 38       		.byte	0x38
 830 029b 00       		.byte	0
 831 029c 00       		.byte	0
 832 029d 17       		.uleb128 0x17
 833 029e A3010000 		.4byte	.LASF48
 834 02a2 01       		.byte	0x1
 835 02a3 3301     		.2byte	0x133
 836 02a5 D8000000 		.4byte	.LFB8
 837 02a9 E8000000 		.4byte	.LFE8-.LFB8
 838 02ad 01       		.uleb128 0x1
 839 02ae 9C       		.byte	0x9c
 840 02af C4030000 		.4byte	0x3c4
 841 02b3 18       		.uleb128 0x18
 842 02b4 E2000000 		.4byte	.LBB3
 843 02b8 74000000 		.4byte	.LBE3-.LBB3
 844 02bc B1030000 		.4byte	0x3b1
 845 02c0 19       		.uleb128 0x19
 846 02c1 52000000 		.4byte	.LASF30
 847 02c5 01       		.byte	0x1
 848 02c6 3B01     		.2byte	0x13b
 849 02c8 D4030000 		.4byte	0x3d4
 850 02cc 05       		.uleb128 0x5
 851 02cd 03       		.byte	0x3
 852 02ce 20000000 		.4byte	cy_cfg_addr_table.4910
 853 02d2 19       		.uleb128 0x19
 854 02d3 64000000 		.4byte	.LASF31
 855 02d7 01       		.byte	0x1
 856 02d8 4001     		.2byte	0x140
 857 02da E9030000 		.4byte	0x3e9
 858 02de 05       		.uleb128 0x5
 859 02df 03       		.byte	0x3
 860 02e0 0C000000 		.4byte	cy_cfg_data_table.4911
 861 02e4 1A       		.uleb128 0x1a
 862 02e5 06       		.byte	0x6
 863 02e6 01       		.byte	0x1
 864 02e7 4E01     		.2byte	0x14e
 865 02e9 08030000 		.4byte	0x308
 866 02ed 1B       		.uleb128 0x1b
 867 02ee B0010000 		.4byte	.LASF32
 868 02f2 01       		.byte	0x1
 869 02f3 4F01     		.2byte	0x14f
 870 02f5 84000000 		.4byte	0x84
 871 02f9 00       		.byte	0
 872 02fa 1B       		.uleb128 0x1b
 873 02fb 8C000000 		.4byte	.LASF33
 874 02ff 01       		.byte	0x1
 875 0300 5001     		.2byte	0x150
 876 0302 99000000 		.4byte	0x99
 877 0306 04       		.byte	0x4
 878 0307 00       		.byte	0
 879 0308 06       		.uleb128 0x6
 880 0309 5D020000 		.4byte	.LASF34
 881 030d 01       		.byte	0x1
 882 030e 5101     		.2byte	0x151
 883 0310 E4020000 		.4byte	0x2e4
 884 0314 1C       		.uleb128 0x1c
 885 0315 24030000 		.4byte	0x324
ARM GAS  C:\Users\wl\AppData\Local\Temp\ccwjZMzc.s 			page 24


 886 0319 24030000 		.4byte	0x324
 887 031d 1D       		.uleb128 0x1d
 888 031e 7D000000 		.4byte	0x7d
 889 0322 01       		.byte	0x1
 890 0323 00       		.byte	0
 891 0324 10       		.uleb128 0x10
 892 0325 08030000 		.4byte	0x308
 893 0329 19       		.uleb128 0x19
 894 032a 7C000000 		.4byte	.LASF35
 895 032e 01       		.byte	0x1
 896 032f 5301     		.2byte	0x153
 897 0331 3B030000 		.4byte	0x33b
 898 0335 05       		.uleb128 0x5
 899 0336 03       		.byte	0x3
 900 0337 00000000 		.4byte	cfg_memset_list.4916
 901 033b 10       		.uleb128 0x10
 902 033c 14030000 		.4byte	0x314
 903 0340 1E       		.uleb128 0x1e
 904 0341 6900     		.ascii	"i\000"
 905 0343 01       		.byte	0x1
 906 0344 5901     		.2byte	0x159
 907 0346 8D000000 		.4byte	0x8d
 908 034a BC000000 		.4byte	.LLST6
 909 034e 18       		.uleb128 0x18
 910 034f E6000000 		.4byte	.LBB4
 911 0353 1C000000 		.4byte	.LBE4-.LBB4
 912 0357 94030000 		.4byte	0x394
 913 035b 1E       		.uleb128 0x1e
 914 035c 6D7300   		.ascii	"ms\000"
 915 035f 01       		.byte	0x1
 916 0360 5E01     		.2byte	0x15e
 917 0362 6A030000 		.4byte	0x36a
 918 0366 E6000000 		.4byte	.LLST7
 919 036a 0F       		.uleb128 0xf
 920 036b 04       		.byte	0x4
 921 036c 24030000 		.4byte	0x324
 922 0370 13       		.uleb128 0x13
 923 0371 02010000 		.4byte	.LVL25
 924 0375 A7010000 		.4byte	0x1a7
 925 0379 14       		.uleb128 0x14
 926 037a 01       		.uleb128 0x1
 927 037b 51       		.byte	0x51
 928 037c 15       		.uleb128 0x15
 929 037d 74       		.byte	0x74
 930 037e 00       		.sleb128 0
 931 037f 31       		.byte	0x31
 932 0380 24       		.byte	0x24
 933 0381 74       		.byte	0x74
 934 0382 00       		.sleb128 0
 935 0383 22       		.byte	0x22
 936 0384 31       		.byte	0x31
 937 0385 24       		.byte	0x24
 938 0386 03       		.byte	0x3
 939 0387 04000000 		.4byte	.LANCHOR0+4
 940 038b 22       		.byte	0x22
 941 038c 94       		.byte	0x94
 942 038d 02       		.byte	0x2
ARM GAS  C:\Users\wl\AppData\Local\Temp\ccwjZMzc.s 			page 25


 943 038e 0A       		.byte	0xa
 944 038f FFFF     		.2byte	0xffff
 945 0391 1A       		.byte	0x1a
 946 0392 00       		.byte	0
 947 0393 00       		.byte	0
 948 0394 13       		.uleb128 0x13
 949 0395 16010000 		.4byte	.LVL28
 950 0399 0D010000 		.4byte	0x10d
 951 039d 14       		.uleb128 0x14
 952 039e 01       		.uleb128 0x1
 953 039f 50       		.byte	0x50
 954 03a0 05       		.uleb128 0x5
 955 03a1 03       		.byte	0x3
 956 03a2 20000000 		.4byte	.LANCHOR0+32
 957 03a6 14       		.uleb128 0x14
 958 03a7 01       		.uleb128 0x1
 959 03a8 51       		.byte	0x51
 960 03a9 05       		.uleb128 0x5
 961 03aa 03       		.byte	0x3
 962 03ab 0C000000 		.4byte	.LANCHOR0+12
 963 03af 00       		.byte	0
 964 03b0 00       		.byte	0
 965 03b1 15       		.uleb128 0x15
 966 03b2 78010000 		.4byte	.LVL29
 967 03b6 F4010000 		.4byte	0x1f4
 968 03ba 15       		.uleb128 0x15
 969 03bb 7C010000 		.4byte	.LVL30
 970 03bf 95010000 		.4byte	0x195
 971 03c3 00       		.byte	0
 972 03c4 1C       		.uleb128 0x1c
 973 03c5 85010000 		.4byte	0x185
 974 03c9 D4030000 		.4byte	0x3d4
 975 03cd 1D       		.uleb128 0x1d
 976 03ce 7D000000 		.4byte	0x7d
 977 03d2 01       		.byte	0x1
 978 03d3 00       		.byte	0
 979 03d4 10       		.uleb128 0x10
 980 03d5 C4030000 		.4byte	0x3c4
 981 03d9 1C       		.uleb128 0x1c
 982 03da 90010000 		.4byte	0x190
 983 03de E9030000 		.4byte	0x3e9
 984 03e2 1D       		.uleb128 0x1d
 985 03e3 7D000000 		.4byte	0x7d
 986 03e7 08       		.byte	0x8
 987 03e8 00       		.byte	0
 988 03e9 10       		.uleb128 0x10
 989 03ea D9030000 		.4byte	0x3d9
 990 03ee 1F       		.uleb128 0x1f
 991 03ef 46010000 		.4byte	.LASF49
 992 03f3 46010000 		.4byte	.LASF49
 993 03f7 20       		.uleb128 0x20
 994 03f8 1D010000 		.4byte	.LASF36
 995 03fc 1D010000 		.4byte	.LASF36
 996 0400 04       		.byte	0x4
 997 0401 4E       		.byte	0x4e
 998 0402 20       		.uleb128 0x20
 999 0403 00000000 		.4byte	.LASF37
ARM GAS  C:\Users\wl\AppData\Local\Temp\ccwjZMzc.s 			page 26


 1000 0407 00000000 		.4byte	.LASF37
 1001 040b 05       		.byte	0x5
 1002 040c DC       		.byte	0xdc
 1003 040d 20       		.uleb128 0x20
 1004 040e 91000000 		.4byte	.LASF38
 1005 0412 91000000 		.4byte	.LASF38
 1006 0416 04       		.byte	0x4
 1007 0417 50       		.byte	0x50
 1008 0418 20       		.uleb128 0x20
 1009 0419 E1020000 		.4byte	.LASF39
 1010 041d E1020000 		.4byte	.LASF39
 1011 0421 05       		.byte	0x5
 1012 0422 6C       		.byte	0x6c
 1013 0423 20       		.uleb128 0x20
 1014 0424 AC020000 		.4byte	.LASF40
 1015 0428 AC020000 		.4byte	.LASF40
 1016 042c 05       		.byte	0x5
 1017 042d 84       		.byte	0x84
 1018 042e 20       		.uleb128 0x20
 1019 042f 9D020000 		.4byte	.LASF41
 1020 0433 9D020000 		.4byte	.LASF41
 1021 0437 05       		.byte	0x5
 1022 0438 DA       		.byte	0xda
 1023 0439 20       		.uleb128 0x20
 1024 043a 2C000000 		.4byte	.LASF42
 1025 043e 2C000000 		.4byte	.LASF42
 1026 0442 05       		.byte	0x5
 1027 0443 BD       		.byte	0xbd
 1028 0444 20       		.uleb128 0x20
 1029 0445 66010000 		.4byte	.LASF43
 1030 0449 66010000 		.4byte	.LASF43
 1031 044d 05       		.byte	0x5
 1032 044e C3       		.byte	0xc3
 1033 044f 00       		.byte	0
 1034              		.section	.debug_abbrev,"",%progbits
 1035              	.Ldebug_abbrev0:
 1036 0000 01       		.uleb128 0x1
 1037 0001 11       		.uleb128 0x11
 1038 0002 01       		.byte	0x1
 1039 0003 25       		.uleb128 0x25
 1040 0004 0E       		.uleb128 0xe
 1041 0005 13       		.uleb128 0x13
 1042 0006 0B       		.uleb128 0xb
 1043 0007 03       		.uleb128 0x3
 1044 0008 0E       		.uleb128 0xe
 1045 0009 1B       		.uleb128 0x1b
 1046 000a 0E       		.uleb128 0xe
 1047 000b 55       		.uleb128 0x55
 1048 000c 17       		.uleb128 0x17
 1049 000d 11       		.uleb128 0x11
 1050 000e 01       		.uleb128 0x1
 1051 000f 10       		.uleb128 0x10
 1052 0010 17       		.uleb128 0x17
 1053 0011 00       		.byte	0
 1054 0012 00       		.byte	0
 1055 0013 02       		.uleb128 0x2
 1056 0014 24       		.uleb128 0x24
ARM GAS  C:\Users\wl\AppData\Local\Temp\ccwjZMzc.s 			page 27


 1057 0015 00       		.byte	0
 1058 0016 0B       		.uleb128 0xb
 1059 0017 0B       		.uleb128 0xb
 1060 0018 3E       		.uleb128 0x3e
 1061 0019 0B       		.uleb128 0xb
 1062 001a 03       		.uleb128 0x3
 1063 001b 08       		.uleb128 0x8
 1064 001c 00       		.byte	0
 1065 001d 00       		.byte	0
 1066 001e 03       		.uleb128 0x3
 1067 001f 16       		.uleb128 0x16
 1068 0020 00       		.byte	0
 1069 0021 03       		.uleb128 0x3
 1070 0022 0E       		.uleb128 0xe
 1071 0023 3A       		.uleb128 0x3a
 1072 0024 0B       		.uleb128 0xb
 1073 0025 3B       		.uleb128 0x3b
 1074 0026 0B       		.uleb128 0xb
 1075 0027 49       		.uleb128 0x49
 1076 0028 13       		.uleb128 0x13
 1077 0029 00       		.byte	0
 1078 002a 00       		.byte	0
 1079 002b 04       		.uleb128 0x4
 1080 002c 24       		.uleb128 0x24
 1081 002d 00       		.byte	0
 1082 002e 0B       		.uleb128 0xb
 1083 002f 0B       		.uleb128 0xb
 1084 0030 3E       		.uleb128 0x3e
 1085 0031 0B       		.uleb128 0xb
 1086 0032 03       		.uleb128 0x3
 1087 0033 0E       		.uleb128 0xe
 1088 0034 00       		.byte	0
 1089 0035 00       		.byte	0
 1090 0036 05       		.uleb128 0x5
 1091 0037 0F       		.uleb128 0xf
 1092 0038 00       		.byte	0
 1093 0039 0B       		.uleb128 0xb
 1094 003a 0B       		.uleb128 0xb
 1095 003b 00       		.byte	0
 1096 003c 00       		.byte	0
 1097 003d 06       		.uleb128 0x6
 1098 003e 16       		.uleb128 0x16
 1099 003f 00       		.byte	0
 1100 0040 03       		.uleb128 0x3
 1101 0041 0E       		.uleb128 0xe
 1102 0042 3A       		.uleb128 0x3a
 1103 0043 0B       		.uleb128 0xb
 1104 0044 3B       		.uleb128 0x3b
 1105 0045 05       		.uleb128 0x5
 1106 0046 49       		.uleb128 0x49
 1107 0047 13       		.uleb128 0x13
 1108 0048 00       		.byte	0
 1109 0049 00       		.byte	0
 1110 004a 07       		.uleb128 0x7
 1111 004b 35       		.uleb128 0x35
 1112 004c 00       		.byte	0
 1113 004d 49       		.uleb128 0x49
ARM GAS  C:\Users\wl\AppData\Local\Temp\ccwjZMzc.s 			page 28


 1114 004e 13       		.uleb128 0x13
 1115 004f 00       		.byte	0
 1116 0050 00       		.byte	0
 1117 0051 08       		.uleb128 0x8
 1118 0052 13       		.uleb128 0x13
 1119 0053 01       		.byte	0x1
 1120 0054 0B       		.uleb128 0xb
 1121 0055 0B       		.uleb128 0xb
 1122 0056 3A       		.uleb128 0x3a
 1123 0057 0B       		.uleb128 0xb
 1124 0058 3B       		.uleb128 0x3b
 1125 0059 0B       		.uleb128 0xb
 1126 005a 01       		.uleb128 0x1
 1127 005b 13       		.uleb128 0x13
 1128 005c 00       		.byte	0
 1129 005d 00       		.byte	0
 1130 005e 09       		.uleb128 0x9
 1131 005f 0D       		.uleb128 0xd
 1132 0060 00       		.byte	0
 1133 0061 03       		.uleb128 0x3
 1134 0062 0E       		.uleb128 0xe
 1135 0063 3A       		.uleb128 0x3a
 1136 0064 0B       		.uleb128 0xb
 1137 0065 3B       		.uleb128 0x3b
 1138 0066 0B       		.uleb128 0xb
 1139 0067 49       		.uleb128 0x49
 1140 0068 13       		.uleb128 0x13
 1141 0069 38       		.uleb128 0x38
 1142 006a 0B       		.uleb128 0xb
 1143 006b 00       		.byte	0
 1144 006c 00       		.byte	0
 1145 006d 0A       		.uleb128 0xa
 1146 006e 2E       		.uleb128 0x2e
 1147 006f 01       		.byte	0x1
 1148 0070 03       		.uleb128 0x3
 1149 0071 0E       		.uleb128 0xe
 1150 0072 3A       		.uleb128 0x3a
 1151 0073 0B       		.uleb128 0xb
 1152 0074 3B       		.uleb128 0x3b
 1153 0075 0B       		.uleb128 0xb
 1154 0076 27       		.uleb128 0x27
 1155 0077 19       		.uleb128 0x19
 1156 0078 11       		.uleb128 0x11
 1157 0079 01       		.uleb128 0x1
 1158 007a 12       		.uleb128 0x12
 1159 007b 06       		.uleb128 0x6
 1160 007c 40       		.uleb128 0x40
 1161 007d 18       		.uleb128 0x18
 1162 007e 9742     		.uleb128 0x2117
 1163 0080 19       		.uleb128 0x19
 1164 0081 01       		.uleb128 0x1
 1165 0082 13       		.uleb128 0x13
 1166 0083 00       		.byte	0
 1167 0084 00       		.byte	0
 1168 0085 0B       		.uleb128 0xb
 1169 0086 05       		.uleb128 0x5
 1170 0087 00       		.byte	0
ARM GAS  C:\Users\wl\AppData\Local\Temp\ccwjZMzc.s 			page 29


 1171 0088 03       		.uleb128 0x3
 1172 0089 0E       		.uleb128 0xe
 1173 008a 3A       		.uleb128 0x3a
 1174 008b 0B       		.uleb128 0xb
 1175 008c 3B       		.uleb128 0x3b
 1176 008d 0B       		.uleb128 0xb
 1177 008e 49       		.uleb128 0x49
 1178 008f 13       		.uleb128 0x13
 1179 0090 02       		.uleb128 0x2
 1180 0091 18       		.uleb128 0x18
 1181 0092 00       		.byte	0
 1182 0093 00       		.byte	0
 1183 0094 0C       		.uleb128 0xc
 1184 0095 34       		.uleb128 0x34
 1185 0096 00       		.byte	0
 1186 0097 03       		.uleb128 0x3
 1187 0098 08       		.uleb128 0x8
 1188 0099 3A       		.uleb128 0x3a
 1189 009a 0B       		.uleb128 0xb
 1190 009b 3B       		.uleb128 0x3b
 1191 009c 0B       		.uleb128 0xb
 1192 009d 49       		.uleb128 0x49
 1193 009e 13       		.uleb128 0x13
 1194 009f 02       		.uleb128 0x2
 1195 00a0 17       		.uleb128 0x17
 1196 00a1 00       		.byte	0
 1197 00a2 00       		.byte	0
 1198 00a3 0D       		.uleb128 0xd
 1199 00a4 0B       		.uleb128 0xb
 1200 00a5 01       		.byte	0x1
 1201 00a6 11       		.uleb128 0x11
 1202 00a7 01       		.uleb128 0x1
 1203 00a8 12       		.uleb128 0x12
 1204 00a9 06       		.uleb128 0x6
 1205 00aa 00       		.byte	0
 1206 00ab 00       		.byte	0
 1207 00ac 0E       		.uleb128 0xe
 1208 00ad 34       		.uleb128 0x34
 1209 00ae 00       		.byte	0
 1210 00af 03       		.uleb128 0x3
 1211 00b0 0E       		.uleb128 0xe
 1212 00b1 3A       		.uleb128 0x3a
 1213 00b2 0B       		.uleb128 0xb
 1214 00b3 3B       		.uleb128 0x3b
 1215 00b4 0B       		.uleb128 0xb
 1216 00b5 49       		.uleb128 0x49
 1217 00b6 13       		.uleb128 0x13
 1218 00b7 02       		.uleb128 0x2
 1219 00b8 17       		.uleb128 0x17
 1220 00b9 00       		.byte	0
 1221 00ba 00       		.byte	0
 1222 00bb 0F       		.uleb128 0xf
 1223 00bc 0F       		.uleb128 0xf
 1224 00bd 00       		.byte	0
 1225 00be 0B       		.uleb128 0xb
 1226 00bf 0B       		.uleb128 0xb
 1227 00c0 49       		.uleb128 0x49
ARM GAS  C:\Users\wl\AppData\Local\Temp\ccwjZMzc.s 			page 30


 1228 00c1 13       		.uleb128 0x13
 1229 00c2 00       		.byte	0
 1230 00c3 00       		.byte	0
 1231 00c4 10       		.uleb128 0x10
 1232 00c5 26       		.uleb128 0x26
 1233 00c6 00       		.byte	0
 1234 00c7 49       		.uleb128 0x49
 1235 00c8 13       		.uleb128 0x13
 1236 00c9 00       		.byte	0
 1237 00ca 00       		.byte	0
 1238 00cb 11       		.uleb128 0x11
 1239 00cc 2E       		.uleb128 0x2e
 1240 00cd 00       		.byte	0
 1241 00ce 03       		.uleb128 0x3
 1242 00cf 0E       		.uleb128 0xe
 1243 00d0 3A       		.uleb128 0x3a
 1244 00d1 0B       		.uleb128 0xb
 1245 00d2 3B       		.uleb128 0x3b
 1246 00d3 05       		.uleb128 0x5
 1247 00d4 27       		.uleb128 0x27
 1248 00d5 19       		.uleb128 0x19
 1249 00d6 11       		.uleb128 0x11
 1250 00d7 01       		.uleb128 0x1
 1251 00d8 12       		.uleb128 0x12
 1252 00d9 06       		.uleb128 0x6
 1253 00da 40       		.uleb128 0x40
 1254 00db 18       		.uleb128 0x18
 1255 00dc 9742     		.uleb128 0x2117
 1256 00de 19       		.uleb128 0x19
 1257 00df 00       		.byte	0
 1258 00e0 00       		.byte	0
 1259 00e1 12       		.uleb128 0x12
 1260 00e2 05       		.uleb128 0x5
 1261 00e3 00       		.byte	0
 1262 00e4 03       		.uleb128 0x3
 1263 00e5 08       		.uleb128 0x8
 1264 00e6 3A       		.uleb128 0x3a
 1265 00e7 0B       		.uleb128 0xb
 1266 00e8 3B       		.uleb128 0x3b
 1267 00e9 0B       		.uleb128 0xb
 1268 00ea 49       		.uleb128 0x49
 1269 00eb 13       		.uleb128 0x13
 1270 00ec 02       		.uleb128 0x2
 1271 00ed 17       		.uleb128 0x17
 1272 00ee 00       		.byte	0
 1273 00ef 00       		.byte	0
 1274 00f0 13       		.uleb128 0x13
 1275 00f1 898201   		.uleb128 0x4109
 1276 00f4 01       		.byte	0x1
 1277 00f5 11       		.uleb128 0x11
 1278 00f6 01       		.uleb128 0x1
 1279 00f7 31       		.uleb128 0x31
 1280 00f8 13       		.uleb128 0x13
 1281 00f9 00       		.byte	0
 1282 00fa 00       		.byte	0
 1283 00fb 14       		.uleb128 0x14
 1284 00fc 8A8201   		.uleb128 0x410a
ARM GAS  C:\Users\wl\AppData\Local\Temp\ccwjZMzc.s 			page 31


 1285 00ff 00       		.byte	0
 1286 0100 02       		.uleb128 0x2
 1287 0101 18       		.uleb128 0x18
 1288 0102 9142     		.uleb128 0x2111
 1289 0104 18       		.uleb128 0x18
 1290 0105 00       		.byte	0
 1291 0106 00       		.byte	0
 1292 0107 15       		.uleb128 0x15
 1293 0108 898201   		.uleb128 0x4109
 1294 010b 00       		.byte	0
 1295 010c 11       		.uleb128 0x11
 1296 010d 01       		.uleb128 0x1
 1297 010e 31       		.uleb128 0x31
 1298 010f 13       		.uleb128 0x13
 1299 0110 00       		.byte	0
 1300 0111 00       		.byte	0
 1301 0112 16       		.uleb128 0x16
 1302 0113 898201   		.uleb128 0x4109
 1303 0116 01       		.byte	0x1
 1304 0117 11       		.uleb128 0x11
 1305 0118 01       		.uleb128 0x1
 1306 0119 31       		.uleb128 0x31
 1307 011a 13       		.uleb128 0x13
 1308 011b 01       		.uleb128 0x1
 1309 011c 13       		.uleb128 0x13
 1310 011d 00       		.byte	0
 1311 011e 00       		.byte	0
 1312 011f 17       		.uleb128 0x17
 1313 0120 2E       		.uleb128 0x2e
 1314 0121 01       		.byte	0x1
 1315 0122 3F       		.uleb128 0x3f
 1316 0123 19       		.uleb128 0x19
 1317 0124 03       		.uleb128 0x3
 1318 0125 0E       		.uleb128 0xe
 1319 0126 3A       		.uleb128 0x3a
 1320 0127 0B       		.uleb128 0xb
 1321 0128 3B       		.uleb128 0x3b
 1322 0129 05       		.uleb128 0x5
 1323 012a 27       		.uleb128 0x27
 1324 012b 19       		.uleb128 0x19
 1325 012c 11       		.uleb128 0x11
 1326 012d 01       		.uleb128 0x1
 1327 012e 12       		.uleb128 0x12
 1328 012f 06       		.uleb128 0x6
 1329 0130 40       		.uleb128 0x40
 1330 0131 18       		.uleb128 0x18
 1331 0132 9742     		.uleb128 0x2117
 1332 0134 19       		.uleb128 0x19
 1333 0135 01       		.uleb128 0x1
 1334 0136 13       		.uleb128 0x13
 1335 0137 00       		.byte	0
 1336 0138 00       		.byte	0
 1337 0139 18       		.uleb128 0x18
 1338 013a 0B       		.uleb128 0xb
 1339 013b 01       		.byte	0x1
 1340 013c 11       		.uleb128 0x11
 1341 013d 01       		.uleb128 0x1
ARM GAS  C:\Users\wl\AppData\Local\Temp\ccwjZMzc.s 			page 32


 1342 013e 12       		.uleb128 0x12
 1343 013f 06       		.uleb128 0x6
 1344 0140 01       		.uleb128 0x1
 1345 0141 13       		.uleb128 0x13
 1346 0142 00       		.byte	0
 1347 0143 00       		.byte	0
 1348 0144 19       		.uleb128 0x19
 1349 0145 34       		.uleb128 0x34
 1350 0146 00       		.byte	0
 1351 0147 03       		.uleb128 0x3
 1352 0148 0E       		.uleb128 0xe
 1353 0149 3A       		.uleb128 0x3a
 1354 014a 0B       		.uleb128 0xb
 1355 014b 3B       		.uleb128 0x3b
 1356 014c 05       		.uleb128 0x5
 1357 014d 49       		.uleb128 0x49
 1358 014e 13       		.uleb128 0x13
 1359 014f 02       		.uleb128 0x2
 1360 0150 18       		.uleb128 0x18
 1361 0151 00       		.byte	0
 1362 0152 00       		.byte	0
 1363 0153 1A       		.uleb128 0x1a
 1364 0154 13       		.uleb128 0x13
 1365 0155 01       		.byte	0x1
 1366 0156 0B       		.uleb128 0xb
 1367 0157 0B       		.uleb128 0xb
 1368 0158 3A       		.uleb128 0x3a
 1369 0159 0B       		.uleb128 0xb
 1370 015a 3B       		.uleb128 0x3b
 1371 015b 05       		.uleb128 0x5
 1372 015c 01       		.uleb128 0x1
 1373 015d 13       		.uleb128 0x13
 1374 015e 00       		.byte	0
 1375 015f 00       		.byte	0
 1376 0160 1B       		.uleb128 0x1b
 1377 0161 0D       		.uleb128 0xd
 1378 0162 00       		.byte	0
 1379 0163 03       		.uleb128 0x3
 1380 0164 0E       		.uleb128 0xe
 1381 0165 3A       		.uleb128 0x3a
 1382 0166 0B       		.uleb128 0xb
 1383 0167 3B       		.uleb128 0x3b
 1384 0168 05       		.uleb128 0x5
 1385 0169 49       		.uleb128 0x49
 1386 016a 13       		.uleb128 0x13
 1387 016b 38       		.uleb128 0x38
 1388 016c 0B       		.uleb128 0xb
 1389 016d 00       		.byte	0
 1390 016e 00       		.byte	0
 1391 016f 1C       		.uleb128 0x1c
 1392 0170 01       		.uleb128 0x1
 1393 0171 01       		.byte	0x1
 1394 0172 49       		.uleb128 0x49
 1395 0173 13       		.uleb128 0x13
 1396 0174 01       		.uleb128 0x1
 1397 0175 13       		.uleb128 0x13
 1398 0176 00       		.byte	0
ARM GAS  C:\Users\wl\AppData\Local\Temp\ccwjZMzc.s 			page 33


 1399 0177 00       		.byte	0
 1400 0178 1D       		.uleb128 0x1d
 1401 0179 21       		.uleb128 0x21
 1402 017a 00       		.byte	0
 1403 017b 49       		.uleb128 0x49
 1404 017c 13       		.uleb128 0x13
 1405 017d 2F       		.uleb128 0x2f
 1406 017e 0B       		.uleb128 0xb
 1407 017f 00       		.byte	0
 1408 0180 00       		.byte	0
 1409 0181 1E       		.uleb128 0x1e
 1410 0182 34       		.uleb128 0x34
 1411 0183 00       		.byte	0
 1412 0184 03       		.uleb128 0x3
 1413 0185 08       		.uleb128 0x8
 1414 0186 3A       		.uleb128 0x3a
 1415 0187 0B       		.uleb128 0xb
 1416 0188 3B       		.uleb128 0x3b
 1417 0189 05       		.uleb128 0x5
 1418 018a 49       		.uleb128 0x49
 1419 018b 13       		.uleb128 0x13
 1420 018c 02       		.uleb128 0x2
 1421 018d 17       		.uleb128 0x17
 1422 018e 00       		.byte	0
 1423 018f 00       		.byte	0
 1424 0190 1F       		.uleb128 0x1f
 1425 0191 2E       		.uleb128 0x2e
 1426 0192 00       		.byte	0
 1427 0193 3F       		.uleb128 0x3f
 1428 0194 19       		.uleb128 0x19
 1429 0195 3C       		.uleb128 0x3c
 1430 0196 19       		.uleb128 0x19
 1431 0197 6E       		.uleb128 0x6e
 1432 0198 0E       		.uleb128 0xe
 1433 0199 03       		.uleb128 0x3
 1434 019a 0E       		.uleb128 0xe
 1435 019b 00       		.byte	0
 1436 019c 00       		.byte	0
 1437 019d 20       		.uleb128 0x20
 1438 019e 2E       		.uleb128 0x2e
 1439 019f 00       		.byte	0
 1440 01a0 3F       		.uleb128 0x3f
 1441 01a1 19       		.uleb128 0x19
 1442 01a2 3C       		.uleb128 0x3c
 1443 01a3 19       		.uleb128 0x19
 1444 01a4 6E       		.uleb128 0x6e
 1445 01a5 0E       		.uleb128 0xe
 1446 01a6 03       		.uleb128 0x3
 1447 01a7 0E       		.uleb128 0xe
 1448 01a8 3A       		.uleb128 0x3a
 1449 01a9 0B       		.uleb128 0xb
 1450 01aa 3B       		.uleb128 0x3b
 1451 01ab 0B       		.uleb128 0xb
 1452 01ac 00       		.byte	0
 1453 01ad 00       		.byte	0
 1454 01ae 00       		.byte	0
 1455              		.section	.debug_loc,"",%progbits
ARM GAS  C:\Users\wl\AppData\Local\Temp\ccwjZMzc.s 			page 34


 1456              	.Ldebug_loc0:
 1457              	.LLST0:
 1458 0000 02000000 		.4byte	.LVL1
 1459 0004 08000000 		.4byte	.LVL2
 1460 0008 0200     		.2byte	0x2
 1461 000a 30       		.byte	0x30
 1462 000b 9F       		.byte	0x9f
 1463 000c 08000000 		.4byte	.LVL2
 1464 0010 30000000 		.4byte	.LVL11
 1465 0014 0100     		.2byte	0x1
 1466 0016 57       		.byte	0x57
 1467 0017 00000000 		.4byte	0
 1468 001b 00000000 		.4byte	0
 1469              	.LLST1:
 1470 001f 02000000 		.4byte	.LVL1
 1471 0023 08000000 		.4byte	.LVL2
 1472 0027 0200     		.2byte	0x2
 1473 0029 30       		.byte	0x30
 1474 002a 9F       		.byte	0x9f
 1475 002b 08000000 		.4byte	.LVL2
 1476 002f 30000000 		.4byte	.LVL10
 1477 0033 0100     		.2byte	0x1
 1478 0035 55       		.byte	0x55
 1479 0036 00000000 		.4byte	0
 1480 003a 00000000 		.4byte	0
 1481              	.LLST2:
 1482 003e 0C000000 		.4byte	.LVL3
 1483 0042 2C000000 		.4byte	.LVL9
 1484 0046 0100     		.2byte	0x1
 1485 0048 56       		.byte	0x56
 1486 0049 00000000 		.4byte	0
 1487 004d 00000000 		.4byte	0
 1488              	.LLST3:
 1489 0051 0E000000 		.4byte	.LVL4
 1490 0055 24000000 		.4byte	.LVL7
 1491 0059 0100     		.2byte	0x1
 1492 005b 53       		.byte	0x53
 1493 005c 26000000 		.4byte	.LVL8
 1494 0060 2C000000 		.4byte	.LVL9
 1495 0064 0100     		.2byte	0x1
 1496 0066 53       		.byte	0x53
 1497 0067 00000000 		.4byte	0
 1498 006b 00000000 		.4byte	0
 1499              	.LLST4:
 1500 006f 00000000 		.4byte	.LVL12
 1501 0073 09000000 		.4byte	.LVL14-1
 1502 0077 0100     		.2byte	0x1
 1503 0079 50       		.byte	0x50
 1504 007a 09000000 		.4byte	.LVL14-1
 1505 007e 0C000000 		.4byte	.LFE2
 1506 0082 0400     		.2byte	0x4
 1507 0084 F3       		.byte	0xf3
 1508 0085 01       		.uleb128 0x1
 1509 0086 50       		.byte	0x50
 1510 0087 9F       		.byte	0x9f
 1511 0088 00000000 		.4byte	0
 1512 008c 00000000 		.4byte	0
ARM GAS  C:\Users\wl\AppData\Local\Temp\ccwjZMzc.s 			page 35


 1513              	.LLST5:
 1514 0090 00000000 		.4byte	.LVL12
 1515 0094 06000000 		.4byte	.LVL13
 1516 0098 0100     		.2byte	0x1
 1517 009a 51       		.byte	0x51
 1518 009b 06000000 		.4byte	.LVL13
 1519 009f 09000000 		.4byte	.LVL14-1
 1520 00a3 0100     		.2byte	0x1
 1521 00a5 52       		.byte	0x52
 1522 00a6 09000000 		.4byte	.LVL14-1
 1523 00aa 0C000000 		.4byte	.LFE2
 1524 00ae 0400     		.2byte	0x4
 1525 00b0 F3       		.byte	0xf3
 1526 00b1 01       		.uleb128 0x1
 1527 00b2 51       		.byte	0x51
 1528 00b3 9F       		.byte	0x9f
 1529 00b4 00000000 		.4byte	0
 1530 00b8 00000000 		.4byte	0
 1531              	.LLST6:
 1532 00bc E2000000 		.4byte	.LVL23
 1533 00c0 E6000000 		.4byte	.LVL24
 1534 00c4 0200     		.2byte	0x2
 1535 00c6 30       		.byte	0x30
 1536 00c7 9F       		.byte	0x9f
 1537 00c8 E6000000 		.4byte	.LVL24
 1538 00cc 04010000 		.4byte	.LVL26
 1539 00d0 0100     		.2byte	0x1
 1540 00d2 54       		.byte	0x54
 1541 00d3 06010000 		.4byte	.LVL27
 1542 00d7 7C010000 		.4byte	.LVL31
 1543 00db 0100     		.2byte	0x1
 1544 00dd 54       		.byte	0x54
 1545 00de 00000000 		.4byte	0
 1546 00e2 00000000 		.4byte	0
 1547              	.LLST7:
 1548 00e6 E6000000 		.4byte	.LVL24
 1549 00ea 04010000 		.4byte	.LVL26
 1550 00ee 0B00     		.2byte	0xb
 1551 00f0 74       		.byte	0x74
 1552 00f1 00       		.sleb128 0
 1553 00f2 36       		.byte	0x36
 1554 00f3 1E       		.byte	0x1e
 1555 00f4 03       		.byte	0x3
 1556 00f5 00000000 		.4byte	cfg_memset_list.4916
 1557 00f9 22       		.byte	0x22
 1558 00fa 9F       		.byte	0x9f
 1559 00fb 04010000 		.4byte	.LVL26
 1560 00ff 06010000 		.4byte	.LVL27
 1561 0103 0B00     		.2byte	0xb
 1562 0105 74       		.byte	0x74
 1563 0106 7F       		.sleb128 -1
 1564 0107 36       		.byte	0x36
 1565 0108 1E       		.byte	0x1e
 1566 0109 03       		.byte	0x3
 1567 010a 00000000 		.4byte	cfg_memset_list.4916
 1568 010e 22       		.byte	0x22
 1569 010f 9F       		.byte	0x9f
ARM GAS  C:\Users\wl\AppData\Local\Temp\ccwjZMzc.s 			page 36


 1570 0110 00000000 		.4byte	0
 1571 0114 00000000 		.4byte	0
 1572              		.section	.debug_aranges,"",%progbits
 1573 0000 3C000000 		.4byte	0x3c
 1574 0004 0200     		.2byte	0x2
 1575 0006 00000000 		.4byte	.Ldebug_info0
 1576 000a 04       		.byte	0x4
 1577 000b 00       		.byte	0
 1578 000c 0000     		.2byte	0
 1579 000e 0000     		.2byte	0
 1580 0010 00000000 		.4byte	.LFB5
 1581 0014 32000000 		.4byte	.LFE5-.LFB5
 1582 0018 00000000 		.4byte	.LFB7
 1583 001c 20000000 		.4byte	.LFE7-.LFB7
 1584 0020 00000000 		.4byte	.LFB2
 1585 0024 0C000000 		.4byte	.LFE2-.LFB2
 1586 0028 00000000 		.4byte	.LFB6
 1587 002c D8000000 		.4byte	.LFE6-.LFB6
 1588 0030 D8000000 		.4byte	.LFB8
 1589 0034 E8000000 		.4byte	.LFE8-.LFB8
 1590 0038 00000000 		.4byte	0
 1591 003c 00000000 		.4byte	0
 1592              		.section	.debug_ranges,"",%progbits
 1593              	.Ldebug_ranges0:
 1594 0000 00000000 		.4byte	.LFB5
 1595 0004 32000000 		.4byte	.LFE5
 1596 0008 00000000 		.4byte	.LFB7
 1597 000c 20000000 		.4byte	.LFE7
 1598 0010 00000000 		.4byte	.LFB2
 1599 0014 0C000000 		.4byte	.LFE2
 1600 0018 00000000 		.4byte	.LFB6
 1601 001c D8000000 		.4byte	.LFE6
 1602 0020 D8000000 		.4byte	.LFB8
 1603 0024 C0010000 		.4byte	.LFE8
 1604 0028 00000000 		.4byte	0
 1605 002c 00000000 		.4byte	0
 1606              		.section	.debug_line,"",%progbits
 1607              	.Ldebug_line0:
 1608 0000 8B010000 		.section	.debug_str,"MS",%progbits,1
 1608      0200E300 
 1608      00000201 
 1608      FB0E0D00 
 1608      01010101 
 1609              	.LASF37:
 1610 0000 43794465 		.ascii	"CyDelayCycles\000"
 1610      6C617943 
 1610      79636C65 
 1610      7300
 1611              	.LASF19:
 1612 000e 72656733 		.ascii	"reg32\000"
 1612      3200
 1613              	.LASF12:
 1614 0014 73697A65 		.ascii	"size_t\000"
 1614      5F7400
 1615              	.LASF47:
 1616 001b 416E616C 		.ascii	"AnalogSetDefault\000"
 1616      6F675365 
ARM GAS  C:\Users\wl\AppData\Local\Temp\ccwjZMzc.s 			page 37


 1616      74446566 
 1616      61756C74 
 1616      00
 1617              	.LASF42:
 1618 002c 4379496E 		.ascii	"CyIntSetVector\000"
 1618      74536574 
 1618      56656374 
 1618      6F7200
 1619              	.LASF21:
 1620 003b 76616C75 		.ascii	"value\000"
 1620      6500
 1621              	.LASF26:
 1622 0041 636F756E 		.ascii	"count\000"
 1622      7400
 1623              	.LASF29:
 1624 0047 436C6F63 		.ascii	"ClockSetup\000"
 1624      6B536574 
 1624      757000
 1625              	.LASF30:
 1626 0052 63795F63 		.ascii	"cy_cfg_addr_table\000"
 1626      66675F61 
 1626      6464725F 
 1626      7461626C 
 1626      6500
 1627              	.LASF31:
 1628 0064 63795F63 		.ascii	"cy_cfg_data_table\000"
 1628      66675F64 
 1628      6174615F 
 1628      7461626C 
 1628      6500
 1629              	.LASF16:
 1630 0076 666C6F61 		.ascii	"float\000"
 1630      7400
 1631              	.LASF35:
 1632 007c 6366675F 		.ascii	"cfg_memset_list\000"
 1632      6D656D73 
 1632      65745F6C 
 1632      69737400 
 1633              	.LASF33:
 1634 008c 73697A65 		.ascii	"size\000"
 1634      00
 1635              	.LASF38:
 1636 0091 43795379 		.ascii	"CySysClkWcoSetPowerMode\000"
 1636      73436C6B 
 1636      57636F53 
 1636      6574506F 
 1636      7765724D 
 1637              	.LASF18:
 1638 00a9 72656738 		.ascii	"reg8\000"
 1638      00
 1639              	.LASF46:
 1640 00ae 433A5C55 		.ascii	"C:\\Users\\wl\\Desktop\\cypressResource\\projects\\"
 1640      73657273 
 1640      5C776C5C 
 1640      4465736B 
 1640      746F705C 
 1641 00db 576F726B 		.ascii	"Workspace01\\Lesson7-Counter_Copy_01.cydsn\000"
ARM GAS  C:\Users\wl\AppData\Local\Temp\ccwjZMzc.s 			page 38


 1641      73706163 
 1641      6530315C 
 1641      4C657373 
 1641      6F6E372D 
 1642              	.LASF8:
 1643 0105 6C6F6E67 		.ascii	"long unsigned int\000"
 1643      20756E73 
 1643      69676E65 
 1643      6420696E 
 1643      7400
 1644              	.LASF13:
 1645 0117 75696E74 		.ascii	"uint8\000"
 1645      3800
 1646              	.LASF36:
 1647 011d 43795379 		.ascii	"CySysClkWcoStart\000"
 1647      73436C6B 
 1647      57636F53 
 1647      74617274 
 1647      00
 1648              	.LASF28:
 1649 012e 43594D45 		.ascii	"CYMEMZERO\000"
 1649      4D5A4552 
 1649      4F00
 1650              	.LASF4:
 1651 0138 756E7369 		.ascii	"unsigned char\000"
 1651      676E6564 
 1651      20636861 
 1651      7200
 1652              	.LASF49:
 1653 0146 6D656D73 		.ascii	"memset\000"
 1653      657400
 1654              	.LASF17:
 1655 014d 646F7562 		.ascii	"double\000"
 1655      6C6500
 1656              	.LASF27:
 1657 0154 6366675F 		.ascii	"cfg_write_bytes32\000"
 1657      77726974 
 1657      655F6279 
 1657      74657333 
 1657      3200
 1658              	.LASF43:
 1659 0166 4379496E 		.ascii	"CyIntEnable\000"
 1659      74456E61 
 1659      626C6500 
 1660              	.LASF23:
 1661 0172 61646472 		.ascii	"addr_table\000"
 1661      5F746162 
 1661      6C6500
 1662              	.LASF14:
 1663 017d 75696E74 		.ascii	"uint16\000"
 1663      313600
 1664              	.LASF24:
 1665 0184 64617461 		.ascii	"data_table\000"
 1665      5F746162 
 1665      6C6500
 1666              	.LASF15:
 1667 018f 75696E74 		.ascii	"uint32\000"
ARM GAS  C:\Users\wl\AppData\Local\Temp\ccwjZMzc.s 			page 39


 1667      333200
 1668              	.LASF0:
 1669 0196 756E7369 		.ascii	"unsigned int\000"
 1669      676E6564 
 1669      20696E74 
 1669      00
 1670              	.LASF48:
 1671 01a3 63796669 		.ascii	"cyfitter_cfg\000"
 1671      74746572 
 1671      5F636667 
 1671      00
 1672              	.LASF32:
 1673 01b0 61646472 		.ascii	"address\000"
 1673      65737300 
 1674              	.LASF9:
 1675 01b8 6C6F6E67 		.ascii	"long long unsigned int\000"
 1675      206C6F6E 
 1675      6720756E 
 1675      7369676E 
 1675      65642069 
 1676              	.LASF44:
 1677 01cf 474E5520 		.ascii	"GNU C11 5.4.1 20160609 (release) [ARM/embedded-5-br"
 1677      43313120 
 1677      352E342E 
 1677      31203230 
 1677      31363036 
 1678 0202 616E6368 		.ascii	"anch revision 237715] -mcpu=cortex-m0 -mthumb -g -O"
 1678      20726576 
 1678      6973696F 
 1678      6E203233 
 1678      37373135 
 1679 0235 67202D66 		.ascii	"g -ffunction-sections -ffat-lto-objects\000"
 1679      66756E63 
 1679      74696F6E 
 1679      2D736563 
 1679      74696F6E 
 1680              	.LASF34:
 1681 025d 6366675F 		.ascii	"cfg_memset_t\000"
 1681      6D656D73 
 1681      65745F74 
 1681      00
 1682              	.LASF25:
 1683 026a 62617365 		.ascii	"baseAddr\000"
 1683      41646472 
 1683      00
 1684              	.LASF10:
 1685 0273 73697A65 		.ascii	"sizetype\000"
 1685      74797065 
 1685      00
 1686              	.LASF6:
 1687 027c 73686F72 		.ascii	"short unsigned int\000"
 1687      7420756E 
 1687      7369676E 
 1687      65642069 
 1687      6E7400
 1688              	.LASF1:
 1689 028f 6C6F6E67 		.ascii	"long long int\000"
ARM GAS  C:\Users\wl\AppData\Local\Temp\ccwjZMzc.s 			page 40


 1689      206C6F6E 
 1689      6720696E 
 1689      7400
 1690              	.LASF41:
 1691 029d 43794465 		.ascii	"CyDelayUs\000"
 1691      6C617955 
 1691      7300
 1692              	.LASF11:
 1693 02a7 63686172 		.ascii	"char\000"
 1693      00
 1694              	.LASF40:
 1695 02ac 43795379 		.ascii	"CySysClkEcoStart\000"
 1695      73436C6B 
 1695      45636F53 
 1695      74617274 
 1695      00
 1696              	.LASF22:
 1697 02bd 63795F63 		.ascii	"cy_cfg_addrvalue_t\000"
 1697      66675F61 
 1697      64647276 
 1697      616C7565 
 1697      5F7400
 1698              	.LASF20:
 1699 02d0 6F666673 		.ascii	"offset\000"
 1699      657400
 1700              	.LASF5:
 1701 02d7 73686F72 		.ascii	"short int\000"
 1701      7420696E 
 1701      7400
 1702              	.LASF39:
 1703 02e1 43795379 		.ascii	"CySysClkWriteImoFreq\000"
 1703      73436C6B 
 1703      57726974 
 1703      65496D6F 
 1703      46726571 
 1704              	.LASF7:
 1705 02f6 6C6F6E67 		.ascii	"long int\000"
 1705      20696E74 
 1705      00
 1706              	.LASF2:
 1707 02ff 6C6F6E67 		.ascii	"long double\000"
 1707      20646F75 
 1707      626C6500 
 1708              	.LASF3:
 1709 030b 7369676E 		.ascii	"signed char\000"
 1709      65642063 
 1709      68617200 
 1710              	.LASF45:
 1711 0317 47656E65 		.ascii	"Generated_Source\\PSoC4\\cyfitter_cfg.c\000"
 1711      72617465 
 1711      645F536F 
 1711      75726365 
 1711      5C50536F 
 1712              		.ident	"GCC: (GNU Tools for ARM Embedded Processors) 5.4.1 20160609 (release) [ARM/embedded-5-bran
