ARM GAS  C:\Users\wl\AppData\Local\Temp\ccBcLfGP.s 			page 1


   1              		.syntax unified
   2              		.cpu cortex-m0
   3              		.fpu softvfp
   4              		.eabi_attribute 20, 1
   5              		.eabi_attribute 21, 1
   6              		.eabi_attribute 23, 3
   7              		.eabi_attribute 24, 1
   8              		.eabi_attribute 25, 1
   9              		.eabi_attribute 26, 1
  10              		.eabi_attribute 30, 1
  11              		.eabi_attribute 34, 0
  12              		.eabi_attribute 18, 4
  13              		.thumb
  14              		.syntax unified
  15              		.file	"main.c"
  16              		.text
  17              	.Ltext0:
  18              		.cfi_sections	.debug_frame
  19              		.section	.text.main,"ax",%progbits
  20              		.align	2
  21              		.global	main
  22              		.code	16
  23              		.thumb_func
  24              		.type	main, %function
  25              	main:
  26              	.LFB35:
  27              		.file 1 "main.c"
   1:main.c        **** /* ========================================
   2:main.c        ****  *
   3:main.c        ****  * Copyright YOUR COMPANY, THE YEAR
   4:main.c        ****  * All Rights Reserved
   5:main.c        ****  * UNPUBLISHED, LICENSED SOFTWARE.
   6:main.c        ****  *
   7:main.c        ****  * CONFIDENTIAL AND PROPRIETARY INFORMATION
   8:main.c        ****  * WHICH IS THE PROPERTY OF your company.
   9:main.c        ****  *
  10:main.c        ****  * ========================================
  11:main.c        **** */
  12:main.c        **** #include "project.h"
  13:main.c        **** 
  14:main.c        **** 
  15:main.c        **** 
  16:main.c        **** int main(void)
  17:main.c        **** {
  28              		.loc 1 17 0
  29              		.cfi_startproc
  30              		@ args = 0, pretend = 0, frame = 0
  31              		@ frame_needed = 0, uses_anonymous_args = 0
  32 0000 10B5     		push	{r4, lr}
  33              		.cfi_def_cfa_offset 8
  34              		.cfi_offset 4, -8
  35              		.cfi_offset 14, -4
  18:main.c        ****     CyGlobalIntEnable; /* Enable global interrupts. */
  36              		.loc 1 18 0
  37              		.syntax divided
  38              	@ 18 "main.c" 1
  39 0002 62B6     		CPSIE   i
ARM GAS  C:\Users\wl\AppData\Local\Temp\ccBcLfGP.s 			page 2


  40              	@ 0 "" 2
  19:main.c        ****     /* Place your initialization/startup code here (e.g. MyInst_Start()) */
  20:main.c        ****     PWM_Start();
  41              		.loc 1 20 0
  42              		.thumb
  43              		.syntax unified
  44 0004 FFF7FEFF 		bl	PWM_Start
  45              	.LVL0:
  21:main.c        ****    
  22:main.c        ****     int i = 0;
  46              		.loc 1 22 0
  47 0008 0024     		movs	r4, #0
  48              	.LVL1:
  49              	.L3:
  23:main.c        ****     for(;;)
  24:main.c        ****     {
  25:main.c        ****         PWM_WriteCompare(i * 100);
  50              		.loc 1 25 0
  51 000a 6420     		movs	r0, #100
  52 000c 6043     		muls	r0, r4
  53 000e FFF7FEFF 		bl	PWM_WriteCompare
  54              	.LVL2:
  26:main.c        ****         i += 1;
  55              		.loc 1 26 0
  56 0012 0134     		adds	r4, r4, #1
  57              	.LVL3:
  27:main.c        ****         if(i > 100) {
  58              		.loc 1 27 0
  59 0014 642C     		cmp	r4, #100
  60 0016 00DD     		ble	.L2
  28:main.c        ****             i = 0;
  61              		.loc 1 28 0
  62 0018 0024     		movs	r4, #0
  63              	.LVL4:
  64              	.L2:
  29:main.c        ****         }
  30:main.c        ****         CyDelay(50);
  65              		.loc 1 30 0
  66 001a 3220     		movs	r0, #50
  67 001c FFF7FEFF 		bl	CyDelay
  68              	.LVL5:
  31:main.c        ****         
  32:main.c        ****         /* Place your application code here. */
  33:main.c        ****     }
  69              		.loc 1 33 0
  70 0020 F3E7     		b	.L3
  71              		.cfi_endproc
  72              	.LFE35:
  73              		.size	main, .-main
  74 0022 C046     		.text
  75              	.Letext0:
  76              		.file 2 "Generated_Source\\PSoC4/PWM.h"
  77              		.file 3 "Generated_Source\\PSoC4/CyLib.h"
  78              		.section	.debug_info,"",%progbits
  79              	.Ldebug_info0:
  80 0000 05010000 		.4byte	0x105
  81 0004 0400     		.2byte	0x4
ARM GAS  C:\Users\wl\AppData\Local\Temp\ccBcLfGP.s 			page 3


  82 0006 00000000 		.4byte	.Ldebug_abbrev0
  83 000a 04       		.byte	0x4
  84 000b 01       		.uleb128 0x1
  85 000c 8B000000 		.4byte	.LASF17
  86 0010 0C       		.byte	0xc
  87 0011 1B000000 		.4byte	.LASF18
  88 0015 44010000 		.4byte	.LASF19
  89 0019 00000000 		.4byte	.Ldebug_ranges0+0
  90 001d 00000000 		.4byte	0
  91 0021 00000000 		.4byte	.Ldebug_line0
  92 0025 02       		.uleb128 0x2
  93 0026 01       		.byte	0x1
  94 0027 06       		.byte	0x6
  95 0028 2C010000 		.4byte	.LASF0
  96 002c 02       		.uleb128 0x2
  97 002d 01       		.byte	0x1
  98 002e 08       		.byte	0x8
  99 002f 68000000 		.4byte	.LASF1
 100 0033 02       		.uleb128 0x2
 101 0034 02       		.byte	0x2
 102 0035 05       		.byte	0x5
 103 0036 9B010000 		.4byte	.LASF2
 104 003a 02       		.uleb128 0x2
 105 003b 02       		.byte	0x2
 106 003c 07       		.byte	0x7
 107 003d 19010000 		.4byte	.LASF3
 108 0041 02       		.uleb128 0x2
 109 0042 04       		.byte	0x4
 110 0043 05       		.byte	0x5
 111 0044 7B000000 		.4byte	.LASF4
 112 0048 02       		.uleb128 0x2
 113 0049 04       		.byte	0x4
 114 004a 07       		.byte	0x7
 115 004b 2F000000 		.4byte	.LASF5
 116 004f 02       		.uleb128 0x2
 117 0050 08       		.byte	0x8
 118 0051 05       		.byte	0x5
 119 0052 00000000 		.4byte	.LASF6
 120 0056 02       		.uleb128 0x2
 121 0057 08       		.byte	0x8
 122 0058 07       		.byte	0x7
 123 0059 41000000 		.4byte	.LASF7
 124 005d 03       		.uleb128 0x3
 125 005e 04       		.byte	0x4
 126 005f 05       		.byte	0x5
 127 0060 696E7400 		.ascii	"int\000"
 128 0064 02       		.uleb128 0x2
 129 0065 04       		.byte	0x4
 130 0066 07       		.byte	0x7
 131 0067 0E000000 		.4byte	.LASF8
 132 006b 02       		.uleb128 0x2
 133 006c 04       		.byte	0x4
 134 006d 04       		.byte	0x4
 135 006e 58000000 		.4byte	.LASF9
 136 0072 02       		.uleb128 0x2
 137 0073 08       		.byte	0x8
 138 0074 04       		.byte	0x4
ARM GAS  C:\Users\wl\AppData\Local\Temp\ccBcLfGP.s 			page 4


 139 0075 84000000 		.4byte	.LASF10
 140 0079 02       		.uleb128 0x2
 141 007a 01       		.byte	0x1
 142 007b 08       		.byte	0x8
 143 007c 76000000 		.4byte	.LASF11
 144 0080 02       		.uleb128 0x2
 145 0081 08       		.byte	0x8
 146 0082 04       		.byte	0x4
 147 0083 38010000 		.4byte	.LASF12
 148 0087 02       		.uleb128 0x2
 149 0088 04       		.byte	0x4
 150 0089 07       		.byte	0x7
 151 008a B6010000 		.4byte	.LASF13
 152 008e 04       		.uleb128 0x4
 153 008f 22000000 		.4byte	.LASF20
 154 0093 01       		.byte	0x1
 155 0094 10       		.byte	0x10
 156 0095 5D000000 		.4byte	0x5d
 157 0099 00000000 		.4byte	.LFB35
 158 009d 22000000 		.4byte	.LFE35-.LFB35
 159 00a1 01       		.uleb128 0x1
 160 00a2 9C       		.byte	0x9c
 161 00a3 E5000000 		.4byte	0xe5
 162 00a7 05       		.uleb128 0x5
 163 00a8 6900     		.ascii	"i\000"
 164 00aa 01       		.byte	0x1
 165 00ab 16       		.byte	0x16
 166 00ac 5D000000 		.4byte	0x5d
 167 00b0 00000000 		.4byte	.LLST0
 168 00b4 06       		.uleb128 0x6
 169 00b5 08000000 		.4byte	.LVL0
 170 00b9 E5000000 		.4byte	0xe5
 171 00bd 07       		.uleb128 0x7
 172 00be 12000000 		.4byte	.LVL2
 173 00c2 F1000000 		.4byte	0xf1
 174 00c6 D4000000 		.4byte	0xd4
 175 00ca 08       		.uleb128 0x8
 176 00cb 01       		.uleb128 0x1
 177 00cc 50       		.byte	0x50
 178 00cd 05       		.uleb128 0x5
 179 00ce 74       		.byte	0x74
 180 00cf 00       		.sleb128 0
 181 00d0 08       		.byte	0x8
 182 00d1 64       		.byte	0x64
 183 00d2 1E       		.byte	0x1e
 184 00d3 00       		.byte	0
 185 00d4 09       		.uleb128 0x9
 186 00d5 20000000 		.4byte	.LVL5
 187 00d9 FD000000 		.4byte	0xfd
 188 00dd 08       		.uleb128 0x8
 189 00de 01       		.uleb128 0x1
 190 00df 50       		.byte	0x50
 191 00e0 02       		.uleb128 0x2
 192 00e1 08       		.byte	0x8
 193 00e2 32       		.byte	0x32
 194 00e3 00       		.byte	0
 195 00e4 00       		.byte	0
ARM GAS  C:\Users\wl\AppData\Local\Temp\ccBcLfGP.s 			page 5


 196 00e5 0A       		.uleb128 0xa
 197 00e6 5E000000 		.4byte	.LASF14
 198 00ea 5E000000 		.4byte	.LASF14
 199 00ee 02       		.byte	0x2
 200 00ef 3201     		.2byte	0x132
 201 00f1 0A       		.uleb128 0xa
 202 00f2 A5010000 		.4byte	.LASF15
 203 00f6 A5010000 		.4byte	.LASF15
 204 00fa 02       		.byte	0x2
 205 00fb 5501     		.2byte	0x155
 206 00fd 0B       		.uleb128 0xb
 207 00fe 27000000 		.4byte	.LASF16
 208 0102 27000000 		.4byte	.LASF16
 209 0106 03       		.byte	0x3
 210 0107 D9       		.byte	0xd9
 211 0108 00       		.byte	0
 212              		.section	.debug_abbrev,"",%progbits
 213              	.Ldebug_abbrev0:
 214 0000 01       		.uleb128 0x1
 215 0001 11       		.uleb128 0x11
 216 0002 01       		.byte	0x1
 217 0003 25       		.uleb128 0x25
 218 0004 0E       		.uleb128 0xe
 219 0005 13       		.uleb128 0x13
 220 0006 0B       		.uleb128 0xb
 221 0007 03       		.uleb128 0x3
 222 0008 0E       		.uleb128 0xe
 223 0009 1B       		.uleb128 0x1b
 224 000a 0E       		.uleb128 0xe
 225 000b 55       		.uleb128 0x55
 226 000c 17       		.uleb128 0x17
 227 000d 11       		.uleb128 0x11
 228 000e 01       		.uleb128 0x1
 229 000f 10       		.uleb128 0x10
 230 0010 17       		.uleb128 0x17
 231 0011 00       		.byte	0
 232 0012 00       		.byte	0
 233 0013 02       		.uleb128 0x2
 234 0014 24       		.uleb128 0x24
 235 0015 00       		.byte	0
 236 0016 0B       		.uleb128 0xb
 237 0017 0B       		.uleb128 0xb
 238 0018 3E       		.uleb128 0x3e
 239 0019 0B       		.uleb128 0xb
 240 001a 03       		.uleb128 0x3
 241 001b 0E       		.uleb128 0xe
 242 001c 00       		.byte	0
 243 001d 00       		.byte	0
 244 001e 03       		.uleb128 0x3
 245 001f 24       		.uleb128 0x24
 246 0020 00       		.byte	0
 247 0021 0B       		.uleb128 0xb
 248 0022 0B       		.uleb128 0xb
 249 0023 3E       		.uleb128 0x3e
 250 0024 0B       		.uleb128 0xb
 251 0025 03       		.uleb128 0x3
 252 0026 08       		.uleb128 0x8
ARM GAS  C:\Users\wl\AppData\Local\Temp\ccBcLfGP.s 			page 6


 253 0027 00       		.byte	0
 254 0028 00       		.byte	0
 255 0029 04       		.uleb128 0x4
 256 002a 2E       		.uleb128 0x2e
 257 002b 01       		.byte	0x1
 258 002c 3F       		.uleb128 0x3f
 259 002d 19       		.uleb128 0x19
 260 002e 03       		.uleb128 0x3
 261 002f 0E       		.uleb128 0xe
 262 0030 3A       		.uleb128 0x3a
 263 0031 0B       		.uleb128 0xb
 264 0032 3B       		.uleb128 0x3b
 265 0033 0B       		.uleb128 0xb
 266 0034 27       		.uleb128 0x27
 267 0035 19       		.uleb128 0x19
 268 0036 49       		.uleb128 0x49
 269 0037 13       		.uleb128 0x13
 270 0038 8701     		.uleb128 0x87
 271 003a 19       		.uleb128 0x19
 272 003b 11       		.uleb128 0x11
 273 003c 01       		.uleb128 0x1
 274 003d 12       		.uleb128 0x12
 275 003e 06       		.uleb128 0x6
 276 003f 40       		.uleb128 0x40
 277 0040 18       		.uleb128 0x18
 278 0041 9742     		.uleb128 0x2117
 279 0043 19       		.uleb128 0x19
 280 0044 01       		.uleb128 0x1
 281 0045 13       		.uleb128 0x13
 282 0046 00       		.byte	0
 283 0047 00       		.byte	0
 284 0048 05       		.uleb128 0x5
 285 0049 34       		.uleb128 0x34
 286 004a 00       		.byte	0
 287 004b 03       		.uleb128 0x3
 288 004c 08       		.uleb128 0x8
 289 004d 3A       		.uleb128 0x3a
 290 004e 0B       		.uleb128 0xb
 291 004f 3B       		.uleb128 0x3b
 292 0050 0B       		.uleb128 0xb
 293 0051 49       		.uleb128 0x49
 294 0052 13       		.uleb128 0x13
 295 0053 02       		.uleb128 0x2
 296 0054 17       		.uleb128 0x17
 297 0055 00       		.byte	0
 298 0056 00       		.byte	0
 299 0057 06       		.uleb128 0x6
 300 0058 898201   		.uleb128 0x4109
 301 005b 00       		.byte	0
 302 005c 11       		.uleb128 0x11
 303 005d 01       		.uleb128 0x1
 304 005e 31       		.uleb128 0x31
 305 005f 13       		.uleb128 0x13
 306 0060 00       		.byte	0
 307 0061 00       		.byte	0
 308 0062 07       		.uleb128 0x7
 309 0063 898201   		.uleb128 0x4109
ARM GAS  C:\Users\wl\AppData\Local\Temp\ccBcLfGP.s 			page 7


 310 0066 01       		.byte	0x1
 311 0067 11       		.uleb128 0x11
 312 0068 01       		.uleb128 0x1
 313 0069 31       		.uleb128 0x31
 314 006a 13       		.uleb128 0x13
 315 006b 01       		.uleb128 0x1
 316 006c 13       		.uleb128 0x13
 317 006d 00       		.byte	0
 318 006e 00       		.byte	0
 319 006f 08       		.uleb128 0x8
 320 0070 8A8201   		.uleb128 0x410a
 321 0073 00       		.byte	0
 322 0074 02       		.uleb128 0x2
 323 0075 18       		.uleb128 0x18
 324 0076 9142     		.uleb128 0x2111
 325 0078 18       		.uleb128 0x18
 326 0079 00       		.byte	0
 327 007a 00       		.byte	0
 328 007b 09       		.uleb128 0x9
 329 007c 898201   		.uleb128 0x4109
 330 007f 01       		.byte	0x1
 331 0080 11       		.uleb128 0x11
 332 0081 01       		.uleb128 0x1
 333 0082 31       		.uleb128 0x31
 334 0083 13       		.uleb128 0x13
 335 0084 00       		.byte	0
 336 0085 00       		.byte	0
 337 0086 0A       		.uleb128 0xa
 338 0087 2E       		.uleb128 0x2e
 339 0088 00       		.byte	0
 340 0089 3F       		.uleb128 0x3f
 341 008a 19       		.uleb128 0x19
 342 008b 3C       		.uleb128 0x3c
 343 008c 19       		.uleb128 0x19
 344 008d 6E       		.uleb128 0x6e
 345 008e 0E       		.uleb128 0xe
 346 008f 03       		.uleb128 0x3
 347 0090 0E       		.uleb128 0xe
 348 0091 3A       		.uleb128 0x3a
 349 0092 0B       		.uleb128 0xb
 350 0093 3B       		.uleb128 0x3b
 351 0094 05       		.uleb128 0x5
 352 0095 00       		.byte	0
 353 0096 00       		.byte	0
 354 0097 0B       		.uleb128 0xb
 355 0098 2E       		.uleb128 0x2e
 356 0099 00       		.byte	0
 357 009a 3F       		.uleb128 0x3f
 358 009b 19       		.uleb128 0x19
 359 009c 3C       		.uleb128 0x3c
 360 009d 19       		.uleb128 0x19
 361 009e 6E       		.uleb128 0x6e
 362 009f 0E       		.uleb128 0xe
 363 00a0 03       		.uleb128 0x3
 364 00a1 0E       		.uleb128 0xe
 365 00a2 3A       		.uleb128 0x3a
 366 00a3 0B       		.uleb128 0xb
ARM GAS  C:\Users\wl\AppData\Local\Temp\ccBcLfGP.s 			page 8


 367 00a4 3B       		.uleb128 0x3b
 368 00a5 0B       		.uleb128 0xb
 369 00a6 00       		.byte	0
 370 00a7 00       		.byte	0
 371 00a8 00       		.byte	0
 372              		.section	.debug_loc,"",%progbits
 373              	.Ldebug_loc0:
 374              	.LLST0:
 375 0000 08000000 		.4byte	.LVL0
 376 0004 0A000000 		.4byte	.LVL1
 377 0008 0200     		.2byte	0x2
 378 000a 30       		.byte	0x30
 379 000b 9F       		.byte	0x9f
 380 000c 0A000000 		.4byte	.LVL1
 381 0010 22000000 		.4byte	.LFE35
 382 0014 0100     		.2byte	0x1
 383 0016 54       		.byte	0x54
 384 0017 00000000 		.4byte	0
 385 001b 00000000 		.4byte	0
 386              		.section	.debug_aranges,"",%progbits
 387 0000 1C000000 		.4byte	0x1c
 388 0004 0200     		.2byte	0x2
 389 0006 00000000 		.4byte	.Ldebug_info0
 390 000a 04       		.byte	0x4
 391 000b 00       		.byte	0
 392 000c 0000     		.2byte	0
 393 000e 0000     		.2byte	0
 394 0010 00000000 		.4byte	.LFB35
 395 0014 22000000 		.4byte	.LFE35-.LFB35
 396 0018 00000000 		.4byte	0
 397 001c 00000000 		.4byte	0
 398              		.section	.debug_ranges,"",%progbits
 399              	.Ldebug_ranges0:
 400 0000 00000000 		.4byte	.LFB35
 401 0004 22000000 		.4byte	.LFE35
 402 0008 00000000 		.4byte	0
 403 000c 00000000 		.4byte	0
 404              		.section	.debug_line,"",%progbits
 405              	.Ldebug_line0:
 406 0000 66000000 		.section	.debug_str,"MS",%progbits,1
 406      02004800 
 406      00000201 
 406      FB0E0D00 
 406      01010101 
 407              	.LASF6:
 408 0000 6C6F6E67 		.ascii	"long long int\000"
 408      206C6F6E 
 408      6720696E 
 408      7400
 409              	.LASF8:
 410 000e 756E7369 		.ascii	"unsigned int\000"
 410      676E6564 
 410      20696E74 
 410      00
 411              	.LASF18:
 412 001b 6D61696E 		.ascii	"main.c\000"
 412      2E6300
ARM GAS  C:\Users\wl\AppData\Local\Temp\ccBcLfGP.s 			page 9


 413              	.LASF20:
 414 0022 6D61696E 		.ascii	"main\000"
 414      00
 415              	.LASF16:
 416 0027 43794465 		.ascii	"CyDelay\000"
 416      6C617900 
 417              	.LASF5:
 418 002f 6C6F6E67 		.ascii	"long unsigned int\000"
 418      20756E73 
 418      69676E65 
 418      6420696E 
 418      7400
 419              	.LASF7:
 420 0041 6C6F6E67 		.ascii	"long long unsigned int\000"
 420      206C6F6E 
 420      6720756E 
 420      7369676E 
 420      65642069 
 421              	.LASF9:
 422 0058 666C6F61 		.ascii	"float\000"
 422      7400
 423              	.LASF14:
 424 005e 50574D5F 		.ascii	"PWM_Start\000"
 424      53746172 
 424      7400
 425              	.LASF1:
 426 0068 756E7369 		.ascii	"unsigned char\000"
 426      676E6564 
 426      20636861 
 426      7200
 427              	.LASF11:
 428 0076 63686172 		.ascii	"char\000"
 428      00
 429              	.LASF4:
 430 007b 6C6F6E67 		.ascii	"long int\000"
 430      20696E74 
 430      00
 431              	.LASF10:
 432 0084 646F7562 		.ascii	"double\000"
 432      6C6500
 433              	.LASF17:
 434 008b 474E5520 		.ascii	"GNU C11 5.4.1 20160609 (release) [ARM/embedded-5-br"
 434      43313120 
 434      352E342E 
 434      31203230 
 434      31363036 
 435 00be 616E6368 		.ascii	"anch revision 237715] -mcpu=cortex-m0 -mthumb -g -O"
 435      20726576 
 435      6973696F 
 435      6E203233 
 435      37373135 
 436 00f1 67202D66 		.ascii	"g -ffunction-sections -ffat-lto-objects\000"
 436      66756E63 
 436      74696F6E 
 436      2D736563 
 436      74696F6E 
 437              	.LASF3:
ARM GAS  C:\Users\wl\AppData\Local\Temp\ccBcLfGP.s 			page 10


 438 0119 73686F72 		.ascii	"short unsigned int\000"
 438      7420756E 
 438      7369676E 
 438      65642069 
 438      6E7400
 439              	.LASF0:
 440 012c 7369676E 		.ascii	"signed char\000"
 440      65642063 
 440      68617200 
 441              	.LASF12:
 442 0138 6C6F6E67 		.ascii	"long double\000"
 442      20646F75 
 442      626C6500 
 443              	.LASF19:
 444 0144 433A5C55 		.ascii	"C:\\Users\\wl\\Desktop\\cypressResource\\projects\\"
 444      73657273 
 444      5C776C5C 
 444      4465736B 
 444      746F705C 
 445 0171 576F726B 		.ascii	"Workspace01\\Lesson7-Counter_Copy_01.cydsn\000"
 445      73706163 
 445      6530315C 
 445      4C657373 
 445      6F6E372D 
 446              	.LASF2:
 447 019b 73686F72 		.ascii	"short int\000"
 447      7420696E 
 447      7400
 448              	.LASF15:
 449 01a5 50574D5F 		.ascii	"PWM_WriteCompare\000"
 449      57726974 
 449      65436F6D 
 449      70617265 
 449      00
 450              	.LASF13:
 451 01b6 73697A65 		.ascii	"sizetype\000"
 451      74797065 
 451      00
 452              		.ident	"GCC: (GNU Tools for ARM Embedded Processors) 5.4.1 20160609 (release) [ARM/embedded-5-bran
