ARM GAS  C:\Users\wl\AppData\Local\Temp\ccqGymfV.s 			page 1


   1              		.syntax unified
   2              		.cpu cortex-m0
   3              		.fpu softvfp
   4              		.eabi_attribute 20, 1
   5              		.eabi_attribute 21, 1
   6              		.eabi_attribute 23, 3
   7              		.eabi_attribute 24, 1
   8              		.eabi_attribute 25, 1
   9              		.eabi_attribute 26, 1
  10              		.eabi_attribute 30, 1
  11              		.eabi_attribute 34, 0
  12              		.eabi_attribute 18, 4
  13              		.thumb
  14              		.syntax unified
  15              		.file	"cyfitter_cfg.c"
  16              		.text
  17              	.Ltext0:
  18              		.cfi_sections	.debug_frame
  19              		.section	.text.cfg_write_bytes32,"ax",%progbits
  20              		.align	2
  21              		.code	16
  22              		.thumb_func
  23              		.type	cfg_write_bytes32, %function
  24              	cfg_write_bytes32:
  25              	.LFB5:
  26              		.file 1 "Generated_Source\\PSoC4\\cyfitter_cfg.c"
   1:Generated_Source\PSoC4/cyfitter_cfg.c **** 
   2:Generated_Source\PSoC4/cyfitter_cfg.c **** /*******************************************************************************
   3:Generated_Source\PSoC4/cyfitter_cfg.c **** * File Name: cyfitter_cfg.c
   4:Generated_Source\PSoC4/cyfitter_cfg.c **** * 
   5:Generated_Source\PSoC4/cyfitter_cfg.c **** * PSoC Creator  4.2
   6:Generated_Source\PSoC4/cyfitter_cfg.c **** *
   7:Generated_Source\PSoC4/cyfitter_cfg.c **** * Description:
   8:Generated_Source\PSoC4/cyfitter_cfg.c **** * This file contains device initialization code.
   9:Generated_Source\PSoC4/cyfitter_cfg.c **** * Except for the user defined sections in CyClockStartupError(), this file should not be modified.
  10:Generated_Source\PSoC4/cyfitter_cfg.c **** * This file is automatically generated by PSoC Creator.
  11:Generated_Source\PSoC4/cyfitter_cfg.c **** *
  12:Generated_Source\PSoC4/cyfitter_cfg.c **** ********************************************************************************
  13:Generated_Source\PSoC4/cyfitter_cfg.c **** * Copyright (c) 2007-2018 Cypress Semiconductor.  All rights reserved.
  14:Generated_Source\PSoC4/cyfitter_cfg.c **** * You may use this file only in accordance with the license, terms, conditions, 
  15:Generated_Source\PSoC4/cyfitter_cfg.c **** * disclaimers, and limitations in the end user license agreement accompanying 
  16:Generated_Source\PSoC4/cyfitter_cfg.c **** * the software package with which this file was provided.
  17:Generated_Source\PSoC4/cyfitter_cfg.c **** ********************************************************************************/
  18:Generated_Source\PSoC4/cyfitter_cfg.c **** 
  19:Generated_Source\PSoC4/cyfitter_cfg.c **** #include <string.h>
  20:Generated_Source\PSoC4/cyfitter_cfg.c **** #include "cytypes.h"
  21:Generated_Source\PSoC4/cyfitter_cfg.c **** #include "cydevice_trm.h"
  22:Generated_Source\PSoC4/cyfitter_cfg.c **** #include "cyfitter.h"
  23:Generated_Source\PSoC4/cyfitter_cfg.c **** #include "CyLib.h"
  24:Generated_Source\PSoC4/cyfitter_cfg.c **** #include "CyLFClk.h"
  25:Generated_Source\PSoC4/cyfitter_cfg.c **** #include "cyfitter_cfg.h"
  26:Generated_Source\PSoC4/cyfitter_cfg.c **** #include "cyapicallbacks.h"
  27:Generated_Source\PSoC4/cyfitter_cfg.c **** 
  28:Generated_Source\PSoC4/cyfitter_cfg.c **** 
  29:Generated_Source\PSoC4/cyfitter_cfg.c **** #if defined(__GNUC__) || defined(__ARMCC_VERSION)
  30:Generated_Source\PSoC4/cyfitter_cfg.c ****     #define CYPACKED 
  31:Generated_Source\PSoC4/cyfitter_cfg.c ****     #define CYPACKED_ATTR __attribute__ ((packed))
ARM GAS  C:\Users\wl\AppData\Local\Temp\ccqGymfV.s 			page 2


  32:Generated_Source\PSoC4/cyfitter_cfg.c ****     #define CYALIGNED __attribute__ ((aligned))
  33:Generated_Source\PSoC4/cyfitter_cfg.c ****     #define CY_CFG_UNUSED __attribute__ ((unused))
  34:Generated_Source\PSoC4/cyfitter_cfg.c ****     #ifndef CY_CFG_SECTION
  35:Generated_Source\PSoC4/cyfitter_cfg.c ****         #define CY_CFG_SECTION __attribute__ ((section(".psocinit")))
  36:Generated_Source\PSoC4/cyfitter_cfg.c ****     #endif
  37:Generated_Source\PSoC4/cyfitter_cfg.c ****     
  38:Generated_Source\PSoC4/cyfitter_cfg.c ****     #if defined(__ARMCC_VERSION)
  39:Generated_Source\PSoC4/cyfitter_cfg.c ****         #define CY_CFG_MEMORY_BARRIER() __memory_changed()
  40:Generated_Source\PSoC4/cyfitter_cfg.c ****     #else
  41:Generated_Source\PSoC4/cyfitter_cfg.c ****         #define CY_CFG_MEMORY_BARRIER() __sync_synchronize()
  42:Generated_Source\PSoC4/cyfitter_cfg.c ****     #endif
  43:Generated_Source\PSoC4/cyfitter_cfg.c ****     
  44:Generated_Source\PSoC4/cyfitter_cfg.c **** #elif defined(__ICCARM__)
  45:Generated_Source\PSoC4/cyfitter_cfg.c ****     #include <intrinsics.h>
  46:Generated_Source\PSoC4/cyfitter_cfg.c **** 
  47:Generated_Source\PSoC4/cyfitter_cfg.c ****     #define CYPACKED __packed
  48:Generated_Source\PSoC4/cyfitter_cfg.c ****     #define CYPACKED_ATTR 
  49:Generated_Source\PSoC4/cyfitter_cfg.c ****     #define CYALIGNED _Pragma("data_alignment=4")
  50:Generated_Source\PSoC4/cyfitter_cfg.c ****     #define CY_CFG_UNUSED _Pragma("diag_suppress=Pe177")
  51:Generated_Source\PSoC4/cyfitter_cfg.c ****     #define CY_CFG_SECTION _Pragma("location=\".psocinit\"")
  52:Generated_Source\PSoC4/cyfitter_cfg.c ****     
  53:Generated_Source\PSoC4/cyfitter_cfg.c ****     #define CY_CFG_MEMORY_BARRIER() __DMB()
  54:Generated_Source\PSoC4/cyfitter_cfg.c ****     
  55:Generated_Source\PSoC4/cyfitter_cfg.c **** #else
  56:Generated_Source\PSoC4/cyfitter_cfg.c ****     #error Unsupported toolchain
  57:Generated_Source\PSoC4/cyfitter_cfg.c **** #endif
  58:Generated_Source\PSoC4/cyfitter_cfg.c **** 
  59:Generated_Source\PSoC4/cyfitter_cfg.c **** #ifndef CYCODE
  60:Generated_Source\PSoC4/cyfitter_cfg.c ****     #define CYCODE
  61:Generated_Source\PSoC4/cyfitter_cfg.c **** #endif
  62:Generated_Source\PSoC4/cyfitter_cfg.c **** #ifndef CYDATA
  63:Generated_Source\PSoC4/cyfitter_cfg.c ****     #define CYDATA
  64:Generated_Source\PSoC4/cyfitter_cfg.c **** #endif
  65:Generated_Source\PSoC4/cyfitter_cfg.c **** #ifndef CYFAR
  66:Generated_Source\PSoC4/cyfitter_cfg.c ****     #define CYFAR
  67:Generated_Source\PSoC4/cyfitter_cfg.c **** #endif
  68:Generated_Source\PSoC4/cyfitter_cfg.c **** #ifndef CYXDATA
  69:Generated_Source\PSoC4/cyfitter_cfg.c ****     #define CYXDATA
  70:Generated_Source\PSoC4/cyfitter_cfg.c **** #endif
  71:Generated_Source\PSoC4/cyfitter_cfg.c **** 
  72:Generated_Source\PSoC4/cyfitter_cfg.c **** 
  73:Generated_Source\PSoC4/cyfitter_cfg.c **** CY_CFG_UNUSED
  74:Generated_Source\PSoC4/cyfitter_cfg.c **** static void CYMEMZERO(void *s, size_t n);
  75:Generated_Source\PSoC4/cyfitter_cfg.c **** CY_CFG_UNUSED
  76:Generated_Source\PSoC4/cyfitter_cfg.c **** static void CYMEMZERO(void *s, size_t n)
  77:Generated_Source\PSoC4/cyfitter_cfg.c **** {
  78:Generated_Source\PSoC4/cyfitter_cfg.c **** 	(void)memset(s, 0, n);
  79:Generated_Source\PSoC4/cyfitter_cfg.c **** }
  80:Generated_Source\PSoC4/cyfitter_cfg.c **** CY_CFG_UNUSED
  81:Generated_Source\PSoC4/cyfitter_cfg.c **** static void CYCONFIGCPY(void *dest, const void *src, size_t n);
  82:Generated_Source\PSoC4/cyfitter_cfg.c **** CY_CFG_UNUSED
  83:Generated_Source\PSoC4/cyfitter_cfg.c **** static void CYCONFIGCPY(void *dest, const void *src, size_t n)
  84:Generated_Source\PSoC4/cyfitter_cfg.c **** {
  85:Generated_Source\PSoC4/cyfitter_cfg.c **** 	(void)memcpy(dest, src, n);
  86:Generated_Source\PSoC4/cyfitter_cfg.c **** }
  87:Generated_Source\PSoC4/cyfitter_cfg.c **** CY_CFG_UNUSED
  88:Generated_Source\PSoC4/cyfitter_cfg.c **** static void CYCONFIGCPYCODE(void *dest, const void *src, size_t n);
ARM GAS  C:\Users\wl\AppData\Local\Temp\ccqGymfV.s 			page 3


  89:Generated_Source\PSoC4/cyfitter_cfg.c **** CY_CFG_UNUSED
  90:Generated_Source\PSoC4/cyfitter_cfg.c **** static void CYCONFIGCPYCODE(void *dest, const void *src, size_t n)
  91:Generated_Source\PSoC4/cyfitter_cfg.c **** {
  92:Generated_Source\PSoC4/cyfitter_cfg.c **** 	(void)memcpy(dest, src, n);
  93:Generated_Source\PSoC4/cyfitter_cfg.c **** }
  94:Generated_Source\PSoC4/cyfitter_cfg.c **** 
  95:Generated_Source\PSoC4/cyfitter_cfg.c **** 
  96:Generated_Source\PSoC4/cyfitter_cfg.c **** 
  97:Generated_Source\PSoC4/cyfitter_cfg.c **** 
  98:Generated_Source\PSoC4/cyfitter_cfg.c **** /* Clock startup error codes                                                   */
  99:Generated_Source\PSoC4/cyfitter_cfg.c **** #define CYCLOCKSTART_NO_ERROR    0u
 100:Generated_Source\PSoC4/cyfitter_cfg.c **** #define CYCLOCKSTART_XTAL_ERROR  1u
 101:Generated_Source\PSoC4/cyfitter_cfg.c **** #define CYCLOCKSTART_32KHZ_ERROR 2u
 102:Generated_Source\PSoC4/cyfitter_cfg.c **** #define CYCLOCKSTART_PLL_ERROR   3u
 103:Generated_Source\PSoC4/cyfitter_cfg.c **** #define CYCLOCKSTART_FLL_ERROR   4u
 104:Generated_Source\PSoC4/cyfitter_cfg.c **** #define CYCLOCKSTART_WCO_ERROR   5u
 105:Generated_Source\PSoC4/cyfitter_cfg.c **** 
 106:Generated_Source\PSoC4/cyfitter_cfg.c **** 
 107:Generated_Source\PSoC4/cyfitter_cfg.c **** #ifdef CY_NEED_CYCLOCKSTARTUPERROR
 108:Generated_Source\PSoC4/cyfitter_cfg.c **** /*******************************************************************************
 109:Generated_Source\PSoC4/cyfitter_cfg.c **** * Function Name: CyClockStartupError
 110:Generated_Source\PSoC4/cyfitter_cfg.c **** ********************************************************************************
 111:Generated_Source\PSoC4/cyfitter_cfg.c **** * Summary:
 112:Generated_Source\PSoC4/cyfitter_cfg.c **** *  If an error is encountered during clock configuration (crystal startup error,
 113:Generated_Source\PSoC4/cyfitter_cfg.c **** *  PLL lock error, etc.), the system will end up here.  Unless reimplemented by
 114:Generated_Source\PSoC4/cyfitter_cfg.c **** *  the customer, this function will stop in an infinite loop.
 115:Generated_Source\PSoC4/cyfitter_cfg.c **** *
 116:Generated_Source\PSoC4/cyfitter_cfg.c **** * Parameters:
 117:Generated_Source\PSoC4/cyfitter_cfg.c **** *   void
 118:Generated_Source\PSoC4/cyfitter_cfg.c **** *
 119:Generated_Source\PSoC4/cyfitter_cfg.c **** * Return:
 120:Generated_Source\PSoC4/cyfitter_cfg.c **** *   void
 121:Generated_Source\PSoC4/cyfitter_cfg.c **** *
 122:Generated_Source\PSoC4/cyfitter_cfg.c **** *******************************************************************************/
 123:Generated_Source\PSoC4/cyfitter_cfg.c **** CY_CFG_UNUSED
 124:Generated_Source\PSoC4/cyfitter_cfg.c **** static void CyClockStartupError(uint8 errorCode);
 125:Generated_Source\PSoC4/cyfitter_cfg.c **** CY_CFG_UNUSED
 126:Generated_Source\PSoC4/cyfitter_cfg.c **** static void CyClockStartupError(uint8 errorCode)
 127:Generated_Source\PSoC4/cyfitter_cfg.c **** {
 128:Generated_Source\PSoC4/cyfitter_cfg.c ****     /* To remove the compiler warning if errorCode not used.                */
 129:Generated_Source\PSoC4/cyfitter_cfg.c ****     errorCode = errorCode;
 130:Generated_Source\PSoC4/cyfitter_cfg.c **** 
 131:Generated_Source\PSoC4/cyfitter_cfg.c ****     /* If we have a clock startup error (bad MHz crystal, PLL lock, etc.),  */
 132:Generated_Source\PSoC4/cyfitter_cfg.c ****     /* we will end up here to allow the customer to implement something to  */
 133:Generated_Source\PSoC4/cyfitter_cfg.c ****     /* deal with the clock condition.                                       */
 134:Generated_Source\PSoC4/cyfitter_cfg.c **** 
 135:Generated_Source\PSoC4/cyfitter_cfg.c **** #ifdef CY_CFG_CLOCK_STARTUP_ERROR_CALLBACK
 136:Generated_Source\PSoC4/cyfitter_cfg.c ****     CY_CFG_Clock_Startup_ErrorCallback();
 137:Generated_Source\PSoC4/cyfitter_cfg.c **** #else
 138:Generated_Source\PSoC4/cyfitter_cfg.c ****     /*  If not using CY_CFG_CLOCK_STARTUP_ERROR_CALLBACK, place your clock startup code here. */
 139:Generated_Source\PSoC4/cyfitter_cfg.c ****     /* `#START CyClockStartupError` */
 140:Generated_Source\PSoC4/cyfitter_cfg.c **** 
 141:Generated_Source\PSoC4/cyfitter_cfg.c **** 
 142:Generated_Source\PSoC4/cyfitter_cfg.c **** 
 143:Generated_Source\PSoC4/cyfitter_cfg.c ****     /* `#END` */
 144:Generated_Source\PSoC4/cyfitter_cfg.c **** 
 145:Generated_Source\PSoC4/cyfitter_cfg.c ****     while(1) {}
ARM GAS  C:\Users\wl\AppData\Local\Temp\ccqGymfV.s 			page 4


 146:Generated_Source\PSoC4/cyfitter_cfg.c **** #endif /* CY_CFG_CLOCK_STARTUP_ERROR_CALLBACK */
 147:Generated_Source\PSoC4/cyfitter_cfg.c **** }
 148:Generated_Source\PSoC4/cyfitter_cfg.c **** #endif
 149:Generated_Source\PSoC4/cyfitter_cfg.c **** 
 150:Generated_Source\PSoC4/cyfitter_cfg.c **** #define CY_CFG_BASE_ADDR_COUNT 1u
 151:Generated_Source\PSoC4/cyfitter_cfg.c **** CYPACKED typedef struct
 152:Generated_Source\PSoC4/cyfitter_cfg.c **** {
 153:Generated_Source\PSoC4/cyfitter_cfg.c **** 	uint8 offset;
 154:Generated_Source\PSoC4/cyfitter_cfg.c **** 	uint8 value;
 155:Generated_Source\PSoC4/cyfitter_cfg.c **** } CYPACKED_ATTR cy_cfg_addrvalue_t;
 156:Generated_Source\PSoC4/cyfitter_cfg.c **** 
 157:Generated_Source\PSoC4/cyfitter_cfg.c **** 
 158:Generated_Source\PSoC4/cyfitter_cfg.c **** 
 159:Generated_Source\PSoC4/cyfitter_cfg.c **** /*******************************************************************************
 160:Generated_Source\PSoC4/cyfitter_cfg.c **** * Function Name: cfg_write_bytes32
 161:Generated_Source\PSoC4/cyfitter_cfg.c **** ********************************************************************************
 162:Generated_Source\PSoC4/cyfitter_cfg.c **** * Summary:
 163:Generated_Source\PSoC4/cyfitter_cfg.c **** *  This function is used for setting up the chip configuration areas that
 164:Generated_Source\PSoC4/cyfitter_cfg.c **** *  contain relatively sparse data.
 165:Generated_Source\PSoC4/cyfitter_cfg.c **** *
 166:Generated_Source\PSoC4/cyfitter_cfg.c **** * Parameters:
 167:Generated_Source\PSoC4/cyfitter_cfg.c **** *   void
 168:Generated_Source\PSoC4/cyfitter_cfg.c **** *
 169:Generated_Source\PSoC4/cyfitter_cfg.c **** * Return:
 170:Generated_Source\PSoC4/cyfitter_cfg.c **** *   void
 171:Generated_Source\PSoC4/cyfitter_cfg.c **** *
 172:Generated_Source\PSoC4/cyfitter_cfg.c **** *******************************************************************************/
 173:Generated_Source\PSoC4/cyfitter_cfg.c **** static void cfg_write_bytes32(const uint32 addr_table[], const cy_cfg_addrvalue_t data_table[]);
 174:Generated_Source\PSoC4/cyfitter_cfg.c **** static void cfg_write_bytes32(const uint32 addr_table[], const cy_cfg_addrvalue_t data_table[])
 175:Generated_Source\PSoC4/cyfitter_cfg.c **** {
  27              		.loc 1 175 0
  28              		.cfi_startproc
  29              		@ args = 0, pretend = 0, frame = 0
  30              		@ frame_needed = 0, uses_anonymous_args = 0
  31              	.LVL0:
  32 0000 F0B5     		push	{r4, r5, r6, r7, lr}
  33              		.cfi_def_cfa_offset 20
  34              		.cfi_offset 4, -20
  35              		.cfi_offset 5, -16
  36              		.cfi_offset 6, -12
  37              		.cfi_offset 7, -8
  38              		.cfi_offset 14, -4
  39              	.LVL1:
 176:Generated_Source\PSoC4/cyfitter_cfg.c **** 	/* For 32-bit little-endian architectures */
 177:Generated_Source\PSoC4/cyfitter_cfg.c **** 	uint32 i, j = 0u;
  40              		.loc 1 177 0
  41 0002 0025     		movs	r5, #0
 178:Generated_Source\PSoC4/cyfitter_cfg.c **** 	for (i = 0u; i < CY_CFG_BASE_ADDR_COUNT; i++)
  42              		.loc 1 178 0
  43 0004 0027     		movs	r7, #0
  44 0006 11E0     		b	.L2
  45              	.LVL2:
  46              	.L5:
  47              	.LBB2:
 179:Generated_Source\PSoC4/cyfitter_cfg.c **** 	{
 180:Generated_Source\PSoC4/cyfitter_cfg.c **** 		uint32 baseAddr = addr_table[i];
  48              		.loc 1 180 0
ARM GAS  C:\Users\wl\AppData\Local\Temp\ccqGymfV.s 			page 5


  49 0008 BB00     		lsls	r3, r7, #2
  50 000a C658     		ldr	r6, [r0, r3]
  51              	.LVL3:
 181:Generated_Source\PSoC4/cyfitter_cfg.c **** 		uint8 count = (uint8)baseAddr;
  52              		.loc 1 181 0
  53 000c F3B2     		uxtb	r3, r6
  54              	.LVL4:
 182:Generated_Source\PSoC4/cyfitter_cfg.c **** 		baseAddr &= 0xFFFFFF00u;
  55              		.loc 1 182 0
  56 000e FF22     		movs	r2, #255
  57 0010 9643     		bics	r6, r2
  58              	.LVL5:
 183:Generated_Source\PSoC4/cyfitter_cfg.c **** 		while (count != 0u)
  59              		.loc 1 183 0
  60 0012 08E0     		b	.L3
  61              	.L4:
 184:Generated_Source\PSoC4/cyfitter_cfg.c **** 		{
 185:Generated_Source\PSoC4/cyfitter_cfg.c **** 			CY_SET_REG8((void *)(baseAddr + data_table[j].offset), data_table[j].value);
  62              		.loc 1 185 0
  63 0014 6A00     		lsls	r2, r5, #1
  64 0016 8A18     		adds	r2, r1, r2
  65 0018 1478     		ldrb	r4, [r2]
  66 001a A419     		adds	r4, r4, r6
  67 001c 5278     		ldrb	r2, [r2, #1]
  68 001e 2270     		strb	r2, [r4]
 186:Generated_Source\PSoC4/cyfitter_cfg.c **** 			j++;
  69              		.loc 1 186 0
  70 0020 0135     		adds	r5, r5, #1
  71              	.LVL6:
 187:Generated_Source\PSoC4/cyfitter_cfg.c **** 			count--;
  72              		.loc 1 187 0
  73 0022 013B     		subs	r3, r3, #1
  74              	.LVL7:
  75 0024 DBB2     		uxtb	r3, r3
  76              	.LVL8:
  77              	.L3:
 183:Generated_Source\PSoC4/cyfitter_cfg.c **** 		{
  78              		.loc 1 183 0
  79 0026 002B     		cmp	r3, #0
  80 0028 F4D1     		bne	.L4
  81              	.LBE2:
 178:Generated_Source\PSoC4/cyfitter_cfg.c **** 	{
  82              		.loc 1 178 0 discriminator 2
  83 002a 0137     		adds	r7, r7, #1
  84              	.LVL9:
  85              	.L2:
 178:Generated_Source\PSoC4/cyfitter_cfg.c **** 	{
  86              		.loc 1 178 0 is_stmt 0 discriminator 1
  87 002c 002F     		cmp	r7, #0
  88 002e EBD0     		beq	.L5
 188:Generated_Source\PSoC4/cyfitter_cfg.c **** 		}
 189:Generated_Source\PSoC4/cyfitter_cfg.c **** 	}
 190:Generated_Source\PSoC4/cyfitter_cfg.c **** }
  89              		.loc 1 190 0 is_stmt 1
  90              		@ sp needed
  91              	.LVL10:
  92              	.LVL11:
ARM GAS  C:\Users\wl\AppData\Local\Temp\ccqGymfV.s 			page 6


  93 0030 F0BD     		pop	{r4, r5, r6, r7, pc}
  94              		.cfi_endproc
  95              	.LFE5:
  96              		.size	cfg_write_bytes32, .-cfg_write_bytes32
  97 0032 C046     		.section	.text.AnalogSetDefault,"ax",%progbits
  98              		.align	2
  99              		.code	16
 100              		.thumb_func
 101              		.type	AnalogSetDefault, %function
 102              	AnalogSetDefault:
 103              	.LFB7:
 191:Generated_Source\PSoC4/cyfitter_cfg.c **** 
 192:Generated_Source\PSoC4/cyfitter_cfg.c **** 
 193:Generated_Source\PSoC4/cyfitter_cfg.c **** /*******************************************************************************
 194:Generated_Source\PSoC4/cyfitter_cfg.c **** * Function Name: ClockSetup
 195:Generated_Source\PSoC4/cyfitter_cfg.c **** ********************************************************************************
 196:Generated_Source\PSoC4/cyfitter_cfg.c **** *
 197:Generated_Source\PSoC4/cyfitter_cfg.c **** * Summary:
 198:Generated_Source\PSoC4/cyfitter_cfg.c **** *   Performs the initialization of all of the clocks in the device based on the
 199:Generated_Source\PSoC4/cyfitter_cfg.c **** *   settings in the Clock tab of the DWR.  This includes enabling the requested
 200:Generated_Source\PSoC4/cyfitter_cfg.c **** *   clocks and setting the necessary dividers to produce the desired frequency. 
 201:Generated_Source\PSoC4/cyfitter_cfg.c **** *
 202:Generated_Source\PSoC4/cyfitter_cfg.c **** * Parameters:
 203:Generated_Source\PSoC4/cyfitter_cfg.c **** *   void
 204:Generated_Source\PSoC4/cyfitter_cfg.c **** *
 205:Generated_Source\PSoC4/cyfitter_cfg.c **** * Return:
 206:Generated_Source\PSoC4/cyfitter_cfg.c **** *   void
 207:Generated_Source\PSoC4/cyfitter_cfg.c **** *
 208:Generated_Source\PSoC4/cyfitter_cfg.c **** *******************************************************************************/
 209:Generated_Source\PSoC4/cyfitter_cfg.c **** static void ClockSetup(void);
 210:Generated_Source\PSoC4/cyfitter_cfg.c **** CY_CFG_SECTION
 211:Generated_Source\PSoC4/cyfitter_cfg.c **** static void ClockSetup(void)
 212:Generated_Source\PSoC4/cyfitter_cfg.c **** {
 213:Generated_Source\PSoC4/cyfitter_cfg.c **** 
 214:Generated_Source\PSoC4/cyfitter_cfg.c **** 	/* Set Flash Cycles based on max possible frequency in case a glitch occurs during ClockSetup(). *
 215:Generated_Source\PSoC4/cyfitter_cfg.c **** 	CY_SET_REG32((void CYXDATA *)(CYREG_CPUSS_FLASH_CTL), (0x0012u));
 216:Generated_Source\PSoC4/cyfitter_cfg.c **** 
 217:Generated_Source\PSoC4/cyfitter_cfg.c **** 	/* Start the WCO */
 218:Generated_Source\PSoC4/cyfitter_cfg.c **** 	CySysClkWcoStart();
 219:Generated_Source\PSoC4/cyfitter_cfg.c **** 	CyDelayCycles(12000000u); /* WCO may take up to 500ms to start */
 220:Generated_Source\PSoC4/cyfitter_cfg.c **** 	(void)CySysClkWcoSetPowerMode(CY_SYS_CLK_WCO_LPM);    /* Switch to the low power mode */
 221:Generated_Source\PSoC4/cyfitter_cfg.c **** 
 222:Generated_Source\PSoC4/cyfitter_cfg.c **** 	/* Setup and trim IMO based on desired frequency. */
 223:Generated_Source\PSoC4/cyfitter_cfg.c **** 	CySysClkWriteImoFreq(48u);
 224:Generated_Source\PSoC4/cyfitter_cfg.c **** 	/* CYDEV_CLK_ILO_CONFIG Starting address: CYDEV_CLK_ILO_CONFIG */
 225:Generated_Source\PSoC4/cyfitter_cfg.c **** 	CY_SET_REG32((void *)(CYREG_CLK_ILO_CONFIG), 0x80000006u);
 226:Generated_Source\PSoC4/cyfitter_cfg.c **** 
 227:Generated_Source\PSoC4/cyfitter_cfg.c **** 	/* CYDEV_WDT_CONFIG Starting address: CYDEV_WDT_CONFIG */
 228:Generated_Source\PSoC4/cyfitter_cfg.c **** 	CY_SET_REG32((void *)(CYREG_WDT_CONFIG), 0x40000000u);
 229:Generated_Source\PSoC4/cyfitter_cfg.c **** 
 230:Generated_Source\PSoC4/cyfitter_cfg.c **** 
 231:Generated_Source\PSoC4/cyfitter_cfg.c **** 	/* Enable fast start mode for XO */
 232:Generated_Source\PSoC4/cyfitter_cfg.c **** 	CY_SET_REG32((void*)CYREG_BLE_BLERD_BB_XO, CY_GET_REG32((void*)CYREG_BLE_BLERD_BB_XO) | (uint32)0x
 233:Generated_Source\PSoC4/cyfitter_cfg.c **** 	CY_SET_REG32((void *)(CYREG_BLE_BLERD_BB_XO_CAPTRIM), 0x00003E2Du);
 234:Generated_Source\PSoC4/cyfitter_cfg.c **** 	/*Set XTAL(ECO) divider*/
 235:Generated_Source\PSoC4/cyfitter_cfg.c **** 	CY_SET_REG32((void *)(CYREG_BLE_BLESS_XTAL_CLK_DIV_CONFIG), 0x00000000u);
 236:Generated_Source\PSoC4/cyfitter_cfg.c **** 	/* Disable Crystal Stable Interrupt before enabling ECO */
ARM GAS  C:\Users\wl\AppData\Local\Temp\ccqGymfV.s 			page 7


 237:Generated_Source\PSoC4/cyfitter_cfg.c **** 	CY_SET_REG32((void*)CYREG_BLE_BLESS_LL_DSM_CTRL, CY_GET_REG32((void*)CYREG_BLE_BLESS_LL_DSM_CTRL) 
 238:Generated_Source\PSoC4/cyfitter_cfg.c **** 	/* Start the ECO and do not check status since it is not needed for HFCLK */
 239:Generated_Source\PSoC4/cyfitter_cfg.c **** 	(void)CySysClkEcoStart(2000u);
 240:Generated_Source\PSoC4/cyfitter_cfg.c **** 	CyDelayUs(1500u); /* Wait to stabilize */
 241:Generated_Source\PSoC4/cyfitter_cfg.c **** 
 242:Generated_Source\PSoC4/cyfitter_cfg.c **** 	/* Setup phase aligned clocks */
 243:Generated_Source\PSoC4/cyfitter_cfg.c **** 	CY_SET_REG32((void *)CYREG_PERI_DIV_16_CTL1, 0x00BB7F00u);
 244:Generated_Source\PSoC4/cyfitter_cfg.c **** 	CY_SET_REG32((void *)CYREG_PERI_DIV_CMD, 0x8000FF41u);
 245:Generated_Source\PSoC4/cyfitter_cfg.c **** 	CY_SET_REG32((void *)CYREG_PERI_DIV_16_CTL0, 0x00001D00u);
 246:Generated_Source\PSoC4/cyfitter_cfg.c **** 	CY_SET_REG32((void *)CYREG_PERI_DIV_CMD, 0x8000FF40u);
 247:Generated_Source\PSoC4/cyfitter_cfg.c **** 
 248:Generated_Source\PSoC4/cyfitter_cfg.c **** 	/* CYDEV_CLK_IMO_CONFIG Starting address: CYDEV_CLK_IMO_CONFIG */
 249:Generated_Source\PSoC4/cyfitter_cfg.c **** 	CY_SET_REG32((void *)(CYREG_CLK_IMO_CONFIG), 0x80000000u);
 250:Generated_Source\PSoC4/cyfitter_cfg.c **** 
 251:Generated_Source\PSoC4/cyfitter_cfg.c **** 	/* CYDEV_CLK_SELECT Starting address: CYDEV_CLK_SELECT */
 252:Generated_Source\PSoC4/cyfitter_cfg.c **** 	CY_SET_REG32((void *)(CYREG_CLK_SELECT), 0x00040000u);
 253:Generated_Source\PSoC4/cyfitter_cfg.c **** 
 254:Generated_Source\PSoC4/cyfitter_cfg.c **** 	/* CYDEV_PERI_PCLK_CTL7 Starting address: CYDEV_PERI_PCLK_CTL7 */
 255:Generated_Source\PSoC4/cyfitter_cfg.c **** 	CY_SET_REG32((void *)(CYREG_PERI_PCLK_CTL7), 0x00000041u);
 256:Generated_Source\PSoC4/cyfitter_cfg.c **** 
 257:Generated_Source\PSoC4/cyfitter_cfg.c **** 	/* CYDEV_PERI_PCLK_CTL2 Starting address: CYDEV_PERI_PCLK_CTL2 */
 258:Generated_Source\PSoC4/cyfitter_cfg.c **** 	CY_SET_REG32((void *)(CYREG_PERI_PCLK_CTL2), 0x00000040u);
 259:Generated_Source\PSoC4/cyfitter_cfg.c **** 
 260:Generated_Source\PSoC4/cyfitter_cfg.c **** 	(void)CyIntSetVector(8u, &CySysWdtIsr);
 261:Generated_Source\PSoC4/cyfitter_cfg.c **** 	CyIntEnable(8u);
 262:Generated_Source\PSoC4/cyfitter_cfg.c **** 	CY_SET_REG32((void *)(CYREG_WDT_CONFIG), 0x40000000u);
 263:Generated_Source\PSoC4/cyfitter_cfg.c **** }
 264:Generated_Source\PSoC4/cyfitter_cfg.c **** 
 265:Generated_Source\PSoC4/cyfitter_cfg.c **** 
 266:Generated_Source\PSoC4/cyfitter_cfg.c **** /* Analog API Functions */
 267:Generated_Source\PSoC4/cyfitter_cfg.c **** 
 268:Generated_Source\PSoC4/cyfitter_cfg.c **** 
 269:Generated_Source\PSoC4/cyfitter_cfg.c **** /*******************************************************************************
 270:Generated_Source\PSoC4/cyfitter_cfg.c **** * Function Name: AnalogSetDefault
 271:Generated_Source\PSoC4/cyfitter_cfg.c **** ********************************************************************************
 272:Generated_Source\PSoC4/cyfitter_cfg.c **** *
 273:Generated_Source\PSoC4/cyfitter_cfg.c **** * Summary:
 274:Generated_Source\PSoC4/cyfitter_cfg.c **** *  Sets up the analog portions of the chip to default values based on chip
 275:Generated_Source\PSoC4/cyfitter_cfg.c **** *  configuration options from the project.
 276:Generated_Source\PSoC4/cyfitter_cfg.c **** *
 277:Generated_Source\PSoC4/cyfitter_cfg.c **** * Parameters:
 278:Generated_Source\PSoC4/cyfitter_cfg.c **** *  void
 279:Generated_Source\PSoC4/cyfitter_cfg.c **** *
 280:Generated_Source\PSoC4/cyfitter_cfg.c **** * Return:
 281:Generated_Source\PSoC4/cyfitter_cfg.c **** *  void
 282:Generated_Source\PSoC4/cyfitter_cfg.c **** *
 283:Generated_Source\PSoC4/cyfitter_cfg.c **** *******************************************************************************/
 284:Generated_Source\PSoC4/cyfitter_cfg.c **** static void AnalogSetDefault(void);
 285:Generated_Source\PSoC4/cyfitter_cfg.c **** static void AnalogSetDefault(void)
 286:Generated_Source\PSoC4/cyfitter_cfg.c **** {
 104              		.loc 1 286 0
 105              		.cfi_startproc
 106              		@ args = 0, pretend = 0, frame = 0
 107              		@ frame_needed = 0, uses_anonymous_args = 0
 108              		@ link register save eliminated.
 287:Generated_Source\PSoC4/cyfitter_cfg.c **** 	CY_SET_XTND_REG32((void CYFAR *)CYREG_CTBM0_DFT_CTRL, 0x00000003u);
 109              		.loc 1 287 0
ARM GAS  C:\Users\wl\AppData\Local\Temp\ccqGymfV.s 			page 8


 110 0000 0323     		movs	r3, #3
 111 0002 044A     		ldr	r2, .L7
 112 0004 1360     		str	r3, [r2]
 288:Generated_Source\PSoC4/cyfitter_cfg.c **** 	CY_SET_XTND_REG32((void CYFAR *)CYREG_CTBM1_DFT_CTRL, 0x00000003u);
 113              		.loc 1 288 0
 114 0006 044A     		ldr	r2, .L7+4
 115 0008 1360     		str	r3, [r2]
 289:Generated_Source\PSoC4/cyfitter_cfg.c **** 	CY_SET_XTND_REG32((void CYFAR *)CYREG_PASS_DSAB_DSAB_CTRL, 0x00000000u);
 116              		.loc 1 289 0
 117 000a 0022     		movs	r2, #0
 118 000c 034B     		ldr	r3, .L7+8
 119 000e 1A60     		str	r2, [r3]
 290:Generated_Source\PSoC4/cyfitter_cfg.c **** }
 120              		.loc 1 290 0
 121              		@ sp needed
 122 0010 7047     		bx	lr
 123              	.L8:
 124 0012 C046     		.align	2
 125              	.L7:
 126 0014 30003040 		.word	1076887600
 127 0018 30003140 		.word	1076953136
 128 001c 000E3F40 		.word	1077874176
 129              		.cfi_endproc
 130              	.LFE7:
 131              		.size	AnalogSetDefault, .-AnalogSetDefault
 132              		.section	.text.CYMEMZERO,"ax",%progbits
 133              		.align	2
 134              		.code	16
 135              		.thumb_func
 136              		.type	CYMEMZERO, %function
 137              	CYMEMZERO:
 138              	.LFB2:
  77:Generated_Source\PSoC4/cyfitter_cfg.c **** 	(void)memset(s, 0, n);
 139              		.loc 1 77 0
 140              		.cfi_startproc
 141              		@ args = 0, pretend = 0, frame = 0
 142              		@ frame_needed = 0, uses_anonymous_args = 0
 143              	.LVL12:
 144 0000 10B5     		push	{r4, lr}
 145              		.cfi_def_cfa_offset 8
 146              		.cfi_offset 4, -8
 147              		.cfi_offset 14, -4
 148 0002 0A00     		movs	r2, r1
  78:Generated_Source\PSoC4/cyfitter_cfg.c **** }
 149              		.loc 1 78 0
 150 0004 0021     		movs	r1, #0
 151              	.LVL13:
 152 0006 FFF7FEFF 		bl	memset
 153              	.LVL14:
  79:Generated_Source\PSoC4/cyfitter_cfg.c **** CY_CFG_UNUSED
 154              		.loc 1 79 0
 155              		@ sp needed
 156 000a 10BD     		pop	{r4, pc}
 157              		.cfi_endproc
 158              	.LFE2:
 159              		.size	CYMEMZERO, .-CYMEMZERO
 160              		.section	.psocinit,"ax",%progbits
ARM GAS  C:\Users\wl\AppData\Local\Temp\ccqGymfV.s 			page 9


 161              		.align	2
 162              		.code	16
 163              		.thumb_func
 164              		.type	ClockSetup, %function
 165              	ClockSetup:
 166              	.LFB6:
 212:Generated_Source\PSoC4/cyfitter_cfg.c **** 
 167              		.loc 1 212 0
 168              		.cfi_startproc
 169              		@ args = 0, pretend = 0, frame = 0
 170              		@ frame_needed = 0, uses_anonymous_args = 0
 171 0000 70B5     		push	{r4, r5, r6, lr}
 172              		.cfi_def_cfa_offset 16
 173              		.cfi_offset 4, -16
 174              		.cfi_offset 5, -12
 175              		.cfi_offset 6, -8
 176              		.cfi_offset 14, -4
 215:Generated_Source\PSoC4/cyfitter_cfg.c **** 
 177              		.loc 1 215 0
 178 0002 1222     		movs	r2, #18
 179 0004 264B     		ldr	r3, .L11
 180 0006 1A60     		str	r2, [r3]
 218:Generated_Source\PSoC4/cyfitter_cfg.c **** 	CyDelayCycles(12000000u); /* WCO may take up to 500ms to start */
 181              		.loc 1 218 0
 182 0008 FFF7FEFF 		bl	CySysClkWcoStart
 183              	.LVL15:
 219:Generated_Source\PSoC4/cyfitter_cfg.c **** 	(void)CySysClkWcoSetPowerMode(CY_SYS_CLK_WCO_LPM);    /* Switch to the low power mode */
 184              		.loc 1 219 0
 185 000c 2548     		ldr	r0, .L11+4
 186 000e FFF7FEFF 		bl	CyDelayCycles
 187              	.LVL16:
 220:Generated_Source\PSoC4/cyfitter_cfg.c **** 
 188              		.loc 1 220 0
 189 0012 0120     		movs	r0, #1
 190 0014 FFF7FEFF 		bl	CySysClkWcoSetPowerMode
 191              	.LVL17:
 223:Generated_Source\PSoC4/cyfitter_cfg.c **** 	/* CYDEV_CLK_ILO_CONFIG Starting address: CYDEV_CLK_ILO_CONFIG */
 192              		.loc 1 223 0
 193 0018 3020     		movs	r0, #48
 194 001a FFF7FEFF 		bl	CySysClkWriteImoFreq
 195              	.LVL18:
 225:Generated_Source\PSoC4/cyfitter_cfg.c **** 
 196              		.loc 1 225 0
 197 001e 224A     		ldr	r2, .L11+8
 198 0020 224B     		ldr	r3, .L11+12
 199 0022 1A60     		str	r2, [r3]
 228:Generated_Source\PSoC4/cyfitter_cfg.c **** 
 200              		.loc 1 228 0
 201 0024 224C     		ldr	r4, .L11+16
 202 0026 8025     		movs	r5, #128
 203 0028 ED05     		lsls	r5, r5, #23
 204 002a 2560     		str	r5, [r4]
 232:Generated_Source\PSoC4/cyfitter_cfg.c **** 	CY_SET_REG32((void *)(CYREG_BLE_BLERD_BB_XO_CAPTRIM), 0x00003E2Du);
 205              		.loc 1 232 0
 206 002c 214A     		ldr	r2, .L11+20
 207 002e 1168     		ldr	r1, [r2]
 208 0030 0223     		movs	r3, #2
ARM GAS  C:\Users\wl\AppData\Local\Temp\ccqGymfV.s 			page 10


 209 0032 0B43     		orrs	r3, r1
 210 0034 1360     		str	r3, [r2]
 233:Generated_Source\PSoC4/cyfitter_cfg.c **** 	/*Set XTAL(ECO) divider*/
 211              		.loc 1 233 0
 212 0036 204A     		ldr	r2, .L11+24
 213 0038 204B     		ldr	r3, .L11+28
 214 003a 1A60     		str	r2, [r3]
 235:Generated_Source\PSoC4/cyfitter_cfg.c **** 	/* Disable Crystal Stable Interrupt before enabling ECO */
 215              		.loc 1 235 0
 216 003c 0022     		movs	r2, #0
 217 003e 204B     		ldr	r3, .L11+32
 218 0040 1A60     		str	r2, [r3]
 237:Generated_Source\PSoC4/cyfitter_cfg.c **** 	/* Start the ECO and do not check status since it is not needed for HFCLK */
 219              		.loc 1 237 0
 220 0042 204A     		ldr	r2, .L11+36
 221 0044 1368     		ldr	r3, [r2]
 222 0046 0821     		movs	r1, #8
 223 0048 8B43     		bics	r3, r1
 224 004a 1360     		str	r3, [r2]
 239:Generated_Source\PSoC4/cyfitter_cfg.c **** 	CyDelayUs(1500u); /* Wait to stabilize */
 225              		.loc 1 239 0
 226 004c FA20     		movs	r0, #250
 227 004e C000     		lsls	r0, r0, #3
 228 0050 FFF7FEFF 		bl	CySysClkEcoStart
 229              	.LVL19:
 240:Generated_Source\PSoC4/cyfitter_cfg.c **** 
 230              		.loc 1 240 0
 231 0054 1C48     		ldr	r0, .L11+40
 232 0056 FFF7FEFF 		bl	CyDelayUs
 233              	.LVL20:
 243:Generated_Source\PSoC4/cyfitter_cfg.c **** 	CY_SET_REG32((void *)CYREG_PERI_DIV_CMD, 0x8000FF41u);
 234              		.loc 1 243 0
 235 005a 1C4A     		ldr	r2, .L11+44
 236 005c 1C4B     		ldr	r3, .L11+48
 237 005e 1A60     		str	r2, [r3]
 244:Generated_Source\PSoC4/cyfitter_cfg.c **** 	CY_SET_REG32((void *)CYREG_PERI_DIV_16_CTL0, 0x00001D00u);
 238              		.loc 1 244 0
 239 0060 1C4B     		ldr	r3, .L11+52
 240 0062 1D4A     		ldr	r2, .L11+56
 241 0064 1A60     		str	r2, [r3]
 245:Generated_Source\PSoC4/cyfitter_cfg.c **** 	CY_SET_REG32((void *)CYREG_PERI_DIV_CMD, 0x8000FF40u);
 242              		.loc 1 245 0
 243 0066 E821     		movs	r1, #232
 244 0068 4901     		lsls	r1, r1, #5
 245 006a 1C4A     		ldr	r2, .L11+60
 246 006c 1160     		str	r1, [r2]
 246:Generated_Source\PSoC4/cyfitter_cfg.c **** 
 247              		.loc 1 246 0
 248 006e 1C4A     		ldr	r2, .L11+64
 249 0070 1A60     		str	r2, [r3]
 249:Generated_Source\PSoC4/cyfitter_cfg.c **** 
 250              		.loc 1 249 0
 251 0072 8022     		movs	r2, #128
 252 0074 1206     		lsls	r2, r2, #24
 253 0076 1B4B     		ldr	r3, .L11+68
 254 0078 1A60     		str	r2, [r3]
 252:Generated_Source\PSoC4/cyfitter_cfg.c **** 
ARM GAS  C:\Users\wl\AppData\Local\Temp\ccqGymfV.s 			page 11


 255              		.loc 1 252 0
 256 007a 8022     		movs	r2, #128
 257 007c D202     		lsls	r2, r2, #11
 258 007e 1A4B     		ldr	r3, .L11+72
 259 0080 1A60     		str	r2, [r3]
 255:Generated_Source\PSoC4/cyfitter_cfg.c **** 
 260              		.loc 1 255 0
 261 0082 4122     		movs	r2, #65
 262 0084 194B     		ldr	r3, .L11+76
 263 0086 1A60     		str	r2, [r3]
 258:Generated_Source\PSoC4/cyfitter_cfg.c **** 
 264              		.loc 1 258 0
 265 0088 013A     		subs	r2, r2, #1
 266 008a 194B     		ldr	r3, .L11+80
 267 008c 1A60     		str	r2, [r3]
 260:Generated_Source\PSoC4/cyfitter_cfg.c **** 	CyIntEnable(8u);
 268              		.loc 1 260 0
 269 008e 1949     		ldr	r1, .L11+84
 270 0090 0820     		movs	r0, #8
 271 0092 FFF7FEFF 		bl	CyIntSetVector
 272              	.LVL21:
 261:Generated_Source\PSoC4/cyfitter_cfg.c **** 	CY_SET_REG32((void *)(CYREG_WDT_CONFIG), 0x40000000u);
 273              		.loc 1 261 0
 274 0096 0820     		movs	r0, #8
 275 0098 FFF7FEFF 		bl	CyIntEnable
 276              	.LVL22:
 262:Generated_Source\PSoC4/cyfitter_cfg.c **** }
 277              		.loc 1 262 0
 278 009c 2560     		str	r5, [r4]
 263:Generated_Source\PSoC4/cyfitter_cfg.c **** 
 279              		.loc 1 263 0
 280              		@ sp needed
 281 009e 70BD     		pop	{r4, r5, r6, pc}
 282              	.L12:
 283              		.align	2
 284              	.L11:
 285 00a0 30001040 		.word	1074790448
 286 00a4 001BB700 		.word	12000000
 287 00a8 06000080 		.word	-2147483642
 288 00ac 04010B40 		.word	1074462980
 289 00b0 0C020B40 		.word	1074463244
 290 00b4 78002E40 		.word	1076756600
 291 00b8 2D3E0000 		.word	15917
 292 00bc 7C002E40 		.word	1076756604
 293 00c0 64F02E40 		.word	1076818020
 294 00c4 6CF02E40 		.word	1076818028
 295 00c8 DC050000 		.word	1500
 296 00cc 007FBB00 		.word	12287744
 297 00d0 04030140 		.word	1073808132
 298 00d4 00000140 		.word	1073807360
 299 00d8 41FF0080 		.word	-2147418303
 300 00dc 00030140 		.word	1073808128
 301 00e0 40FF0080 		.word	-2147418304
 302 00e4 08010B40 		.word	1074462984
 303 00e8 00010B40 		.word	1074462976
 304 00ec 1C010140 		.word	1073807644
 305 00f0 08010140 		.word	1073807624
ARM GAS  C:\Users\wl\AppData\Local\Temp\ccqGymfV.s 			page 12


 306 00f4 00000000 		.word	CySysWdtIsr
 307              		.cfi_endproc
 308              	.LFE6:
 309              		.size	ClockSetup, .-ClockSetup
 310              		.align	2
 311              		.global	cyfitter_cfg
 312              		.code	16
 313              		.thumb_func
 314              		.type	cyfitter_cfg, %function
 315              	cyfitter_cfg:
 316              	.LFB8:
 291:Generated_Source\PSoC4/cyfitter_cfg.c **** 
 292:Generated_Source\PSoC4/cyfitter_cfg.c **** 
 293:Generated_Source\PSoC4/cyfitter_cfg.c **** 
 294:Generated_Source\PSoC4/cyfitter_cfg.c **** 
 295:Generated_Source\PSoC4/cyfitter_cfg.c **** /*******************************************************************************
 296:Generated_Source\PSoC4/cyfitter_cfg.c **** * Function Name: cyfitter_cfg
 297:Generated_Source\PSoC4/cyfitter_cfg.c **** ********************************************************************************
 298:Generated_Source\PSoC4/cyfitter_cfg.c **** * Summary:
 299:Generated_Source\PSoC4/cyfitter_cfg.c **** *  This function is called by the start-up code for the selected device. It
 300:Generated_Source\PSoC4/cyfitter_cfg.c **** *  performs all of the necessary device configuration based on the design
 301:Generated_Source\PSoC4/cyfitter_cfg.c **** *  settings.  This includes settings from the Design Wide Resources (DWR) such
 302:Generated_Source\PSoC4/cyfitter_cfg.c **** *  as Clocks and Pins as well as any component configuration that is necessary.
 303:Generated_Source\PSoC4/cyfitter_cfg.c **** *
 304:Generated_Source\PSoC4/cyfitter_cfg.c **** * Parameters:
 305:Generated_Source\PSoC4/cyfitter_cfg.c **** *   void
 306:Generated_Source\PSoC4/cyfitter_cfg.c **** *
 307:Generated_Source\PSoC4/cyfitter_cfg.c **** * Return:
 308:Generated_Source\PSoC4/cyfitter_cfg.c **** *   void
 309:Generated_Source\PSoC4/cyfitter_cfg.c **** *
 310:Generated_Source\PSoC4/cyfitter_cfg.c **** *******************************************************************************/
 311:Generated_Source\PSoC4/cyfitter_cfg.c **** CY_CFG_SECTION
 312:Generated_Source\PSoC4/cyfitter_cfg.c **** void cyfitter_cfg(void)
 313:Generated_Source\PSoC4/cyfitter_cfg.c **** {
 317              		.loc 1 313 0
 318              		.cfi_startproc
 319              		@ args = 0, pretend = 0, frame = 0
 320              		@ frame_needed = 0, uses_anonymous_args = 0
 321 00f8 10B5     		push	{r4, lr}
 322              		.cfi_def_cfa_offset 8
 323              		.cfi_offset 4, -8
 324              		.cfi_offset 14, -4
 314:Generated_Source\PSoC4/cyfitter_cfg.c **** 	/* Disable interrupts by default. Let user enable if/when they want. */
 315:Generated_Source\PSoC4/cyfitter_cfg.c **** 	CyGlobalIntDisable;
 325              		.loc 1 315 0
 326              		.syntax divided
 327              	@ 315 "Generated_Source\PSoC4\cyfitter_cfg.c" 1
 328 00fa 72B6     		CPSID   i
 329              	@ 0 "" 2
 316:Generated_Source\PSoC4/cyfitter_cfg.c **** 
 317:Generated_Source\PSoC4/cyfitter_cfg.c **** 	CY_SET_REG32((void *)(CYREG_BLE_BLESS_LL_DSM_CTRL), 0x00000000u);
 330              		.loc 1 317 0
 331              		.thumb
 332              		.syntax unified
 333 00fc 0022     		movs	r2, #0
 334 00fe 284B     		ldr	r3, .L16
 335 0100 1A60     		str	r2, [r3]
ARM GAS  C:\Users\wl\AppData\Local\Temp\ccqGymfV.s 			page 13


 336              	.LVL23:
 337              	.LBB3:
 318:Generated_Source\PSoC4/cyfitter_cfg.c **** 
 319:Generated_Source\PSoC4/cyfitter_cfg.c **** 	{
 320:Generated_Source\PSoC4/cyfitter_cfg.c **** 		static const uint32 CYCODE cy_cfg_addr_table[] = {
 321:Generated_Source\PSoC4/cyfitter_cfg.c **** 			0x400F4204u, /* Base address: 0x400F4200 Count: 4 */
 322:Generated_Source\PSoC4/cyfitter_cfg.c **** 		};
 323:Generated_Source\PSoC4/cyfitter_cfg.c **** 
 324:Generated_Source\PSoC4/cyfitter_cfg.c **** 		static const cy_cfg_addrvalue_t CYCODE cy_cfg_data_table[] = {
 325:Generated_Source\PSoC4/cyfitter_cfg.c **** 			{0x11u, 0x01u},
 326:Generated_Source\PSoC4/cyfitter_cfg.c **** 			{0x5Du, 0x01u},
 327:Generated_Source\PSoC4/cyfitter_cfg.c **** 			{0xC4u, 0x08u},
 328:Generated_Source\PSoC4/cyfitter_cfg.c **** 			{0xD6u, 0x01u},
 329:Generated_Source\PSoC4/cyfitter_cfg.c **** 		};
 330:Generated_Source\PSoC4/cyfitter_cfg.c **** 
 331:Generated_Source\PSoC4/cyfitter_cfg.c **** 
 332:Generated_Source\PSoC4/cyfitter_cfg.c **** 
 333:Generated_Source\PSoC4/cyfitter_cfg.c **** 		CYPACKED typedef struct {
 334:Generated_Source\PSoC4/cyfitter_cfg.c **** 			void CYFAR *address;
 335:Generated_Source\PSoC4/cyfitter_cfg.c **** 			uint16 size;
 336:Generated_Source\PSoC4/cyfitter_cfg.c **** 		} CYPACKED_ATTR cfg_memset_t;
 337:Generated_Source\PSoC4/cyfitter_cfg.c **** 
 338:Generated_Source\PSoC4/cyfitter_cfg.c **** 		static const cfg_memset_t CYCODE cfg_memset_list[] = {
 339:Generated_Source\PSoC4/cyfitter_cfg.c **** 			/* address, size */
 340:Generated_Source\PSoC4/cyfitter_cfg.c **** 			{(void CYFAR *)(CYDEV_UDB_P0_U0_BASE), 1024u},
 341:Generated_Source\PSoC4/cyfitter_cfg.c **** 			{(void CYFAR *)(CYDEV_UDB_DSI0_BASE), 1024u},
 342:Generated_Source\PSoC4/cyfitter_cfg.c **** 		};
 343:Generated_Source\PSoC4/cyfitter_cfg.c **** 
 344:Generated_Source\PSoC4/cyfitter_cfg.c **** 		uint8 CYDATA i;
 345:Generated_Source\PSoC4/cyfitter_cfg.c **** 
 346:Generated_Source\PSoC4/cyfitter_cfg.c **** 		/* Zero out critical memory blocks before beginning configuration */
 347:Generated_Source\PSoC4/cyfitter_cfg.c **** 		for (i = 0u; i < (sizeof(cfg_memset_list)/sizeof(cfg_memset_list[0])); i++)
 338              		.loc 1 347 0
 339 0102 0024     		movs	r4, #0
 340 0104 0FE0     		b	.L14
 341              	.LVL24:
 342              	.L15:
 343              	.LBB4:
 348:Generated_Source\PSoC4/cyfitter_cfg.c **** 		{
 349:Generated_Source\PSoC4/cyfitter_cfg.c **** 			const cfg_memset_t CYCODE * CYDATA ms = &cfg_memset_list[i];
 350:Generated_Source\PSoC4/cyfitter_cfg.c **** 			CYMEMZERO(ms->address, (size_t)(uint32)(ms->size));
 344              		.loc 1 350 0 discriminator 3
 345 0106 2748     		ldr	r0, .L16+4
 346 0108 6200     		lsls	r2, r4, #1
 347 010a 1319     		adds	r3, r2, r4
 348 010c 5900     		lsls	r1, r3, #1
 349 010e 0B00     		movs	r3, r1
 350 0110 4118     		adds	r1, r0, r1
 351 0112 8988     		ldrh	r1, [r1, #4]
 352 0114 1A5A     		ldrh	r2, [r3, r0]
 353 0116 C318     		adds	r3, r0, r3
 354 0118 5888     		ldrh	r0, [r3, #2]
 355 011a 0004     		lsls	r0, r0, #16
 356 011c 1043     		orrs	r0, r2
 357 011e FFF7FEFF 		bl	CYMEMZERO
 358              	.LVL25:
 359              	.LBE4:
ARM GAS  C:\Users\wl\AppData\Local\Temp\ccqGymfV.s 			page 14


 347:Generated_Source\PSoC4/cyfitter_cfg.c **** 		{
 360              		.loc 1 347 0 discriminator 3
 361 0122 0134     		adds	r4, r4, #1
 362              	.LVL26:
 363 0124 E4B2     		uxtb	r4, r4
 364              	.LVL27:
 365              	.L14:
 347:Generated_Source\PSoC4/cyfitter_cfg.c **** 		{
 366              		.loc 1 347 0 is_stmt 0 discriminator 1
 367 0126 012C     		cmp	r4, #1
 368 0128 EDD9     		bls	.L15
 351:Generated_Source\PSoC4/cyfitter_cfg.c **** 		}
 352:Generated_Source\PSoC4/cyfitter_cfg.c **** 
 353:Generated_Source\PSoC4/cyfitter_cfg.c **** 		cfg_write_bytes32(cy_cfg_addr_table, cy_cfg_data_table);
 369              		.loc 1 353 0 is_stmt 1
 370 012a 1E48     		ldr	r0, .L16+4
 371 012c 0100     		movs	r1, r0
 372 012e 0C31     		adds	r1, r1, #12
 373 0130 1430     		adds	r0, r0, #20
 374 0132 FFF7FEFF 		bl	cfg_write_bytes32
 375              	.LVL28:
 354:Generated_Source\PSoC4/cyfitter_cfg.c **** 
 355:Generated_Source\PSoC4/cyfitter_cfg.c **** 		/* HSIOM Starting address: CYDEV_HSIOM_BASE */
 356:Generated_Source\PSoC4/cyfitter_cfg.c **** 		CY_SET_REG32((void *)(CYDEV_HSIOM_BASE), 0xEE000000u);
 376              		.loc 1 356 0
 377 0136 EE22     		movs	r2, #238
 378 0138 1206     		lsls	r2, r2, #24
 379 013a 1B4B     		ldr	r3, .L16+8
 380 013c 1A60     		str	r2, [r3]
 357:Generated_Source\PSoC4/cyfitter_cfg.c **** 		CY_SET_REG32((void *)(CYREG_HSIOM_PORT_SEL2), 0x03000000u);
 381              		.loc 1 357 0
 382 013e C022     		movs	r2, #192
 383 0140 9204     		lsls	r2, r2, #18
 384 0142 1A4B     		ldr	r3, .L16+12
 385 0144 1A60     		str	r2, [r3]
 358:Generated_Source\PSoC4/cyfitter_cfg.c **** 		CY_SET_REG32((void *)(CYREG_HSIOM_PORT_SEL3), 0x00EE0000u);
 386              		.loc 1 358 0
 387 0146 EE22     		movs	r2, #238
 388 0148 1204     		lsls	r2, r2, #16
 389 014a 194B     		ldr	r3, .L16+16
 390 014c 1A60     		str	r2, [r3]
 359:Generated_Source\PSoC4/cyfitter_cfg.c **** 
 360:Generated_Source\PSoC4/cyfitter_cfg.c **** 		/* UDB_PA_0 Starting address: CYDEV_UDB_PA0_BASE */
 361:Generated_Source\PSoC4/cyfitter_cfg.c **** 		CY_SET_REG32((void *)(CYDEV_UDB_PA0_BASE), 0x00990000u);
 391              		.loc 1 361 0
 392 014e 9923     		movs	r3, #153
 393 0150 1B04     		lsls	r3, r3, #16
 394 0152 184A     		ldr	r2, .L16+20
 395 0154 1360     		str	r3, [r2]
 362:Generated_Source\PSoC4/cyfitter_cfg.c **** 
 363:Generated_Source\PSoC4/cyfitter_cfg.c **** 		/* UDB_PA_2 Starting address: CYDEV_UDB_PA2_BASE */
 364:Generated_Source\PSoC4/cyfitter_cfg.c **** 		CY_SET_REG32((void *)(CYDEV_UDB_PA2_BASE), 0x00990000u);
 396              		.loc 1 364 0
 397 0156 184A     		ldr	r2, .L16+24
 398 0158 1360     		str	r3, [r2]
 365:Generated_Source\PSoC4/cyfitter_cfg.c **** 		CY_SET_REG32((void *)(CYREG_UDB_PA2_CFG8), 0x10000000u);
 399              		.loc 1 365 0
ARM GAS  C:\Users\wl\AppData\Local\Temp\ccqGymfV.s 			page 15


 400 015a 8021     		movs	r1, #128
 401 015c 4905     		lsls	r1, r1, #21
 402 015e 174A     		ldr	r2, .L16+28
 403 0160 1160     		str	r1, [r2]
 366:Generated_Source\PSoC4/cyfitter_cfg.c **** 
 367:Generated_Source\PSoC4/cyfitter_cfg.c **** 		/* UDB_PA_3 Starting address: CYDEV_UDB_PA3_BASE */
 368:Generated_Source\PSoC4/cyfitter_cfg.c **** 		CY_SET_REG32((void *)(CYDEV_UDB_PA3_BASE), 0x00990000u);
 404              		.loc 1 368 0
 405 0162 174A     		ldr	r2, .L16+32
 406 0164 1360     		str	r3, [r2]
 369:Generated_Source\PSoC4/cyfitter_cfg.c **** 
 370:Generated_Source\PSoC4/cyfitter_cfg.c **** 		/* Enable digital routing */
 371:Generated_Source\PSoC4/cyfitter_cfg.c **** 		CY_SET_XTND_REG8((void *)CYREG_UDB_UDBIF_BANK_CTL, (uint8)(CY_GET_XTND_REG8((void *)CYREG_UDB_UDB
 407              		.loc 1 371 0
 408 0166 174A     		ldr	r2, .L16+36
 409 0168 1178     		ldrb	r1, [r2]
 410 016a 0623     		movs	r3, #6
 411 016c 0B43     		orrs	r3, r1
 412 016e DBB2     		uxtb	r3, r3
 413 0170 1370     		strb	r3, [r2]
 414              	.LBE3:
 372:Generated_Source\PSoC4/cyfitter_cfg.c **** 	}
 373:Generated_Source\PSoC4/cyfitter_cfg.c **** 
 374:Generated_Source\PSoC4/cyfitter_cfg.c **** 	/* Perform second pass device configuration. These items must be configured in specific order afte
 375:Generated_Source\PSoC4/cyfitter_cfg.c **** 	/* IOPINS0_0 Starting address: CYDEV_GPIO_PRT0_BASE */
 376:Generated_Source\PSoC4/cyfitter_cfg.c **** 	CY_SET_REG32((void *)(CYREG_GPIO_PRT0_PC), 0x00D80000u);
 415              		.loc 1 376 0
 416 0172 D822     		movs	r2, #216
 417 0174 1204     		lsls	r2, r2, #16
 418 0176 144B     		ldr	r3, .L16+40
 419 0178 1A60     		str	r2, [r3]
 377:Generated_Source\PSoC4/cyfitter_cfg.c **** 
 378:Generated_Source\PSoC4/cyfitter_cfg.c **** 	/* IOPINS0_2 Starting address: CYDEV_GPIO_PRT2_BASE */
 379:Generated_Source\PSoC4/cyfitter_cfg.c **** 	CY_SET_REG32((void *)(CYDEV_GPIO_PRT2_BASE), 0x000000C0u);
 420              		.loc 1 379 0
 421 017a C022     		movs	r2, #192
 422 017c 134B     		ldr	r3, .L16+44
 423 017e 1A60     		str	r2, [r3]
 380:Generated_Source\PSoC4/cyfitter_cfg.c **** 	CY_SET_REG32((void *)(CYREG_GPIO_PRT2_PC), 0x00580000u);
 424              		.loc 1 380 0
 425 0180 B022     		movs	r2, #176
 426 0182 D203     		lsls	r2, r2, #15
 427 0184 124B     		ldr	r3, .L16+48
 428 0186 1A60     		str	r2, [r3]
 381:Generated_Source\PSoC4/cyfitter_cfg.c **** 
 382:Generated_Source\PSoC4/cyfitter_cfg.c **** 	/* IOPINS0_3 Starting address: CYDEV_GPIO_PRT3_BASE */
 383:Generated_Source\PSoC4/cyfitter_cfg.c **** 	CY_SET_REG32((void *)(CYDEV_GPIO_PRT3_BASE), 0x000000F0u);
 429              		.loc 1 383 0
 430 0188 F022     		movs	r2, #240
 431 018a 124B     		ldr	r3, .L16+52
 432 018c 1A60     		str	r2, [r3]
 384:Generated_Source\PSoC4/cyfitter_cfg.c **** 	CY_SET_REG32((void *)(CYREG_GPIO_PRT3_PC), 0x00DA4000u);
 433              		.loc 1 384 0
 434 018e 124A     		ldr	r2, .L16+56
 435 0190 124B     		ldr	r3, .L16+60
 436 0192 1A60     		str	r2, [r3]
 385:Generated_Source\PSoC4/cyfitter_cfg.c **** 
ARM GAS  C:\Users\wl\AppData\Local\Temp\ccqGymfV.s 			page 16


 386:Generated_Source\PSoC4/cyfitter_cfg.c **** 
 387:Generated_Source\PSoC4/cyfitter_cfg.c **** 	/* Setup clocks based on selections from Clock DWR */
 388:Generated_Source\PSoC4/cyfitter_cfg.c **** 	ClockSetup();
 437              		.loc 1 388 0
 438 0194 FFF734FF 		bl	ClockSetup
 439              	.LVL29:
 389:Generated_Source\PSoC4/cyfitter_cfg.c **** 
 390:Generated_Source\PSoC4/cyfitter_cfg.c **** 	/* Perform basic analog initialization to defaults */
 391:Generated_Source\PSoC4/cyfitter_cfg.c **** 	AnalogSetDefault();
 440              		.loc 1 391 0
 441 0198 FFF7FEFF 		bl	AnalogSetDefault
 442              	.LVL30:
 392:Generated_Source\PSoC4/cyfitter_cfg.c **** 
 393:Generated_Source\PSoC4/cyfitter_cfg.c **** }
 443              		.loc 1 393 0
 444              		@ sp needed
 445              	.LVL31:
 446 019c 10BD     		pop	{r4, pc}
 447              	.L17:
 448 019e C046     		.align	2
 449              	.L16:
 450 01a0 6CF02E40 		.word	1076818028
 451 01a4 00000000 		.word	.LANCHOR0
 452 01a8 00000240 		.word	1073872896
 453 01ac 00020240 		.word	1073873408
 454 01b0 00030240 		.word	1073873664
 455 01b4 00500F40 		.word	1074745344
 456 01b8 20500F40 		.word	1074745376
 457 01bc 28500F40 		.word	1074745384
 458 01c0 30500F40 		.word	1074745392
 459 01c4 00700F40 		.word	1074753536
 460 01c8 08000440 		.word	1074003976
 461 01cc 00020440 		.word	1074004480
 462 01d0 08020440 		.word	1074004488
 463 01d4 00030440 		.word	1074004736
 464 01d8 0040DA00 		.word	14303232
 465 01dc 08030440 		.word	1074004744
 466              		.cfi_endproc
 467              	.LFE8:
 468              		.size	cyfitter_cfg, .-cyfitter_cfg
 469              		.section	.rodata
 470              		.align	2
 471              		.set	.LANCHOR0,. + 0
 472              		.type	cfg_memset_list.4916, %object
 473              		.size	cfg_memset_list.4916, 12
 474              	cfg_memset_list.4916:
 475 0000 00300F40 		.word	1074737152
 476 0004 0004     		.short	1024
 477 0006 00400F40 		.4byte	1074741248
 478 000a 0004     		.short	1024
 479              		.type	cy_cfg_data_table.4911, %object
 480              		.size	cy_cfg_data_table.4911, 8
 481              	cy_cfg_data_table.4911:
 482 000c 11       		.byte	17
 483 000d 01       		.byte	1
 484 000e 5D       		.byte	93
 485 000f 01       		.byte	1
ARM GAS  C:\Users\wl\AppData\Local\Temp\ccqGymfV.s 			page 17


 486 0010 C4       		.byte	-60
 487 0011 08       		.byte	8
 488 0012 D6       		.byte	-42
 489 0013 01       		.byte	1
 490              		.type	cy_cfg_addr_table.4910, %object
 491              		.size	cy_cfg_addr_table.4910, 4
 492              	cy_cfg_addr_table.4910:
 493 0014 04420F40 		.word	1074741764
 494              		.text
 495              	.Letext0:
 496              		.file 2 "c:\\program files (x86)\\cypress\\psoc creator\\4.2\\psoc creator\\import\\gnu\\arm\\5.4.
 497              		.file 3 "Generated_Source\\PSoC4\\cytypes.h"
 498              		.file 4 "Generated_Source\\PSoC4\\CyLFClk.h"
 499              		.file 5 "Generated_Source\\PSoC4\\CyLib.h"
 500              		.section	.debug_info,"",%progbits
 501              	.Ldebug_info0:
 502 0000 4C040000 		.4byte	0x44c
 503 0004 0400     		.2byte	0x4
 504 0006 00000000 		.4byte	.Ldebug_abbrev0
 505 000a 04       		.byte	0x4
 506 000b 01       		.uleb128 0x1
 507 000c CD010000 		.4byte	.LASF44
 508 0010 0C       		.byte	0xc
 509 0011 15030000 		.4byte	.LASF45
 510 0015 1B010000 		.4byte	.LASF46
 511 0019 00000000 		.4byte	.Ldebug_ranges0+0
 512 001d 00000000 		.4byte	0
 513 0021 00000000 		.4byte	.Ldebug_line0
 514 0025 02       		.uleb128 0x2
 515 0026 04       		.byte	0x4
 516 0027 05       		.byte	0x5
 517 0028 696E7400 		.ascii	"int\000"
 518 002c 03       		.uleb128 0x3
 519 002d 14000000 		.4byte	.LASF12
 520 0031 02       		.byte	0x2
 521 0032 D8       		.byte	0xd8
 522 0033 37000000 		.4byte	0x37
 523 0037 04       		.uleb128 0x4
 524 0038 04       		.byte	0x4
 525 0039 07       		.byte	0x7
 526 003a 94010000 		.4byte	.LASF0
 527 003e 04       		.uleb128 0x4
 528 003f 08       		.byte	0x8
 529 0040 05       		.byte	0x5
 530 0041 8D020000 		.4byte	.LASF1
 531 0045 04       		.uleb128 0x4
 532 0046 08       		.byte	0x8
 533 0047 04       		.byte	0x4
 534 0048 FD020000 		.4byte	.LASF2
 535 004c 04       		.uleb128 0x4
 536 004d 01       		.byte	0x1
 537 004e 06       		.byte	0x6
 538 004f 09030000 		.4byte	.LASF3
 539 0053 04       		.uleb128 0x4
 540 0054 01       		.byte	0x1
 541 0055 08       		.byte	0x8
 542 0056 E1000000 		.4byte	.LASF4
ARM GAS  C:\Users\wl\AppData\Local\Temp\ccqGymfV.s 			page 18


 543 005a 04       		.uleb128 0x4
 544 005b 02       		.byte	0x2
 545 005c 05       		.byte	0x5
 546 005d D5020000 		.4byte	.LASF5
 547 0061 04       		.uleb128 0x4
 548 0062 02       		.byte	0x2
 549 0063 07       		.byte	0x7
 550 0064 7A020000 		.4byte	.LASF6
 551 0068 04       		.uleb128 0x4
 552 0069 04       		.byte	0x4
 553 006a 05       		.byte	0x5
 554 006b F4020000 		.4byte	.LASF7
 555 006f 04       		.uleb128 0x4
 556 0070 04       		.byte	0x4
 557 0071 07       		.byte	0x7
 558 0072 AE000000 		.4byte	.LASF8
 559 0076 04       		.uleb128 0x4
 560 0077 08       		.byte	0x8
 561 0078 07       		.byte	0x7
 562 0079 B6010000 		.4byte	.LASF9
 563 007d 04       		.uleb128 0x4
 564 007e 04       		.byte	0x4
 565 007f 07       		.byte	0x7
 566 0080 71020000 		.4byte	.LASF10
 567 0084 05       		.uleb128 0x5
 568 0085 04       		.byte	0x4
 569 0086 04       		.uleb128 0x4
 570 0087 01       		.byte	0x1
 571 0088 08       		.byte	0x8
 572 0089 A5020000 		.4byte	.LASF11
 573 008d 06       		.uleb128 0x6
 574 008e C0000000 		.4byte	.LASF13
 575 0092 03       		.byte	0x3
 576 0093 E401     		.2byte	0x1e4
 577 0095 53000000 		.4byte	0x53
 578 0099 06       		.uleb128 0x6
 579 009a 7B010000 		.4byte	.LASF14
 580 009e 03       		.byte	0x3
 581 009f E501     		.2byte	0x1e5
 582 00a1 61000000 		.4byte	0x61
 583 00a5 06       		.uleb128 0x6
 584 00a6 8D010000 		.4byte	.LASF15
 585 00aa 03       		.byte	0x3
 586 00ab E601     		.2byte	0x1e6
 587 00ad 6F000000 		.4byte	0x6f
 588 00b1 04       		.uleb128 0x4
 589 00b2 04       		.byte	0x4
 590 00b3 04       		.byte	0x4
 591 00b4 76000000 		.4byte	.LASF16
 592 00b8 04       		.uleb128 0x4
 593 00b9 08       		.byte	0x8
 594 00ba 04       		.byte	0x4
 595 00bb F6000000 		.4byte	.LASF17
 596 00bf 06       		.uleb128 0x6
 597 00c0 A9000000 		.4byte	.LASF18
 598 00c4 03       		.byte	0x3
 599 00c5 8E02     		.2byte	0x28e
ARM GAS  C:\Users\wl\AppData\Local\Temp\ccqGymfV.s 			page 19


 600 00c7 CB000000 		.4byte	0xcb
 601 00cb 07       		.uleb128 0x7
 602 00cc 8D000000 		.4byte	0x8d
 603 00d0 06       		.uleb128 0x6
 604 00d1 0E000000 		.4byte	.LASF19
 605 00d5 03       		.byte	0x3
 606 00d6 9002     		.2byte	0x290
 607 00d8 DC000000 		.4byte	0xdc
 608 00dc 07       		.uleb128 0x7
 609 00dd A5000000 		.4byte	0xa5
 610 00e1 08       		.uleb128 0x8
 611 00e2 02       		.byte	0x2
 612 00e3 01       		.byte	0x1
 613 00e4 97       		.byte	0x97
 614 00e5 02010000 		.4byte	0x102
 615 00e9 09       		.uleb128 0x9
 616 00ea CE020000 		.4byte	.LASF20
 617 00ee 01       		.byte	0x1
 618 00ef 99       		.byte	0x99
 619 00f0 8D000000 		.4byte	0x8d
 620 00f4 00       		.byte	0
 621 00f5 09       		.uleb128 0x9
 622 00f6 3B000000 		.4byte	.LASF21
 623 00fa 01       		.byte	0x1
 624 00fb 9A       		.byte	0x9a
 625 00fc 8D000000 		.4byte	0x8d
 626 0100 01       		.byte	0x1
 627 0101 00       		.byte	0
 628 0102 03       		.uleb128 0x3
 629 0103 BB020000 		.4byte	.LASF22
 630 0107 01       		.byte	0x1
 631 0108 9B       		.byte	0x9b
 632 0109 E1000000 		.4byte	0xe1
 633 010d 0A       		.uleb128 0xa
 634 010e FD000000 		.4byte	.LASF27
 635 0112 01       		.byte	0x1
 636 0113 AE       		.byte	0xae
 637 0114 00000000 		.4byte	.LFB5
 638 0118 32000000 		.4byte	.LFE5-.LFB5
 639 011c 01       		.uleb128 0x1
 640 011d 9C       		.byte	0x9c
 641 011e 7F010000 		.4byte	0x17f
 642 0122 0B       		.uleb128 0xb
 643 0123 70010000 		.4byte	.LASF23
 644 0127 01       		.byte	0x1
 645 0128 AE       		.byte	0xae
 646 0129 7F010000 		.4byte	0x17f
 647 012d 01       		.uleb128 0x1
 648 012e 50       		.byte	0x50
 649 012f 0B       		.uleb128 0xb
 650 0130 82010000 		.4byte	.LASF24
 651 0134 01       		.byte	0x1
 652 0135 AE       		.byte	0xae
 653 0136 8A010000 		.4byte	0x18a
 654 013a 01       		.uleb128 0x1
 655 013b 51       		.byte	0x51
 656 013c 0C       		.uleb128 0xc
ARM GAS  C:\Users\wl\AppData\Local\Temp\ccqGymfV.s 			page 20


 657 013d 6900     		.ascii	"i\000"
 658 013f 01       		.byte	0x1
 659 0140 B1       		.byte	0xb1
 660 0141 A5000000 		.4byte	0xa5
 661 0145 00000000 		.4byte	.LLST0
 662 0149 0C       		.uleb128 0xc
 663 014a 6A00     		.ascii	"j\000"
 664 014c 01       		.byte	0x1
 665 014d B1       		.byte	0xb1
 666 014e A5000000 		.4byte	0xa5
 667 0152 1F000000 		.4byte	.LLST1
 668 0156 0D       		.uleb128 0xd
 669 0157 08000000 		.4byte	.LBB2
 670 015b 22000000 		.4byte	.LBE2-.LBB2
 671 015f 0E       		.uleb128 0xe
 672 0160 68020000 		.4byte	.LASF25
 673 0164 01       		.byte	0x1
 674 0165 B4       		.byte	0xb4
 675 0166 A5000000 		.4byte	0xa5
 676 016a 3E000000 		.4byte	.LLST2
 677 016e 0E       		.uleb128 0xe
 678 016f 41000000 		.4byte	.LASF26
 679 0173 01       		.byte	0x1
 680 0174 B5       		.byte	0xb5
 681 0175 8D000000 		.4byte	0x8d
 682 0179 51000000 		.4byte	.LLST3
 683 017d 00       		.byte	0
 684 017e 00       		.byte	0
 685 017f 0F       		.uleb128 0xf
 686 0180 04       		.byte	0x4
 687 0181 85010000 		.4byte	0x185
 688 0185 10       		.uleb128 0x10
 689 0186 A5000000 		.4byte	0xa5
 690 018a 0F       		.uleb128 0xf
 691 018b 04       		.byte	0x4
 692 018c 90010000 		.4byte	0x190
 693 0190 10       		.uleb128 0x10
 694 0191 02010000 		.4byte	0x102
 695 0195 11       		.uleb128 0x11
 696 0196 1B000000 		.4byte	.LASF47
 697 019a 01       		.byte	0x1
 698 019b 1D01     		.2byte	0x11d
 699 019d 00000000 		.4byte	.LFB7
 700 01a1 20000000 		.4byte	.LFE7-.LFB7
 701 01a5 01       		.uleb128 0x1
 702 01a6 9C       		.byte	0x9c
 703 01a7 0A       		.uleb128 0xa
 704 01a8 D7000000 		.4byte	.LASF28
 705 01ac 01       		.byte	0x1
 706 01ad 4C       		.byte	0x4c
 707 01ae 00000000 		.4byte	.LFB2
 708 01b2 0C000000 		.4byte	.LFE2-.LFB2
 709 01b6 01       		.uleb128 0x1
 710 01b7 9C       		.byte	0x9c
 711 01b8 F4010000 		.4byte	0x1f4
 712 01bc 12       		.uleb128 0x12
 713 01bd 7300     		.ascii	"s\000"
ARM GAS  C:\Users\wl\AppData\Local\Temp\ccqGymfV.s 			page 21


 714 01bf 01       		.byte	0x1
 715 01c0 4C       		.byte	0x4c
 716 01c1 84000000 		.4byte	0x84
 717 01c5 6F000000 		.4byte	.LLST4
 718 01c9 12       		.uleb128 0x12
 719 01ca 6E00     		.ascii	"n\000"
 720 01cc 01       		.byte	0x1
 721 01cd 4C       		.byte	0x4c
 722 01ce 2C000000 		.4byte	0x2c
 723 01d2 90000000 		.4byte	.LLST5
 724 01d6 13       		.uleb128 0x13
 725 01d7 0A000000 		.4byte	.LVL14
 726 01db EE030000 		.4byte	0x3ee
 727 01df 14       		.uleb128 0x14
 728 01e0 01       		.uleb128 0x1
 729 01e1 50       		.byte	0x50
 730 01e2 03       		.uleb128 0x3
 731 01e3 F3       		.byte	0xf3
 732 01e4 01       		.uleb128 0x1
 733 01e5 50       		.byte	0x50
 734 01e6 14       		.uleb128 0x14
 735 01e7 01       		.uleb128 0x1
 736 01e8 51       		.byte	0x51
 737 01e9 01       		.uleb128 0x1
 738 01ea 30       		.byte	0x30
 739 01eb 14       		.uleb128 0x14
 740 01ec 01       		.uleb128 0x1
 741 01ed 52       		.byte	0x52
 742 01ee 03       		.uleb128 0x3
 743 01ef F3       		.byte	0xf3
 744 01f0 01       		.uleb128 0x1
 745 01f1 51       		.byte	0x51
 746 01f2 00       		.byte	0
 747 01f3 00       		.byte	0
 748 01f4 0A       		.uleb128 0xa
 749 01f5 47000000 		.4byte	.LASF29
 750 01f9 01       		.byte	0x1
 751 01fa D3       		.byte	0xd3
 752 01fb 00000000 		.4byte	.LFB6
 753 01ff F8000000 		.4byte	.LFE6-.LFB6
 754 0203 01       		.uleb128 0x1
 755 0204 9C       		.byte	0x9c
 756 0205 9D020000 		.4byte	0x29d
 757 0209 15       		.uleb128 0x15
 758 020a 0C000000 		.4byte	.LVL15
 759 020e F7030000 		.4byte	0x3f7
 760 0212 16       		.uleb128 0x16
 761 0213 12000000 		.4byte	.LVL16
 762 0217 02040000 		.4byte	0x402
 763 021b 29020000 		.4byte	0x229
 764 021f 14       		.uleb128 0x14
 765 0220 01       		.uleb128 0x1
 766 0221 50       		.byte	0x50
 767 0222 05       		.uleb128 0x5
 768 0223 0C       		.byte	0xc
 769 0224 001BB700 		.4byte	0xb71b00
 770 0228 00       		.byte	0
ARM GAS  C:\Users\wl\AppData\Local\Temp\ccqGymfV.s 			page 22


 771 0229 16       		.uleb128 0x16
 772 022a 18000000 		.4byte	.LVL17
 773 022e 0D040000 		.4byte	0x40d
 774 0232 3C020000 		.4byte	0x23c
 775 0236 14       		.uleb128 0x14
 776 0237 01       		.uleb128 0x1
 777 0238 50       		.byte	0x50
 778 0239 01       		.uleb128 0x1
 779 023a 31       		.byte	0x31
 780 023b 00       		.byte	0
 781 023c 16       		.uleb128 0x16
 782 023d 1E000000 		.4byte	.LVL18
 783 0241 18040000 		.4byte	0x418
 784 0245 50020000 		.4byte	0x250
 785 0249 14       		.uleb128 0x14
 786 024a 01       		.uleb128 0x1
 787 024b 50       		.byte	0x50
 788 024c 02       		.uleb128 0x2
 789 024d 08       		.byte	0x8
 790 024e 30       		.byte	0x30
 791 024f 00       		.byte	0
 792 0250 16       		.uleb128 0x16
 793 0251 54000000 		.4byte	.LVL19
 794 0255 23040000 		.4byte	0x423
 795 0259 65020000 		.4byte	0x265
 796 025d 14       		.uleb128 0x14
 797 025e 01       		.uleb128 0x1
 798 025f 50       		.byte	0x50
 799 0260 03       		.uleb128 0x3
 800 0261 0A       		.byte	0xa
 801 0262 D007     		.2byte	0x7d0
 802 0264 00       		.byte	0
 803 0265 16       		.uleb128 0x16
 804 0266 5A000000 		.4byte	.LVL20
 805 026a 2E040000 		.4byte	0x42e
 806 026e 7A020000 		.4byte	0x27a
 807 0272 14       		.uleb128 0x14
 808 0273 01       		.uleb128 0x1
 809 0274 50       		.byte	0x50
 810 0275 03       		.uleb128 0x3
 811 0276 0A       		.byte	0xa
 812 0277 DC05     		.2byte	0x5dc
 813 0279 00       		.byte	0
 814 027a 16       		.uleb128 0x16
 815 027b 96000000 		.4byte	.LVL21
 816 027f 39040000 		.4byte	0x439
 817 0283 8D020000 		.4byte	0x28d
 818 0287 14       		.uleb128 0x14
 819 0288 01       		.uleb128 0x1
 820 0289 50       		.byte	0x50
 821 028a 01       		.uleb128 0x1
 822 028b 38       		.byte	0x38
 823 028c 00       		.byte	0
 824 028d 13       		.uleb128 0x13
 825 028e 9C000000 		.4byte	.LVL22
 826 0292 44040000 		.4byte	0x444
 827 0296 14       		.uleb128 0x14
ARM GAS  C:\Users\wl\AppData\Local\Temp\ccqGymfV.s 			page 23


 828 0297 01       		.uleb128 0x1
 829 0298 50       		.byte	0x50
 830 0299 01       		.uleb128 0x1
 831 029a 38       		.byte	0x38
 832 029b 00       		.byte	0
 833 029c 00       		.byte	0
 834 029d 17       		.uleb128 0x17
 835 029e A1010000 		.4byte	.LASF48
 836 02a2 01       		.byte	0x1
 837 02a3 3801     		.2byte	0x138
 838 02a5 F8000000 		.4byte	.LFB8
 839 02a9 E8000000 		.4byte	.LFE8-.LFB8
 840 02ad 01       		.uleb128 0x1
 841 02ae 9C       		.byte	0x9c
 842 02af C4030000 		.4byte	0x3c4
 843 02b3 18       		.uleb128 0x18
 844 02b4 02010000 		.4byte	.LBB3
 845 02b8 70000000 		.4byte	.LBE3-.LBB3
 846 02bc B1030000 		.4byte	0x3b1
 847 02c0 19       		.uleb128 0x19
 848 02c1 52000000 		.4byte	.LASF30
 849 02c5 01       		.byte	0x1
 850 02c6 4001     		.2byte	0x140
 851 02c8 D4030000 		.4byte	0x3d4
 852 02cc 05       		.uleb128 0x5
 853 02cd 03       		.byte	0x3
 854 02ce 14000000 		.4byte	cy_cfg_addr_table.4910
 855 02d2 19       		.uleb128 0x19
 856 02d3 64000000 		.4byte	.LASF31
 857 02d7 01       		.byte	0x1
 858 02d8 4401     		.2byte	0x144
 859 02da E9030000 		.4byte	0x3e9
 860 02de 05       		.uleb128 0x5
 861 02df 03       		.byte	0x3
 862 02e0 0C000000 		.4byte	cy_cfg_data_table.4911
 863 02e4 1A       		.uleb128 0x1a
 864 02e5 06       		.byte	0x6
 865 02e6 01       		.byte	0x1
 866 02e7 4D01     		.2byte	0x14d
 867 02e9 08030000 		.4byte	0x308
 868 02ed 1B       		.uleb128 0x1b
 869 02ee AE010000 		.4byte	.LASF32
 870 02f2 01       		.byte	0x1
 871 02f3 4E01     		.2byte	0x14e
 872 02f5 84000000 		.4byte	0x84
 873 02f9 00       		.byte	0
 874 02fa 1B       		.uleb128 0x1b
 875 02fb 8C000000 		.4byte	.LASF33
 876 02ff 01       		.byte	0x1
 877 0300 4F01     		.2byte	0x14f
 878 0302 99000000 		.4byte	0x99
 879 0306 04       		.byte	0x4
 880 0307 00       		.byte	0
 881 0308 06       		.uleb128 0x6
 882 0309 5B020000 		.4byte	.LASF34
 883 030d 01       		.byte	0x1
 884 030e 5001     		.2byte	0x150
ARM GAS  C:\Users\wl\AppData\Local\Temp\ccqGymfV.s 			page 24


 885 0310 E4020000 		.4byte	0x2e4
 886 0314 1C       		.uleb128 0x1c
 887 0315 24030000 		.4byte	0x324
 888 0319 24030000 		.4byte	0x324
 889 031d 1D       		.uleb128 0x1d
 890 031e 7D000000 		.4byte	0x7d
 891 0322 01       		.byte	0x1
 892 0323 00       		.byte	0
 893 0324 10       		.uleb128 0x10
 894 0325 08030000 		.4byte	0x308
 895 0329 19       		.uleb128 0x19
 896 032a 7C000000 		.4byte	.LASF35
 897 032e 01       		.byte	0x1
 898 032f 5201     		.2byte	0x152
 899 0331 3B030000 		.4byte	0x33b
 900 0335 05       		.uleb128 0x5
 901 0336 03       		.byte	0x3
 902 0337 00000000 		.4byte	cfg_memset_list.4916
 903 033b 10       		.uleb128 0x10
 904 033c 14030000 		.4byte	0x314
 905 0340 1E       		.uleb128 0x1e
 906 0341 6900     		.ascii	"i\000"
 907 0343 01       		.byte	0x1
 908 0344 5801     		.2byte	0x158
 909 0346 8D000000 		.4byte	0x8d
 910 034a BC000000 		.4byte	.LLST6
 911 034e 18       		.uleb128 0x18
 912 034f 06010000 		.4byte	.LBB4
 913 0353 1C000000 		.4byte	.LBE4-.LBB4
 914 0357 94030000 		.4byte	0x394
 915 035b 1E       		.uleb128 0x1e
 916 035c 6D7300   		.ascii	"ms\000"
 917 035f 01       		.byte	0x1
 918 0360 5D01     		.2byte	0x15d
 919 0362 6A030000 		.4byte	0x36a
 920 0366 E6000000 		.4byte	.LLST7
 921 036a 0F       		.uleb128 0xf
 922 036b 04       		.byte	0x4
 923 036c 24030000 		.4byte	0x324
 924 0370 13       		.uleb128 0x13
 925 0371 22010000 		.4byte	.LVL25
 926 0375 A7010000 		.4byte	0x1a7
 927 0379 14       		.uleb128 0x14
 928 037a 01       		.uleb128 0x1
 929 037b 51       		.byte	0x51
 930 037c 15       		.uleb128 0x15
 931 037d 74       		.byte	0x74
 932 037e 00       		.sleb128 0
 933 037f 31       		.byte	0x31
 934 0380 24       		.byte	0x24
 935 0381 74       		.byte	0x74
 936 0382 00       		.sleb128 0
 937 0383 22       		.byte	0x22
 938 0384 31       		.byte	0x31
 939 0385 24       		.byte	0x24
 940 0386 03       		.byte	0x3
 941 0387 04000000 		.4byte	.LANCHOR0+4
ARM GAS  C:\Users\wl\AppData\Local\Temp\ccqGymfV.s 			page 25


 942 038b 22       		.byte	0x22
 943 038c 94       		.byte	0x94
 944 038d 02       		.byte	0x2
 945 038e 0A       		.byte	0xa
 946 038f FFFF     		.2byte	0xffff
 947 0391 1A       		.byte	0x1a
 948 0392 00       		.byte	0
 949 0393 00       		.byte	0
 950 0394 13       		.uleb128 0x13
 951 0395 36010000 		.4byte	.LVL28
 952 0399 0D010000 		.4byte	0x10d
 953 039d 14       		.uleb128 0x14
 954 039e 01       		.uleb128 0x1
 955 039f 50       		.byte	0x50
 956 03a0 05       		.uleb128 0x5
 957 03a1 03       		.byte	0x3
 958 03a2 14000000 		.4byte	.LANCHOR0+20
 959 03a6 14       		.uleb128 0x14
 960 03a7 01       		.uleb128 0x1
 961 03a8 51       		.byte	0x51
 962 03a9 05       		.uleb128 0x5
 963 03aa 03       		.byte	0x3
 964 03ab 0C000000 		.4byte	.LANCHOR0+12
 965 03af 00       		.byte	0
 966 03b0 00       		.byte	0
 967 03b1 15       		.uleb128 0x15
 968 03b2 98010000 		.4byte	.LVL29
 969 03b6 F4010000 		.4byte	0x1f4
 970 03ba 15       		.uleb128 0x15
 971 03bb 9C010000 		.4byte	.LVL30
 972 03bf 95010000 		.4byte	0x195
 973 03c3 00       		.byte	0
 974 03c4 1C       		.uleb128 0x1c
 975 03c5 85010000 		.4byte	0x185
 976 03c9 D4030000 		.4byte	0x3d4
 977 03cd 1D       		.uleb128 0x1d
 978 03ce 7D000000 		.4byte	0x7d
 979 03d2 00       		.byte	0
 980 03d3 00       		.byte	0
 981 03d4 10       		.uleb128 0x10
 982 03d5 C4030000 		.4byte	0x3c4
 983 03d9 1C       		.uleb128 0x1c
 984 03da 90010000 		.4byte	0x190
 985 03de E9030000 		.4byte	0x3e9
 986 03e2 1D       		.uleb128 0x1d
 987 03e3 7D000000 		.4byte	0x7d
 988 03e7 03       		.byte	0x3
 989 03e8 00       		.byte	0
 990 03e9 10       		.uleb128 0x10
 991 03ea D9030000 		.4byte	0x3d9
 992 03ee 1F       		.uleb128 0x1f
 993 03ef EF000000 		.4byte	.LASF49
 994 03f3 EF000000 		.4byte	.LASF49
 995 03f7 20       		.uleb128 0x20
 996 03f8 C6000000 		.4byte	.LASF36
 997 03fc C6000000 		.4byte	.LASF36
 998 0400 04       		.byte	0x4
ARM GAS  C:\Users\wl\AppData\Local\Temp\ccqGymfV.s 			page 26


 999 0401 4E       		.byte	0x4e
 1000 0402 20       		.uleb128 0x20
 1001 0403 00000000 		.4byte	.LASF37
 1002 0407 00000000 		.4byte	.LASF37
 1003 040b 05       		.byte	0x5
 1004 040c DC       		.byte	0xdc
 1005 040d 20       		.uleb128 0x20
 1006 040e 91000000 		.4byte	.LASF38
 1007 0412 91000000 		.4byte	.LASF38
 1008 0416 04       		.byte	0x4
 1009 0417 50       		.byte	0x50
 1010 0418 20       		.uleb128 0x20
 1011 0419 DF020000 		.4byte	.LASF39
 1012 041d DF020000 		.4byte	.LASF39
 1013 0421 05       		.byte	0x5
 1014 0422 6C       		.byte	0x6c
 1015 0423 20       		.uleb128 0x20
 1016 0424 AA020000 		.4byte	.LASF40
 1017 0428 AA020000 		.4byte	.LASF40
 1018 042c 05       		.byte	0x5
 1019 042d 84       		.byte	0x84
 1020 042e 20       		.uleb128 0x20
 1021 042f 9B020000 		.4byte	.LASF41
 1022 0433 9B020000 		.4byte	.LASF41
 1023 0437 05       		.byte	0x5
 1024 0438 DA       		.byte	0xda
 1025 0439 20       		.uleb128 0x20
 1026 043a 2C000000 		.4byte	.LASF42
 1027 043e 2C000000 		.4byte	.LASF42
 1028 0442 05       		.byte	0x5
 1029 0443 BD       		.byte	0xbd
 1030 0444 20       		.uleb128 0x20
 1031 0445 0F010000 		.4byte	.LASF43
 1032 0449 0F010000 		.4byte	.LASF43
 1033 044d 05       		.byte	0x5
 1034 044e C3       		.byte	0xc3
 1035 044f 00       		.byte	0
 1036              		.section	.debug_abbrev,"",%progbits
 1037              	.Ldebug_abbrev0:
 1038 0000 01       		.uleb128 0x1
 1039 0001 11       		.uleb128 0x11
 1040 0002 01       		.byte	0x1
 1041 0003 25       		.uleb128 0x25
 1042 0004 0E       		.uleb128 0xe
 1043 0005 13       		.uleb128 0x13
 1044 0006 0B       		.uleb128 0xb
 1045 0007 03       		.uleb128 0x3
 1046 0008 0E       		.uleb128 0xe
 1047 0009 1B       		.uleb128 0x1b
 1048 000a 0E       		.uleb128 0xe
 1049 000b 55       		.uleb128 0x55
 1050 000c 17       		.uleb128 0x17
 1051 000d 11       		.uleb128 0x11
 1052 000e 01       		.uleb128 0x1
 1053 000f 10       		.uleb128 0x10
 1054 0010 17       		.uleb128 0x17
 1055 0011 00       		.byte	0
ARM GAS  C:\Users\wl\AppData\Local\Temp\ccqGymfV.s 			page 27


 1056 0012 00       		.byte	0
 1057 0013 02       		.uleb128 0x2
 1058 0014 24       		.uleb128 0x24
 1059 0015 00       		.byte	0
 1060 0016 0B       		.uleb128 0xb
 1061 0017 0B       		.uleb128 0xb
 1062 0018 3E       		.uleb128 0x3e
 1063 0019 0B       		.uleb128 0xb
 1064 001a 03       		.uleb128 0x3
 1065 001b 08       		.uleb128 0x8
 1066 001c 00       		.byte	0
 1067 001d 00       		.byte	0
 1068 001e 03       		.uleb128 0x3
 1069 001f 16       		.uleb128 0x16
 1070 0020 00       		.byte	0
 1071 0021 03       		.uleb128 0x3
 1072 0022 0E       		.uleb128 0xe
 1073 0023 3A       		.uleb128 0x3a
 1074 0024 0B       		.uleb128 0xb
 1075 0025 3B       		.uleb128 0x3b
 1076 0026 0B       		.uleb128 0xb
 1077 0027 49       		.uleb128 0x49
 1078 0028 13       		.uleb128 0x13
 1079 0029 00       		.byte	0
 1080 002a 00       		.byte	0
 1081 002b 04       		.uleb128 0x4
 1082 002c 24       		.uleb128 0x24
 1083 002d 00       		.byte	0
 1084 002e 0B       		.uleb128 0xb
 1085 002f 0B       		.uleb128 0xb
 1086 0030 3E       		.uleb128 0x3e
 1087 0031 0B       		.uleb128 0xb
 1088 0032 03       		.uleb128 0x3
 1089 0033 0E       		.uleb128 0xe
 1090 0034 00       		.byte	0
 1091 0035 00       		.byte	0
 1092 0036 05       		.uleb128 0x5
 1093 0037 0F       		.uleb128 0xf
 1094 0038 00       		.byte	0
 1095 0039 0B       		.uleb128 0xb
 1096 003a 0B       		.uleb128 0xb
 1097 003b 00       		.byte	0
 1098 003c 00       		.byte	0
 1099 003d 06       		.uleb128 0x6
 1100 003e 16       		.uleb128 0x16
 1101 003f 00       		.byte	0
 1102 0040 03       		.uleb128 0x3
 1103 0041 0E       		.uleb128 0xe
 1104 0042 3A       		.uleb128 0x3a
 1105 0043 0B       		.uleb128 0xb
 1106 0044 3B       		.uleb128 0x3b
 1107 0045 05       		.uleb128 0x5
 1108 0046 49       		.uleb128 0x49
 1109 0047 13       		.uleb128 0x13
 1110 0048 00       		.byte	0
 1111 0049 00       		.byte	0
 1112 004a 07       		.uleb128 0x7
ARM GAS  C:\Users\wl\AppData\Local\Temp\ccqGymfV.s 			page 28


 1113 004b 35       		.uleb128 0x35
 1114 004c 00       		.byte	0
 1115 004d 49       		.uleb128 0x49
 1116 004e 13       		.uleb128 0x13
 1117 004f 00       		.byte	0
 1118 0050 00       		.byte	0
 1119 0051 08       		.uleb128 0x8
 1120 0052 13       		.uleb128 0x13
 1121 0053 01       		.byte	0x1
 1122 0054 0B       		.uleb128 0xb
 1123 0055 0B       		.uleb128 0xb
 1124 0056 3A       		.uleb128 0x3a
 1125 0057 0B       		.uleb128 0xb
 1126 0058 3B       		.uleb128 0x3b
 1127 0059 0B       		.uleb128 0xb
 1128 005a 01       		.uleb128 0x1
 1129 005b 13       		.uleb128 0x13
 1130 005c 00       		.byte	0
 1131 005d 00       		.byte	0
 1132 005e 09       		.uleb128 0x9
 1133 005f 0D       		.uleb128 0xd
 1134 0060 00       		.byte	0
 1135 0061 03       		.uleb128 0x3
 1136 0062 0E       		.uleb128 0xe
 1137 0063 3A       		.uleb128 0x3a
 1138 0064 0B       		.uleb128 0xb
 1139 0065 3B       		.uleb128 0x3b
 1140 0066 0B       		.uleb128 0xb
 1141 0067 49       		.uleb128 0x49
 1142 0068 13       		.uleb128 0x13
 1143 0069 38       		.uleb128 0x38
 1144 006a 0B       		.uleb128 0xb
 1145 006b 00       		.byte	0
 1146 006c 00       		.byte	0
 1147 006d 0A       		.uleb128 0xa
 1148 006e 2E       		.uleb128 0x2e
 1149 006f 01       		.byte	0x1
 1150 0070 03       		.uleb128 0x3
 1151 0071 0E       		.uleb128 0xe
 1152 0072 3A       		.uleb128 0x3a
 1153 0073 0B       		.uleb128 0xb
 1154 0074 3B       		.uleb128 0x3b
 1155 0075 0B       		.uleb128 0xb
 1156 0076 27       		.uleb128 0x27
 1157 0077 19       		.uleb128 0x19
 1158 0078 11       		.uleb128 0x11
 1159 0079 01       		.uleb128 0x1
 1160 007a 12       		.uleb128 0x12
 1161 007b 06       		.uleb128 0x6
 1162 007c 40       		.uleb128 0x40
 1163 007d 18       		.uleb128 0x18
 1164 007e 9742     		.uleb128 0x2117
 1165 0080 19       		.uleb128 0x19
 1166 0081 01       		.uleb128 0x1
 1167 0082 13       		.uleb128 0x13
 1168 0083 00       		.byte	0
 1169 0084 00       		.byte	0
ARM GAS  C:\Users\wl\AppData\Local\Temp\ccqGymfV.s 			page 29


 1170 0085 0B       		.uleb128 0xb
 1171 0086 05       		.uleb128 0x5
 1172 0087 00       		.byte	0
 1173 0088 03       		.uleb128 0x3
 1174 0089 0E       		.uleb128 0xe
 1175 008a 3A       		.uleb128 0x3a
 1176 008b 0B       		.uleb128 0xb
 1177 008c 3B       		.uleb128 0x3b
 1178 008d 0B       		.uleb128 0xb
 1179 008e 49       		.uleb128 0x49
 1180 008f 13       		.uleb128 0x13
 1181 0090 02       		.uleb128 0x2
 1182 0091 18       		.uleb128 0x18
 1183 0092 00       		.byte	0
 1184 0093 00       		.byte	0
 1185 0094 0C       		.uleb128 0xc
 1186 0095 34       		.uleb128 0x34
 1187 0096 00       		.byte	0
 1188 0097 03       		.uleb128 0x3
 1189 0098 08       		.uleb128 0x8
 1190 0099 3A       		.uleb128 0x3a
 1191 009a 0B       		.uleb128 0xb
 1192 009b 3B       		.uleb128 0x3b
 1193 009c 0B       		.uleb128 0xb
 1194 009d 49       		.uleb128 0x49
 1195 009e 13       		.uleb128 0x13
 1196 009f 02       		.uleb128 0x2
 1197 00a0 17       		.uleb128 0x17
 1198 00a1 00       		.byte	0
 1199 00a2 00       		.byte	0
 1200 00a3 0D       		.uleb128 0xd
 1201 00a4 0B       		.uleb128 0xb
 1202 00a5 01       		.byte	0x1
 1203 00a6 11       		.uleb128 0x11
 1204 00a7 01       		.uleb128 0x1
 1205 00a8 12       		.uleb128 0x12
 1206 00a9 06       		.uleb128 0x6
 1207 00aa 00       		.byte	0
 1208 00ab 00       		.byte	0
 1209 00ac 0E       		.uleb128 0xe
 1210 00ad 34       		.uleb128 0x34
 1211 00ae 00       		.byte	0
 1212 00af 03       		.uleb128 0x3
 1213 00b0 0E       		.uleb128 0xe
 1214 00b1 3A       		.uleb128 0x3a
 1215 00b2 0B       		.uleb128 0xb
 1216 00b3 3B       		.uleb128 0x3b
 1217 00b4 0B       		.uleb128 0xb
 1218 00b5 49       		.uleb128 0x49
 1219 00b6 13       		.uleb128 0x13
 1220 00b7 02       		.uleb128 0x2
 1221 00b8 17       		.uleb128 0x17
 1222 00b9 00       		.byte	0
 1223 00ba 00       		.byte	0
 1224 00bb 0F       		.uleb128 0xf
 1225 00bc 0F       		.uleb128 0xf
 1226 00bd 00       		.byte	0
ARM GAS  C:\Users\wl\AppData\Local\Temp\ccqGymfV.s 			page 30


 1227 00be 0B       		.uleb128 0xb
 1228 00bf 0B       		.uleb128 0xb
 1229 00c0 49       		.uleb128 0x49
 1230 00c1 13       		.uleb128 0x13
 1231 00c2 00       		.byte	0
 1232 00c3 00       		.byte	0
 1233 00c4 10       		.uleb128 0x10
 1234 00c5 26       		.uleb128 0x26
 1235 00c6 00       		.byte	0
 1236 00c7 49       		.uleb128 0x49
 1237 00c8 13       		.uleb128 0x13
 1238 00c9 00       		.byte	0
 1239 00ca 00       		.byte	0
 1240 00cb 11       		.uleb128 0x11
 1241 00cc 2E       		.uleb128 0x2e
 1242 00cd 00       		.byte	0
 1243 00ce 03       		.uleb128 0x3
 1244 00cf 0E       		.uleb128 0xe
 1245 00d0 3A       		.uleb128 0x3a
 1246 00d1 0B       		.uleb128 0xb
 1247 00d2 3B       		.uleb128 0x3b
 1248 00d3 05       		.uleb128 0x5
 1249 00d4 27       		.uleb128 0x27
 1250 00d5 19       		.uleb128 0x19
 1251 00d6 11       		.uleb128 0x11
 1252 00d7 01       		.uleb128 0x1
 1253 00d8 12       		.uleb128 0x12
 1254 00d9 06       		.uleb128 0x6
 1255 00da 40       		.uleb128 0x40
 1256 00db 18       		.uleb128 0x18
 1257 00dc 9742     		.uleb128 0x2117
 1258 00de 19       		.uleb128 0x19
 1259 00df 00       		.byte	0
 1260 00e0 00       		.byte	0
 1261 00e1 12       		.uleb128 0x12
 1262 00e2 05       		.uleb128 0x5
 1263 00e3 00       		.byte	0
 1264 00e4 03       		.uleb128 0x3
 1265 00e5 08       		.uleb128 0x8
 1266 00e6 3A       		.uleb128 0x3a
 1267 00e7 0B       		.uleb128 0xb
 1268 00e8 3B       		.uleb128 0x3b
 1269 00e9 0B       		.uleb128 0xb
 1270 00ea 49       		.uleb128 0x49
 1271 00eb 13       		.uleb128 0x13
 1272 00ec 02       		.uleb128 0x2
 1273 00ed 17       		.uleb128 0x17
 1274 00ee 00       		.byte	0
 1275 00ef 00       		.byte	0
 1276 00f0 13       		.uleb128 0x13
 1277 00f1 898201   		.uleb128 0x4109
 1278 00f4 01       		.byte	0x1
 1279 00f5 11       		.uleb128 0x11
 1280 00f6 01       		.uleb128 0x1
 1281 00f7 31       		.uleb128 0x31
 1282 00f8 13       		.uleb128 0x13
 1283 00f9 00       		.byte	0
ARM GAS  C:\Users\wl\AppData\Local\Temp\ccqGymfV.s 			page 31


 1284 00fa 00       		.byte	0
 1285 00fb 14       		.uleb128 0x14
 1286 00fc 8A8201   		.uleb128 0x410a
 1287 00ff 00       		.byte	0
 1288 0100 02       		.uleb128 0x2
 1289 0101 18       		.uleb128 0x18
 1290 0102 9142     		.uleb128 0x2111
 1291 0104 18       		.uleb128 0x18
 1292 0105 00       		.byte	0
 1293 0106 00       		.byte	0
 1294 0107 15       		.uleb128 0x15
 1295 0108 898201   		.uleb128 0x4109
 1296 010b 00       		.byte	0
 1297 010c 11       		.uleb128 0x11
 1298 010d 01       		.uleb128 0x1
 1299 010e 31       		.uleb128 0x31
 1300 010f 13       		.uleb128 0x13
 1301 0110 00       		.byte	0
 1302 0111 00       		.byte	0
 1303 0112 16       		.uleb128 0x16
 1304 0113 898201   		.uleb128 0x4109
 1305 0116 01       		.byte	0x1
 1306 0117 11       		.uleb128 0x11
 1307 0118 01       		.uleb128 0x1
 1308 0119 31       		.uleb128 0x31
 1309 011a 13       		.uleb128 0x13
 1310 011b 01       		.uleb128 0x1
 1311 011c 13       		.uleb128 0x13
 1312 011d 00       		.byte	0
 1313 011e 00       		.byte	0
 1314 011f 17       		.uleb128 0x17
 1315 0120 2E       		.uleb128 0x2e
 1316 0121 01       		.byte	0x1
 1317 0122 3F       		.uleb128 0x3f
 1318 0123 19       		.uleb128 0x19
 1319 0124 03       		.uleb128 0x3
 1320 0125 0E       		.uleb128 0xe
 1321 0126 3A       		.uleb128 0x3a
 1322 0127 0B       		.uleb128 0xb
 1323 0128 3B       		.uleb128 0x3b
 1324 0129 05       		.uleb128 0x5
 1325 012a 27       		.uleb128 0x27
 1326 012b 19       		.uleb128 0x19
 1327 012c 11       		.uleb128 0x11
 1328 012d 01       		.uleb128 0x1
 1329 012e 12       		.uleb128 0x12
 1330 012f 06       		.uleb128 0x6
 1331 0130 40       		.uleb128 0x40
 1332 0131 18       		.uleb128 0x18
 1333 0132 9742     		.uleb128 0x2117
 1334 0134 19       		.uleb128 0x19
 1335 0135 01       		.uleb128 0x1
 1336 0136 13       		.uleb128 0x13
 1337 0137 00       		.byte	0
 1338 0138 00       		.byte	0
 1339 0139 18       		.uleb128 0x18
 1340 013a 0B       		.uleb128 0xb
ARM GAS  C:\Users\wl\AppData\Local\Temp\ccqGymfV.s 			page 32


 1341 013b 01       		.byte	0x1
 1342 013c 11       		.uleb128 0x11
 1343 013d 01       		.uleb128 0x1
 1344 013e 12       		.uleb128 0x12
 1345 013f 06       		.uleb128 0x6
 1346 0140 01       		.uleb128 0x1
 1347 0141 13       		.uleb128 0x13
 1348 0142 00       		.byte	0
 1349 0143 00       		.byte	0
 1350 0144 19       		.uleb128 0x19
 1351 0145 34       		.uleb128 0x34
 1352 0146 00       		.byte	0
 1353 0147 03       		.uleb128 0x3
 1354 0148 0E       		.uleb128 0xe
 1355 0149 3A       		.uleb128 0x3a
 1356 014a 0B       		.uleb128 0xb
 1357 014b 3B       		.uleb128 0x3b
 1358 014c 05       		.uleb128 0x5
 1359 014d 49       		.uleb128 0x49
 1360 014e 13       		.uleb128 0x13
 1361 014f 02       		.uleb128 0x2
 1362 0150 18       		.uleb128 0x18
 1363 0151 00       		.byte	0
 1364 0152 00       		.byte	0
 1365 0153 1A       		.uleb128 0x1a
 1366 0154 13       		.uleb128 0x13
 1367 0155 01       		.byte	0x1
 1368 0156 0B       		.uleb128 0xb
 1369 0157 0B       		.uleb128 0xb
 1370 0158 3A       		.uleb128 0x3a
 1371 0159 0B       		.uleb128 0xb
 1372 015a 3B       		.uleb128 0x3b
 1373 015b 05       		.uleb128 0x5
 1374 015c 01       		.uleb128 0x1
 1375 015d 13       		.uleb128 0x13
 1376 015e 00       		.byte	0
 1377 015f 00       		.byte	0
 1378 0160 1B       		.uleb128 0x1b
 1379 0161 0D       		.uleb128 0xd
 1380 0162 00       		.byte	0
 1381 0163 03       		.uleb128 0x3
 1382 0164 0E       		.uleb128 0xe
 1383 0165 3A       		.uleb128 0x3a
 1384 0166 0B       		.uleb128 0xb
 1385 0167 3B       		.uleb128 0x3b
 1386 0168 05       		.uleb128 0x5
 1387 0169 49       		.uleb128 0x49
 1388 016a 13       		.uleb128 0x13
 1389 016b 38       		.uleb128 0x38
 1390 016c 0B       		.uleb128 0xb
 1391 016d 00       		.byte	0
 1392 016e 00       		.byte	0
 1393 016f 1C       		.uleb128 0x1c
 1394 0170 01       		.uleb128 0x1
 1395 0171 01       		.byte	0x1
 1396 0172 49       		.uleb128 0x49
 1397 0173 13       		.uleb128 0x13
ARM GAS  C:\Users\wl\AppData\Local\Temp\ccqGymfV.s 			page 33


 1398 0174 01       		.uleb128 0x1
 1399 0175 13       		.uleb128 0x13
 1400 0176 00       		.byte	0
 1401 0177 00       		.byte	0
 1402 0178 1D       		.uleb128 0x1d
 1403 0179 21       		.uleb128 0x21
 1404 017a 00       		.byte	0
 1405 017b 49       		.uleb128 0x49
 1406 017c 13       		.uleb128 0x13
 1407 017d 2F       		.uleb128 0x2f
 1408 017e 0B       		.uleb128 0xb
 1409 017f 00       		.byte	0
 1410 0180 00       		.byte	0
 1411 0181 1E       		.uleb128 0x1e
 1412 0182 34       		.uleb128 0x34
 1413 0183 00       		.byte	0
 1414 0184 03       		.uleb128 0x3
 1415 0185 08       		.uleb128 0x8
 1416 0186 3A       		.uleb128 0x3a
 1417 0187 0B       		.uleb128 0xb
 1418 0188 3B       		.uleb128 0x3b
 1419 0189 05       		.uleb128 0x5
 1420 018a 49       		.uleb128 0x49
 1421 018b 13       		.uleb128 0x13
 1422 018c 02       		.uleb128 0x2
 1423 018d 17       		.uleb128 0x17
 1424 018e 00       		.byte	0
 1425 018f 00       		.byte	0
 1426 0190 1F       		.uleb128 0x1f
 1427 0191 2E       		.uleb128 0x2e
 1428 0192 00       		.byte	0
 1429 0193 3F       		.uleb128 0x3f
 1430 0194 19       		.uleb128 0x19
 1431 0195 3C       		.uleb128 0x3c
 1432 0196 19       		.uleb128 0x19
 1433 0197 6E       		.uleb128 0x6e
 1434 0198 0E       		.uleb128 0xe
 1435 0199 03       		.uleb128 0x3
 1436 019a 0E       		.uleb128 0xe
 1437 019b 00       		.byte	0
 1438 019c 00       		.byte	0
 1439 019d 20       		.uleb128 0x20
 1440 019e 2E       		.uleb128 0x2e
 1441 019f 00       		.byte	0
 1442 01a0 3F       		.uleb128 0x3f
 1443 01a1 19       		.uleb128 0x19
 1444 01a2 3C       		.uleb128 0x3c
 1445 01a3 19       		.uleb128 0x19
 1446 01a4 6E       		.uleb128 0x6e
 1447 01a5 0E       		.uleb128 0xe
 1448 01a6 03       		.uleb128 0x3
 1449 01a7 0E       		.uleb128 0xe
 1450 01a8 3A       		.uleb128 0x3a
 1451 01a9 0B       		.uleb128 0xb
 1452 01aa 3B       		.uleb128 0x3b
 1453 01ab 0B       		.uleb128 0xb
 1454 01ac 00       		.byte	0
ARM GAS  C:\Users\wl\AppData\Local\Temp\ccqGymfV.s 			page 34


 1455 01ad 00       		.byte	0
 1456 01ae 00       		.byte	0
 1457              		.section	.debug_loc,"",%progbits
 1458              	.Ldebug_loc0:
 1459              	.LLST0:
 1460 0000 02000000 		.4byte	.LVL1
 1461 0004 08000000 		.4byte	.LVL2
 1462 0008 0200     		.2byte	0x2
 1463 000a 30       		.byte	0x30
 1464 000b 9F       		.byte	0x9f
 1465 000c 08000000 		.4byte	.LVL2
 1466 0010 30000000 		.4byte	.LVL11
 1467 0014 0100     		.2byte	0x1
 1468 0016 57       		.byte	0x57
 1469 0017 00000000 		.4byte	0
 1470 001b 00000000 		.4byte	0
 1471              	.LLST1:
 1472 001f 02000000 		.4byte	.LVL1
 1473 0023 08000000 		.4byte	.LVL2
 1474 0027 0200     		.2byte	0x2
 1475 0029 30       		.byte	0x30
 1476 002a 9F       		.byte	0x9f
 1477 002b 08000000 		.4byte	.LVL2
 1478 002f 30000000 		.4byte	.LVL10
 1479 0033 0100     		.2byte	0x1
 1480 0035 55       		.byte	0x55
 1481 0036 00000000 		.4byte	0
 1482 003a 00000000 		.4byte	0
 1483              	.LLST2:
 1484 003e 0C000000 		.4byte	.LVL3
 1485 0042 2C000000 		.4byte	.LVL9
 1486 0046 0100     		.2byte	0x1
 1487 0048 56       		.byte	0x56
 1488 0049 00000000 		.4byte	0
 1489 004d 00000000 		.4byte	0
 1490              	.LLST3:
 1491 0051 0E000000 		.4byte	.LVL4
 1492 0055 24000000 		.4byte	.LVL7
 1493 0059 0100     		.2byte	0x1
 1494 005b 53       		.byte	0x53
 1495 005c 26000000 		.4byte	.LVL8
 1496 0060 2C000000 		.4byte	.LVL9
 1497 0064 0100     		.2byte	0x1
 1498 0066 53       		.byte	0x53
 1499 0067 00000000 		.4byte	0
 1500 006b 00000000 		.4byte	0
 1501              	.LLST4:
 1502 006f 00000000 		.4byte	.LVL12
 1503 0073 09000000 		.4byte	.LVL14-1
 1504 0077 0100     		.2byte	0x1
 1505 0079 50       		.byte	0x50
 1506 007a 09000000 		.4byte	.LVL14-1
 1507 007e 0C000000 		.4byte	.LFE2
 1508 0082 0400     		.2byte	0x4
 1509 0084 F3       		.byte	0xf3
 1510 0085 01       		.uleb128 0x1
 1511 0086 50       		.byte	0x50
ARM GAS  C:\Users\wl\AppData\Local\Temp\ccqGymfV.s 			page 35


 1512 0087 9F       		.byte	0x9f
 1513 0088 00000000 		.4byte	0
 1514 008c 00000000 		.4byte	0
 1515              	.LLST5:
 1516 0090 00000000 		.4byte	.LVL12
 1517 0094 06000000 		.4byte	.LVL13
 1518 0098 0100     		.2byte	0x1
 1519 009a 51       		.byte	0x51
 1520 009b 06000000 		.4byte	.LVL13
 1521 009f 09000000 		.4byte	.LVL14-1
 1522 00a3 0100     		.2byte	0x1
 1523 00a5 52       		.byte	0x52
 1524 00a6 09000000 		.4byte	.LVL14-1
 1525 00aa 0C000000 		.4byte	.LFE2
 1526 00ae 0400     		.2byte	0x4
 1527 00b0 F3       		.byte	0xf3
 1528 00b1 01       		.uleb128 0x1
 1529 00b2 51       		.byte	0x51
 1530 00b3 9F       		.byte	0x9f
 1531 00b4 00000000 		.4byte	0
 1532 00b8 00000000 		.4byte	0
 1533              	.LLST6:
 1534 00bc 02010000 		.4byte	.LVL23
 1535 00c0 06010000 		.4byte	.LVL24
 1536 00c4 0200     		.2byte	0x2
 1537 00c6 30       		.byte	0x30
 1538 00c7 9F       		.byte	0x9f
 1539 00c8 06010000 		.4byte	.LVL24
 1540 00cc 24010000 		.4byte	.LVL26
 1541 00d0 0100     		.2byte	0x1
 1542 00d2 54       		.byte	0x54
 1543 00d3 26010000 		.4byte	.LVL27
 1544 00d7 9C010000 		.4byte	.LVL31
 1545 00db 0100     		.2byte	0x1
 1546 00dd 54       		.byte	0x54
 1547 00de 00000000 		.4byte	0
 1548 00e2 00000000 		.4byte	0
 1549              	.LLST7:
 1550 00e6 06010000 		.4byte	.LVL24
 1551 00ea 24010000 		.4byte	.LVL26
 1552 00ee 0B00     		.2byte	0xb
 1553 00f0 74       		.byte	0x74
 1554 00f1 00       		.sleb128 0
 1555 00f2 36       		.byte	0x36
 1556 00f3 1E       		.byte	0x1e
 1557 00f4 03       		.byte	0x3
 1558 00f5 00000000 		.4byte	cfg_memset_list.4916
 1559 00f9 22       		.byte	0x22
 1560 00fa 9F       		.byte	0x9f
 1561 00fb 24010000 		.4byte	.LVL26
 1562 00ff 26010000 		.4byte	.LVL27
 1563 0103 0B00     		.2byte	0xb
 1564 0105 74       		.byte	0x74
 1565 0106 7F       		.sleb128 -1
 1566 0107 36       		.byte	0x36
 1567 0108 1E       		.byte	0x1e
 1568 0109 03       		.byte	0x3
ARM GAS  C:\Users\wl\AppData\Local\Temp\ccqGymfV.s 			page 36


 1569 010a 00000000 		.4byte	cfg_memset_list.4916
 1570 010e 22       		.byte	0x22
 1571 010f 9F       		.byte	0x9f
 1572 0110 00000000 		.4byte	0
 1573 0114 00000000 		.4byte	0
 1574              		.section	.debug_aranges,"",%progbits
 1575 0000 3C000000 		.4byte	0x3c
 1576 0004 0200     		.2byte	0x2
 1577 0006 00000000 		.4byte	.Ldebug_info0
 1578 000a 04       		.byte	0x4
 1579 000b 00       		.byte	0
 1580 000c 0000     		.2byte	0
 1581 000e 0000     		.2byte	0
 1582 0010 00000000 		.4byte	.LFB5
 1583 0014 32000000 		.4byte	.LFE5-.LFB5
 1584 0018 00000000 		.4byte	.LFB7
 1585 001c 20000000 		.4byte	.LFE7-.LFB7
 1586 0020 00000000 		.4byte	.LFB2
 1587 0024 0C000000 		.4byte	.LFE2-.LFB2
 1588 0028 00000000 		.4byte	.LFB6
 1589 002c F8000000 		.4byte	.LFE6-.LFB6
 1590 0030 F8000000 		.4byte	.LFB8
 1591 0034 E8000000 		.4byte	.LFE8-.LFB8
 1592 0038 00000000 		.4byte	0
 1593 003c 00000000 		.4byte	0
 1594              		.section	.debug_ranges,"",%progbits
 1595              	.Ldebug_ranges0:
 1596 0000 00000000 		.4byte	.LFB5
 1597 0004 32000000 		.4byte	.LFE5
 1598 0008 00000000 		.4byte	.LFB7
 1599 000c 20000000 		.4byte	.LFE7
 1600 0010 00000000 		.4byte	.LFB2
 1601 0014 0C000000 		.4byte	.LFE2
 1602 0018 00000000 		.4byte	.LFB6
 1603 001c F8000000 		.4byte	.LFE6
 1604 0020 F8000000 		.4byte	.LFB8
 1605 0024 E0010000 		.4byte	.LFE8
 1606 0028 00000000 		.4byte	0
 1607 002c 00000000 		.4byte	0
 1608              		.section	.debug_line,"",%progbits
 1609              	.Ldebug_line0:
 1610 0000 8D010000 		.section	.debug_str,"MS",%progbits,1
 1610      0200E300 
 1610      00000201 
 1610      FB0E0D00 
 1610      01010101 
 1611              	.LASF37:
 1612 0000 43794465 		.ascii	"CyDelayCycles\000"
 1612      6C617943 
 1612      79636C65 
 1612      7300
 1613              	.LASF19:
 1614 000e 72656733 		.ascii	"reg32\000"
 1614      3200
 1615              	.LASF12:
 1616 0014 73697A65 		.ascii	"size_t\000"
 1616      5F7400
ARM GAS  C:\Users\wl\AppData\Local\Temp\ccqGymfV.s 			page 37


 1617              	.LASF47:
 1618 001b 416E616C 		.ascii	"AnalogSetDefault\000"
 1618      6F675365 
 1618      74446566 
 1618      61756C74 
 1618      00
 1619              	.LASF42:
 1620 002c 4379496E 		.ascii	"CyIntSetVector\000"
 1620      74536574 
 1620      56656374 
 1620      6F7200
 1621              	.LASF21:
 1622 003b 76616C75 		.ascii	"value\000"
 1622      6500
 1623              	.LASF26:
 1624 0041 636F756E 		.ascii	"count\000"
 1624      7400
 1625              	.LASF29:
 1626 0047 436C6F63 		.ascii	"ClockSetup\000"
 1626      6B536574 
 1626      757000
 1627              	.LASF30:
 1628 0052 63795F63 		.ascii	"cy_cfg_addr_table\000"
 1628      66675F61 
 1628      6464725F 
 1628      7461626C 
 1628      6500
 1629              	.LASF31:
 1630 0064 63795F63 		.ascii	"cy_cfg_data_table\000"
 1630      66675F64 
 1630      6174615F 
 1630      7461626C 
 1630      6500
 1631              	.LASF16:
 1632 0076 666C6F61 		.ascii	"float\000"
 1632      7400
 1633              	.LASF35:
 1634 007c 6366675F 		.ascii	"cfg_memset_list\000"
 1634      6D656D73 
 1634      65745F6C 
 1634      69737400 
 1635              	.LASF33:
 1636 008c 73697A65 		.ascii	"size\000"
 1636      00
 1637              	.LASF38:
 1638 0091 43795379 		.ascii	"CySysClkWcoSetPowerMode\000"
 1638      73436C6B 
 1638      57636F53 
 1638      6574506F 
 1638      7765724D 
 1639              	.LASF18:
 1640 00a9 72656738 		.ascii	"reg8\000"
 1640      00
 1641              	.LASF8:
 1642 00ae 6C6F6E67 		.ascii	"long unsigned int\000"
 1642      20756E73 
 1642      69676E65 
ARM GAS  C:\Users\wl\AppData\Local\Temp\ccqGymfV.s 			page 38


 1642      6420696E 
 1642      7400
 1643              	.LASF13:
 1644 00c0 75696E74 		.ascii	"uint8\000"
 1644      3800
 1645              	.LASF36:
 1646 00c6 43795379 		.ascii	"CySysClkWcoStart\000"
 1646      73436C6B 
 1646      57636F53 
 1646      74617274 
 1646      00
 1647              	.LASF28:
 1648 00d7 43594D45 		.ascii	"CYMEMZERO\000"
 1648      4D5A4552 
 1648      4F00
 1649              	.LASF4:
 1650 00e1 756E7369 		.ascii	"unsigned char\000"
 1650      676E6564 
 1650      20636861 
 1650      7200
 1651              	.LASF49:
 1652 00ef 6D656D73 		.ascii	"memset\000"
 1652      657400
 1653              	.LASF17:
 1654 00f6 646F7562 		.ascii	"double\000"
 1654      6C6500
 1655              	.LASF27:
 1656 00fd 6366675F 		.ascii	"cfg_write_bytes32\000"
 1656      77726974 
 1656      655F6279 
 1656      74657333 
 1656      3200
 1657              	.LASF43:
 1658 010f 4379496E 		.ascii	"CyIntEnable\000"
 1658      74456E61 
 1658      626C6500 
 1659              	.LASF46:
 1660 011b 433A5C55 		.ascii	"C:\\Users\\wl\\Desktop\\cypressResource\\projects\\"
 1660      73657273 
 1660      5C776C5C 
 1660      4465736B 
 1660      746F705C 
 1661 0148 576F726B 		.ascii	"Workspace01\\Lesson11-I2C-Transmit.cydsn\000"
 1661      73706163 
 1661      6530315C 
 1661      4C657373 
 1661      6F6E3131 
 1662              	.LASF23:
 1663 0170 61646472 		.ascii	"addr_table\000"
 1663      5F746162 
 1663      6C6500
 1664              	.LASF14:
 1665 017b 75696E74 		.ascii	"uint16\000"
 1665      313600
 1666              	.LASF24:
 1667 0182 64617461 		.ascii	"data_table\000"
 1667      5F746162 
ARM GAS  C:\Users\wl\AppData\Local\Temp\ccqGymfV.s 			page 39


 1667      6C6500
 1668              	.LASF15:
 1669 018d 75696E74 		.ascii	"uint32\000"
 1669      333200
 1670              	.LASF0:
 1671 0194 756E7369 		.ascii	"unsigned int\000"
 1671      676E6564 
 1671      20696E74 
 1671      00
 1672              	.LASF48:
 1673 01a1 63796669 		.ascii	"cyfitter_cfg\000"
 1673      74746572 
 1673      5F636667 
 1673      00
 1674              	.LASF32:
 1675 01ae 61646472 		.ascii	"address\000"
 1675      65737300 
 1676              	.LASF9:
 1677 01b6 6C6F6E67 		.ascii	"long long unsigned int\000"
 1677      206C6F6E 
 1677      6720756E 
 1677      7369676E 
 1677      65642069 
 1678              	.LASF44:
 1679 01cd 474E5520 		.ascii	"GNU C11 5.4.1 20160609 (release) [ARM/embedded-5-br"
 1679      43313120 
 1679      352E342E 
 1679      31203230 
 1679      31363036 
 1680 0200 616E6368 		.ascii	"anch revision 237715] -mcpu=cortex-m0 -mthumb -g -O"
 1680      20726576 
 1680      6973696F 
 1680      6E203233 
 1680      37373135 
 1681 0233 67202D66 		.ascii	"g -ffunction-sections -ffat-lto-objects\000"
 1681      66756E63 
 1681      74696F6E 
 1681      2D736563 
 1681      74696F6E 
 1682              	.LASF34:
 1683 025b 6366675F 		.ascii	"cfg_memset_t\000"
 1683      6D656D73 
 1683      65745F74 
 1683      00
 1684              	.LASF25:
 1685 0268 62617365 		.ascii	"baseAddr\000"
 1685      41646472 
 1685      00
 1686              	.LASF10:
 1687 0271 73697A65 		.ascii	"sizetype\000"
 1687      74797065 
 1687      00
 1688              	.LASF6:
 1689 027a 73686F72 		.ascii	"short unsigned int\000"
 1689      7420756E 
 1689      7369676E 
 1689      65642069 
ARM GAS  C:\Users\wl\AppData\Local\Temp\ccqGymfV.s 			page 40


 1689      6E7400
 1690              	.LASF1:
 1691 028d 6C6F6E67 		.ascii	"long long int\000"
 1691      206C6F6E 
 1691      6720696E 
 1691      7400
 1692              	.LASF41:
 1693 029b 43794465 		.ascii	"CyDelayUs\000"
 1693      6C617955 
 1693      7300
 1694              	.LASF11:
 1695 02a5 63686172 		.ascii	"char\000"
 1695      00
 1696              	.LASF40:
 1697 02aa 43795379 		.ascii	"CySysClkEcoStart\000"
 1697      73436C6B 
 1697      45636F53 
 1697      74617274 
 1697      00
 1698              	.LASF22:
 1699 02bb 63795F63 		.ascii	"cy_cfg_addrvalue_t\000"
 1699      66675F61 
 1699      64647276 
 1699      616C7565 
 1699      5F7400
 1700              	.LASF20:
 1701 02ce 6F666673 		.ascii	"offset\000"
 1701      657400
 1702              	.LASF5:
 1703 02d5 73686F72 		.ascii	"short int\000"
 1703      7420696E 
 1703      7400
 1704              	.LASF39:
 1705 02df 43795379 		.ascii	"CySysClkWriteImoFreq\000"
 1705      73436C6B 
 1705      57726974 
 1705      65496D6F 
 1705      46726571 
 1706              	.LASF7:
 1707 02f4 6C6F6E67 		.ascii	"long int\000"
 1707      20696E74 
 1707      00
 1708              	.LASF2:
 1709 02fd 6C6F6E67 		.ascii	"long double\000"
 1709      20646F75 
 1709      626C6500 
 1710              	.LASF3:
 1711 0309 7369676E 		.ascii	"signed char\000"
 1711      65642063 
 1711      68617200 
 1712              	.LASF45:
 1713 0315 47656E65 		.ascii	"Generated_Source\\PSoC4\\cyfitter_cfg.c\000"
 1713      72617465 
 1713      645F536F 
 1713      75726365 
 1713      5C50536F 
 1714              		.ident	"GCC: (GNU Tools for ARM Embedded Processors) 5.4.1 20160609 (release) [ARM/embedded-5-bran
ARM GAS  C:\Users\wl\AppData\Local\Temp\ccqGymfV.s 			page 41


