ARM GAS  C:\Users\wl\AppData\Local\Temp\ccmsZb93.s 			page 1


   1              		.syntax unified
   2              		.cpu cortex-m0
   3              		.fpu softvfp
   4              		.eabi_attribute 20, 1
   5              		.eabi_attribute 21, 1
   6              		.eabi_attribute 23, 3
   7              		.eabi_attribute 24, 1
   8              		.eabi_attribute 25, 1
   9              		.eabi_attribute 26, 1
  10              		.eabi_attribute 30, 1
  11              		.eabi_attribute 34, 0
  12              		.eabi_attribute 18, 4
  13              		.thumb
  14              		.syntax unified
  15              		.file	"main.c"
  16              		.text
  17              	.Ltext0:
  18              		.cfi_sections	.debug_frame
  19              		.section	.text.main,"ax",%progbits
  20              		.align	2
  21              		.global	main
  22              		.code	16
  23              		.thumb_func
  24              		.type	main, %function
  25              	main:
  26              	.LFB35:
  27              		.file 1 "main.c"
   1:main.c        **** /* ========================================
   2:main.c        ****  *
   3:main.c        ****  * Copyright YOUR COMPANY, THE YEAR
   4:main.c        ****  * All Rights Reserved
   5:main.c        ****  * UNPUBLISHED, LICENSED SOFTWARE.
   6:main.c        ****  *
   7:main.c        ****  * CONFIDENTIAL AND PROPRIETARY INFORMATION
   8:main.c        ****  * WHICH IS THE PROPERTY OF your company.
   9:main.c        ****  *
  10:main.c        ****  * ========================================
  11:main.c        **** */
  12:main.c        **** #include "project.h"
  13:main.c        **** 
  14:main.c        **** int main(void)
  15:main.c        **** {
  28              		.loc 1 15 0
  29              		.cfi_startproc
  30              		@ Volatile: function does not return.
  31              		@ args = 0, pretend = 0, frame = 0
  32              		@ frame_needed = 0, uses_anonymous_args = 0
  33 0000 10B5     		push	{r4, lr}
  34              		.cfi_def_cfa_offset 8
  35              		.cfi_offset 4, -8
  36              		.cfi_offset 14, -4
  16:main.c        ****     CyGlobalIntEnable; /* Enable global interrupts. */
  37              		.loc 1 16 0
  38              		.syntax divided
  39              	@ 16 "main.c" 1
  40 0002 62B6     		CPSIE   i
  41              	@ 0 "" 2
ARM GAS  C:\Users\wl\AppData\Local\Temp\ccmsZb93.s 			page 2


  42              		.thumb
  43              		.syntax unified
  44              	.L2:
  17:main.c        **** 
  18:main.c        ****     /* Place your initialization/startup code here (e.g. MyInst_Start()) */
  19:main.c        **** 
  20:main.c        ****     for(;;)
  21:main.c        ****     {
  22:main.c        ****         Pin_Red_Write(~ Pin_Red_Read());
  45              		.loc 1 22 0 discriminator 1
  46 0004 FFF7FEFF 		bl	Pin_Red_Read
  47              	.LVL0:
  48 0008 C043     		mvns	r0, r0
  49 000a C0B2     		uxtb	r0, r0
  50 000c FFF7FEFF 		bl	Pin_Red_Write
  51              	.LVL1:
  23:main.c        ****         CyDelay(500);
  52              		.loc 1 23 0 discriminator 1
  53 0010 FA24     		movs	r4, #250
  54 0012 6400     		lsls	r4, r4, #1
  55 0014 2000     		movs	r0, r4
  56 0016 FFF7FEFF 		bl	CyDelay
  57              	.LVL2:
  24:main.c        ****         Pin_Blue_Write(~ Pin_Blue_Read());
  58              		.loc 1 24 0 discriminator 1
  59 001a FFF7FEFF 		bl	Pin_Blue_Read
  60              	.LVL3:
  61 001e C043     		mvns	r0, r0
  62 0020 C0B2     		uxtb	r0, r0
  63 0022 FFF7FEFF 		bl	Pin_Blue_Write
  64              	.LVL4:
  25:main.c        ****         CyDelay(500);
  65              		.loc 1 25 0 discriminator 1
  66 0026 2000     		movs	r0, r4
  67 0028 FFF7FEFF 		bl	CyDelay
  68              	.LVL5:
  26:main.c        ****         Pin_Green_Write(~ Pin_Green_Read());
  69              		.loc 1 26 0 discriminator 1
  70 002c FFF7FEFF 		bl	Pin_Green_Read
  71              	.LVL6:
  72 0030 C043     		mvns	r0, r0
  73 0032 C0B2     		uxtb	r0, r0
  74 0034 FFF7FEFF 		bl	Pin_Green_Write
  75              	.LVL7:
  27:main.c        ****         CyDelay(500);
  76              		.loc 1 27 0 discriminator 1
  77 0038 2000     		movs	r0, r4
  78 003a FFF7FEFF 		bl	CyDelay
  79              	.LVL8:
  80 003e E1E7     		b	.L2
  81              		.cfi_endproc
  82              	.LFE35:
  83              		.size	main, .-main
  84              		.text
  85              	.Letext0:
  86              		.file 2 "Generated_Source\\PSoC4/Pin_Red.h"
  87              		.file 3 "Generated_Source\\PSoC4/CyLib.h"
ARM GAS  C:\Users\wl\AppData\Local\Temp\ccmsZb93.s 			page 3


  88              		.file 4 "Generated_Source\\PSoC4/Pin_Blue.h"
  89              		.file 5 "Generated_Source\\PSoC4/Pin_Green.h"
  90              		.section	.debug_info,"",%progbits
  91              	.Ldebug_info0:
  92 0000 60010000 		.4byte	0x160
  93 0004 0400     		.2byte	0x4
  94 0006 00000000 		.4byte	.Ldebug_abbrev0
  95 000a 04       		.byte	0x4
  96 000b 01       		.uleb128 0x1
  97 000c B9000000 		.4byte	.LASF21
  98 0010 0C       		.byte	0xc
  99 0011 1E000000 		.4byte	.LASF22
 100 0015 77010000 		.4byte	.LASF23
 101 0019 00000000 		.4byte	.Ldebug_ranges0+0
 102 001d 00000000 		.4byte	0
 103 0021 00000000 		.4byte	.Ldebug_line0
 104 0025 02       		.uleb128 0x2
 105 0026 01       		.byte	0x1
 106 0027 06       		.byte	0x6
 107 0028 5A010000 		.4byte	.LASF0
 108 002c 02       		.uleb128 0x2
 109 002d 01       		.byte	0x1
 110 002e 08       		.byte	0x8
 111 002f 87000000 		.4byte	.LASF1
 112 0033 02       		.uleb128 0x2
 113 0034 02       		.byte	0x2
 114 0035 05       		.byte	0x5
 115 0036 C7010000 		.4byte	.LASF2
 116 003a 02       		.uleb128 0x2
 117 003b 02       		.byte	0x2
 118 003c 07       		.byte	0x7
 119 003d 47010000 		.4byte	.LASF3
 120 0041 02       		.uleb128 0x2
 121 0042 04       		.byte	0x4
 122 0043 05       		.byte	0x5
 123 0044 9A000000 		.4byte	.LASF4
 124 0048 02       		.uleb128 0x2
 125 0049 04       		.byte	0x4
 126 004a 07       		.byte	0x7
 127 004b 4A000000 		.4byte	.LASF5
 128 004f 02       		.uleb128 0x2
 129 0050 08       		.byte	0x8
 130 0051 05       		.byte	0x5
 131 0052 00000000 		.4byte	.LASF6
 132 0056 02       		.uleb128 0x2
 133 0057 08       		.byte	0x8
 134 0058 07       		.byte	0x7
 135 0059 5C000000 		.4byte	.LASF7
 136 005d 03       		.uleb128 0x3
 137 005e 04       		.byte	0x4
 138 005f 05       		.byte	0x5
 139 0060 696E7400 		.ascii	"int\000"
 140 0064 02       		.uleb128 0x2
 141 0065 04       		.byte	0x4
 142 0066 07       		.byte	0x7
 143 0067 D1010000 		.4byte	.LASF8
 144 006b 02       		.uleb128 0x2
ARM GAS  C:\Users\wl\AppData\Local\Temp\ccmsZb93.s 			page 4


 145 006c 04       		.byte	0x4
 146 006d 04       		.byte	0x4
 147 006e 73000000 		.4byte	.LASF9
 148 0072 02       		.uleb128 0x2
 149 0073 08       		.byte	0x8
 150 0074 04       		.byte	0x4
 151 0075 B2000000 		.4byte	.LASF10
 152 0079 02       		.uleb128 0x2
 153 007a 01       		.byte	0x1
 154 007b 08       		.byte	0x8
 155 007c 95000000 		.4byte	.LASF11
 156 0080 02       		.uleb128 0x2
 157 0081 04       		.byte	0x4
 158 0082 07       		.byte	0x7
 159 0083 DE010000 		.4byte	.LASF12
 160 0087 02       		.uleb128 0x2
 161 0088 08       		.byte	0x8
 162 0089 04       		.byte	0x4
 163 008a 6B010000 		.4byte	.LASF13
 164 008e 04       		.uleb128 0x4
 165 008f 66010000 		.4byte	.LASF24
 166 0093 01       		.byte	0x1
 167 0094 0E       		.byte	0xe
 168 0095 5D000000 		.4byte	0x5d
 169 0099 00000000 		.4byte	.LFB35
 170 009d 40000000 		.4byte	.LFE35-.LFB35
 171 00a1 01       		.uleb128 0x1
 172 00a2 9C       		.byte	0x9c
 173 00a3 16010000 		.4byte	0x116
 174 00a7 05       		.uleb128 0x5
 175 00a8 08000000 		.4byte	.LVL0
 176 00ac 16010000 		.4byte	0x116
 177 00b0 05       		.uleb128 0x5
 178 00b1 10000000 		.4byte	.LVL1
 179 00b5 21010000 		.4byte	0x121
 180 00b9 06       		.uleb128 0x6
 181 00ba 1A000000 		.4byte	.LVL2
 182 00be 2C010000 		.4byte	0x12c
 183 00c2 CD000000 		.4byte	0xcd
 184 00c6 07       		.uleb128 0x7
 185 00c7 01       		.uleb128 0x1
 186 00c8 50       		.byte	0x50
 187 00c9 02       		.uleb128 0x2
 188 00ca 74       		.byte	0x74
 189 00cb 00       		.sleb128 0
 190 00cc 00       		.byte	0
 191 00cd 05       		.uleb128 0x5
 192 00ce 1E000000 		.4byte	.LVL3
 193 00d2 37010000 		.4byte	0x137
 194 00d6 05       		.uleb128 0x5
 195 00d7 26000000 		.4byte	.LVL4
 196 00db 42010000 		.4byte	0x142
 197 00df 06       		.uleb128 0x6
 198 00e0 2C000000 		.4byte	.LVL5
 199 00e4 2C010000 		.4byte	0x12c
 200 00e8 F3000000 		.4byte	0xf3
 201 00ec 07       		.uleb128 0x7
ARM GAS  C:\Users\wl\AppData\Local\Temp\ccmsZb93.s 			page 5


 202 00ed 01       		.uleb128 0x1
 203 00ee 50       		.byte	0x50
 204 00ef 02       		.uleb128 0x2
 205 00f0 74       		.byte	0x74
 206 00f1 00       		.sleb128 0
 207 00f2 00       		.byte	0
 208 00f3 05       		.uleb128 0x5
 209 00f4 30000000 		.4byte	.LVL6
 210 00f8 4D010000 		.4byte	0x14d
 211 00fc 05       		.uleb128 0x5
 212 00fd 38000000 		.4byte	.LVL7
 213 0101 58010000 		.4byte	0x158
 214 0105 08       		.uleb128 0x8
 215 0106 3E000000 		.4byte	.LVL8
 216 010a 2C010000 		.4byte	0x12c
 217 010e 07       		.uleb128 0x7
 218 010f 01       		.uleb128 0x1
 219 0110 50       		.byte	0x50
 220 0111 02       		.uleb128 0x2
 221 0112 74       		.byte	0x74
 222 0113 00       		.sleb128 0
 223 0114 00       		.byte	0
 224 0115 00       		.byte	0
 225 0116 09       		.uleb128 0x9
 226 0117 BA010000 		.4byte	.LASF14
 227 011b BA010000 		.4byte	.LASF14
 228 011f 02       		.byte	0x2
 229 0120 32       		.byte	0x32
 230 0121 09       		.uleb128 0x9
 231 0122 79000000 		.4byte	.LASF15
 232 0126 79000000 		.4byte	.LASF15
 233 012a 02       		.byte	0x2
 234 012b 33       		.byte	0x33
 235 012c 09       		.uleb128 0x9
 236 012d 42000000 		.4byte	.LASF16
 237 0131 42000000 		.4byte	.LASF16
 238 0135 03       		.byte	0x3
 239 0136 D9       		.byte	0xd9
 240 0137 09       		.uleb128 0x9
 241 0138 25000000 		.4byte	.LASF17
 242 013c 25000000 		.4byte	.LASF17
 243 0140 04       		.byte	0x4
 244 0141 32       		.byte	0x32
 245 0142 09       		.uleb128 0x9
 246 0143 33000000 		.4byte	.LASF18
 247 0147 33000000 		.4byte	.LASF18
 248 014b 04       		.byte	0x4
 249 014c 33       		.byte	0x33
 250 014d 09       		.uleb128 0x9
 251 014e A3000000 		.4byte	.LASF19
 252 0152 A3000000 		.4byte	.LASF19
 253 0156 05       		.byte	0x5
 254 0157 32       		.byte	0x32
 255 0158 09       		.uleb128 0x9
 256 0159 0E000000 		.4byte	.LASF20
 257 015d 0E000000 		.4byte	.LASF20
 258 0161 05       		.byte	0x5
ARM GAS  C:\Users\wl\AppData\Local\Temp\ccmsZb93.s 			page 6


 259 0162 33       		.byte	0x33
 260 0163 00       		.byte	0
 261              		.section	.debug_abbrev,"",%progbits
 262              	.Ldebug_abbrev0:
 263 0000 01       		.uleb128 0x1
 264 0001 11       		.uleb128 0x11
 265 0002 01       		.byte	0x1
 266 0003 25       		.uleb128 0x25
 267 0004 0E       		.uleb128 0xe
 268 0005 13       		.uleb128 0x13
 269 0006 0B       		.uleb128 0xb
 270 0007 03       		.uleb128 0x3
 271 0008 0E       		.uleb128 0xe
 272 0009 1B       		.uleb128 0x1b
 273 000a 0E       		.uleb128 0xe
 274 000b 55       		.uleb128 0x55
 275 000c 17       		.uleb128 0x17
 276 000d 11       		.uleb128 0x11
 277 000e 01       		.uleb128 0x1
 278 000f 10       		.uleb128 0x10
 279 0010 17       		.uleb128 0x17
 280 0011 00       		.byte	0
 281 0012 00       		.byte	0
 282 0013 02       		.uleb128 0x2
 283 0014 24       		.uleb128 0x24
 284 0015 00       		.byte	0
 285 0016 0B       		.uleb128 0xb
 286 0017 0B       		.uleb128 0xb
 287 0018 3E       		.uleb128 0x3e
 288 0019 0B       		.uleb128 0xb
 289 001a 03       		.uleb128 0x3
 290 001b 0E       		.uleb128 0xe
 291 001c 00       		.byte	0
 292 001d 00       		.byte	0
 293 001e 03       		.uleb128 0x3
 294 001f 24       		.uleb128 0x24
 295 0020 00       		.byte	0
 296 0021 0B       		.uleb128 0xb
 297 0022 0B       		.uleb128 0xb
 298 0023 3E       		.uleb128 0x3e
 299 0024 0B       		.uleb128 0xb
 300 0025 03       		.uleb128 0x3
 301 0026 08       		.uleb128 0x8
 302 0027 00       		.byte	0
 303 0028 00       		.byte	0
 304 0029 04       		.uleb128 0x4
 305 002a 2E       		.uleb128 0x2e
 306 002b 01       		.byte	0x1
 307 002c 3F       		.uleb128 0x3f
 308 002d 19       		.uleb128 0x19
 309 002e 03       		.uleb128 0x3
 310 002f 0E       		.uleb128 0xe
 311 0030 3A       		.uleb128 0x3a
 312 0031 0B       		.uleb128 0xb
 313 0032 3B       		.uleb128 0x3b
 314 0033 0B       		.uleb128 0xb
 315 0034 27       		.uleb128 0x27
ARM GAS  C:\Users\wl\AppData\Local\Temp\ccmsZb93.s 			page 7


 316 0035 19       		.uleb128 0x19
 317 0036 49       		.uleb128 0x49
 318 0037 13       		.uleb128 0x13
 319 0038 8701     		.uleb128 0x87
 320 003a 19       		.uleb128 0x19
 321 003b 11       		.uleb128 0x11
 322 003c 01       		.uleb128 0x1
 323 003d 12       		.uleb128 0x12
 324 003e 06       		.uleb128 0x6
 325 003f 40       		.uleb128 0x40
 326 0040 18       		.uleb128 0x18
 327 0041 9742     		.uleb128 0x2117
 328 0043 19       		.uleb128 0x19
 329 0044 01       		.uleb128 0x1
 330 0045 13       		.uleb128 0x13
 331 0046 00       		.byte	0
 332 0047 00       		.byte	0
 333 0048 05       		.uleb128 0x5
 334 0049 898201   		.uleb128 0x4109
 335 004c 00       		.byte	0
 336 004d 11       		.uleb128 0x11
 337 004e 01       		.uleb128 0x1
 338 004f 31       		.uleb128 0x31
 339 0050 13       		.uleb128 0x13
 340 0051 00       		.byte	0
 341 0052 00       		.byte	0
 342 0053 06       		.uleb128 0x6
 343 0054 898201   		.uleb128 0x4109
 344 0057 01       		.byte	0x1
 345 0058 11       		.uleb128 0x11
 346 0059 01       		.uleb128 0x1
 347 005a 31       		.uleb128 0x31
 348 005b 13       		.uleb128 0x13
 349 005c 01       		.uleb128 0x1
 350 005d 13       		.uleb128 0x13
 351 005e 00       		.byte	0
 352 005f 00       		.byte	0
 353 0060 07       		.uleb128 0x7
 354 0061 8A8201   		.uleb128 0x410a
 355 0064 00       		.byte	0
 356 0065 02       		.uleb128 0x2
 357 0066 18       		.uleb128 0x18
 358 0067 9142     		.uleb128 0x2111
 359 0069 18       		.uleb128 0x18
 360 006a 00       		.byte	0
 361 006b 00       		.byte	0
 362 006c 08       		.uleb128 0x8
 363 006d 898201   		.uleb128 0x4109
 364 0070 01       		.byte	0x1
 365 0071 11       		.uleb128 0x11
 366 0072 01       		.uleb128 0x1
 367 0073 31       		.uleb128 0x31
 368 0074 13       		.uleb128 0x13
 369 0075 00       		.byte	0
 370 0076 00       		.byte	0
 371 0077 09       		.uleb128 0x9
 372 0078 2E       		.uleb128 0x2e
ARM GAS  C:\Users\wl\AppData\Local\Temp\ccmsZb93.s 			page 8


 373 0079 00       		.byte	0
 374 007a 3F       		.uleb128 0x3f
 375 007b 19       		.uleb128 0x19
 376 007c 3C       		.uleb128 0x3c
 377 007d 19       		.uleb128 0x19
 378 007e 6E       		.uleb128 0x6e
 379 007f 0E       		.uleb128 0xe
 380 0080 03       		.uleb128 0x3
 381 0081 0E       		.uleb128 0xe
 382 0082 3A       		.uleb128 0x3a
 383 0083 0B       		.uleb128 0xb
 384 0084 3B       		.uleb128 0x3b
 385 0085 0B       		.uleb128 0xb
 386 0086 00       		.byte	0
 387 0087 00       		.byte	0
 388 0088 00       		.byte	0
 389              		.section	.debug_aranges,"",%progbits
 390 0000 1C000000 		.4byte	0x1c
 391 0004 0200     		.2byte	0x2
 392 0006 00000000 		.4byte	.Ldebug_info0
 393 000a 04       		.byte	0x4
 394 000b 00       		.byte	0
 395 000c 0000     		.2byte	0
 396 000e 0000     		.2byte	0
 397 0010 00000000 		.4byte	.LFB35
 398 0014 40000000 		.4byte	.LFE35-.LFB35
 399 0018 00000000 		.4byte	0
 400 001c 00000000 		.4byte	0
 401              		.section	.debug_ranges,"",%progbits
 402              	.Ldebug_ranges0:
 403 0000 00000000 		.4byte	.LFB35
 404 0004 40000000 		.4byte	.LFE35
 405 0008 00000000 		.4byte	0
 406 000c 00000000 		.4byte	0
 407              		.section	.debug_line,"",%progbits
 408              	.Ldebug_line0:
 409 0000 9D000000 		.section	.debug_str,"MS",%progbits,1
 409      02006900 
 409      00000201 
 409      FB0E0D00 
 409      01010101 
 410              	.LASF6:
 411 0000 6C6F6E67 		.ascii	"long long int\000"
 411      206C6F6E 
 411      6720696E 
 411      7400
 412              	.LASF20:
 413 000e 50696E5F 		.ascii	"Pin_Green_Write\000"
 413      47726565 
 413      6E5F5772 
 413      69746500 
 414              	.LASF22:
 415 001e 6D61696E 		.ascii	"main.c\000"
 415      2E6300
 416              	.LASF17:
 417 0025 50696E5F 		.ascii	"Pin_Blue_Read\000"
 417      426C7565 
ARM GAS  C:\Users\wl\AppData\Local\Temp\ccmsZb93.s 			page 9


 417      5F526561 
 417      6400
 418              	.LASF18:
 419 0033 50696E5F 		.ascii	"Pin_Blue_Write\000"
 419      426C7565 
 419      5F577269 
 419      746500
 420              	.LASF16:
 421 0042 43794465 		.ascii	"CyDelay\000"
 421      6C617900 
 422              	.LASF5:
 423 004a 6C6F6E67 		.ascii	"long unsigned int\000"
 423      20756E73 
 423      69676E65 
 423      6420696E 
 423      7400
 424              	.LASF7:
 425 005c 6C6F6E67 		.ascii	"long long unsigned int\000"
 425      206C6F6E 
 425      6720756E 
 425      7369676E 
 425      65642069 
 426              	.LASF9:
 427 0073 666C6F61 		.ascii	"float\000"
 427      7400
 428              	.LASF15:
 429 0079 50696E5F 		.ascii	"Pin_Red_Write\000"
 429      5265645F 
 429      57726974 
 429      6500
 430              	.LASF1:
 431 0087 756E7369 		.ascii	"unsigned char\000"
 431      676E6564 
 431      20636861 
 431      7200
 432              	.LASF11:
 433 0095 63686172 		.ascii	"char\000"
 433      00
 434              	.LASF4:
 435 009a 6C6F6E67 		.ascii	"long int\000"
 435      20696E74 
 435      00
 436              	.LASF19:
 437 00a3 50696E5F 		.ascii	"Pin_Green_Read\000"
 437      47726565 
 437      6E5F5265 
 437      616400
 438              	.LASF10:
 439 00b2 646F7562 		.ascii	"double\000"
 439      6C6500
 440              	.LASF21:
 441 00b9 474E5520 		.ascii	"GNU C11 5.4.1 20160609 (release) [ARM/embedded-5-br"
 441      43313120 
 441      352E342E 
 441      31203230 
 441      31363036 
 442 00ec 616E6368 		.ascii	"anch revision 237715] -mcpu=cortex-m0 -mthumb -g -O"
ARM GAS  C:\Users\wl\AppData\Local\Temp\ccmsZb93.s 			page 10


 442      20726576 
 442      6973696F 
 442      6E203233 
 442      37373135 
 443 011f 67202D66 		.ascii	"g -ffunction-sections -ffat-lto-objects\000"
 443      66756E63 
 443      74696F6E 
 443      2D736563 
 443      74696F6E 
 444              	.LASF3:
 445 0147 73686F72 		.ascii	"short unsigned int\000"
 445      7420756E 
 445      7369676E 
 445      65642069 
 445      6E7400
 446              	.LASF0:
 447 015a 7369676E 		.ascii	"signed char\000"
 447      65642063 
 447      68617200 
 448              	.LASF24:
 449 0166 6D61696E 		.ascii	"main\000"
 449      00
 450              	.LASF13:
 451 016b 6C6F6E67 		.ascii	"long double\000"
 451      20646F75 
 451      626C6500 
 452              	.LASF23:
 453 0177 433A5C55 		.ascii	"C:\\Users\\wl\\Desktop\\cypressResource\\projects\\"
 453      73657273 
 453      5C776C5C 
 453      4465736B 
 453      746F705C 
 454 01a4 576F726B 		.ascii	"Workspace01\\LED.cydsn\000"
 454      73706163 
 454      6530315C 
 454      4C45442E 
 454      63796473 
 455              	.LASF14:
 456 01ba 50696E5F 		.ascii	"Pin_Red_Read\000"
 456      5265645F 
 456      52656164 
 456      00
 457              	.LASF2:
 458 01c7 73686F72 		.ascii	"short int\000"
 458      7420696E 
 458      7400
 459              	.LASF8:
 460 01d1 756E7369 		.ascii	"unsigned int\000"
 460      676E6564 
 460      20696E74 
 460      00
 461              	.LASF12:
 462 01de 73697A65 		.ascii	"sizetype\000"
 462      74797065 
 462      00
 463              		.ident	"GCC: (GNU Tools for ARM Embedded Processors) 5.4.1 20160609 (release) [ARM/embedded-5-bran
