ARM GAS  C:\Users\wl\AppData\Local\Temp\ccAJ9mJb.s 			page 1


   1              		.syntax unified
   2              		.cpu cortex-m0
   3              		.fpu softvfp
   4              		.eabi_attribute 20, 1
   5              		.eabi_attribute 21, 1
   6              		.eabi_attribute 23, 3
   7              		.eabi_attribute 24, 1
   8              		.eabi_attribute 25, 1
   9              		.eabi_attribute 26, 1
  10              		.eabi_attribute 30, 1
  11              		.eabi_attribute 34, 0
  12              		.eabi_attribute 18, 4
  13              		.thumb
  14              		.syntax unified
  15              		.file	"cyfitter_cfg.c"
  16              		.text
  17              	.Ltext0:
  18              		.cfi_sections	.debug_frame
  19              		.section	.text.cfg_write_bytes32,"ax",%progbits
  20              		.align	2
  21              		.code	16
  22              		.thumb_func
  23              		.type	cfg_write_bytes32, %function
  24              	cfg_write_bytes32:
  25              	.LFB5:
  26              		.file 1 "Generated_Source\\PSoC4\\cyfitter_cfg.c"
   1:Generated_Source\PSoC4/cyfitter_cfg.c **** 
   2:Generated_Source\PSoC4/cyfitter_cfg.c **** /*******************************************************************************
   3:Generated_Source\PSoC4/cyfitter_cfg.c **** * File Name: cyfitter_cfg.c
   4:Generated_Source\PSoC4/cyfitter_cfg.c **** * 
   5:Generated_Source\PSoC4/cyfitter_cfg.c **** * PSoC Creator  4.2
   6:Generated_Source\PSoC4/cyfitter_cfg.c **** *
   7:Generated_Source\PSoC4/cyfitter_cfg.c **** * Description:
   8:Generated_Source\PSoC4/cyfitter_cfg.c **** * This file contains device initialization code.
   9:Generated_Source\PSoC4/cyfitter_cfg.c **** * Except for the user defined sections in CyClockStartupError(), this file should not be modified.
  10:Generated_Source\PSoC4/cyfitter_cfg.c **** * This file is automatically generated by PSoC Creator.
  11:Generated_Source\PSoC4/cyfitter_cfg.c **** *
  12:Generated_Source\PSoC4/cyfitter_cfg.c **** ********************************************************************************
  13:Generated_Source\PSoC4/cyfitter_cfg.c **** * Copyright (c) 2007-2018 Cypress Semiconductor.  All rights reserved.
  14:Generated_Source\PSoC4/cyfitter_cfg.c **** * You may use this file only in accordance with the license, terms, conditions, 
  15:Generated_Source\PSoC4/cyfitter_cfg.c **** * disclaimers, and limitations in the end user license agreement accompanying 
  16:Generated_Source\PSoC4/cyfitter_cfg.c **** * the software package with which this file was provided.
  17:Generated_Source\PSoC4/cyfitter_cfg.c **** ********************************************************************************/
  18:Generated_Source\PSoC4/cyfitter_cfg.c **** 
  19:Generated_Source\PSoC4/cyfitter_cfg.c **** #include <string.h>
  20:Generated_Source\PSoC4/cyfitter_cfg.c **** #include "cytypes.h"
  21:Generated_Source\PSoC4/cyfitter_cfg.c **** #include "cydevice_trm.h"
  22:Generated_Source\PSoC4/cyfitter_cfg.c **** #include "cyfitter.h"
  23:Generated_Source\PSoC4/cyfitter_cfg.c **** #include "CyLib.h"
  24:Generated_Source\PSoC4/cyfitter_cfg.c **** #include "CyLFClk.h"
  25:Generated_Source\PSoC4/cyfitter_cfg.c **** #include "cyfitter_cfg.h"
  26:Generated_Source\PSoC4/cyfitter_cfg.c **** #include "cyapicallbacks.h"
  27:Generated_Source\PSoC4/cyfitter_cfg.c **** 
  28:Generated_Source\PSoC4/cyfitter_cfg.c **** 
  29:Generated_Source\PSoC4/cyfitter_cfg.c **** #if defined(__GNUC__) || defined(__ARMCC_VERSION)
  30:Generated_Source\PSoC4/cyfitter_cfg.c ****     #define CYPACKED 
  31:Generated_Source\PSoC4/cyfitter_cfg.c ****     #define CYPACKED_ATTR __attribute__ ((packed))
ARM GAS  C:\Users\wl\AppData\Local\Temp\ccAJ9mJb.s 			page 2


  32:Generated_Source\PSoC4/cyfitter_cfg.c ****     #define CYALIGNED __attribute__ ((aligned))
  33:Generated_Source\PSoC4/cyfitter_cfg.c ****     #define CY_CFG_UNUSED __attribute__ ((unused))
  34:Generated_Source\PSoC4/cyfitter_cfg.c ****     #ifndef CY_CFG_SECTION
  35:Generated_Source\PSoC4/cyfitter_cfg.c ****         #define CY_CFG_SECTION __attribute__ ((section(".psocinit")))
  36:Generated_Source\PSoC4/cyfitter_cfg.c ****     #endif
  37:Generated_Source\PSoC4/cyfitter_cfg.c ****     
  38:Generated_Source\PSoC4/cyfitter_cfg.c ****     #if defined(__ARMCC_VERSION)
  39:Generated_Source\PSoC4/cyfitter_cfg.c ****         #define CY_CFG_MEMORY_BARRIER() __memory_changed()
  40:Generated_Source\PSoC4/cyfitter_cfg.c ****     #else
  41:Generated_Source\PSoC4/cyfitter_cfg.c ****         #define CY_CFG_MEMORY_BARRIER() __sync_synchronize()
  42:Generated_Source\PSoC4/cyfitter_cfg.c ****     #endif
  43:Generated_Source\PSoC4/cyfitter_cfg.c ****     
  44:Generated_Source\PSoC4/cyfitter_cfg.c **** #elif defined(__ICCARM__)
  45:Generated_Source\PSoC4/cyfitter_cfg.c ****     #include <intrinsics.h>
  46:Generated_Source\PSoC4/cyfitter_cfg.c **** 
  47:Generated_Source\PSoC4/cyfitter_cfg.c ****     #define CYPACKED __packed
  48:Generated_Source\PSoC4/cyfitter_cfg.c ****     #define CYPACKED_ATTR 
  49:Generated_Source\PSoC4/cyfitter_cfg.c ****     #define CYALIGNED _Pragma("data_alignment=4")
  50:Generated_Source\PSoC4/cyfitter_cfg.c ****     #define CY_CFG_UNUSED _Pragma("diag_suppress=Pe177")
  51:Generated_Source\PSoC4/cyfitter_cfg.c ****     #define CY_CFG_SECTION _Pragma("location=\".psocinit\"")
  52:Generated_Source\PSoC4/cyfitter_cfg.c ****     
  53:Generated_Source\PSoC4/cyfitter_cfg.c ****     #define CY_CFG_MEMORY_BARRIER() __DMB()
  54:Generated_Source\PSoC4/cyfitter_cfg.c ****     
  55:Generated_Source\PSoC4/cyfitter_cfg.c **** #else
  56:Generated_Source\PSoC4/cyfitter_cfg.c ****     #error Unsupported toolchain
  57:Generated_Source\PSoC4/cyfitter_cfg.c **** #endif
  58:Generated_Source\PSoC4/cyfitter_cfg.c **** 
  59:Generated_Source\PSoC4/cyfitter_cfg.c **** #ifndef CYCODE
  60:Generated_Source\PSoC4/cyfitter_cfg.c ****     #define CYCODE
  61:Generated_Source\PSoC4/cyfitter_cfg.c **** #endif
  62:Generated_Source\PSoC4/cyfitter_cfg.c **** #ifndef CYDATA
  63:Generated_Source\PSoC4/cyfitter_cfg.c ****     #define CYDATA
  64:Generated_Source\PSoC4/cyfitter_cfg.c **** #endif
  65:Generated_Source\PSoC4/cyfitter_cfg.c **** #ifndef CYFAR
  66:Generated_Source\PSoC4/cyfitter_cfg.c ****     #define CYFAR
  67:Generated_Source\PSoC4/cyfitter_cfg.c **** #endif
  68:Generated_Source\PSoC4/cyfitter_cfg.c **** #ifndef CYXDATA
  69:Generated_Source\PSoC4/cyfitter_cfg.c ****     #define CYXDATA
  70:Generated_Source\PSoC4/cyfitter_cfg.c **** #endif
  71:Generated_Source\PSoC4/cyfitter_cfg.c **** 
  72:Generated_Source\PSoC4/cyfitter_cfg.c **** 
  73:Generated_Source\PSoC4/cyfitter_cfg.c **** CY_CFG_UNUSED
  74:Generated_Source\PSoC4/cyfitter_cfg.c **** static void CYMEMZERO(void *s, size_t n);
  75:Generated_Source\PSoC4/cyfitter_cfg.c **** CY_CFG_UNUSED
  76:Generated_Source\PSoC4/cyfitter_cfg.c **** static void CYMEMZERO(void *s, size_t n)
  77:Generated_Source\PSoC4/cyfitter_cfg.c **** {
  78:Generated_Source\PSoC4/cyfitter_cfg.c **** 	(void)memset(s, 0, n);
  79:Generated_Source\PSoC4/cyfitter_cfg.c **** }
  80:Generated_Source\PSoC4/cyfitter_cfg.c **** CY_CFG_UNUSED
  81:Generated_Source\PSoC4/cyfitter_cfg.c **** static void CYCONFIGCPY(void *dest, const void *src, size_t n);
  82:Generated_Source\PSoC4/cyfitter_cfg.c **** CY_CFG_UNUSED
  83:Generated_Source\PSoC4/cyfitter_cfg.c **** static void CYCONFIGCPY(void *dest, const void *src, size_t n)
  84:Generated_Source\PSoC4/cyfitter_cfg.c **** {
  85:Generated_Source\PSoC4/cyfitter_cfg.c **** 	(void)memcpy(dest, src, n);
  86:Generated_Source\PSoC4/cyfitter_cfg.c **** }
  87:Generated_Source\PSoC4/cyfitter_cfg.c **** CY_CFG_UNUSED
  88:Generated_Source\PSoC4/cyfitter_cfg.c **** static void CYCONFIGCPYCODE(void *dest, const void *src, size_t n);
ARM GAS  C:\Users\wl\AppData\Local\Temp\ccAJ9mJb.s 			page 3


  89:Generated_Source\PSoC4/cyfitter_cfg.c **** CY_CFG_UNUSED
  90:Generated_Source\PSoC4/cyfitter_cfg.c **** static void CYCONFIGCPYCODE(void *dest, const void *src, size_t n)
  91:Generated_Source\PSoC4/cyfitter_cfg.c **** {
  92:Generated_Source\PSoC4/cyfitter_cfg.c **** 	(void)memcpy(dest, src, n);
  93:Generated_Source\PSoC4/cyfitter_cfg.c **** }
  94:Generated_Source\PSoC4/cyfitter_cfg.c **** 
  95:Generated_Source\PSoC4/cyfitter_cfg.c **** 
  96:Generated_Source\PSoC4/cyfitter_cfg.c **** 
  97:Generated_Source\PSoC4/cyfitter_cfg.c **** 
  98:Generated_Source\PSoC4/cyfitter_cfg.c **** /* Clock startup error codes                                                   */
  99:Generated_Source\PSoC4/cyfitter_cfg.c **** #define CYCLOCKSTART_NO_ERROR    0u
 100:Generated_Source\PSoC4/cyfitter_cfg.c **** #define CYCLOCKSTART_XTAL_ERROR  1u
 101:Generated_Source\PSoC4/cyfitter_cfg.c **** #define CYCLOCKSTART_32KHZ_ERROR 2u
 102:Generated_Source\PSoC4/cyfitter_cfg.c **** #define CYCLOCKSTART_PLL_ERROR   3u
 103:Generated_Source\PSoC4/cyfitter_cfg.c **** #define CYCLOCKSTART_FLL_ERROR   4u
 104:Generated_Source\PSoC4/cyfitter_cfg.c **** #define CYCLOCKSTART_WCO_ERROR   5u
 105:Generated_Source\PSoC4/cyfitter_cfg.c **** 
 106:Generated_Source\PSoC4/cyfitter_cfg.c **** 
 107:Generated_Source\PSoC4/cyfitter_cfg.c **** #ifdef CY_NEED_CYCLOCKSTARTUPERROR
 108:Generated_Source\PSoC4/cyfitter_cfg.c **** /*******************************************************************************
 109:Generated_Source\PSoC4/cyfitter_cfg.c **** * Function Name: CyClockStartupError
 110:Generated_Source\PSoC4/cyfitter_cfg.c **** ********************************************************************************
 111:Generated_Source\PSoC4/cyfitter_cfg.c **** * Summary:
 112:Generated_Source\PSoC4/cyfitter_cfg.c **** *  If an error is encountered during clock configuration (crystal startup error,
 113:Generated_Source\PSoC4/cyfitter_cfg.c **** *  PLL lock error, etc.), the system will end up here.  Unless reimplemented by
 114:Generated_Source\PSoC4/cyfitter_cfg.c **** *  the customer, this function will stop in an infinite loop.
 115:Generated_Source\PSoC4/cyfitter_cfg.c **** *
 116:Generated_Source\PSoC4/cyfitter_cfg.c **** * Parameters:
 117:Generated_Source\PSoC4/cyfitter_cfg.c **** *   void
 118:Generated_Source\PSoC4/cyfitter_cfg.c **** *
 119:Generated_Source\PSoC4/cyfitter_cfg.c **** * Return:
 120:Generated_Source\PSoC4/cyfitter_cfg.c **** *   void
 121:Generated_Source\PSoC4/cyfitter_cfg.c **** *
 122:Generated_Source\PSoC4/cyfitter_cfg.c **** *******************************************************************************/
 123:Generated_Source\PSoC4/cyfitter_cfg.c **** CY_CFG_UNUSED
 124:Generated_Source\PSoC4/cyfitter_cfg.c **** static void CyClockStartupError(uint8 errorCode);
 125:Generated_Source\PSoC4/cyfitter_cfg.c **** CY_CFG_UNUSED
 126:Generated_Source\PSoC4/cyfitter_cfg.c **** static void CyClockStartupError(uint8 errorCode)
 127:Generated_Source\PSoC4/cyfitter_cfg.c **** {
 128:Generated_Source\PSoC4/cyfitter_cfg.c ****     /* To remove the compiler warning if errorCode not used.                */
 129:Generated_Source\PSoC4/cyfitter_cfg.c ****     errorCode = errorCode;
 130:Generated_Source\PSoC4/cyfitter_cfg.c **** 
 131:Generated_Source\PSoC4/cyfitter_cfg.c ****     /* If we have a clock startup error (bad MHz crystal, PLL lock, etc.),  */
 132:Generated_Source\PSoC4/cyfitter_cfg.c ****     /* we will end up here to allow the customer to implement something to  */
 133:Generated_Source\PSoC4/cyfitter_cfg.c ****     /* deal with the clock condition.                                       */
 134:Generated_Source\PSoC4/cyfitter_cfg.c **** 
 135:Generated_Source\PSoC4/cyfitter_cfg.c **** #ifdef CY_CFG_CLOCK_STARTUP_ERROR_CALLBACK
 136:Generated_Source\PSoC4/cyfitter_cfg.c ****     CY_CFG_Clock_Startup_ErrorCallback();
 137:Generated_Source\PSoC4/cyfitter_cfg.c **** #else
 138:Generated_Source\PSoC4/cyfitter_cfg.c ****     /*  If not using CY_CFG_CLOCK_STARTUP_ERROR_CALLBACK, place your clock startup code here. */
 139:Generated_Source\PSoC4/cyfitter_cfg.c ****     /* `#START CyClockStartupError` */
 140:Generated_Source\PSoC4/cyfitter_cfg.c **** 
 141:Generated_Source\PSoC4/cyfitter_cfg.c **** 
 142:Generated_Source\PSoC4/cyfitter_cfg.c **** 
 143:Generated_Source\PSoC4/cyfitter_cfg.c ****     /* `#END` */
 144:Generated_Source\PSoC4/cyfitter_cfg.c **** 
 145:Generated_Source\PSoC4/cyfitter_cfg.c ****     while(1) {}
ARM GAS  C:\Users\wl\AppData\Local\Temp\ccAJ9mJb.s 			page 4


 146:Generated_Source\PSoC4/cyfitter_cfg.c **** #endif /* CY_CFG_CLOCK_STARTUP_ERROR_CALLBACK */
 147:Generated_Source\PSoC4/cyfitter_cfg.c **** }
 148:Generated_Source\PSoC4/cyfitter_cfg.c **** #endif
 149:Generated_Source\PSoC4/cyfitter_cfg.c **** 
 150:Generated_Source\PSoC4/cyfitter_cfg.c **** #define CY_CFG_BASE_ADDR_COUNT 4u
 151:Generated_Source\PSoC4/cyfitter_cfg.c **** CYPACKED typedef struct
 152:Generated_Source\PSoC4/cyfitter_cfg.c **** {
 153:Generated_Source\PSoC4/cyfitter_cfg.c **** 	uint8 offset;
 154:Generated_Source\PSoC4/cyfitter_cfg.c **** 	uint8 value;
 155:Generated_Source\PSoC4/cyfitter_cfg.c **** } CYPACKED_ATTR cy_cfg_addrvalue_t;
 156:Generated_Source\PSoC4/cyfitter_cfg.c **** 
 157:Generated_Source\PSoC4/cyfitter_cfg.c **** 
 158:Generated_Source\PSoC4/cyfitter_cfg.c **** 
 159:Generated_Source\PSoC4/cyfitter_cfg.c **** /*******************************************************************************
 160:Generated_Source\PSoC4/cyfitter_cfg.c **** * Function Name: cfg_write_bytes32
 161:Generated_Source\PSoC4/cyfitter_cfg.c **** ********************************************************************************
 162:Generated_Source\PSoC4/cyfitter_cfg.c **** * Summary:
 163:Generated_Source\PSoC4/cyfitter_cfg.c **** *  This function is used for setting up the chip configuration areas that
 164:Generated_Source\PSoC4/cyfitter_cfg.c **** *  contain relatively sparse data.
 165:Generated_Source\PSoC4/cyfitter_cfg.c **** *
 166:Generated_Source\PSoC4/cyfitter_cfg.c **** * Parameters:
 167:Generated_Source\PSoC4/cyfitter_cfg.c **** *   void
 168:Generated_Source\PSoC4/cyfitter_cfg.c **** *
 169:Generated_Source\PSoC4/cyfitter_cfg.c **** * Return:
 170:Generated_Source\PSoC4/cyfitter_cfg.c **** *   void
 171:Generated_Source\PSoC4/cyfitter_cfg.c **** *
 172:Generated_Source\PSoC4/cyfitter_cfg.c **** *******************************************************************************/
 173:Generated_Source\PSoC4/cyfitter_cfg.c **** static void cfg_write_bytes32(const uint32 addr_table[], const cy_cfg_addrvalue_t data_table[]);
 174:Generated_Source\PSoC4/cyfitter_cfg.c **** static void cfg_write_bytes32(const uint32 addr_table[], const cy_cfg_addrvalue_t data_table[])
 175:Generated_Source\PSoC4/cyfitter_cfg.c **** {
  27              		.loc 1 175 0
  28              		.cfi_startproc
  29              		@ args = 0, pretend = 0, frame = 0
  30              		@ frame_needed = 0, uses_anonymous_args = 0
  31              	.LVL0:
  32 0000 F0B5     		push	{r4, r5, r6, r7, lr}
  33              		.cfi_def_cfa_offset 20
  34              		.cfi_offset 4, -20
  35              		.cfi_offset 5, -16
  36              		.cfi_offset 6, -12
  37              		.cfi_offset 7, -8
  38              		.cfi_offset 14, -4
  39              	.LVL1:
 176:Generated_Source\PSoC4/cyfitter_cfg.c **** 	/* For 32-bit little-endian architectures */
 177:Generated_Source\PSoC4/cyfitter_cfg.c **** 	uint32 i, j = 0u;
  40              		.loc 1 177 0
  41 0002 0025     		movs	r5, #0
 178:Generated_Source\PSoC4/cyfitter_cfg.c **** 	for (i = 0u; i < CY_CFG_BASE_ADDR_COUNT; i++)
  42              		.loc 1 178 0
  43 0004 0027     		movs	r7, #0
  44 0006 11E0     		b	.L2
  45              	.LVL2:
  46              	.L5:
  47              	.LBB2:
 179:Generated_Source\PSoC4/cyfitter_cfg.c **** 	{
 180:Generated_Source\PSoC4/cyfitter_cfg.c **** 		uint32 baseAddr = addr_table[i];
  48              		.loc 1 180 0
ARM GAS  C:\Users\wl\AppData\Local\Temp\ccAJ9mJb.s 			page 5


  49 0008 BB00     		lsls	r3, r7, #2
  50 000a C658     		ldr	r6, [r0, r3]
  51              	.LVL3:
 181:Generated_Source\PSoC4/cyfitter_cfg.c **** 		uint8 count = (uint8)baseAddr;
  52              		.loc 1 181 0
  53 000c F3B2     		uxtb	r3, r6
  54              	.LVL4:
 182:Generated_Source\PSoC4/cyfitter_cfg.c **** 		baseAddr &= 0xFFFFFF00u;
  55              		.loc 1 182 0
  56 000e FF22     		movs	r2, #255
  57 0010 9643     		bics	r6, r2
  58              	.LVL5:
 183:Generated_Source\PSoC4/cyfitter_cfg.c **** 		while (count != 0u)
  59              		.loc 1 183 0
  60 0012 08E0     		b	.L3
  61              	.L4:
 184:Generated_Source\PSoC4/cyfitter_cfg.c **** 		{
 185:Generated_Source\PSoC4/cyfitter_cfg.c **** 			CY_SET_REG8((void *)(baseAddr + data_table[j].offset), data_table[j].value);
  62              		.loc 1 185 0
  63 0014 6A00     		lsls	r2, r5, #1
  64 0016 8A18     		adds	r2, r1, r2
  65 0018 1478     		ldrb	r4, [r2]
  66 001a A419     		adds	r4, r4, r6
  67 001c 5278     		ldrb	r2, [r2, #1]
  68 001e 2270     		strb	r2, [r4]
 186:Generated_Source\PSoC4/cyfitter_cfg.c **** 			j++;
  69              		.loc 1 186 0
  70 0020 0135     		adds	r5, r5, #1
  71              	.LVL6:
 187:Generated_Source\PSoC4/cyfitter_cfg.c **** 			count--;
  72              		.loc 1 187 0
  73 0022 013B     		subs	r3, r3, #1
  74              	.LVL7:
  75 0024 DBB2     		uxtb	r3, r3
  76              	.LVL8:
  77              	.L3:
 183:Generated_Source\PSoC4/cyfitter_cfg.c **** 		{
  78              		.loc 1 183 0
  79 0026 002B     		cmp	r3, #0
  80 0028 F4D1     		bne	.L4
  81              	.LBE2:
 178:Generated_Source\PSoC4/cyfitter_cfg.c **** 	{
  82              		.loc 1 178 0 discriminator 2
  83 002a 0137     		adds	r7, r7, #1
  84              	.LVL9:
  85              	.L2:
 178:Generated_Source\PSoC4/cyfitter_cfg.c **** 	{
  86              		.loc 1 178 0 is_stmt 0 discriminator 1
  87 002c 032F     		cmp	r7, #3
  88 002e EBD9     		bls	.L5
 188:Generated_Source\PSoC4/cyfitter_cfg.c **** 		}
 189:Generated_Source\PSoC4/cyfitter_cfg.c **** 	}
 190:Generated_Source\PSoC4/cyfitter_cfg.c **** }
  89              		.loc 1 190 0 is_stmt 1
  90              		@ sp needed
  91              	.LVL10:
  92              	.LVL11:
ARM GAS  C:\Users\wl\AppData\Local\Temp\ccAJ9mJb.s 			page 6


  93 0030 F0BD     		pop	{r4, r5, r6, r7, pc}
  94              		.cfi_endproc
  95              	.LFE5:
  96              		.size	cfg_write_bytes32, .-cfg_write_bytes32
  97 0032 C046     		.section	.text.AnalogSetDefault,"ax",%progbits
  98              		.align	2
  99              		.code	16
 100              		.thumb_func
 101              		.type	AnalogSetDefault, %function
 102              	AnalogSetDefault:
 103              	.LFB7:
 191:Generated_Source\PSoC4/cyfitter_cfg.c **** 
 192:Generated_Source\PSoC4/cyfitter_cfg.c **** 
 193:Generated_Source\PSoC4/cyfitter_cfg.c **** /*******************************************************************************
 194:Generated_Source\PSoC4/cyfitter_cfg.c **** * Function Name: ClockSetup
 195:Generated_Source\PSoC4/cyfitter_cfg.c **** ********************************************************************************
 196:Generated_Source\PSoC4/cyfitter_cfg.c **** *
 197:Generated_Source\PSoC4/cyfitter_cfg.c **** * Summary:
 198:Generated_Source\PSoC4/cyfitter_cfg.c **** *   Performs the initialization of all of the clocks in the device based on the
 199:Generated_Source\PSoC4/cyfitter_cfg.c **** *   settings in the Clock tab of the DWR.  This includes enabling the requested
 200:Generated_Source\PSoC4/cyfitter_cfg.c **** *   clocks and setting the necessary dividers to produce the desired frequency. 
 201:Generated_Source\PSoC4/cyfitter_cfg.c **** *
 202:Generated_Source\PSoC4/cyfitter_cfg.c **** * Parameters:
 203:Generated_Source\PSoC4/cyfitter_cfg.c **** *   void
 204:Generated_Source\PSoC4/cyfitter_cfg.c **** *
 205:Generated_Source\PSoC4/cyfitter_cfg.c **** * Return:
 206:Generated_Source\PSoC4/cyfitter_cfg.c **** *   void
 207:Generated_Source\PSoC4/cyfitter_cfg.c **** *
 208:Generated_Source\PSoC4/cyfitter_cfg.c **** *******************************************************************************/
 209:Generated_Source\PSoC4/cyfitter_cfg.c **** static void ClockSetup(void);
 210:Generated_Source\PSoC4/cyfitter_cfg.c **** CY_CFG_SECTION
 211:Generated_Source\PSoC4/cyfitter_cfg.c **** static void ClockSetup(void)
 212:Generated_Source\PSoC4/cyfitter_cfg.c **** {
 213:Generated_Source\PSoC4/cyfitter_cfg.c **** 
 214:Generated_Source\PSoC4/cyfitter_cfg.c **** 	/* Set Flash Cycles based on max possible frequency in case a glitch occurs during ClockSetup(). *
 215:Generated_Source\PSoC4/cyfitter_cfg.c **** 	CY_SET_REG32((void CYXDATA *)(CYREG_CPUSS_FLASH_CTL), (0x0012u));
 216:Generated_Source\PSoC4/cyfitter_cfg.c **** 
 217:Generated_Source\PSoC4/cyfitter_cfg.c **** 	/* Start the WCO */
 218:Generated_Source\PSoC4/cyfitter_cfg.c **** 	CySysClkWcoStart();
 219:Generated_Source\PSoC4/cyfitter_cfg.c **** 	CyDelayCycles(12000000u); /* WCO may take up to 500ms to start */
 220:Generated_Source\PSoC4/cyfitter_cfg.c **** 	(void)CySysClkWcoSetPowerMode(CY_SYS_CLK_WCO_LPM);    /* Switch to the low power mode */
 221:Generated_Source\PSoC4/cyfitter_cfg.c **** 
 222:Generated_Source\PSoC4/cyfitter_cfg.c **** 	/* Setup and trim IMO based on desired frequency. */
 223:Generated_Source\PSoC4/cyfitter_cfg.c **** 	CySysClkWriteImoFreq(48u);
 224:Generated_Source\PSoC4/cyfitter_cfg.c **** 	/* CYDEV_CLK_ILO_CONFIG Starting address: CYDEV_CLK_ILO_CONFIG */
 225:Generated_Source\PSoC4/cyfitter_cfg.c **** 	CY_SET_REG32((void *)(CYREG_CLK_ILO_CONFIG), 0x80000006u);
 226:Generated_Source\PSoC4/cyfitter_cfg.c **** 
 227:Generated_Source\PSoC4/cyfitter_cfg.c **** 	/* CYDEV_WDT_CONFIG Starting address: CYDEV_WDT_CONFIG */
 228:Generated_Source\PSoC4/cyfitter_cfg.c **** 	CY_SET_REG32((void *)(CYREG_WDT_CONFIG), 0x40000000u);
 229:Generated_Source\PSoC4/cyfitter_cfg.c **** 
 230:Generated_Source\PSoC4/cyfitter_cfg.c **** 
 231:Generated_Source\PSoC4/cyfitter_cfg.c **** 	/* Enable fast start mode for XO */
 232:Generated_Source\PSoC4/cyfitter_cfg.c **** 	CY_SET_REG32((void*)CYREG_BLE_BLERD_BB_XO, CY_GET_REG32((void*)CYREG_BLE_BLERD_BB_XO) | (uint32)0x
 233:Generated_Source\PSoC4/cyfitter_cfg.c **** 	CY_SET_REG32((void *)(CYREG_BLE_BLERD_BB_XO_CAPTRIM), 0x00003E2Du);
 234:Generated_Source\PSoC4/cyfitter_cfg.c **** 	/*Set XTAL(ECO) divider*/
 235:Generated_Source\PSoC4/cyfitter_cfg.c **** 	CY_SET_REG32((void *)(CYREG_BLE_BLESS_XTAL_CLK_DIV_CONFIG), 0x00000000u);
 236:Generated_Source\PSoC4/cyfitter_cfg.c **** 	/* Disable Crystal Stable Interrupt before enabling ECO */
ARM GAS  C:\Users\wl\AppData\Local\Temp\ccAJ9mJb.s 			page 7


 237:Generated_Source\PSoC4/cyfitter_cfg.c **** 	CY_SET_REG32((void*)CYREG_BLE_BLESS_LL_DSM_CTRL, CY_GET_REG32((void*)CYREG_BLE_BLESS_LL_DSM_CTRL) 
 238:Generated_Source\PSoC4/cyfitter_cfg.c **** 	/* Start the ECO and do not check status since it is not needed for HFCLK */
 239:Generated_Source\PSoC4/cyfitter_cfg.c **** 	(void)CySysClkEcoStart(2000u);
 240:Generated_Source\PSoC4/cyfitter_cfg.c **** 	CyDelayUs(1500u); /* Wait to stabilize */
 241:Generated_Source\PSoC4/cyfitter_cfg.c **** 
 242:Generated_Source\PSoC4/cyfitter_cfg.c **** 	/* Setup phase aligned clocks */
 243:Generated_Source\PSoC4/cyfitter_cfg.c **** 
 244:Generated_Source\PSoC4/cyfitter_cfg.c **** 	/* CYDEV_CLK_IMO_CONFIG Starting address: CYDEV_CLK_IMO_CONFIG */
 245:Generated_Source\PSoC4/cyfitter_cfg.c **** 	CY_SET_REG32((void *)(CYREG_CLK_IMO_CONFIG), 0x80000000u);
 246:Generated_Source\PSoC4/cyfitter_cfg.c **** 
 247:Generated_Source\PSoC4/cyfitter_cfg.c **** 	/* CYDEV_CLK_SELECT Starting address: CYDEV_CLK_SELECT */
 248:Generated_Source\PSoC4/cyfitter_cfg.c **** 	CY_SET_REG32((void *)(CYREG_CLK_SELECT), 0x00040000u);
 249:Generated_Source\PSoC4/cyfitter_cfg.c **** 
 250:Generated_Source\PSoC4/cyfitter_cfg.c **** 	(void)CyIntSetVector(8u, &CySysWdtIsr);
 251:Generated_Source\PSoC4/cyfitter_cfg.c **** 	CyIntEnable(8u);
 252:Generated_Source\PSoC4/cyfitter_cfg.c **** 	CY_SET_REG32((void *)(CYREG_WDT_CONFIG), 0x40000000u);
 253:Generated_Source\PSoC4/cyfitter_cfg.c **** }
 254:Generated_Source\PSoC4/cyfitter_cfg.c **** 
 255:Generated_Source\PSoC4/cyfitter_cfg.c **** 
 256:Generated_Source\PSoC4/cyfitter_cfg.c **** /* Analog API Functions */
 257:Generated_Source\PSoC4/cyfitter_cfg.c **** 
 258:Generated_Source\PSoC4/cyfitter_cfg.c **** 
 259:Generated_Source\PSoC4/cyfitter_cfg.c **** /*******************************************************************************
 260:Generated_Source\PSoC4/cyfitter_cfg.c **** * Function Name: AnalogSetDefault
 261:Generated_Source\PSoC4/cyfitter_cfg.c **** ********************************************************************************
 262:Generated_Source\PSoC4/cyfitter_cfg.c **** *
 263:Generated_Source\PSoC4/cyfitter_cfg.c **** * Summary:
 264:Generated_Source\PSoC4/cyfitter_cfg.c **** *  Sets up the analog portions of the chip to default values based on chip
 265:Generated_Source\PSoC4/cyfitter_cfg.c **** *  configuration options from the project.
 266:Generated_Source\PSoC4/cyfitter_cfg.c **** *
 267:Generated_Source\PSoC4/cyfitter_cfg.c **** * Parameters:
 268:Generated_Source\PSoC4/cyfitter_cfg.c **** *  void
 269:Generated_Source\PSoC4/cyfitter_cfg.c **** *
 270:Generated_Source\PSoC4/cyfitter_cfg.c **** * Return:
 271:Generated_Source\PSoC4/cyfitter_cfg.c **** *  void
 272:Generated_Source\PSoC4/cyfitter_cfg.c **** *
 273:Generated_Source\PSoC4/cyfitter_cfg.c **** *******************************************************************************/
 274:Generated_Source\PSoC4/cyfitter_cfg.c **** static void AnalogSetDefault(void);
 275:Generated_Source\PSoC4/cyfitter_cfg.c **** static void AnalogSetDefault(void)
 276:Generated_Source\PSoC4/cyfitter_cfg.c **** {
 104              		.loc 1 276 0
 105              		.cfi_startproc
 106              		@ args = 0, pretend = 0, frame = 0
 107              		@ frame_needed = 0, uses_anonymous_args = 0
 108              		@ link register save eliminated.
 277:Generated_Source\PSoC4/cyfitter_cfg.c **** 	CY_SET_XTND_REG32((void CYFAR *)CYREG_CTBM0_DFT_CTRL, 0x00000003u);
 109              		.loc 1 277 0
 110 0000 0323     		movs	r3, #3
 111 0002 044A     		ldr	r2, .L7
 112 0004 1360     		str	r3, [r2]
 278:Generated_Source\PSoC4/cyfitter_cfg.c **** 	CY_SET_XTND_REG32((void CYFAR *)CYREG_CTBM1_DFT_CTRL, 0x00000003u);
 113              		.loc 1 278 0
 114 0006 044A     		ldr	r2, .L7+4
 115 0008 1360     		str	r3, [r2]
 279:Generated_Source\PSoC4/cyfitter_cfg.c **** 	CY_SET_XTND_REG32((void CYFAR *)CYREG_PASS_DSAB_DSAB_CTRL, 0x00000000u);
 116              		.loc 1 279 0
 117 000a 0022     		movs	r2, #0
ARM GAS  C:\Users\wl\AppData\Local\Temp\ccAJ9mJb.s 			page 8


 118 000c 034B     		ldr	r3, .L7+8
 119 000e 1A60     		str	r2, [r3]
 280:Generated_Source\PSoC4/cyfitter_cfg.c **** }
 120              		.loc 1 280 0
 121              		@ sp needed
 122 0010 7047     		bx	lr
 123              	.L8:
 124 0012 C046     		.align	2
 125              	.L7:
 126 0014 30003040 		.word	1076887600
 127 0018 30003140 		.word	1076953136
 128 001c 000E3F40 		.word	1077874176
 129              		.cfi_endproc
 130              	.LFE7:
 131              		.size	AnalogSetDefault, .-AnalogSetDefault
 132              		.section	.text.CYMEMZERO,"ax",%progbits
 133              		.align	2
 134              		.code	16
 135              		.thumb_func
 136              		.type	CYMEMZERO, %function
 137              	CYMEMZERO:
 138              	.LFB2:
  77:Generated_Source\PSoC4/cyfitter_cfg.c **** 	(void)memset(s, 0, n);
 139              		.loc 1 77 0
 140              		.cfi_startproc
 141              		@ args = 0, pretend = 0, frame = 0
 142              		@ frame_needed = 0, uses_anonymous_args = 0
 143              	.LVL12:
 144 0000 10B5     		push	{r4, lr}
 145              		.cfi_def_cfa_offset 8
 146              		.cfi_offset 4, -8
 147              		.cfi_offset 14, -4
 148 0002 0A00     		movs	r2, r1
  78:Generated_Source\PSoC4/cyfitter_cfg.c **** }
 149              		.loc 1 78 0
 150 0004 0021     		movs	r1, #0
 151              	.LVL13:
 152 0006 FFF7FEFF 		bl	memset
 153              	.LVL14:
  79:Generated_Source\PSoC4/cyfitter_cfg.c **** CY_CFG_UNUSED
 154              		.loc 1 79 0
 155              		@ sp needed
 156 000a 10BD     		pop	{r4, pc}
 157              		.cfi_endproc
 158              	.LFE2:
 159              		.size	CYMEMZERO, .-CYMEMZERO
 160              		.section	.psocinit,"ax",%progbits
 161              		.align	2
 162              		.code	16
 163              		.thumb_func
 164              		.type	ClockSetup, %function
 165              	ClockSetup:
 166              	.LFB6:
 212:Generated_Source\PSoC4/cyfitter_cfg.c **** 
 167              		.loc 1 212 0
 168              		.cfi_startproc
 169              		@ args = 0, pretend = 0, frame = 0
ARM GAS  C:\Users\wl\AppData\Local\Temp\ccAJ9mJb.s 			page 9


 170              		@ frame_needed = 0, uses_anonymous_args = 0
 171 0000 70B5     		push	{r4, r5, r6, lr}
 172              		.cfi_def_cfa_offset 16
 173              		.cfi_offset 4, -16
 174              		.cfi_offset 5, -12
 175              		.cfi_offset 6, -8
 176              		.cfi_offset 14, -4
 215:Generated_Source\PSoC4/cyfitter_cfg.c **** 
 177              		.loc 1 215 0
 178 0002 1222     		movs	r2, #18
 179 0004 1D4B     		ldr	r3, .L11
 180 0006 1A60     		str	r2, [r3]
 218:Generated_Source\PSoC4/cyfitter_cfg.c **** 	CyDelayCycles(12000000u); /* WCO may take up to 500ms to start */
 181              		.loc 1 218 0
 182 0008 FFF7FEFF 		bl	CySysClkWcoStart
 183              	.LVL15:
 219:Generated_Source\PSoC4/cyfitter_cfg.c **** 	(void)CySysClkWcoSetPowerMode(CY_SYS_CLK_WCO_LPM);    /* Switch to the low power mode */
 184              		.loc 1 219 0
 185 000c 1C48     		ldr	r0, .L11+4
 186 000e FFF7FEFF 		bl	CyDelayCycles
 187              	.LVL16:
 220:Generated_Source\PSoC4/cyfitter_cfg.c **** 
 188              		.loc 1 220 0
 189 0012 0120     		movs	r0, #1
 190 0014 FFF7FEFF 		bl	CySysClkWcoSetPowerMode
 191              	.LVL17:
 223:Generated_Source\PSoC4/cyfitter_cfg.c **** 	/* CYDEV_CLK_ILO_CONFIG Starting address: CYDEV_CLK_ILO_CONFIG */
 192              		.loc 1 223 0
 193 0018 3020     		movs	r0, #48
 194 001a FFF7FEFF 		bl	CySysClkWriteImoFreq
 195              	.LVL18:
 225:Generated_Source\PSoC4/cyfitter_cfg.c **** 
 196              		.loc 1 225 0
 197 001e 194A     		ldr	r2, .L11+8
 198 0020 194B     		ldr	r3, .L11+12
 199 0022 1A60     		str	r2, [r3]
 228:Generated_Source\PSoC4/cyfitter_cfg.c **** 
 200              		.loc 1 228 0
 201 0024 194C     		ldr	r4, .L11+16
 202 0026 8025     		movs	r5, #128
 203 0028 ED05     		lsls	r5, r5, #23
 204 002a 2560     		str	r5, [r4]
 232:Generated_Source\PSoC4/cyfitter_cfg.c **** 	CY_SET_REG32((void *)(CYREG_BLE_BLERD_BB_XO_CAPTRIM), 0x00003E2Du);
 205              		.loc 1 232 0
 206 002c 184A     		ldr	r2, .L11+20
 207 002e 1168     		ldr	r1, [r2]
 208 0030 0223     		movs	r3, #2
 209 0032 0B43     		orrs	r3, r1
 210 0034 1360     		str	r3, [r2]
 233:Generated_Source\PSoC4/cyfitter_cfg.c **** 	/*Set XTAL(ECO) divider*/
 211              		.loc 1 233 0
 212 0036 174A     		ldr	r2, .L11+24
 213 0038 174B     		ldr	r3, .L11+28
 214 003a 1A60     		str	r2, [r3]
 235:Generated_Source\PSoC4/cyfitter_cfg.c **** 	/* Disable Crystal Stable Interrupt before enabling ECO */
 215              		.loc 1 235 0
 216 003c 0022     		movs	r2, #0
ARM GAS  C:\Users\wl\AppData\Local\Temp\ccAJ9mJb.s 			page 10


 217 003e 174B     		ldr	r3, .L11+32
 218 0040 1A60     		str	r2, [r3]
 237:Generated_Source\PSoC4/cyfitter_cfg.c **** 	/* Start the ECO and do not check status since it is not needed for HFCLK */
 219              		.loc 1 237 0
 220 0042 174A     		ldr	r2, .L11+36
 221 0044 1368     		ldr	r3, [r2]
 222 0046 0821     		movs	r1, #8
 223 0048 8B43     		bics	r3, r1
 224 004a 1360     		str	r3, [r2]
 239:Generated_Source\PSoC4/cyfitter_cfg.c **** 	CyDelayUs(1500u); /* Wait to stabilize */
 225              		.loc 1 239 0
 226 004c FA20     		movs	r0, #250
 227 004e C000     		lsls	r0, r0, #3
 228 0050 FFF7FEFF 		bl	CySysClkEcoStart
 229              	.LVL19:
 240:Generated_Source\PSoC4/cyfitter_cfg.c **** 
 230              		.loc 1 240 0
 231 0054 1348     		ldr	r0, .L11+40
 232 0056 FFF7FEFF 		bl	CyDelayUs
 233              	.LVL20:
 245:Generated_Source\PSoC4/cyfitter_cfg.c **** 
 234              		.loc 1 245 0
 235 005a 8022     		movs	r2, #128
 236 005c 1206     		lsls	r2, r2, #24
 237 005e 124B     		ldr	r3, .L11+44
 238 0060 1A60     		str	r2, [r3]
 248:Generated_Source\PSoC4/cyfitter_cfg.c **** 
 239              		.loc 1 248 0
 240 0062 8022     		movs	r2, #128
 241 0064 D202     		lsls	r2, r2, #11
 242 0066 114B     		ldr	r3, .L11+48
 243 0068 1A60     		str	r2, [r3]
 250:Generated_Source\PSoC4/cyfitter_cfg.c **** 	CyIntEnable(8u);
 244              		.loc 1 250 0
 245 006a 1149     		ldr	r1, .L11+52
 246 006c 0820     		movs	r0, #8
 247 006e FFF7FEFF 		bl	CyIntSetVector
 248              	.LVL21:
 251:Generated_Source\PSoC4/cyfitter_cfg.c **** 	CY_SET_REG32((void *)(CYREG_WDT_CONFIG), 0x40000000u);
 249              		.loc 1 251 0
 250 0072 0820     		movs	r0, #8
 251 0074 FFF7FEFF 		bl	CyIntEnable
 252              	.LVL22:
 252:Generated_Source\PSoC4/cyfitter_cfg.c **** }
 253              		.loc 1 252 0
 254 0078 2560     		str	r5, [r4]
 253:Generated_Source\PSoC4/cyfitter_cfg.c **** 
 255              		.loc 1 253 0
 256              		@ sp needed
 257 007a 70BD     		pop	{r4, r5, r6, pc}
 258              	.L12:
 259              		.align	2
 260              	.L11:
 261 007c 30001040 		.word	1074790448
 262 0080 001BB700 		.word	12000000
 263 0084 06000080 		.word	-2147483642
 264 0088 04010B40 		.word	1074462980
ARM GAS  C:\Users\wl\AppData\Local\Temp\ccAJ9mJb.s 			page 11


 265 008c 0C020B40 		.word	1074463244
 266 0090 78002E40 		.word	1076756600
 267 0094 2D3E0000 		.word	15917
 268 0098 7C002E40 		.word	1076756604
 269 009c 64F02E40 		.word	1076818020
 270 00a0 6CF02E40 		.word	1076818028
 271 00a4 DC050000 		.word	1500
 272 00a8 08010B40 		.word	1074462984
 273 00ac 00010B40 		.word	1074462976
 274 00b0 00000000 		.word	CySysWdtIsr
 275              		.cfi_endproc
 276              	.LFE6:
 277              		.size	ClockSetup, .-ClockSetup
 278              		.align	2
 279              		.global	cyfitter_cfg
 280              		.code	16
 281              		.thumb_func
 282              		.type	cyfitter_cfg, %function
 283              	cyfitter_cfg:
 284              	.LFB8:
 281:Generated_Source\PSoC4/cyfitter_cfg.c **** 
 282:Generated_Source\PSoC4/cyfitter_cfg.c **** 
 283:Generated_Source\PSoC4/cyfitter_cfg.c **** 
 284:Generated_Source\PSoC4/cyfitter_cfg.c **** 
 285:Generated_Source\PSoC4/cyfitter_cfg.c **** /*******************************************************************************
 286:Generated_Source\PSoC4/cyfitter_cfg.c **** * Function Name: cyfitter_cfg
 287:Generated_Source\PSoC4/cyfitter_cfg.c **** ********************************************************************************
 288:Generated_Source\PSoC4/cyfitter_cfg.c **** * Summary:
 289:Generated_Source\PSoC4/cyfitter_cfg.c **** *  This function is called by the start-up code for the selected device. It
 290:Generated_Source\PSoC4/cyfitter_cfg.c **** *  performs all of the necessary device configuration based on the design
 291:Generated_Source\PSoC4/cyfitter_cfg.c **** *  settings.  This includes settings from the Design Wide Resources (DWR) such
 292:Generated_Source\PSoC4/cyfitter_cfg.c **** *  as Clocks and Pins as well as any component configuration that is necessary.
 293:Generated_Source\PSoC4/cyfitter_cfg.c **** *
 294:Generated_Source\PSoC4/cyfitter_cfg.c **** * Parameters:
 295:Generated_Source\PSoC4/cyfitter_cfg.c **** *   void
 296:Generated_Source\PSoC4/cyfitter_cfg.c **** *
 297:Generated_Source\PSoC4/cyfitter_cfg.c **** * Return:
 298:Generated_Source\PSoC4/cyfitter_cfg.c **** *   void
 299:Generated_Source\PSoC4/cyfitter_cfg.c **** *
 300:Generated_Source\PSoC4/cyfitter_cfg.c **** *******************************************************************************/
 301:Generated_Source\PSoC4/cyfitter_cfg.c **** CY_CFG_SECTION
 302:Generated_Source\PSoC4/cyfitter_cfg.c **** void cyfitter_cfg(void)
 303:Generated_Source\PSoC4/cyfitter_cfg.c **** {
 285              		.loc 1 303 0
 286              		.cfi_startproc
 287              		@ args = 0, pretend = 0, frame = 0
 288              		@ frame_needed = 0, uses_anonymous_args = 0
 289 00b4 10B5     		push	{r4, lr}
 290              		.cfi_def_cfa_offset 8
 291              		.cfi_offset 4, -8
 292              		.cfi_offset 14, -4
 304:Generated_Source\PSoC4/cyfitter_cfg.c **** 	/* Disable interrupts by default. Let user enable if/when they want. */
 305:Generated_Source\PSoC4/cyfitter_cfg.c **** 	CyGlobalIntDisable;
 293              		.loc 1 305 0
 294              		.syntax divided
 295              	@ 305 "Generated_Source\PSoC4\cyfitter_cfg.c" 1
 296 00b6 72B6     		CPSID   i
ARM GAS  C:\Users\wl\AppData\Local\Temp\ccAJ9mJb.s 			page 12


 297              	@ 0 "" 2
 306:Generated_Source\PSoC4/cyfitter_cfg.c **** 
 307:Generated_Source\PSoC4/cyfitter_cfg.c **** 	CY_SET_REG32((void *)(CYREG_BLE_BLESS_LL_DSM_CTRL), 0x00000000u);
 298              		.loc 1 307 0
 299              		.thumb
 300              		.syntax unified
 301 00b8 0022     		movs	r2, #0
 302 00ba 2C4B     		ldr	r3, .L16
 303 00bc 1A60     		str	r2, [r3]
 304              	.LVL23:
 305              	.LBB3:
 308:Generated_Source\PSoC4/cyfitter_cfg.c **** 
 309:Generated_Source\PSoC4/cyfitter_cfg.c **** 	{
 310:Generated_Source\PSoC4/cyfitter_cfg.c **** 		static const uint32 CYCODE cy_cfg_addr_table[] = {
 311:Generated_Source\PSoC4/cyfitter_cfg.c **** 			0x400F3205u, /* Base address: 0x400F3200 Count: 5 */
 312:Generated_Source\PSoC4/cyfitter_cfg.c **** 			0x400F3306u, /* Base address: 0x400F3300 Count: 6 */
 313:Generated_Source\PSoC4/cyfitter_cfg.c **** 			0x400F4204u, /* Base address: 0x400F4200 Count: 4 */
 314:Generated_Source\PSoC4/cyfitter_cfg.c **** 			0x400F4306u, /* Base address: 0x400F4300 Count: 6 */
 315:Generated_Source\PSoC4/cyfitter_cfg.c **** 		};
 316:Generated_Source\PSoC4/cyfitter_cfg.c **** 
 317:Generated_Source\PSoC4/cyfitter_cfg.c **** 		static const cy_cfg_addrvalue_t CYCODE cy_cfg_data_table[] = {
 318:Generated_Source\PSoC4/cyfitter_cfg.c **** 			{0xACu, 0x01u},
 319:Generated_Source\PSoC4/cyfitter_cfg.c **** 			{0xB6u, 0x01u},
 320:Generated_Source\PSoC4/cyfitter_cfg.c **** 			{0xBEu, 0x40u},
 321:Generated_Source\PSoC4/cyfitter_cfg.c **** 			{0xD8u, 0x04u},
 322:Generated_Source\PSoC4/cyfitter_cfg.c **** 			{0xDFu, 0x01u},
 323:Generated_Source\PSoC4/cyfitter_cfg.c **** 			{0x10u, 0x01u},
 324:Generated_Source\PSoC4/cyfitter_cfg.c **** 			{0x18u, 0x01u},
 325:Generated_Source\PSoC4/cyfitter_cfg.c **** 			{0x8Cu, 0x01u},
 326:Generated_Source\PSoC4/cyfitter_cfg.c **** 			{0x98u, 0x01u},
 327:Generated_Source\PSoC4/cyfitter_cfg.c **** 			{0xB0u, 0x01u},
 328:Generated_Source\PSoC4/cyfitter_cfg.c **** 			{0xC4u, 0x01u},
 329:Generated_Source\PSoC4/cyfitter_cfg.c **** 			{0x0Du, 0x90u},
 330:Generated_Source\PSoC4/cyfitter_cfg.c **** 			{0x61u, 0x80u},
 331:Generated_Source\PSoC4/cyfitter_cfg.c **** 			{0xC2u, 0x01u},
 332:Generated_Source\PSoC4/cyfitter_cfg.c **** 			{0xD6u, 0x02u},
 333:Generated_Source\PSoC4/cyfitter_cfg.c **** 			{0x61u, 0x02u},
 334:Generated_Source\PSoC4/cyfitter_cfg.c **** 			{0x8Du, 0x02u},
 335:Generated_Source\PSoC4/cyfitter_cfg.c **** 			{0xB1u, 0x10u},
 336:Generated_Source\PSoC4/cyfitter_cfg.c **** 			{0xD8u, 0x02u},
 337:Generated_Source\PSoC4/cyfitter_cfg.c **** 			{0xE4u, 0x08u},
 338:Generated_Source\PSoC4/cyfitter_cfg.c **** 			{0xEEu, 0x04u},
 339:Generated_Source\PSoC4/cyfitter_cfg.c **** 		};
 340:Generated_Source\PSoC4/cyfitter_cfg.c **** 
 341:Generated_Source\PSoC4/cyfitter_cfg.c **** 
 342:Generated_Source\PSoC4/cyfitter_cfg.c **** 
 343:Generated_Source\PSoC4/cyfitter_cfg.c **** 		CYPACKED typedef struct {
 344:Generated_Source\PSoC4/cyfitter_cfg.c **** 			void CYFAR *address;
 345:Generated_Source\PSoC4/cyfitter_cfg.c **** 			uint16 size;
 346:Generated_Source\PSoC4/cyfitter_cfg.c **** 		} CYPACKED_ATTR cfg_memset_t;
 347:Generated_Source\PSoC4/cyfitter_cfg.c **** 
 348:Generated_Source\PSoC4/cyfitter_cfg.c **** 		static const cfg_memset_t CYCODE cfg_memset_list[] = {
 349:Generated_Source\PSoC4/cyfitter_cfg.c **** 			/* address, size */
 350:Generated_Source\PSoC4/cyfitter_cfg.c **** 			{(void CYFAR *)(CYDEV_UDB_P0_U0_BASE), 1024u},
 351:Generated_Source\PSoC4/cyfitter_cfg.c **** 			{(void CYFAR *)(CYDEV_UDB_DSI0_BASE), 1024u},
 352:Generated_Source\PSoC4/cyfitter_cfg.c **** 		};
 353:Generated_Source\PSoC4/cyfitter_cfg.c **** 
ARM GAS  C:\Users\wl\AppData\Local\Temp\ccAJ9mJb.s 			page 13


 354:Generated_Source\PSoC4/cyfitter_cfg.c **** 		uint8 CYDATA i;
 355:Generated_Source\PSoC4/cyfitter_cfg.c **** 
 356:Generated_Source\PSoC4/cyfitter_cfg.c **** 		/* Zero out critical memory blocks before beginning configuration */
 357:Generated_Source\PSoC4/cyfitter_cfg.c **** 		for (i = 0u; i < (sizeof(cfg_memset_list)/sizeof(cfg_memset_list[0])); i++)
 306              		.loc 1 357 0
 307 00be 0024     		movs	r4, #0
 308 00c0 0FE0     		b	.L14
 309              	.LVL24:
 310              	.L15:
 311              	.LBB4:
 358:Generated_Source\PSoC4/cyfitter_cfg.c **** 		{
 359:Generated_Source\PSoC4/cyfitter_cfg.c **** 			const cfg_memset_t CYCODE * CYDATA ms = &cfg_memset_list[i];
 360:Generated_Source\PSoC4/cyfitter_cfg.c **** 			CYMEMZERO(ms->address, (size_t)(uint32)(ms->size));
 312              		.loc 1 360 0 discriminator 3
 313 00c2 2B48     		ldr	r0, .L16+4
 314 00c4 6200     		lsls	r2, r4, #1
 315 00c6 1319     		adds	r3, r2, r4
 316 00c8 5900     		lsls	r1, r3, #1
 317 00ca 0B00     		movs	r3, r1
 318 00cc 4118     		adds	r1, r0, r1
 319 00ce 8988     		ldrh	r1, [r1, #4]
 320 00d0 1A5A     		ldrh	r2, [r3, r0]
 321 00d2 C318     		adds	r3, r0, r3
 322 00d4 5888     		ldrh	r0, [r3, #2]
 323 00d6 0004     		lsls	r0, r0, #16
 324 00d8 1043     		orrs	r0, r2
 325 00da FFF7FEFF 		bl	CYMEMZERO
 326              	.LVL25:
 327              	.LBE4:
 357:Generated_Source\PSoC4/cyfitter_cfg.c **** 		{
 328              		.loc 1 357 0 discriminator 3
 329 00de 0134     		adds	r4, r4, #1
 330              	.LVL26:
 331 00e0 E4B2     		uxtb	r4, r4
 332              	.LVL27:
 333              	.L14:
 357:Generated_Source\PSoC4/cyfitter_cfg.c **** 		{
 334              		.loc 1 357 0 is_stmt 0 discriminator 1
 335 00e2 012C     		cmp	r4, #1
 336 00e4 EDD9     		bls	.L15
 361:Generated_Source\PSoC4/cyfitter_cfg.c **** 		}
 362:Generated_Source\PSoC4/cyfitter_cfg.c **** 
 363:Generated_Source\PSoC4/cyfitter_cfg.c **** 		cfg_write_bytes32(cy_cfg_addr_table, cy_cfg_data_table);
 337              		.loc 1 363 0 is_stmt 1
 338 00e6 2248     		ldr	r0, .L16+4
 339 00e8 0100     		movs	r1, r0
 340 00ea 0C31     		adds	r1, r1, #12
 341 00ec 3830     		adds	r0, r0, #56
 342 00ee FFF7FEFF 		bl	cfg_write_bytes32
 343              	.LVL28:
 364:Generated_Source\PSoC4/cyfitter_cfg.c **** 
 365:Generated_Source\PSoC4/cyfitter_cfg.c **** 		/* HSIOM Starting address: CYDEV_HSIOM_BASE */
 366:Generated_Source\PSoC4/cyfitter_cfg.c **** 		CY_SET_REG32((void *)(CYDEV_HSIOM_BASE), 0xEE000000u);
 344              		.loc 1 366 0
 345 00f2 EE22     		movs	r2, #238
 346 00f4 1206     		lsls	r2, r2, #24
 347 00f6 1F4B     		ldr	r3, .L16+8
ARM GAS  C:\Users\wl\AppData\Local\Temp\ccAJ9mJb.s 			page 14


 348 00f8 1A60     		str	r2, [r3]
 367:Generated_Source\PSoC4/cyfitter_cfg.c **** 		CY_SET_REG32((void *)(CYREG_HSIOM_PORT_SEL2), 0x03000000u);
 349              		.loc 1 367 0
 350 00fa C023     		movs	r3, #192
 351 00fc 9B04     		lsls	r3, r3, #18
 352 00fe 1E4A     		ldr	r2, .L16+12
 353 0100 1360     		str	r3, [r2]
 368:Generated_Source\PSoC4/cyfitter_cfg.c **** 		CY_SET_REG32((void *)(CYREG_HSIOM_PORT_SEL3), 0x03000000u);
 354              		.loc 1 368 0
 355 0102 1E4A     		ldr	r2, .L16+16
 356 0104 1360     		str	r3, [r2]
 369:Generated_Source\PSoC4/cyfitter_cfg.c **** 
 370:Generated_Source\PSoC4/cyfitter_cfg.c **** 		/* UDB_PA_0 Starting address: CYDEV_UDB_PA0_BASE */
 371:Generated_Source\PSoC4/cyfitter_cfg.c **** 		CY_SET_REG32((void *)(CYDEV_UDB_PA0_BASE), 0x00990000u);
 357              		.loc 1 371 0
 358 0106 9923     		movs	r3, #153
 359 0108 1B04     		lsls	r3, r3, #16
 360 010a 1D4A     		ldr	r2, .L16+20
 361 010c 1360     		str	r3, [r2]
 372:Generated_Source\PSoC4/cyfitter_cfg.c **** 
 373:Generated_Source\PSoC4/cyfitter_cfg.c **** 		/* UDB_PA_2 Starting address: CYDEV_UDB_PA2_BASE */
 374:Generated_Source\PSoC4/cyfitter_cfg.c **** 		CY_SET_REG32((void *)(CYDEV_UDB_PA2_BASE), 0x00990000u);
 362              		.loc 1 374 0
 363 010e 1D4A     		ldr	r2, .L16+24
 364 0110 1360     		str	r3, [r2]
 375:Generated_Source\PSoC4/cyfitter_cfg.c **** 		CY_SET_REG32((void *)(CYREG_UDB_PA2_CFG8), 0x45000000u);
 365              		.loc 1 375 0
 366 0112 8A21     		movs	r1, #138
 367 0114 C905     		lsls	r1, r1, #23
 368 0116 1C4A     		ldr	r2, .L16+28
 369 0118 1160     		str	r1, [r2]
 376:Generated_Source\PSoC4/cyfitter_cfg.c **** 
 377:Generated_Source\PSoC4/cyfitter_cfg.c **** 		/* UDB_PA_3 Starting address: CYDEV_UDB_PA3_BASE */
 378:Generated_Source\PSoC4/cyfitter_cfg.c **** 		CY_SET_REG32((void *)(CYDEV_UDB_PA3_BASE), 0x00990000u);
 370              		.loc 1 378 0
 371 011a 1C4A     		ldr	r2, .L16+32
 372 011c 1360     		str	r3, [r2]
 379:Generated_Source\PSoC4/cyfitter_cfg.c **** 		CY_SET_REG32((void *)(CYREG_UDB_PA3_CFG8), 0x20000000u);
 373              		.loc 1 379 0
 374 011e 8022     		movs	r2, #128
 375 0120 9205     		lsls	r2, r2, #22
 376 0122 1B4B     		ldr	r3, .L16+36
 377 0124 1A60     		str	r2, [r3]
 380:Generated_Source\PSoC4/cyfitter_cfg.c **** 
 381:Generated_Source\PSoC4/cyfitter_cfg.c **** 		/* Enable UDB array and digital routing */
 382:Generated_Source\PSoC4/cyfitter_cfg.c **** 		CY_SET_XTND_REG8((void *)CYREG_UDB_UDBIF_WAIT_CFG, (uint8)((CY_GET_XTND_REG8((void *)CYREG_UDB_UD
 378              		.loc 1 382 0
 379 0126 1B49     		ldr	r1, .L16+40
 380 0128 0B78     		ldrb	r3, [r1]
 381 012a 3C22     		movs	r2, #60
 382 012c 9343     		bics	r3, r2
 383 012e 1422     		movs	r2, #20
 384 0130 1343     		orrs	r3, r2
 385 0132 DBB2     		uxtb	r3, r3
 386 0134 0B70     		strb	r3, [r1]
 383:Generated_Source\PSoC4/cyfitter_cfg.c **** 		CY_SET_XTND_REG8((void *)CYREG_UDB_UDBIF_BANK_CTL, (uint8)(CY_GET_XTND_REG8((void *)CYREG_UDB_UDB
 387              		.loc 1 383 0
ARM GAS  C:\Users\wl\AppData\Local\Temp\ccAJ9mJb.s 			page 15


 388 0136 184A     		ldr	r2, .L16+44
 389 0138 1178     		ldrb	r1, [r2]
 390 013a 1623     		movs	r3, #22
 391 013c 0B43     		orrs	r3, r1
 392 013e DBB2     		uxtb	r3, r3
 393 0140 1370     		strb	r3, [r2]
 394              	.LBE3:
 384:Generated_Source\PSoC4/cyfitter_cfg.c **** 	}
 385:Generated_Source\PSoC4/cyfitter_cfg.c **** 
 386:Generated_Source\PSoC4/cyfitter_cfg.c **** 	/* Perform second pass device configuration. These items must be configured in specific order afte
 387:Generated_Source\PSoC4/cyfitter_cfg.c **** 	/* IOPINS0_0 Starting address: CYDEV_GPIO_PRT0_BASE */
 388:Generated_Source\PSoC4/cyfitter_cfg.c **** 	CY_SET_REG32((void *)(CYREG_GPIO_PRT0_PC), 0x00D80000u);
 395              		.loc 1 388 0
 396 0142 D823     		movs	r3, #216
 397 0144 1B04     		lsls	r3, r3, #16
 398 0146 154A     		ldr	r2, .L16+48
 399 0148 1360     		str	r3, [r2]
 389:Generated_Source\PSoC4/cyfitter_cfg.c **** 
 390:Generated_Source\PSoC4/cyfitter_cfg.c **** 	/* IOPINS0_2 Starting address: CYDEV_GPIO_PRT2_BASE */
 391:Generated_Source\PSoC4/cyfitter_cfg.c **** 	CY_SET_REG32((void *)(CYDEV_GPIO_PRT2_BASE), 0x000000C0u);
 400              		.loc 1 391 0
 401 014a C022     		movs	r2, #192
 402 014c 1449     		ldr	r1, .L16+52
 403 014e 0A60     		str	r2, [r1]
 392:Generated_Source\PSoC4/cyfitter_cfg.c **** 	CY_SET_REG32((void *)(CYREG_GPIO_PRT2_PC), 0x00580000u);
 404              		.loc 1 392 0
 405 0150 B020     		movs	r0, #176
 406 0152 C003     		lsls	r0, r0, #15
 407 0154 1349     		ldr	r1, .L16+56
 408 0156 0860     		str	r0, [r1]
 393:Generated_Source\PSoC4/cyfitter_cfg.c **** 
 394:Generated_Source\PSoC4/cyfitter_cfg.c **** 	/* IOPINS0_3 Starting address: CYDEV_GPIO_PRT3_BASE */
 395:Generated_Source\PSoC4/cyfitter_cfg.c **** 	CY_SET_REG32((void *)(CYDEV_GPIO_PRT3_BASE), 0x000000C0u);
 409              		.loc 1 395 0
 410 0158 1349     		ldr	r1, .L16+60
 411 015a 0A60     		str	r2, [r1]
 396:Generated_Source\PSoC4/cyfitter_cfg.c **** 	CY_SET_REG32((void *)(CYREG_GPIO_PRT3_PC), 0x00D80000u);
 412              		.loc 1 396 0
 413 015c 134A     		ldr	r2, .L16+64
 414 015e 1360     		str	r3, [r2]
 397:Generated_Source\PSoC4/cyfitter_cfg.c **** 
 398:Generated_Source\PSoC4/cyfitter_cfg.c **** 
 399:Generated_Source\PSoC4/cyfitter_cfg.c **** 	/* Setup clocks based on selections from Clock DWR */
 400:Generated_Source\PSoC4/cyfitter_cfg.c **** 	ClockSetup();
 415              		.loc 1 400 0
 416 0160 FFF74EFF 		bl	ClockSetup
 417              	.LVL29:
 401:Generated_Source\PSoC4/cyfitter_cfg.c **** 
 402:Generated_Source\PSoC4/cyfitter_cfg.c **** 	/* Perform basic analog initialization to defaults */
 403:Generated_Source\PSoC4/cyfitter_cfg.c **** 	AnalogSetDefault();
 418              		.loc 1 403 0
 419 0164 FFF7FEFF 		bl	AnalogSetDefault
 420              	.LVL30:
 404:Generated_Source\PSoC4/cyfitter_cfg.c **** 
 405:Generated_Source\PSoC4/cyfitter_cfg.c **** }
 421              		.loc 1 405 0
 422              		@ sp needed
ARM GAS  C:\Users\wl\AppData\Local\Temp\ccAJ9mJb.s 			page 16


 423              	.LVL31:
 424 0168 10BD     		pop	{r4, pc}
 425              	.L17:
 426 016a C046     		.align	2
 427              	.L16:
 428 016c 6CF02E40 		.word	1076818028
 429 0170 00000000 		.word	.LANCHOR0
 430 0174 00000240 		.word	1073872896
 431 0178 00020240 		.word	1073873408
 432 017c 00030240 		.word	1073873664
 433 0180 00500F40 		.word	1074745344
 434 0184 20500F40 		.word	1074745376
 435 0188 28500F40 		.word	1074745384
 436 018c 30500F40 		.word	1074745392
 437 0190 38500F40 		.word	1074745400
 438 0194 01700F40 		.word	1074753537
 439 0198 00700F40 		.word	1074753536
 440 019c 08000440 		.word	1074003976
 441 01a0 00020440 		.word	1074004480
 442 01a4 08020440 		.word	1074004488
 443 01a8 00030440 		.word	1074004736
 444 01ac 08030440 		.word	1074004744
 445              		.cfi_endproc
 446              	.LFE8:
 447              		.size	cyfitter_cfg, .-cyfitter_cfg
 448              		.section	.rodata
 449              		.align	2
 450              		.set	.LANCHOR0,. + 0
 451              		.type	cfg_memset_list.4916, %object
 452              		.size	cfg_memset_list.4916, 12
 453              	cfg_memset_list.4916:
 454 0000 00300F40 		.word	1074737152
 455 0004 0004     		.short	1024
 456 0006 00400F40 		.4byte	1074741248
 457 000a 0004     		.short	1024
 458              		.type	cy_cfg_data_table.4911, %object
 459              		.size	cy_cfg_data_table.4911, 42
 460              	cy_cfg_data_table.4911:
 461 000c AC       		.byte	-84
 462 000d 01       		.byte	1
 463 000e B6       		.byte	-74
 464 000f 01       		.byte	1
 465 0010 BE       		.byte	-66
 466 0011 40       		.byte	64
 467 0012 D8       		.byte	-40
 468 0013 04       		.byte	4
 469 0014 DF       		.byte	-33
 470 0015 01       		.byte	1
 471 0016 10       		.byte	16
 472 0017 01       		.byte	1
 473 0018 18       		.byte	24
 474 0019 01       		.byte	1
 475 001a 8C       		.byte	-116
 476 001b 01       		.byte	1
 477 001c 98       		.byte	-104
 478 001d 01       		.byte	1
 479 001e B0       		.byte	-80
ARM GAS  C:\Users\wl\AppData\Local\Temp\ccAJ9mJb.s 			page 17


 480 001f 01       		.byte	1
 481 0020 C4       		.byte	-60
 482 0021 01       		.byte	1
 483 0022 0D       		.byte	13
 484 0023 90       		.byte	-112
 485 0024 61       		.byte	97
 486 0025 80       		.byte	-128
 487 0026 C2       		.byte	-62
 488 0027 01       		.byte	1
 489 0028 D6       		.byte	-42
 490 0029 02       		.byte	2
 491 002a 61       		.byte	97
 492 002b 02       		.byte	2
 493 002c 8D       		.byte	-115
 494 002d 02       		.byte	2
 495 002e B1       		.byte	-79
 496 002f 10       		.byte	16
 497 0030 D8       		.byte	-40
 498 0031 02       		.byte	2
 499 0032 E4       		.byte	-28
 500 0033 08       		.byte	8
 501 0034 EE       		.byte	-18
 502 0035 04       		.byte	4
 503 0036 0000     		.space	2
 504              		.type	cy_cfg_addr_table.4910, %object
 505              		.size	cy_cfg_addr_table.4910, 16
 506              	cy_cfg_addr_table.4910:
 507 0038 05320F40 		.word	1074737669
 508 003c 06330F40 		.word	1074737926
 509 0040 04420F40 		.word	1074741764
 510 0044 06430F40 		.word	1074742022
 511              		.text
 512              	.Letext0:
 513              		.file 2 "c:\\program files (x86)\\cypress\\psoc creator\\4.2\\psoc creator\\import\\gnu\\arm\\5.4.
 514              		.file 3 "Generated_Source\\PSoC4\\cytypes.h"
 515              		.file 4 "Generated_Source\\PSoC4\\CyLFClk.h"
 516              		.file 5 "Generated_Source\\PSoC4\\CyLib.h"
 517              		.section	.debug_info,"",%progbits
 518              	.Ldebug_info0:
 519 0000 4C040000 		.4byte	0x44c
 520 0004 0400     		.2byte	0x4
 521 0006 00000000 		.4byte	.Ldebug_abbrev0
 522 000a 04       		.byte	0x4
 523 000b 01       		.uleb128 0x1
 524 000c 78010000 		.4byte	.LASF44
 525 0010 0C       		.byte	0xc
 526 0011 C0020000 		.4byte	.LASF45
 527 0015 E6020000 		.4byte	.LASF46
 528 0019 00000000 		.4byte	.Ldebug_ranges0+0
 529 001d 00000000 		.4byte	0
 530 0021 00000000 		.4byte	.Ldebug_line0
 531 0025 02       		.uleb128 0x2
 532 0026 04       		.byte	0x4
 533 0027 05       		.byte	0x5
 534 0028 696E7400 		.ascii	"int\000"
 535 002c 03       		.uleb128 0x3
 536 002d 14000000 		.4byte	.LASF12
ARM GAS  C:\Users\wl\AppData\Local\Temp\ccAJ9mJb.s 			page 18


 537 0031 02       		.byte	0x2
 538 0032 D8       		.byte	0xd8
 539 0033 37000000 		.4byte	0x37
 540 0037 04       		.uleb128 0x4
 541 0038 04       		.byte	0x4
 542 0039 07       		.byte	0x7
 543 003a 3F010000 		.4byte	.LASF0
 544 003e 04       		.uleb128 0x4
 545 003f 08       		.byte	0x8
 546 0040 05       		.byte	0x5
 547 0041 38020000 		.4byte	.LASF1
 548 0045 04       		.uleb128 0x4
 549 0046 08       		.byte	0x8
 550 0047 04       		.byte	0x4
 551 0048 A8020000 		.4byte	.LASF2
 552 004c 04       		.uleb128 0x4
 553 004d 01       		.byte	0x1
 554 004e 06       		.byte	0x6
 555 004f B4020000 		.4byte	.LASF3
 556 0053 04       		.uleb128 0x4
 557 0054 01       		.byte	0x1
 558 0055 08       		.byte	0x8
 559 0056 E1000000 		.4byte	.LASF4
 560 005a 04       		.uleb128 0x4
 561 005b 02       		.byte	0x2
 562 005c 05       		.byte	0x5
 563 005d 80020000 		.4byte	.LASF5
 564 0061 04       		.uleb128 0x4
 565 0062 02       		.byte	0x2
 566 0063 07       		.byte	0x7
 567 0064 25020000 		.4byte	.LASF6
 568 0068 04       		.uleb128 0x4
 569 0069 04       		.byte	0x4
 570 006a 05       		.byte	0x5
 571 006b 9F020000 		.4byte	.LASF7
 572 006f 04       		.uleb128 0x4
 573 0070 04       		.byte	0x4
 574 0071 07       		.byte	0x7
 575 0072 AE000000 		.4byte	.LASF8
 576 0076 04       		.uleb128 0x4
 577 0077 08       		.byte	0x8
 578 0078 07       		.byte	0x7
 579 0079 61010000 		.4byte	.LASF9
 580 007d 04       		.uleb128 0x4
 581 007e 04       		.byte	0x4
 582 007f 07       		.byte	0x7
 583 0080 1C020000 		.4byte	.LASF10
 584 0084 05       		.uleb128 0x5
 585 0085 04       		.byte	0x4
 586 0086 04       		.uleb128 0x4
 587 0087 01       		.byte	0x1
 588 0088 08       		.byte	0x8
 589 0089 50020000 		.4byte	.LASF11
 590 008d 06       		.uleb128 0x6
 591 008e C0000000 		.4byte	.LASF13
 592 0092 03       		.byte	0x3
 593 0093 E401     		.2byte	0x1e4
ARM GAS  C:\Users\wl\AppData\Local\Temp\ccAJ9mJb.s 			page 19


 594 0095 53000000 		.4byte	0x53
 595 0099 06       		.uleb128 0x6
 596 009a 26010000 		.4byte	.LASF14
 597 009e 03       		.byte	0x3
 598 009f E501     		.2byte	0x1e5
 599 00a1 61000000 		.4byte	0x61
 600 00a5 06       		.uleb128 0x6
 601 00a6 38010000 		.4byte	.LASF15
 602 00aa 03       		.byte	0x3
 603 00ab E601     		.2byte	0x1e6
 604 00ad 6F000000 		.4byte	0x6f
 605 00b1 04       		.uleb128 0x4
 606 00b2 04       		.byte	0x4
 607 00b3 04       		.byte	0x4
 608 00b4 76000000 		.4byte	.LASF16
 609 00b8 04       		.uleb128 0x4
 610 00b9 08       		.byte	0x8
 611 00ba 04       		.byte	0x4
 612 00bb F6000000 		.4byte	.LASF17
 613 00bf 06       		.uleb128 0x6
 614 00c0 A9000000 		.4byte	.LASF18
 615 00c4 03       		.byte	0x3
 616 00c5 8E02     		.2byte	0x28e
 617 00c7 CB000000 		.4byte	0xcb
 618 00cb 07       		.uleb128 0x7
 619 00cc 8D000000 		.4byte	0x8d
 620 00d0 06       		.uleb128 0x6
 621 00d1 0E000000 		.4byte	.LASF19
 622 00d5 03       		.byte	0x3
 623 00d6 9002     		.2byte	0x290
 624 00d8 DC000000 		.4byte	0xdc
 625 00dc 07       		.uleb128 0x7
 626 00dd A5000000 		.4byte	0xa5
 627 00e1 08       		.uleb128 0x8
 628 00e2 02       		.byte	0x2
 629 00e3 01       		.byte	0x1
 630 00e4 97       		.byte	0x97
 631 00e5 02010000 		.4byte	0x102
 632 00e9 09       		.uleb128 0x9
 633 00ea 79020000 		.4byte	.LASF20
 634 00ee 01       		.byte	0x1
 635 00ef 99       		.byte	0x99
 636 00f0 8D000000 		.4byte	0x8d
 637 00f4 00       		.byte	0
 638 00f5 09       		.uleb128 0x9
 639 00f6 3B000000 		.4byte	.LASF21
 640 00fa 01       		.byte	0x1
 641 00fb 9A       		.byte	0x9a
 642 00fc 8D000000 		.4byte	0x8d
 643 0100 01       		.byte	0x1
 644 0101 00       		.byte	0
 645 0102 03       		.uleb128 0x3
 646 0103 66020000 		.4byte	.LASF22
 647 0107 01       		.byte	0x1
 648 0108 9B       		.byte	0x9b
 649 0109 E1000000 		.4byte	0xe1
 650 010d 0A       		.uleb128 0xa
ARM GAS  C:\Users\wl\AppData\Local\Temp\ccAJ9mJb.s 			page 20


 651 010e FD000000 		.4byte	.LASF27
 652 0112 01       		.byte	0x1
 653 0113 AE       		.byte	0xae
 654 0114 00000000 		.4byte	.LFB5
 655 0118 32000000 		.4byte	.LFE5-.LFB5
 656 011c 01       		.uleb128 0x1
 657 011d 9C       		.byte	0x9c
 658 011e 7F010000 		.4byte	0x17f
 659 0122 0B       		.uleb128 0xb
 660 0123 1B010000 		.4byte	.LASF23
 661 0127 01       		.byte	0x1
 662 0128 AE       		.byte	0xae
 663 0129 7F010000 		.4byte	0x17f
 664 012d 01       		.uleb128 0x1
 665 012e 50       		.byte	0x50
 666 012f 0B       		.uleb128 0xb
 667 0130 2D010000 		.4byte	.LASF24
 668 0134 01       		.byte	0x1
 669 0135 AE       		.byte	0xae
 670 0136 8A010000 		.4byte	0x18a
 671 013a 01       		.uleb128 0x1
 672 013b 51       		.byte	0x51
 673 013c 0C       		.uleb128 0xc
 674 013d 6900     		.ascii	"i\000"
 675 013f 01       		.byte	0x1
 676 0140 B1       		.byte	0xb1
 677 0141 A5000000 		.4byte	0xa5
 678 0145 00000000 		.4byte	.LLST0
 679 0149 0C       		.uleb128 0xc
 680 014a 6A00     		.ascii	"j\000"
 681 014c 01       		.byte	0x1
 682 014d B1       		.byte	0xb1
 683 014e A5000000 		.4byte	0xa5
 684 0152 1F000000 		.4byte	.LLST1
 685 0156 0D       		.uleb128 0xd
 686 0157 08000000 		.4byte	.LBB2
 687 015b 22000000 		.4byte	.LBE2-.LBB2
 688 015f 0E       		.uleb128 0xe
 689 0160 13020000 		.4byte	.LASF25
 690 0164 01       		.byte	0x1
 691 0165 B4       		.byte	0xb4
 692 0166 A5000000 		.4byte	0xa5
 693 016a 3E000000 		.4byte	.LLST2
 694 016e 0E       		.uleb128 0xe
 695 016f 41000000 		.4byte	.LASF26
 696 0173 01       		.byte	0x1
 697 0174 B5       		.byte	0xb5
 698 0175 8D000000 		.4byte	0x8d
 699 0179 51000000 		.4byte	.LLST3
 700 017d 00       		.byte	0
 701 017e 00       		.byte	0
 702 017f 0F       		.uleb128 0xf
 703 0180 04       		.byte	0x4
 704 0181 85010000 		.4byte	0x185
 705 0185 10       		.uleb128 0x10
 706 0186 A5000000 		.4byte	0xa5
 707 018a 0F       		.uleb128 0xf
ARM GAS  C:\Users\wl\AppData\Local\Temp\ccAJ9mJb.s 			page 21


 708 018b 04       		.byte	0x4
 709 018c 90010000 		.4byte	0x190
 710 0190 10       		.uleb128 0x10
 711 0191 02010000 		.4byte	0x102
 712 0195 11       		.uleb128 0x11
 713 0196 1B000000 		.4byte	.LASF47
 714 019a 01       		.byte	0x1
 715 019b 1301     		.2byte	0x113
 716 019d 00000000 		.4byte	.LFB7
 717 01a1 20000000 		.4byte	.LFE7-.LFB7
 718 01a5 01       		.uleb128 0x1
 719 01a6 9C       		.byte	0x9c
 720 01a7 0A       		.uleb128 0xa
 721 01a8 D7000000 		.4byte	.LASF28
 722 01ac 01       		.byte	0x1
 723 01ad 4C       		.byte	0x4c
 724 01ae 00000000 		.4byte	.LFB2
 725 01b2 0C000000 		.4byte	.LFE2-.LFB2
 726 01b6 01       		.uleb128 0x1
 727 01b7 9C       		.byte	0x9c
 728 01b8 F4010000 		.4byte	0x1f4
 729 01bc 12       		.uleb128 0x12
 730 01bd 7300     		.ascii	"s\000"
 731 01bf 01       		.byte	0x1
 732 01c0 4C       		.byte	0x4c
 733 01c1 84000000 		.4byte	0x84
 734 01c5 6F000000 		.4byte	.LLST4
 735 01c9 12       		.uleb128 0x12
 736 01ca 6E00     		.ascii	"n\000"
 737 01cc 01       		.byte	0x1
 738 01cd 4C       		.byte	0x4c
 739 01ce 2C000000 		.4byte	0x2c
 740 01d2 90000000 		.4byte	.LLST5
 741 01d6 13       		.uleb128 0x13
 742 01d7 0A000000 		.4byte	.LVL14
 743 01db EE030000 		.4byte	0x3ee
 744 01df 14       		.uleb128 0x14
 745 01e0 01       		.uleb128 0x1
 746 01e1 50       		.byte	0x50
 747 01e2 03       		.uleb128 0x3
 748 01e3 F3       		.byte	0xf3
 749 01e4 01       		.uleb128 0x1
 750 01e5 50       		.byte	0x50
 751 01e6 14       		.uleb128 0x14
 752 01e7 01       		.uleb128 0x1
 753 01e8 51       		.byte	0x51
 754 01e9 01       		.uleb128 0x1
 755 01ea 30       		.byte	0x30
 756 01eb 14       		.uleb128 0x14
 757 01ec 01       		.uleb128 0x1
 758 01ed 52       		.byte	0x52
 759 01ee 03       		.uleb128 0x3
 760 01ef F3       		.byte	0xf3
 761 01f0 01       		.uleb128 0x1
 762 01f1 51       		.byte	0x51
 763 01f2 00       		.byte	0
 764 01f3 00       		.byte	0
ARM GAS  C:\Users\wl\AppData\Local\Temp\ccAJ9mJb.s 			page 22


 765 01f4 0A       		.uleb128 0xa
 766 01f5 47000000 		.4byte	.LASF29
 767 01f9 01       		.byte	0x1
 768 01fa D3       		.byte	0xd3
 769 01fb 00000000 		.4byte	.LFB6
 770 01ff B4000000 		.4byte	.LFE6-.LFB6
 771 0203 01       		.uleb128 0x1
 772 0204 9C       		.byte	0x9c
 773 0205 9D020000 		.4byte	0x29d
 774 0209 15       		.uleb128 0x15
 775 020a 0C000000 		.4byte	.LVL15
 776 020e F7030000 		.4byte	0x3f7
 777 0212 16       		.uleb128 0x16
 778 0213 12000000 		.4byte	.LVL16
 779 0217 02040000 		.4byte	0x402
 780 021b 29020000 		.4byte	0x229
 781 021f 14       		.uleb128 0x14
 782 0220 01       		.uleb128 0x1
 783 0221 50       		.byte	0x50
 784 0222 05       		.uleb128 0x5
 785 0223 0C       		.byte	0xc
 786 0224 001BB700 		.4byte	0xb71b00
 787 0228 00       		.byte	0
 788 0229 16       		.uleb128 0x16
 789 022a 18000000 		.4byte	.LVL17
 790 022e 0D040000 		.4byte	0x40d
 791 0232 3C020000 		.4byte	0x23c
 792 0236 14       		.uleb128 0x14
 793 0237 01       		.uleb128 0x1
 794 0238 50       		.byte	0x50
 795 0239 01       		.uleb128 0x1
 796 023a 31       		.byte	0x31
 797 023b 00       		.byte	0
 798 023c 16       		.uleb128 0x16
 799 023d 1E000000 		.4byte	.LVL18
 800 0241 18040000 		.4byte	0x418
 801 0245 50020000 		.4byte	0x250
 802 0249 14       		.uleb128 0x14
 803 024a 01       		.uleb128 0x1
 804 024b 50       		.byte	0x50
 805 024c 02       		.uleb128 0x2
 806 024d 08       		.byte	0x8
 807 024e 30       		.byte	0x30
 808 024f 00       		.byte	0
 809 0250 16       		.uleb128 0x16
 810 0251 54000000 		.4byte	.LVL19
 811 0255 23040000 		.4byte	0x423
 812 0259 65020000 		.4byte	0x265
 813 025d 14       		.uleb128 0x14
 814 025e 01       		.uleb128 0x1
 815 025f 50       		.byte	0x50
 816 0260 03       		.uleb128 0x3
 817 0261 0A       		.byte	0xa
 818 0262 D007     		.2byte	0x7d0
 819 0264 00       		.byte	0
 820 0265 16       		.uleb128 0x16
 821 0266 5A000000 		.4byte	.LVL20
ARM GAS  C:\Users\wl\AppData\Local\Temp\ccAJ9mJb.s 			page 23


 822 026a 2E040000 		.4byte	0x42e
 823 026e 7A020000 		.4byte	0x27a
 824 0272 14       		.uleb128 0x14
 825 0273 01       		.uleb128 0x1
 826 0274 50       		.byte	0x50
 827 0275 03       		.uleb128 0x3
 828 0276 0A       		.byte	0xa
 829 0277 DC05     		.2byte	0x5dc
 830 0279 00       		.byte	0
 831 027a 16       		.uleb128 0x16
 832 027b 72000000 		.4byte	.LVL21
 833 027f 39040000 		.4byte	0x439
 834 0283 8D020000 		.4byte	0x28d
 835 0287 14       		.uleb128 0x14
 836 0288 01       		.uleb128 0x1
 837 0289 50       		.byte	0x50
 838 028a 01       		.uleb128 0x1
 839 028b 38       		.byte	0x38
 840 028c 00       		.byte	0
 841 028d 13       		.uleb128 0x13
 842 028e 78000000 		.4byte	.LVL22
 843 0292 44040000 		.4byte	0x444
 844 0296 14       		.uleb128 0x14
 845 0297 01       		.uleb128 0x1
 846 0298 50       		.byte	0x50
 847 0299 01       		.uleb128 0x1
 848 029a 38       		.byte	0x38
 849 029b 00       		.byte	0
 850 029c 00       		.byte	0
 851 029d 17       		.uleb128 0x17
 852 029e 4C010000 		.4byte	.LASF48
 853 02a2 01       		.byte	0x1
 854 02a3 2E01     		.2byte	0x12e
 855 02a5 B4000000 		.4byte	.LFB8
 856 02a9 FC000000 		.4byte	.LFE8-.LFB8
 857 02ad 01       		.uleb128 0x1
 858 02ae 9C       		.byte	0x9c
 859 02af C4030000 		.4byte	0x3c4
 860 02b3 18       		.uleb128 0x18
 861 02b4 BE000000 		.4byte	.LBB3
 862 02b8 84000000 		.4byte	.LBE3-.LBB3
 863 02bc B1030000 		.4byte	0x3b1
 864 02c0 19       		.uleb128 0x19
 865 02c1 52000000 		.4byte	.LASF30
 866 02c5 01       		.byte	0x1
 867 02c6 3601     		.2byte	0x136
 868 02c8 D4030000 		.4byte	0x3d4
 869 02cc 05       		.uleb128 0x5
 870 02cd 03       		.byte	0x3
 871 02ce 38000000 		.4byte	cy_cfg_addr_table.4910
 872 02d2 19       		.uleb128 0x19
 873 02d3 64000000 		.4byte	.LASF31
 874 02d7 01       		.byte	0x1
 875 02d8 3D01     		.2byte	0x13d
 876 02da E9030000 		.4byte	0x3e9
 877 02de 05       		.uleb128 0x5
 878 02df 03       		.byte	0x3
ARM GAS  C:\Users\wl\AppData\Local\Temp\ccAJ9mJb.s 			page 24


 879 02e0 0C000000 		.4byte	cy_cfg_data_table.4911
 880 02e4 1A       		.uleb128 0x1a
 881 02e5 06       		.byte	0x6
 882 02e6 01       		.byte	0x1
 883 02e7 5701     		.2byte	0x157
 884 02e9 08030000 		.4byte	0x308
 885 02ed 1B       		.uleb128 0x1b
 886 02ee 59010000 		.4byte	.LASF32
 887 02f2 01       		.byte	0x1
 888 02f3 5801     		.2byte	0x158
 889 02f5 84000000 		.4byte	0x84
 890 02f9 00       		.byte	0
 891 02fa 1B       		.uleb128 0x1b
 892 02fb 8C000000 		.4byte	.LASF33
 893 02ff 01       		.byte	0x1
 894 0300 5901     		.2byte	0x159
 895 0302 99000000 		.4byte	0x99
 896 0306 04       		.byte	0x4
 897 0307 00       		.byte	0
 898 0308 06       		.uleb128 0x6
 899 0309 06020000 		.4byte	.LASF34
 900 030d 01       		.byte	0x1
 901 030e 5A01     		.2byte	0x15a
 902 0310 E4020000 		.4byte	0x2e4
 903 0314 1C       		.uleb128 0x1c
 904 0315 24030000 		.4byte	0x324
 905 0319 24030000 		.4byte	0x324
 906 031d 1D       		.uleb128 0x1d
 907 031e 7D000000 		.4byte	0x7d
 908 0322 01       		.byte	0x1
 909 0323 00       		.byte	0
 910 0324 10       		.uleb128 0x10
 911 0325 08030000 		.4byte	0x308
 912 0329 19       		.uleb128 0x19
 913 032a 7C000000 		.4byte	.LASF35
 914 032e 01       		.byte	0x1
 915 032f 5C01     		.2byte	0x15c
 916 0331 3B030000 		.4byte	0x33b
 917 0335 05       		.uleb128 0x5
 918 0336 03       		.byte	0x3
 919 0337 00000000 		.4byte	cfg_memset_list.4916
 920 033b 10       		.uleb128 0x10
 921 033c 14030000 		.4byte	0x314
 922 0340 1E       		.uleb128 0x1e
 923 0341 6900     		.ascii	"i\000"
 924 0343 01       		.byte	0x1
 925 0344 6201     		.2byte	0x162
 926 0346 8D000000 		.4byte	0x8d
 927 034a BC000000 		.4byte	.LLST6
 928 034e 18       		.uleb128 0x18
 929 034f C2000000 		.4byte	.LBB4
 930 0353 1C000000 		.4byte	.LBE4-.LBB4
 931 0357 94030000 		.4byte	0x394
 932 035b 1E       		.uleb128 0x1e
 933 035c 6D7300   		.ascii	"ms\000"
 934 035f 01       		.byte	0x1
 935 0360 6701     		.2byte	0x167
ARM GAS  C:\Users\wl\AppData\Local\Temp\ccAJ9mJb.s 			page 25


 936 0362 6A030000 		.4byte	0x36a
 937 0366 E6000000 		.4byte	.LLST7
 938 036a 0F       		.uleb128 0xf
 939 036b 04       		.byte	0x4
 940 036c 24030000 		.4byte	0x324
 941 0370 13       		.uleb128 0x13
 942 0371 DE000000 		.4byte	.LVL25
 943 0375 A7010000 		.4byte	0x1a7
 944 0379 14       		.uleb128 0x14
 945 037a 01       		.uleb128 0x1
 946 037b 51       		.byte	0x51
 947 037c 15       		.uleb128 0x15
 948 037d 74       		.byte	0x74
 949 037e 00       		.sleb128 0
 950 037f 31       		.byte	0x31
 951 0380 24       		.byte	0x24
 952 0381 74       		.byte	0x74
 953 0382 00       		.sleb128 0
 954 0383 22       		.byte	0x22
 955 0384 31       		.byte	0x31
 956 0385 24       		.byte	0x24
 957 0386 03       		.byte	0x3
 958 0387 04000000 		.4byte	.LANCHOR0+4
 959 038b 22       		.byte	0x22
 960 038c 94       		.byte	0x94
 961 038d 02       		.byte	0x2
 962 038e 0A       		.byte	0xa
 963 038f FFFF     		.2byte	0xffff
 964 0391 1A       		.byte	0x1a
 965 0392 00       		.byte	0
 966 0393 00       		.byte	0
 967 0394 13       		.uleb128 0x13
 968 0395 F2000000 		.4byte	.LVL28
 969 0399 0D010000 		.4byte	0x10d
 970 039d 14       		.uleb128 0x14
 971 039e 01       		.uleb128 0x1
 972 039f 50       		.byte	0x50
 973 03a0 05       		.uleb128 0x5
 974 03a1 03       		.byte	0x3
 975 03a2 38000000 		.4byte	.LANCHOR0+56
 976 03a6 14       		.uleb128 0x14
 977 03a7 01       		.uleb128 0x1
 978 03a8 51       		.byte	0x51
 979 03a9 05       		.uleb128 0x5
 980 03aa 03       		.byte	0x3
 981 03ab 0C000000 		.4byte	.LANCHOR0+12
 982 03af 00       		.byte	0
 983 03b0 00       		.byte	0
 984 03b1 15       		.uleb128 0x15
 985 03b2 64010000 		.4byte	.LVL29
 986 03b6 F4010000 		.4byte	0x1f4
 987 03ba 15       		.uleb128 0x15
 988 03bb 68010000 		.4byte	.LVL30
 989 03bf 95010000 		.4byte	0x195
 990 03c3 00       		.byte	0
 991 03c4 1C       		.uleb128 0x1c
 992 03c5 85010000 		.4byte	0x185
ARM GAS  C:\Users\wl\AppData\Local\Temp\ccAJ9mJb.s 			page 26


 993 03c9 D4030000 		.4byte	0x3d4
 994 03cd 1D       		.uleb128 0x1d
 995 03ce 7D000000 		.4byte	0x7d
 996 03d2 03       		.byte	0x3
 997 03d3 00       		.byte	0
 998 03d4 10       		.uleb128 0x10
 999 03d5 C4030000 		.4byte	0x3c4
 1000 03d9 1C       		.uleb128 0x1c
 1001 03da 90010000 		.4byte	0x190
 1002 03de E9030000 		.4byte	0x3e9
 1003 03e2 1D       		.uleb128 0x1d
 1004 03e3 7D000000 		.4byte	0x7d
 1005 03e7 14       		.byte	0x14
 1006 03e8 00       		.byte	0
 1007 03e9 10       		.uleb128 0x10
 1008 03ea D9030000 		.4byte	0x3d9
 1009 03ee 1F       		.uleb128 0x1f
 1010 03ef EF000000 		.4byte	.LASF49
 1011 03f3 EF000000 		.4byte	.LASF49
 1012 03f7 20       		.uleb128 0x20
 1013 03f8 C6000000 		.4byte	.LASF36
 1014 03fc C6000000 		.4byte	.LASF36
 1015 0400 04       		.byte	0x4
 1016 0401 4E       		.byte	0x4e
 1017 0402 20       		.uleb128 0x20
 1018 0403 00000000 		.4byte	.LASF37
 1019 0407 00000000 		.4byte	.LASF37
 1020 040b 05       		.byte	0x5
 1021 040c DC       		.byte	0xdc
 1022 040d 20       		.uleb128 0x20
 1023 040e 91000000 		.4byte	.LASF38
 1024 0412 91000000 		.4byte	.LASF38
 1025 0416 04       		.byte	0x4
 1026 0417 50       		.byte	0x50
 1027 0418 20       		.uleb128 0x20
 1028 0419 8A020000 		.4byte	.LASF39
 1029 041d 8A020000 		.4byte	.LASF39
 1030 0421 05       		.byte	0x5
 1031 0422 6C       		.byte	0x6c
 1032 0423 20       		.uleb128 0x20
 1033 0424 55020000 		.4byte	.LASF40
 1034 0428 55020000 		.4byte	.LASF40
 1035 042c 05       		.byte	0x5
 1036 042d 84       		.byte	0x84
 1037 042e 20       		.uleb128 0x20
 1038 042f 46020000 		.4byte	.LASF41
 1039 0433 46020000 		.4byte	.LASF41
 1040 0437 05       		.byte	0x5
 1041 0438 DA       		.byte	0xda
 1042 0439 20       		.uleb128 0x20
 1043 043a 2C000000 		.4byte	.LASF42
 1044 043e 2C000000 		.4byte	.LASF42
 1045 0442 05       		.byte	0x5
 1046 0443 BD       		.byte	0xbd
 1047 0444 20       		.uleb128 0x20
 1048 0445 0F010000 		.4byte	.LASF43
 1049 0449 0F010000 		.4byte	.LASF43
ARM GAS  C:\Users\wl\AppData\Local\Temp\ccAJ9mJb.s 			page 27


 1050 044d 05       		.byte	0x5
 1051 044e C3       		.byte	0xc3
 1052 044f 00       		.byte	0
 1053              		.section	.debug_abbrev,"",%progbits
 1054              	.Ldebug_abbrev0:
 1055 0000 01       		.uleb128 0x1
 1056 0001 11       		.uleb128 0x11
 1057 0002 01       		.byte	0x1
 1058 0003 25       		.uleb128 0x25
 1059 0004 0E       		.uleb128 0xe
 1060 0005 13       		.uleb128 0x13
 1061 0006 0B       		.uleb128 0xb
 1062 0007 03       		.uleb128 0x3
 1063 0008 0E       		.uleb128 0xe
 1064 0009 1B       		.uleb128 0x1b
 1065 000a 0E       		.uleb128 0xe
 1066 000b 55       		.uleb128 0x55
 1067 000c 17       		.uleb128 0x17
 1068 000d 11       		.uleb128 0x11
 1069 000e 01       		.uleb128 0x1
 1070 000f 10       		.uleb128 0x10
 1071 0010 17       		.uleb128 0x17
 1072 0011 00       		.byte	0
 1073 0012 00       		.byte	0
 1074 0013 02       		.uleb128 0x2
 1075 0014 24       		.uleb128 0x24
 1076 0015 00       		.byte	0
 1077 0016 0B       		.uleb128 0xb
 1078 0017 0B       		.uleb128 0xb
 1079 0018 3E       		.uleb128 0x3e
 1080 0019 0B       		.uleb128 0xb
 1081 001a 03       		.uleb128 0x3
 1082 001b 08       		.uleb128 0x8
 1083 001c 00       		.byte	0
 1084 001d 00       		.byte	0
 1085 001e 03       		.uleb128 0x3
 1086 001f 16       		.uleb128 0x16
 1087 0020 00       		.byte	0
 1088 0021 03       		.uleb128 0x3
 1089 0022 0E       		.uleb128 0xe
 1090 0023 3A       		.uleb128 0x3a
 1091 0024 0B       		.uleb128 0xb
 1092 0025 3B       		.uleb128 0x3b
 1093 0026 0B       		.uleb128 0xb
 1094 0027 49       		.uleb128 0x49
 1095 0028 13       		.uleb128 0x13
 1096 0029 00       		.byte	0
 1097 002a 00       		.byte	0
 1098 002b 04       		.uleb128 0x4
 1099 002c 24       		.uleb128 0x24
 1100 002d 00       		.byte	0
 1101 002e 0B       		.uleb128 0xb
 1102 002f 0B       		.uleb128 0xb
 1103 0030 3E       		.uleb128 0x3e
 1104 0031 0B       		.uleb128 0xb
 1105 0032 03       		.uleb128 0x3
 1106 0033 0E       		.uleb128 0xe
ARM GAS  C:\Users\wl\AppData\Local\Temp\ccAJ9mJb.s 			page 28


 1107 0034 00       		.byte	0
 1108 0035 00       		.byte	0
 1109 0036 05       		.uleb128 0x5
 1110 0037 0F       		.uleb128 0xf
 1111 0038 00       		.byte	0
 1112 0039 0B       		.uleb128 0xb
 1113 003a 0B       		.uleb128 0xb
 1114 003b 00       		.byte	0
 1115 003c 00       		.byte	0
 1116 003d 06       		.uleb128 0x6
 1117 003e 16       		.uleb128 0x16
 1118 003f 00       		.byte	0
 1119 0040 03       		.uleb128 0x3
 1120 0041 0E       		.uleb128 0xe
 1121 0042 3A       		.uleb128 0x3a
 1122 0043 0B       		.uleb128 0xb
 1123 0044 3B       		.uleb128 0x3b
 1124 0045 05       		.uleb128 0x5
 1125 0046 49       		.uleb128 0x49
 1126 0047 13       		.uleb128 0x13
 1127 0048 00       		.byte	0
 1128 0049 00       		.byte	0
 1129 004a 07       		.uleb128 0x7
 1130 004b 35       		.uleb128 0x35
 1131 004c 00       		.byte	0
 1132 004d 49       		.uleb128 0x49
 1133 004e 13       		.uleb128 0x13
 1134 004f 00       		.byte	0
 1135 0050 00       		.byte	0
 1136 0051 08       		.uleb128 0x8
 1137 0052 13       		.uleb128 0x13
 1138 0053 01       		.byte	0x1
 1139 0054 0B       		.uleb128 0xb
 1140 0055 0B       		.uleb128 0xb
 1141 0056 3A       		.uleb128 0x3a
 1142 0057 0B       		.uleb128 0xb
 1143 0058 3B       		.uleb128 0x3b
 1144 0059 0B       		.uleb128 0xb
 1145 005a 01       		.uleb128 0x1
 1146 005b 13       		.uleb128 0x13
 1147 005c 00       		.byte	0
 1148 005d 00       		.byte	0
 1149 005e 09       		.uleb128 0x9
 1150 005f 0D       		.uleb128 0xd
 1151 0060 00       		.byte	0
 1152 0061 03       		.uleb128 0x3
 1153 0062 0E       		.uleb128 0xe
 1154 0063 3A       		.uleb128 0x3a
 1155 0064 0B       		.uleb128 0xb
 1156 0065 3B       		.uleb128 0x3b
 1157 0066 0B       		.uleb128 0xb
 1158 0067 49       		.uleb128 0x49
 1159 0068 13       		.uleb128 0x13
 1160 0069 38       		.uleb128 0x38
 1161 006a 0B       		.uleb128 0xb
 1162 006b 00       		.byte	0
 1163 006c 00       		.byte	0
ARM GAS  C:\Users\wl\AppData\Local\Temp\ccAJ9mJb.s 			page 29


 1164 006d 0A       		.uleb128 0xa
 1165 006e 2E       		.uleb128 0x2e
 1166 006f 01       		.byte	0x1
 1167 0070 03       		.uleb128 0x3
 1168 0071 0E       		.uleb128 0xe
 1169 0072 3A       		.uleb128 0x3a
 1170 0073 0B       		.uleb128 0xb
 1171 0074 3B       		.uleb128 0x3b
 1172 0075 0B       		.uleb128 0xb
 1173 0076 27       		.uleb128 0x27
 1174 0077 19       		.uleb128 0x19
 1175 0078 11       		.uleb128 0x11
 1176 0079 01       		.uleb128 0x1
 1177 007a 12       		.uleb128 0x12
 1178 007b 06       		.uleb128 0x6
 1179 007c 40       		.uleb128 0x40
 1180 007d 18       		.uleb128 0x18
 1181 007e 9742     		.uleb128 0x2117
 1182 0080 19       		.uleb128 0x19
 1183 0081 01       		.uleb128 0x1
 1184 0082 13       		.uleb128 0x13
 1185 0083 00       		.byte	0
 1186 0084 00       		.byte	0
 1187 0085 0B       		.uleb128 0xb
 1188 0086 05       		.uleb128 0x5
 1189 0087 00       		.byte	0
 1190 0088 03       		.uleb128 0x3
 1191 0089 0E       		.uleb128 0xe
 1192 008a 3A       		.uleb128 0x3a
 1193 008b 0B       		.uleb128 0xb
 1194 008c 3B       		.uleb128 0x3b
 1195 008d 0B       		.uleb128 0xb
 1196 008e 49       		.uleb128 0x49
 1197 008f 13       		.uleb128 0x13
 1198 0090 02       		.uleb128 0x2
 1199 0091 18       		.uleb128 0x18
 1200 0092 00       		.byte	0
 1201 0093 00       		.byte	0
 1202 0094 0C       		.uleb128 0xc
 1203 0095 34       		.uleb128 0x34
 1204 0096 00       		.byte	0
 1205 0097 03       		.uleb128 0x3
 1206 0098 08       		.uleb128 0x8
 1207 0099 3A       		.uleb128 0x3a
 1208 009a 0B       		.uleb128 0xb
 1209 009b 3B       		.uleb128 0x3b
 1210 009c 0B       		.uleb128 0xb
 1211 009d 49       		.uleb128 0x49
 1212 009e 13       		.uleb128 0x13
 1213 009f 02       		.uleb128 0x2
 1214 00a0 17       		.uleb128 0x17
 1215 00a1 00       		.byte	0
 1216 00a2 00       		.byte	0
 1217 00a3 0D       		.uleb128 0xd
 1218 00a4 0B       		.uleb128 0xb
 1219 00a5 01       		.byte	0x1
 1220 00a6 11       		.uleb128 0x11
ARM GAS  C:\Users\wl\AppData\Local\Temp\ccAJ9mJb.s 			page 30


 1221 00a7 01       		.uleb128 0x1
 1222 00a8 12       		.uleb128 0x12
 1223 00a9 06       		.uleb128 0x6
 1224 00aa 00       		.byte	0
 1225 00ab 00       		.byte	0
 1226 00ac 0E       		.uleb128 0xe
 1227 00ad 34       		.uleb128 0x34
 1228 00ae 00       		.byte	0
 1229 00af 03       		.uleb128 0x3
 1230 00b0 0E       		.uleb128 0xe
 1231 00b1 3A       		.uleb128 0x3a
 1232 00b2 0B       		.uleb128 0xb
 1233 00b3 3B       		.uleb128 0x3b
 1234 00b4 0B       		.uleb128 0xb
 1235 00b5 49       		.uleb128 0x49
 1236 00b6 13       		.uleb128 0x13
 1237 00b7 02       		.uleb128 0x2
 1238 00b8 17       		.uleb128 0x17
 1239 00b9 00       		.byte	0
 1240 00ba 00       		.byte	0
 1241 00bb 0F       		.uleb128 0xf
 1242 00bc 0F       		.uleb128 0xf
 1243 00bd 00       		.byte	0
 1244 00be 0B       		.uleb128 0xb
 1245 00bf 0B       		.uleb128 0xb
 1246 00c0 49       		.uleb128 0x49
 1247 00c1 13       		.uleb128 0x13
 1248 00c2 00       		.byte	0
 1249 00c3 00       		.byte	0
 1250 00c4 10       		.uleb128 0x10
 1251 00c5 26       		.uleb128 0x26
 1252 00c6 00       		.byte	0
 1253 00c7 49       		.uleb128 0x49
 1254 00c8 13       		.uleb128 0x13
 1255 00c9 00       		.byte	0
 1256 00ca 00       		.byte	0
 1257 00cb 11       		.uleb128 0x11
 1258 00cc 2E       		.uleb128 0x2e
 1259 00cd 00       		.byte	0
 1260 00ce 03       		.uleb128 0x3
 1261 00cf 0E       		.uleb128 0xe
 1262 00d0 3A       		.uleb128 0x3a
 1263 00d1 0B       		.uleb128 0xb
 1264 00d2 3B       		.uleb128 0x3b
 1265 00d3 05       		.uleb128 0x5
 1266 00d4 27       		.uleb128 0x27
 1267 00d5 19       		.uleb128 0x19
 1268 00d6 11       		.uleb128 0x11
 1269 00d7 01       		.uleb128 0x1
 1270 00d8 12       		.uleb128 0x12
 1271 00d9 06       		.uleb128 0x6
 1272 00da 40       		.uleb128 0x40
 1273 00db 18       		.uleb128 0x18
 1274 00dc 9742     		.uleb128 0x2117
 1275 00de 19       		.uleb128 0x19
 1276 00df 00       		.byte	0
 1277 00e0 00       		.byte	0
ARM GAS  C:\Users\wl\AppData\Local\Temp\ccAJ9mJb.s 			page 31


 1278 00e1 12       		.uleb128 0x12
 1279 00e2 05       		.uleb128 0x5
 1280 00e3 00       		.byte	0
 1281 00e4 03       		.uleb128 0x3
 1282 00e5 08       		.uleb128 0x8
 1283 00e6 3A       		.uleb128 0x3a
 1284 00e7 0B       		.uleb128 0xb
 1285 00e8 3B       		.uleb128 0x3b
 1286 00e9 0B       		.uleb128 0xb
 1287 00ea 49       		.uleb128 0x49
 1288 00eb 13       		.uleb128 0x13
 1289 00ec 02       		.uleb128 0x2
 1290 00ed 17       		.uleb128 0x17
 1291 00ee 00       		.byte	0
 1292 00ef 00       		.byte	0
 1293 00f0 13       		.uleb128 0x13
 1294 00f1 898201   		.uleb128 0x4109
 1295 00f4 01       		.byte	0x1
 1296 00f5 11       		.uleb128 0x11
 1297 00f6 01       		.uleb128 0x1
 1298 00f7 31       		.uleb128 0x31
 1299 00f8 13       		.uleb128 0x13
 1300 00f9 00       		.byte	0
 1301 00fa 00       		.byte	0
 1302 00fb 14       		.uleb128 0x14
 1303 00fc 8A8201   		.uleb128 0x410a
 1304 00ff 00       		.byte	0
 1305 0100 02       		.uleb128 0x2
 1306 0101 18       		.uleb128 0x18
 1307 0102 9142     		.uleb128 0x2111
 1308 0104 18       		.uleb128 0x18
 1309 0105 00       		.byte	0
 1310 0106 00       		.byte	0
 1311 0107 15       		.uleb128 0x15
 1312 0108 898201   		.uleb128 0x4109
 1313 010b 00       		.byte	0
 1314 010c 11       		.uleb128 0x11
 1315 010d 01       		.uleb128 0x1
 1316 010e 31       		.uleb128 0x31
 1317 010f 13       		.uleb128 0x13
 1318 0110 00       		.byte	0
 1319 0111 00       		.byte	0
 1320 0112 16       		.uleb128 0x16
 1321 0113 898201   		.uleb128 0x4109
 1322 0116 01       		.byte	0x1
 1323 0117 11       		.uleb128 0x11
 1324 0118 01       		.uleb128 0x1
 1325 0119 31       		.uleb128 0x31
 1326 011a 13       		.uleb128 0x13
 1327 011b 01       		.uleb128 0x1
 1328 011c 13       		.uleb128 0x13
 1329 011d 00       		.byte	0
 1330 011e 00       		.byte	0
 1331 011f 17       		.uleb128 0x17
 1332 0120 2E       		.uleb128 0x2e
 1333 0121 01       		.byte	0x1
 1334 0122 3F       		.uleb128 0x3f
ARM GAS  C:\Users\wl\AppData\Local\Temp\ccAJ9mJb.s 			page 32


 1335 0123 19       		.uleb128 0x19
 1336 0124 03       		.uleb128 0x3
 1337 0125 0E       		.uleb128 0xe
 1338 0126 3A       		.uleb128 0x3a
 1339 0127 0B       		.uleb128 0xb
 1340 0128 3B       		.uleb128 0x3b
 1341 0129 05       		.uleb128 0x5
 1342 012a 27       		.uleb128 0x27
 1343 012b 19       		.uleb128 0x19
 1344 012c 11       		.uleb128 0x11
 1345 012d 01       		.uleb128 0x1
 1346 012e 12       		.uleb128 0x12
 1347 012f 06       		.uleb128 0x6
 1348 0130 40       		.uleb128 0x40
 1349 0131 18       		.uleb128 0x18
 1350 0132 9742     		.uleb128 0x2117
 1351 0134 19       		.uleb128 0x19
 1352 0135 01       		.uleb128 0x1
 1353 0136 13       		.uleb128 0x13
 1354 0137 00       		.byte	0
 1355 0138 00       		.byte	0
 1356 0139 18       		.uleb128 0x18
 1357 013a 0B       		.uleb128 0xb
 1358 013b 01       		.byte	0x1
 1359 013c 11       		.uleb128 0x11
 1360 013d 01       		.uleb128 0x1
 1361 013e 12       		.uleb128 0x12
 1362 013f 06       		.uleb128 0x6
 1363 0140 01       		.uleb128 0x1
 1364 0141 13       		.uleb128 0x13
 1365 0142 00       		.byte	0
 1366 0143 00       		.byte	0
 1367 0144 19       		.uleb128 0x19
 1368 0145 34       		.uleb128 0x34
 1369 0146 00       		.byte	0
 1370 0147 03       		.uleb128 0x3
 1371 0148 0E       		.uleb128 0xe
 1372 0149 3A       		.uleb128 0x3a
 1373 014a 0B       		.uleb128 0xb
 1374 014b 3B       		.uleb128 0x3b
 1375 014c 05       		.uleb128 0x5
 1376 014d 49       		.uleb128 0x49
 1377 014e 13       		.uleb128 0x13
 1378 014f 02       		.uleb128 0x2
 1379 0150 18       		.uleb128 0x18
 1380 0151 00       		.byte	0
 1381 0152 00       		.byte	0
 1382 0153 1A       		.uleb128 0x1a
 1383 0154 13       		.uleb128 0x13
 1384 0155 01       		.byte	0x1
 1385 0156 0B       		.uleb128 0xb
 1386 0157 0B       		.uleb128 0xb
 1387 0158 3A       		.uleb128 0x3a
 1388 0159 0B       		.uleb128 0xb
 1389 015a 3B       		.uleb128 0x3b
 1390 015b 05       		.uleb128 0x5
 1391 015c 01       		.uleb128 0x1
ARM GAS  C:\Users\wl\AppData\Local\Temp\ccAJ9mJb.s 			page 33


 1392 015d 13       		.uleb128 0x13
 1393 015e 00       		.byte	0
 1394 015f 00       		.byte	0
 1395 0160 1B       		.uleb128 0x1b
 1396 0161 0D       		.uleb128 0xd
 1397 0162 00       		.byte	0
 1398 0163 03       		.uleb128 0x3
 1399 0164 0E       		.uleb128 0xe
 1400 0165 3A       		.uleb128 0x3a
 1401 0166 0B       		.uleb128 0xb
 1402 0167 3B       		.uleb128 0x3b
 1403 0168 05       		.uleb128 0x5
 1404 0169 49       		.uleb128 0x49
 1405 016a 13       		.uleb128 0x13
 1406 016b 38       		.uleb128 0x38
 1407 016c 0B       		.uleb128 0xb
 1408 016d 00       		.byte	0
 1409 016e 00       		.byte	0
 1410 016f 1C       		.uleb128 0x1c
 1411 0170 01       		.uleb128 0x1
 1412 0171 01       		.byte	0x1
 1413 0172 49       		.uleb128 0x49
 1414 0173 13       		.uleb128 0x13
 1415 0174 01       		.uleb128 0x1
 1416 0175 13       		.uleb128 0x13
 1417 0176 00       		.byte	0
 1418 0177 00       		.byte	0
 1419 0178 1D       		.uleb128 0x1d
 1420 0179 21       		.uleb128 0x21
 1421 017a 00       		.byte	0
 1422 017b 49       		.uleb128 0x49
 1423 017c 13       		.uleb128 0x13
 1424 017d 2F       		.uleb128 0x2f
 1425 017e 0B       		.uleb128 0xb
 1426 017f 00       		.byte	0
 1427 0180 00       		.byte	0
 1428 0181 1E       		.uleb128 0x1e
 1429 0182 34       		.uleb128 0x34
 1430 0183 00       		.byte	0
 1431 0184 03       		.uleb128 0x3
 1432 0185 08       		.uleb128 0x8
 1433 0186 3A       		.uleb128 0x3a
 1434 0187 0B       		.uleb128 0xb
 1435 0188 3B       		.uleb128 0x3b
 1436 0189 05       		.uleb128 0x5
 1437 018a 49       		.uleb128 0x49
 1438 018b 13       		.uleb128 0x13
 1439 018c 02       		.uleb128 0x2
 1440 018d 17       		.uleb128 0x17
 1441 018e 00       		.byte	0
 1442 018f 00       		.byte	0
 1443 0190 1F       		.uleb128 0x1f
 1444 0191 2E       		.uleb128 0x2e
 1445 0192 00       		.byte	0
 1446 0193 3F       		.uleb128 0x3f
 1447 0194 19       		.uleb128 0x19
 1448 0195 3C       		.uleb128 0x3c
ARM GAS  C:\Users\wl\AppData\Local\Temp\ccAJ9mJb.s 			page 34


 1449 0196 19       		.uleb128 0x19
 1450 0197 6E       		.uleb128 0x6e
 1451 0198 0E       		.uleb128 0xe
 1452 0199 03       		.uleb128 0x3
 1453 019a 0E       		.uleb128 0xe
 1454 019b 00       		.byte	0
 1455 019c 00       		.byte	0
 1456 019d 20       		.uleb128 0x20
 1457 019e 2E       		.uleb128 0x2e
 1458 019f 00       		.byte	0
 1459 01a0 3F       		.uleb128 0x3f
 1460 01a1 19       		.uleb128 0x19
 1461 01a2 3C       		.uleb128 0x3c
 1462 01a3 19       		.uleb128 0x19
 1463 01a4 6E       		.uleb128 0x6e
 1464 01a5 0E       		.uleb128 0xe
 1465 01a6 03       		.uleb128 0x3
 1466 01a7 0E       		.uleb128 0xe
 1467 01a8 3A       		.uleb128 0x3a
 1468 01a9 0B       		.uleb128 0xb
 1469 01aa 3B       		.uleb128 0x3b
 1470 01ab 0B       		.uleb128 0xb
 1471 01ac 00       		.byte	0
 1472 01ad 00       		.byte	0
 1473 01ae 00       		.byte	0
 1474              		.section	.debug_loc,"",%progbits
 1475              	.Ldebug_loc0:
 1476              	.LLST0:
 1477 0000 02000000 		.4byte	.LVL1
 1478 0004 08000000 		.4byte	.LVL2
 1479 0008 0200     		.2byte	0x2
 1480 000a 30       		.byte	0x30
 1481 000b 9F       		.byte	0x9f
 1482 000c 08000000 		.4byte	.LVL2
 1483 0010 30000000 		.4byte	.LVL11
 1484 0014 0100     		.2byte	0x1
 1485 0016 57       		.byte	0x57
 1486 0017 00000000 		.4byte	0
 1487 001b 00000000 		.4byte	0
 1488              	.LLST1:
 1489 001f 02000000 		.4byte	.LVL1
 1490 0023 08000000 		.4byte	.LVL2
 1491 0027 0200     		.2byte	0x2
 1492 0029 30       		.byte	0x30
 1493 002a 9F       		.byte	0x9f
 1494 002b 08000000 		.4byte	.LVL2
 1495 002f 30000000 		.4byte	.LVL10
 1496 0033 0100     		.2byte	0x1
 1497 0035 55       		.byte	0x55
 1498 0036 00000000 		.4byte	0
 1499 003a 00000000 		.4byte	0
 1500              	.LLST2:
 1501 003e 0C000000 		.4byte	.LVL3
 1502 0042 2C000000 		.4byte	.LVL9
 1503 0046 0100     		.2byte	0x1
 1504 0048 56       		.byte	0x56
 1505 0049 00000000 		.4byte	0
ARM GAS  C:\Users\wl\AppData\Local\Temp\ccAJ9mJb.s 			page 35


 1506 004d 00000000 		.4byte	0
 1507              	.LLST3:
 1508 0051 0E000000 		.4byte	.LVL4
 1509 0055 24000000 		.4byte	.LVL7
 1510 0059 0100     		.2byte	0x1
 1511 005b 53       		.byte	0x53
 1512 005c 26000000 		.4byte	.LVL8
 1513 0060 2C000000 		.4byte	.LVL9
 1514 0064 0100     		.2byte	0x1
 1515 0066 53       		.byte	0x53
 1516 0067 00000000 		.4byte	0
 1517 006b 00000000 		.4byte	0
 1518              	.LLST4:
 1519 006f 00000000 		.4byte	.LVL12
 1520 0073 09000000 		.4byte	.LVL14-1
 1521 0077 0100     		.2byte	0x1
 1522 0079 50       		.byte	0x50
 1523 007a 09000000 		.4byte	.LVL14-1
 1524 007e 0C000000 		.4byte	.LFE2
 1525 0082 0400     		.2byte	0x4
 1526 0084 F3       		.byte	0xf3
 1527 0085 01       		.uleb128 0x1
 1528 0086 50       		.byte	0x50
 1529 0087 9F       		.byte	0x9f
 1530 0088 00000000 		.4byte	0
 1531 008c 00000000 		.4byte	0
 1532              	.LLST5:
 1533 0090 00000000 		.4byte	.LVL12
 1534 0094 06000000 		.4byte	.LVL13
 1535 0098 0100     		.2byte	0x1
 1536 009a 51       		.byte	0x51
 1537 009b 06000000 		.4byte	.LVL13
 1538 009f 09000000 		.4byte	.LVL14-1
 1539 00a3 0100     		.2byte	0x1
 1540 00a5 52       		.byte	0x52
 1541 00a6 09000000 		.4byte	.LVL14-1
 1542 00aa 0C000000 		.4byte	.LFE2
 1543 00ae 0400     		.2byte	0x4
 1544 00b0 F3       		.byte	0xf3
 1545 00b1 01       		.uleb128 0x1
 1546 00b2 51       		.byte	0x51
 1547 00b3 9F       		.byte	0x9f
 1548 00b4 00000000 		.4byte	0
 1549 00b8 00000000 		.4byte	0
 1550              	.LLST6:
 1551 00bc BE000000 		.4byte	.LVL23
 1552 00c0 C2000000 		.4byte	.LVL24
 1553 00c4 0200     		.2byte	0x2
 1554 00c6 30       		.byte	0x30
 1555 00c7 9F       		.byte	0x9f
 1556 00c8 C2000000 		.4byte	.LVL24
 1557 00cc E0000000 		.4byte	.LVL26
 1558 00d0 0100     		.2byte	0x1
 1559 00d2 54       		.byte	0x54
 1560 00d3 E2000000 		.4byte	.LVL27
 1561 00d7 68010000 		.4byte	.LVL31
 1562 00db 0100     		.2byte	0x1
ARM GAS  C:\Users\wl\AppData\Local\Temp\ccAJ9mJb.s 			page 36


 1563 00dd 54       		.byte	0x54
 1564 00de 00000000 		.4byte	0
 1565 00e2 00000000 		.4byte	0
 1566              	.LLST7:
 1567 00e6 C2000000 		.4byte	.LVL24
 1568 00ea E0000000 		.4byte	.LVL26
 1569 00ee 0B00     		.2byte	0xb
 1570 00f0 74       		.byte	0x74
 1571 00f1 00       		.sleb128 0
 1572 00f2 36       		.byte	0x36
 1573 00f3 1E       		.byte	0x1e
 1574 00f4 03       		.byte	0x3
 1575 00f5 00000000 		.4byte	cfg_memset_list.4916
 1576 00f9 22       		.byte	0x22
 1577 00fa 9F       		.byte	0x9f
 1578 00fb E0000000 		.4byte	.LVL26
 1579 00ff E2000000 		.4byte	.LVL27
 1580 0103 0B00     		.2byte	0xb
 1581 0105 74       		.byte	0x74
 1582 0106 7F       		.sleb128 -1
 1583 0107 36       		.byte	0x36
 1584 0108 1E       		.byte	0x1e
 1585 0109 03       		.byte	0x3
 1586 010a 00000000 		.4byte	cfg_memset_list.4916
 1587 010e 22       		.byte	0x22
 1588 010f 9F       		.byte	0x9f
 1589 0110 00000000 		.4byte	0
 1590 0114 00000000 		.4byte	0
 1591              		.section	.debug_aranges,"",%progbits
 1592 0000 3C000000 		.4byte	0x3c
 1593 0004 0200     		.2byte	0x2
 1594 0006 00000000 		.4byte	.Ldebug_info0
 1595 000a 04       		.byte	0x4
 1596 000b 00       		.byte	0
 1597 000c 0000     		.2byte	0
 1598 000e 0000     		.2byte	0
 1599 0010 00000000 		.4byte	.LFB5
 1600 0014 32000000 		.4byte	.LFE5-.LFB5
 1601 0018 00000000 		.4byte	.LFB7
 1602 001c 20000000 		.4byte	.LFE7-.LFB7
 1603 0020 00000000 		.4byte	.LFB2
 1604 0024 0C000000 		.4byte	.LFE2-.LFB2
 1605 0028 00000000 		.4byte	.LFB6
 1606 002c B4000000 		.4byte	.LFE6-.LFB6
 1607 0030 B4000000 		.4byte	.LFB8
 1608 0034 FC000000 		.4byte	.LFE8-.LFB8
 1609 0038 00000000 		.4byte	0
 1610 003c 00000000 		.4byte	0
 1611              		.section	.debug_ranges,"",%progbits
 1612              	.Ldebug_ranges0:
 1613 0000 00000000 		.4byte	.LFB5
 1614 0004 32000000 		.4byte	.LFE5
 1615 0008 00000000 		.4byte	.LFB7
 1616 000c 20000000 		.4byte	.LFE7
 1617 0010 00000000 		.4byte	.LFB2
 1618 0014 0C000000 		.4byte	.LFE2
 1619 0018 00000000 		.4byte	.LFB6
ARM GAS  C:\Users\wl\AppData\Local\Temp\ccAJ9mJb.s 			page 37


 1620 001c B4000000 		.4byte	.LFE6
 1621 0020 B4000000 		.4byte	.LFB8
 1622 0024 B0010000 		.4byte	.LFE8
 1623 0028 00000000 		.4byte	0
 1624 002c 00000000 		.4byte	0
 1625              		.section	.debug_line,"",%progbits
 1626              	.Ldebug_line0:
 1627 0000 88010000 		.section	.debug_str,"MS",%progbits,1
 1627      0200E300 
 1627      00000201 
 1627      FB0E0D00 
 1627      01010101 
 1628              	.LASF37:
 1629 0000 43794465 		.ascii	"CyDelayCycles\000"
 1629      6C617943 
 1629      79636C65 
 1629      7300
 1630              	.LASF19:
 1631 000e 72656733 		.ascii	"reg32\000"
 1631      3200
 1632              	.LASF12:
 1633 0014 73697A65 		.ascii	"size_t\000"
 1633      5F7400
 1634              	.LASF47:
 1635 001b 416E616C 		.ascii	"AnalogSetDefault\000"
 1635      6F675365 
 1635      74446566 
 1635      61756C74 
 1635      00
 1636              	.LASF42:
 1637 002c 4379496E 		.ascii	"CyIntSetVector\000"
 1637      74536574 
 1637      56656374 
 1637      6F7200
 1638              	.LASF21:
 1639 003b 76616C75 		.ascii	"value\000"
 1639      6500
 1640              	.LASF26:
 1641 0041 636F756E 		.ascii	"count\000"
 1641      7400
 1642              	.LASF29:
 1643 0047 436C6F63 		.ascii	"ClockSetup\000"
 1643      6B536574 
 1643      757000
 1644              	.LASF30:
 1645 0052 63795F63 		.ascii	"cy_cfg_addr_table\000"
 1645      66675F61 
 1645      6464725F 
 1645      7461626C 
 1645      6500
 1646              	.LASF31:
 1647 0064 63795F63 		.ascii	"cy_cfg_data_table\000"
 1647      66675F64 
 1647      6174615F 
 1647      7461626C 
 1647      6500
 1648              	.LASF16:
ARM GAS  C:\Users\wl\AppData\Local\Temp\ccAJ9mJb.s 			page 38


 1649 0076 666C6F61 		.ascii	"float\000"
 1649      7400
 1650              	.LASF35:
 1651 007c 6366675F 		.ascii	"cfg_memset_list\000"
 1651      6D656D73 
 1651      65745F6C 
 1651      69737400 
 1652              	.LASF33:
 1653 008c 73697A65 		.ascii	"size\000"
 1653      00
 1654              	.LASF38:
 1655 0091 43795379 		.ascii	"CySysClkWcoSetPowerMode\000"
 1655      73436C6B 
 1655      57636F53 
 1655      6574506F 
 1655      7765724D 
 1656              	.LASF18:
 1657 00a9 72656738 		.ascii	"reg8\000"
 1657      00
 1658              	.LASF8:
 1659 00ae 6C6F6E67 		.ascii	"long unsigned int\000"
 1659      20756E73 
 1659      69676E65 
 1659      6420696E 
 1659      7400
 1660              	.LASF13:
 1661 00c0 75696E74 		.ascii	"uint8\000"
 1661      3800
 1662              	.LASF36:
 1663 00c6 43795379 		.ascii	"CySysClkWcoStart\000"
 1663      73436C6B 
 1663      57636F53 
 1663      74617274 
 1663      00
 1664              	.LASF28:
 1665 00d7 43594D45 		.ascii	"CYMEMZERO\000"
 1665      4D5A4552 
 1665      4F00
 1666              	.LASF4:
 1667 00e1 756E7369 		.ascii	"unsigned char\000"
 1667      676E6564 
 1667      20636861 
 1667      7200
 1668              	.LASF49:
 1669 00ef 6D656D73 		.ascii	"memset\000"
 1669      657400
 1670              	.LASF17:
 1671 00f6 646F7562 		.ascii	"double\000"
 1671      6C6500
 1672              	.LASF27:
 1673 00fd 6366675F 		.ascii	"cfg_write_bytes32\000"
 1673      77726974 
 1673      655F6279 
 1673      74657333 
 1673      3200
 1674              	.LASF43:
 1675 010f 4379496E 		.ascii	"CyIntEnable\000"
ARM GAS  C:\Users\wl\AppData\Local\Temp\ccAJ9mJb.s 			page 39


 1675      74456E61 
 1675      626C6500 
 1676              	.LASF23:
 1677 011b 61646472 		.ascii	"addr_table\000"
 1677      5F746162 
 1677      6C6500
 1678              	.LASF14:
 1679 0126 75696E74 		.ascii	"uint16\000"
 1679      313600
 1680              	.LASF24:
 1681 012d 64617461 		.ascii	"data_table\000"
 1681      5F746162 
 1681      6C6500
 1682              	.LASF15:
 1683 0138 75696E74 		.ascii	"uint32\000"
 1683      333200
 1684              	.LASF0:
 1685 013f 756E7369 		.ascii	"unsigned int\000"
 1685      676E6564 
 1685      20696E74 
 1685      00
 1686              	.LASF48:
 1687 014c 63796669 		.ascii	"cyfitter_cfg\000"
 1687      74746572 
 1687      5F636667 
 1687      00
 1688              	.LASF32:
 1689 0159 61646472 		.ascii	"address\000"
 1689      65737300 
 1690              	.LASF9:
 1691 0161 6C6F6E67 		.ascii	"long long unsigned int\000"
 1691      206C6F6E 
 1691      6720756E 
 1691      7369676E 
 1691      65642069 
 1692              	.LASF44:
 1693 0178 474E5520 		.ascii	"GNU C11 5.4.1 20160609 (release) [ARM/embedded-5-br"
 1693      43313120 
 1693      352E342E 
 1693      31203230 
 1693      31363036 
 1694 01ab 616E6368 		.ascii	"anch revision 237715] -mcpu=cortex-m0 -mthumb -g -O"
 1694      20726576 
 1694      6973696F 
 1694      6E203233 
 1694      37373135 
 1695 01de 67202D66 		.ascii	"g -ffunction-sections -ffat-lto-objects\000"
 1695      66756E63 
 1695      74696F6E 
 1695      2D736563 
 1695      74696F6E 
 1696              	.LASF34:
 1697 0206 6366675F 		.ascii	"cfg_memset_t\000"
 1697      6D656D73 
 1697      65745F74 
 1697      00
 1698              	.LASF25:
ARM GAS  C:\Users\wl\AppData\Local\Temp\ccAJ9mJb.s 			page 40


 1699 0213 62617365 		.ascii	"baseAddr\000"
 1699      41646472 
 1699      00
 1700              	.LASF10:
 1701 021c 73697A65 		.ascii	"sizetype\000"
 1701      74797065 
 1701      00
 1702              	.LASF6:
 1703 0225 73686F72 		.ascii	"short unsigned int\000"
 1703      7420756E 
 1703      7369676E 
 1703      65642069 
 1703      6E7400
 1704              	.LASF1:
 1705 0238 6C6F6E67 		.ascii	"long long int\000"
 1705      206C6F6E 
 1705      6720696E 
 1705      7400
 1706              	.LASF41:
 1707 0246 43794465 		.ascii	"CyDelayUs\000"
 1707      6C617955 
 1707      7300
 1708              	.LASF11:
 1709 0250 63686172 		.ascii	"char\000"
 1709      00
 1710              	.LASF40:
 1711 0255 43795379 		.ascii	"CySysClkEcoStart\000"
 1711      73436C6B 
 1711      45636F53 
 1711      74617274 
 1711      00
 1712              	.LASF22:
 1713 0266 63795F63 		.ascii	"cy_cfg_addrvalue_t\000"
 1713      66675F61 
 1713      64647276 
 1713      616C7565 
 1713      5F7400
 1714              	.LASF20:
 1715 0279 6F666673 		.ascii	"offset\000"
 1715      657400
 1716              	.LASF5:
 1717 0280 73686F72 		.ascii	"short int\000"
 1717      7420696E 
 1717      7400
 1718              	.LASF39:
 1719 028a 43795379 		.ascii	"CySysClkWriteImoFreq\000"
 1719      73436C6B 
 1719      57726974 
 1719      65496D6F 
 1719      46726571 
 1720              	.LASF7:
 1721 029f 6C6F6E67 		.ascii	"long int\000"
 1721      20696E74 
 1721      00
 1722              	.LASF2:
 1723 02a8 6C6F6E67 		.ascii	"long double\000"
 1723      20646F75 
ARM GAS  C:\Users\wl\AppData\Local\Temp\ccAJ9mJb.s 			page 41


 1723      626C6500 
 1724              	.LASF3:
 1725 02b4 7369676E 		.ascii	"signed char\000"
 1725      65642063 
 1725      68617200 
 1726              	.LASF45:
 1727 02c0 47656E65 		.ascii	"Generated_Source\\PSoC4\\cyfitter_cfg.c\000"
 1727      72617465 
 1727      645F536F 
 1727      75726365 
 1727      5C50536F 
 1728              	.LASF46:
 1729 02e6 433A5C55 		.ascii	"C:\\Users\\wl\\Desktop\\cypressResource\\projects\\"
 1729      73657273 
 1729      5C776C5C 
 1729      4465736B 
 1729      746F705C 
 1730 0313 576F726B 		.ascii	"Workspace01\\Lesson4-HardwarePin.cydsn\000"
 1730      73706163 
 1730      6530315C 
 1730      4C657373 
 1730      6F6E342D 
 1731              		.ident	"GCC: (GNU Tools for ARM Embedded Processors) 5.4.1 20160609 (release) [ARM/embedded-5-bran
