ARM GAS  C:\Users\wl\AppData\Local\Temp\cct7kFQB.s 			page 1


   1              		.syntax unified
   2              		.cpu cortex-m0
   3              		.fpu softvfp
   4              		.eabi_attribute 20, 1
   5              		.eabi_attribute 21, 1
   6              		.eabi_attribute 23, 3
   7              		.eabi_attribute 24, 1
   8              		.eabi_attribute 25, 1
   9              		.eabi_attribute 26, 1
  10              		.eabi_attribute 30, 1
  11              		.eabi_attribute 34, 0
  12              		.eabi_attribute 18, 4
  13              		.thumb
  14              		.syntax unified
  15              		.file	"main.c"
  16              		.text
  17              	.Ltext0:
  18              		.cfi_sections	.debug_frame
  19              		.section	.text.main,"ax",%progbits
  20              		.align	2
  21              		.global	main
  22              		.code	16
  23              		.thumb_func
  24              		.type	main, %function
  25              	main:
  26              	.LFB36:
  27              		.file 1 "main.c"
   1:main.c        **** /* ========================================
   2:main.c        ****  *
   3:main.c        ****  * Copyright YOUR COMPANY, THE YEAR
   4:main.c        ****  * All Rights Reserved
   5:main.c        ****  * UNPUBLISHED, LICENSED SOFTWARE.
   6:main.c        ****  *
   7:main.c        ****  * CONFIDENTIAL AND PROPRIETARY INFORMATION
   8:main.c        ****  * WHICH IS THE PROPERTY OF your company.
   9:main.c        ****  *
  10:main.c        ****  * ========================================
  11:main.c        **** */
  12:main.c        **** #include "project.h"
  13:main.c        **** #include "stdio.h"
  14:main.c        **** 
  15:main.c        **** int main(void)
  16:main.c        **** {
  28              		.loc 1 16 0
  29              		.cfi_startproc
  30              		@ args = 0, pretend = 0, frame = 16
  31              		@ frame_needed = 0, uses_anonymous_args = 0
  32 0000 30B5     		push	{r4, r5, lr}
  33              		.cfi_def_cfa_offset 12
  34              		.cfi_offset 4, -12
  35              		.cfi_offset 5, -8
  36              		.cfi_offset 14, -4
  37 0002 85B0     		sub	sp, sp, #20
  38              		.cfi_def_cfa_offset 32
  39              	.LVL0:
  17:main.c        ****     uint16 sliderval;
  18:main.c        ****     uint16 oldsliderval = 0xFFFF;
ARM GAS  C:\Users\wl\AppData\Local\Temp\cct7kFQB.s 			page 2


  19:main.c        ****     char msg[10];
  20:main.c        ****     
  21:main.c        ****     CyGlobalIntEnable; /* Enable global interrupts. */
  40              		.loc 1 21 0
  41              		.syntax divided
  42              	@ 21 "main.c" 1
  43 0004 62B6     		CPSIE   i
  44              	@ 0 "" 2
  22:main.c        **** 
  23:main.c        ****     /* Place your initialization/startup code here (e.g. MyInst_Start()) */
  24:main.c        ****     UART_Start();
  45              		.loc 1 24 0
  46              		.thumb
  47              		.syntax unified
  48 0006 FFF7FEFF 		bl	UART_Start
  49              	.LVL1:
  25:main.c        ****     //1.ÂàùÂßãÂåñCapSense
  26:main.c        ****     CapSense_Start();
  50              		.loc 1 26 0
  51 000a FFF7FEFF 		bl	CapSense_Start
  52              	.LVL2:
  27:main.c        ****     //2.ÂàùÂßãÂåñÂü∫Á∫ø
  28:main.c        ****     CapSense_InitializeAllBaselines();
  53              		.loc 1 28 0
  54 000e FFF7FEFF 		bl	CapSense_InitializeAllBaselines
  55              	.LVL3:
  29:main.c        ****     //3.scan all of the enabled widgets
  30:main.c        ****     CapSense_ScanEnabledWidgets();
  56              		.loc 1 30 0
  57 0012 FFF7FEFF 		bl	CapSense_ScanEnabledWidgets
  58              	.LVL4:
  18:main.c        ****     char msg[10];
  59              		.loc 1 18 0
  60 0016 0D4D     		ldr	r5, .L5
  61              	.LVL5:
  62              	.L2:
  31:main.c        **** 
  32:main.c        ****     for(;;)
  33:main.c        ****     {
  34:main.c        ****        if(! CapSense_IsBusy())
  63              		.loc 1 34 0
  64 0018 FFF7FEFF 		bl	CapSense_IsBusy
  65              	.LVL6:
  66 001c 0028     		cmp	r0, #0
  67 001e FBD1     		bne	.L2
  35:main.c        ****        {
  36:main.c        ****             sliderval = CapSense_GetCentroidPos(CapSense_LINEARSLIDER0__LS);
  68              		.loc 1 36 0
  69 0020 FFF7FEFF 		bl	CapSense_GetCentroidPos
  70              	.LVL7:
  71 0024 0400     		movs	r4, r0
  72              	.LVL8:
  37:main.c        ****             //1.Ëã•ÊâãÊ≤°ÊúâËß¶Êë∏,ËøîÂõû0xffff. ËøôÈáåÂè™Âú®ÊúâËß¶Êë∏Âπ∂‰∏îÂÄºÊúâÂèòÂåñÁöÑÊó∂ÂÄôÂè
  38:main.c        ****             if (sliderval != 0xffff && sliderval != oldsliderval)
  73              		.loc 1 38 0
  74 0026 094A     		ldr	r2, .L5
  75 0028 9042     		cmp	r0, r2
ARM GAS  C:\Users\wl\AppData\Local\Temp\cct7kFQB.s 			page 3


  76 002a 0AD0     		beq	.L3
  77              		.loc 1 38 0 is_stmt 0 discriminator 1
  78 002c 8542     		cmp	r5, r0
  79 002e 08D0     		beq	.L3
  39:main.c        ****             {
  40:main.c        ****                 sprintf(msg, "%3d\r\n", sliderval);
  80              		.loc 1 40 0 is_stmt 1
  81 0030 0200     		movs	r2, r0
  82 0032 0749     		ldr	r1, .L5+4
  83 0034 01A8     		add	r0, sp, #4
  84              	.LVL9:
  85 0036 FFF7FEFF 		bl	sprintf
  86              	.LVL10:
  41:main.c        ****                 UART_UartPutString(msg);
  87              		.loc 1 41 0
  88 003a 01A8     		add	r0, sp, #4
  89 003c FFF7FEFF 		bl	UART_UartPutString
  90              	.LVL11:
  42:main.c        ****                 oldsliderval = sliderval;
  91              		.loc 1 42 0
  92 0040 2500     		movs	r5, r4
  93              	.LVL12:
  94              	.L3:
  43:main.c        ****             }
  44:main.c        ****             CapSense_UpdateEnabledBaselines();
  95              		.loc 1 44 0
  96 0042 FFF7FEFF 		bl	CapSense_UpdateEnabledBaselines
  97              	.LVL13:
  45:main.c        ****             CapSense_ScanEnabledWidgets();
  98              		.loc 1 45 0
  99 0046 FFF7FEFF 		bl	CapSense_ScanEnabledWidgets
 100              	.LVL14:
 101 004a E5E7     		b	.L2
 102              	.L6:
 103              		.align	2
 104              	.L5:
 105 004c FFFF0000 		.word	65535
 106 0050 00000000 		.word	.LC0
 107              		.cfi_endproc
 108              	.LFE36:
 109              		.size	main, .-main
 110              		.section	.rodata.str1.4,"aMS",%progbits,1
 111              		.align	2
 112              	.LC0:
 113 0000 2533640D 		.ascii	"%3d\015\012\000"
 113      0A00
 114              		.text
 115              	.Letext0:
 116              		.file 2 "Generated_Source\\PSoC4/UART.h"
 117              		.file 3 "Generated_Source\\PSoC4/CapSense.h"
 118              		.file 4 "Generated_Source\\PSoC4/CapSense_CSHL.h"
 119              		.file 5 "c:\\program files (x86)\\cypress\\psoc creator\\4.2\\psoc creator\\import\\gnu\\arm\\5.4.
 120              		.file 6 "Generated_Source\\PSoC4/UART_SPI_UART.h"
 121              		.file 7 "Generated_Source\\PSoC4/cytypes.h"
 122              		.section	.debug_info,"",%progbits
 123              	.Ldebug_info0:
 124 0000 D0010000 		.4byte	0x1d0
ARM GAS  C:\Users\wl\AppData\Local\Temp\cct7kFQB.s 			page 4


 125 0004 0400     		.2byte	0x4
 126 0006 00000000 		.4byte	.Ldebug_abbrev0
 127 000a 04       		.byte	0x4
 128 000b 01       		.uleb128 0x1
 129 000c F1000000 		.4byte	.LASF25
 130 0010 0C       		.byte	0xc
 131 0011 B6010000 		.4byte	.LASF26
 132 0015 0D020000 		.4byte	.LASF27
 133 0019 00000000 		.4byte	.Ldebug_ranges0+0
 134 001d 00000000 		.4byte	0
 135 0021 00000000 		.4byte	.Ldebug_line0
 136 0025 02       		.uleb128 0x2
 137 0026 01       		.byte	0x1
 138 0027 06       		.byte	0x6
 139 0028 E1010000 		.4byte	.LASF0
 140 002c 02       		.uleb128 0x2
 141 002d 01       		.byte	0x1
 142 002e 08       		.byte	0x8
 143 002f 3E000000 		.4byte	.LASF1
 144 0033 02       		.uleb128 0x2
 145 0034 02       		.byte	0x2
 146 0035 05       		.byte	0x5
 147 0036 C2010000 		.4byte	.LASF2
 148 003a 02       		.uleb128 0x2
 149 003b 02       		.byte	0x2
 150 003c 07       		.byte	0x7
 151 003d 6E000000 		.4byte	.LASF3
 152 0041 02       		.uleb128 0x2
 153 0042 04       		.byte	0x4
 154 0043 05       		.byte	0x5
 155 0044 CC010000 		.4byte	.LASF4
 156 0048 02       		.uleb128 0x2
 157 0049 04       		.byte	0x4
 158 004a 07       		.byte	0x7
 159 004b 5C000000 		.4byte	.LASF5
 160 004f 02       		.uleb128 0x2
 161 0050 08       		.byte	0x8
 162 0051 05       		.byte	0x5
 163 0052 A8010000 		.4byte	.LASF6
 164 0056 02       		.uleb128 0x2
 165 0057 08       		.byte	0x8
 166 0058 07       		.byte	0x7
 167 0059 D2000000 		.4byte	.LASF7
 168 005d 03       		.uleb128 0x3
 169 005e 04       		.byte	0x4
 170 005f 05       		.byte	0x5
 171 0060 696E7400 		.ascii	"int\000"
 172 0064 02       		.uleb128 0x2
 173 0065 04       		.byte	0x4
 174 0066 07       		.byte	0x7
 175 0067 C5000000 		.4byte	.LASF8
 176 006b 04       		.uleb128 0x4
 177 006c B4000000 		.4byte	.LASF28
 178 0070 07       		.byte	0x7
 179 0071 E501     		.2byte	0x1e5
 180 0073 3A000000 		.4byte	0x3a
 181 0077 02       		.uleb128 0x2
ARM GAS  C:\Users\wl\AppData\Local\Temp\cct7kFQB.s 			page 5


 182 0078 04       		.byte	0x4
 183 0079 04       		.byte	0x4
 184 007a 38000000 		.4byte	.LASF9
 185 007e 02       		.uleb128 0x2
 186 007f 08       		.byte	0x8
 187 0080 04       		.byte	0x4
 188 0081 8C000000 		.4byte	.LASF10
 189 0085 02       		.uleb128 0x2
 190 0086 01       		.byte	0x1
 191 0087 08       		.byte	0x8
 192 0088 BD010000 		.4byte	.LASF11
 193 008c 02       		.uleb128 0x2
 194 008d 08       		.byte	0x8
 195 008e 04       		.byte	0x4
 196 008f D5010000 		.4byte	.LASF12
 197 0093 02       		.uleb128 0x2
 198 0094 04       		.byte	0x4
 199 0095 07       		.byte	0x7
 200 0096 7F010000 		.4byte	.LASF13
 201 009a 05       		.uleb128 0x5
 202 009b AF000000 		.4byte	.LASF29
 203 009f 01       		.byte	0x1
 204 00a0 0F       		.byte	0xf
 205 00a1 5D000000 		.4byte	0x5d
 206 00a5 00000000 		.4byte	.LFB36
 207 00a9 54000000 		.4byte	.LFE36-.LFB36
 208 00ad 01       		.uleb128 0x1
 209 00ae 9C       		.byte	0x9c
 210 00af 5F010000 		.4byte	0x15f
 211 00b3 06       		.uleb128 0x6
 212 00b4 BB000000 		.4byte	.LASF14
 213 00b8 01       		.byte	0x1
 214 00b9 11       		.byte	0x11
 215 00ba 6B000000 		.4byte	0x6b
 216 00be 00000000 		.4byte	.LLST0
 217 00c2 06       		.uleb128 0x6
 218 00c3 00000000 		.4byte	.LASF15
 219 00c7 01       		.byte	0x1
 220 00c8 12       		.byte	0x12
 221 00c9 6B000000 		.4byte	0x6b
 222 00cd 13000000 		.4byte	.LLST1
 223 00d1 07       		.uleb128 0x7
 224 00d2 6D736700 		.ascii	"msg\000"
 225 00d6 01       		.byte	0x1
 226 00d7 13       		.byte	0x13
 227 00d8 5F010000 		.4byte	0x15f
 228 00dc 02       		.uleb128 0x2
 229 00dd 91       		.byte	0x91
 230 00de 64       		.sleb128 -28
 231 00df 08       		.uleb128 0x8
 232 00e0 0A000000 		.4byte	.LVL1
 233 00e4 6F010000 		.4byte	0x16f
 234 00e8 08       		.uleb128 0x8
 235 00e9 0E000000 		.4byte	.LVL2
 236 00ed 7A010000 		.4byte	0x17a
 237 00f1 08       		.uleb128 0x8
 238 00f2 12000000 		.4byte	.LVL3
ARM GAS  C:\Users\wl\AppData\Local\Temp\cct7kFQB.s 			page 6


 239 00f6 85010000 		.4byte	0x185
 240 00fa 08       		.uleb128 0x8
 241 00fb 16000000 		.4byte	.LVL4
 242 00ff 90010000 		.4byte	0x190
 243 0103 08       		.uleb128 0x8
 244 0104 1C000000 		.4byte	.LVL6
 245 0108 9B010000 		.4byte	0x19b
 246 010c 08       		.uleb128 0x8
 247 010d 24000000 		.4byte	.LVL7
 248 0111 A6010000 		.4byte	0x1a6
 249 0115 09       		.uleb128 0x9
 250 0116 3A000000 		.4byte	.LVL10
 251 011a B1010000 		.4byte	0x1b1
 252 011e 38010000 		.4byte	0x138
 253 0122 0A       		.uleb128 0xa
 254 0123 01       		.uleb128 0x1
 255 0124 50       		.byte	0x50
 256 0125 02       		.uleb128 0x2
 257 0126 91       		.byte	0x91
 258 0127 64       		.sleb128 -28
 259 0128 0A       		.uleb128 0xa
 260 0129 01       		.uleb128 0x1
 261 012a 51       		.byte	0x51
 262 012b 05       		.uleb128 0x5
 263 012c 03       		.byte	0x3
 264 012d 00000000 		.4byte	.LC0
 265 0131 0A       		.uleb128 0xa
 266 0132 01       		.uleb128 0x1
 267 0133 52       		.byte	0x52
 268 0134 02       		.uleb128 0x2
 269 0135 74       		.byte	0x74
 270 0136 00       		.sleb128 0
 271 0137 00       		.byte	0
 272 0138 09       		.uleb128 0x9
 273 0139 40000000 		.4byte	.LVL11
 274 013d BC010000 		.4byte	0x1bc
 275 0141 4C010000 		.4byte	0x14c
 276 0145 0A       		.uleb128 0xa
 277 0146 01       		.uleb128 0x1
 278 0147 50       		.byte	0x50
 279 0148 02       		.uleb128 0x2
 280 0149 91       		.byte	0x91
 281 014a 64       		.sleb128 -28
 282 014b 00       		.byte	0
 283 014c 08       		.uleb128 0x8
 284 014d 46000000 		.4byte	.LVL13
 285 0151 C8010000 		.4byte	0x1c8
 286 0155 08       		.uleb128 0x8
 287 0156 4A000000 		.4byte	.LVL14
 288 015a 90010000 		.4byte	0x190
 289 015e 00       		.byte	0
 290 015f 0B       		.uleb128 0xb
 291 0160 85000000 		.4byte	0x85
 292 0164 6F010000 		.4byte	0x16f
 293 0168 0C       		.uleb128 0xc
 294 0169 93000000 		.4byte	0x93
 295 016d 09       		.byte	0x9
ARM GAS  C:\Users\wl\AppData\Local\Temp\cct7kFQB.s 			page 7


 296 016e 00       		.byte	0
 297 016f 0D       		.uleb128 0xd
 298 0170 81000000 		.4byte	.LASF16
 299 0174 81000000 		.4byte	.LASF16
 300 0178 02       		.byte	0x2
 301 0179 72       		.byte	0x72
 302 017a 0D       		.uleb128 0xd
 303 017b 5E020000 		.4byte	.LASF17
 304 017f 5E020000 		.4byte	.LASF17
 305 0183 03       		.byte	0x3
 306 0184 99       		.byte	0x99
 307 0185 0D       		.uleb128 0xd
 308 0186 ED010000 		.4byte	.LASF18
 309 018a ED010000 		.4byte	.LASF18
 310 018e 04       		.byte	0x4
 311 018f AB       		.byte	0xab
 312 0190 0D       		.uleb128 0xd
 313 0191 93000000 		.4byte	.LASF19
 314 0195 93000000 		.4byte	.LASF19
 315 0199 03       		.byte	0x3
 316 019a A2       		.byte	0xa2
 317 019b 0D       		.uleb128 0xd
 318 019c 4C000000 		.4byte	.LASF20
 319 01a0 4C000000 		.4byte	.LASF20
 320 01a4 03       		.byte	0x3
 321 01a5 9F       		.byte	0x9f
 322 01a6 0D       		.uleb128 0xd
 323 01a7 0D000000 		.4byte	.LASF21
 324 01ab 0D000000 		.4byte	.LASF21
 325 01af 04       		.byte	0x4
 326 01b0 E2       		.byte	0xe2
 327 01b1 0D       		.uleb128 0xd
 328 01b2 E9000000 		.4byte	.LASF22
 329 01b6 E9000000 		.4byte	.LASF22
 330 01ba 05       		.byte	0x5
 331 01bb E7       		.byte	0xe7
 332 01bc 0E       		.uleb128 0xe
 333 01bd 25000000 		.4byte	.LASF23
 334 01c1 25000000 		.4byte	.LASF23
 335 01c5 06       		.byte	0x6
 336 01c6 2A03     		.2byte	0x32a
 337 01c8 0D       		.uleb128 0xd
 338 01c9 88010000 		.4byte	.LASF24
 339 01cd 88010000 		.4byte	.LASF24
 340 01d1 04       		.byte	0x4
 341 01d2 AF       		.byte	0xaf
 342 01d3 00       		.byte	0
 343              		.section	.debug_abbrev,"",%progbits
 344              	.Ldebug_abbrev0:
 345 0000 01       		.uleb128 0x1
 346 0001 11       		.uleb128 0x11
 347 0002 01       		.byte	0x1
 348 0003 25       		.uleb128 0x25
 349 0004 0E       		.uleb128 0xe
 350 0005 13       		.uleb128 0x13
 351 0006 0B       		.uleb128 0xb
 352 0007 03       		.uleb128 0x3
ARM GAS  C:\Users\wl\AppData\Local\Temp\cct7kFQB.s 			page 8


 353 0008 0E       		.uleb128 0xe
 354 0009 1B       		.uleb128 0x1b
 355 000a 0E       		.uleb128 0xe
 356 000b 55       		.uleb128 0x55
 357 000c 17       		.uleb128 0x17
 358 000d 11       		.uleb128 0x11
 359 000e 01       		.uleb128 0x1
 360 000f 10       		.uleb128 0x10
 361 0010 17       		.uleb128 0x17
 362 0011 00       		.byte	0
 363 0012 00       		.byte	0
 364 0013 02       		.uleb128 0x2
 365 0014 24       		.uleb128 0x24
 366 0015 00       		.byte	0
 367 0016 0B       		.uleb128 0xb
 368 0017 0B       		.uleb128 0xb
 369 0018 3E       		.uleb128 0x3e
 370 0019 0B       		.uleb128 0xb
 371 001a 03       		.uleb128 0x3
 372 001b 0E       		.uleb128 0xe
 373 001c 00       		.byte	0
 374 001d 00       		.byte	0
 375 001e 03       		.uleb128 0x3
 376 001f 24       		.uleb128 0x24
 377 0020 00       		.byte	0
 378 0021 0B       		.uleb128 0xb
 379 0022 0B       		.uleb128 0xb
 380 0023 3E       		.uleb128 0x3e
 381 0024 0B       		.uleb128 0xb
 382 0025 03       		.uleb128 0x3
 383 0026 08       		.uleb128 0x8
 384 0027 00       		.byte	0
 385 0028 00       		.byte	0
 386 0029 04       		.uleb128 0x4
 387 002a 16       		.uleb128 0x16
 388 002b 00       		.byte	0
 389 002c 03       		.uleb128 0x3
 390 002d 0E       		.uleb128 0xe
 391 002e 3A       		.uleb128 0x3a
 392 002f 0B       		.uleb128 0xb
 393 0030 3B       		.uleb128 0x3b
 394 0031 05       		.uleb128 0x5
 395 0032 49       		.uleb128 0x49
 396 0033 13       		.uleb128 0x13
 397 0034 00       		.byte	0
 398 0035 00       		.byte	0
 399 0036 05       		.uleb128 0x5
 400 0037 2E       		.uleb128 0x2e
 401 0038 01       		.byte	0x1
 402 0039 3F       		.uleb128 0x3f
 403 003a 19       		.uleb128 0x19
 404 003b 03       		.uleb128 0x3
 405 003c 0E       		.uleb128 0xe
 406 003d 3A       		.uleb128 0x3a
 407 003e 0B       		.uleb128 0xb
 408 003f 3B       		.uleb128 0x3b
 409 0040 0B       		.uleb128 0xb
ARM GAS  C:\Users\wl\AppData\Local\Temp\cct7kFQB.s 			page 9


 410 0041 27       		.uleb128 0x27
 411 0042 19       		.uleb128 0x19
 412 0043 49       		.uleb128 0x49
 413 0044 13       		.uleb128 0x13
 414 0045 8701     		.uleb128 0x87
 415 0047 19       		.uleb128 0x19
 416 0048 11       		.uleb128 0x11
 417 0049 01       		.uleb128 0x1
 418 004a 12       		.uleb128 0x12
 419 004b 06       		.uleb128 0x6
 420 004c 40       		.uleb128 0x40
 421 004d 18       		.uleb128 0x18
 422 004e 9742     		.uleb128 0x2117
 423 0050 19       		.uleb128 0x19
 424 0051 01       		.uleb128 0x1
 425 0052 13       		.uleb128 0x13
 426 0053 00       		.byte	0
 427 0054 00       		.byte	0
 428 0055 06       		.uleb128 0x6
 429 0056 34       		.uleb128 0x34
 430 0057 00       		.byte	0
 431 0058 03       		.uleb128 0x3
 432 0059 0E       		.uleb128 0xe
 433 005a 3A       		.uleb128 0x3a
 434 005b 0B       		.uleb128 0xb
 435 005c 3B       		.uleb128 0x3b
 436 005d 0B       		.uleb128 0xb
 437 005e 49       		.uleb128 0x49
 438 005f 13       		.uleb128 0x13
 439 0060 02       		.uleb128 0x2
 440 0061 17       		.uleb128 0x17
 441 0062 00       		.byte	0
 442 0063 00       		.byte	0
 443 0064 07       		.uleb128 0x7
 444 0065 34       		.uleb128 0x34
 445 0066 00       		.byte	0
 446 0067 03       		.uleb128 0x3
 447 0068 08       		.uleb128 0x8
 448 0069 3A       		.uleb128 0x3a
 449 006a 0B       		.uleb128 0xb
 450 006b 3B       		.uleb128 0x3b
 451 006c 0B       		.uleb128 0xb
 452 006d 49       		.uleb128 0x49
 453 006e 13       		.uleb128 0x13
 454 006f 02       		.uleb128 0x2
 455 0070 18       		.uleb128 0x18
 456 0071 00       		.byte	0
 457 0072 00       		.byte	0
 458 0073 08       		.uleb128 0x8
 459 0074 898201   		.uleb128 0x4109
 460 0077 00       		.byte	0
 461 0078 11       		.uleb128 0x11
 462 0079 01       		.uleb128 0x1
 463 007a 31       		.uleb128 0x31
 464 007b 13       		.uleb128 0x13
 465 007c 00       		.byte	0
 466 007d 00       		.byte	0
ARM GAS  C:\Users\wl\AppData\Local\Temp\cct7kFQB.s 			page 10


 467 007e 09       		.uleb128 0x9
 468 007f 898201   		.uleb128 0x4109
 469 0082 01       		.byte	0x1
 470 0083 11       		.uleb128 0x11
 471 0084 01       		.uleb128 0x1
 472 0085 31       		.uleb128 0x31
 473 0086 13       		.uleb128 0x13
 474 0087 01       		.uleb128 0x1
 475 0088 13       		.uleb128 0x13
 476 0089 00       		.byte	0
 477 008a 00       		.byte	0
 478 008b 0A       		.uleb128 0xa
 479 008c 8A8201   		.uleb128 0x410a
 480 008f 00       		.byte	0
 481 0090 02       		.uleb128 0x2
 482 0091 18       		.uleb128 0x18
 483 0092 9142     		.uleb128 0x2111
 484 0094 18       		.uleb128 0x18
 485 0095 00       		.byte	0
 486 0096 00       		.byte	0
 487 0097 0B       		.uleb128 0xb
 488 0098 01       		.uleb128 0x1
 489 0099 01       		.byte	0x1
 490 009a 49       		.uleb128 0x49
 491 009b 13       		.uleb128 0x13
 492 009c 01       		.uleb128 0x1
 493 009d 13       		.uleb128 0x13
 494 009e 00       		.byte	0
 495 009f 00       		.byte	0
 496 00a0 0C       		.uleb128 0xc
 497 00a1 21       		.uleb128 0x21
 498 00a2 00       		.byte	0
 499 00a3 49       		.uleb128 0x49
 500 00a4 13       		.uleb128 0x13
 501 00a5 2F       		.uleb128 0x2f
 502 00a6 0B       		.uleb128 0xb
 503 00a7 00       		.byte	0
 504 00a8 00       		.byte	0
 505 00a9 0D       		.uleb128 0xd
 506 00aa 2E       		.uleb128 0x2e
 507 00ab 00       		.byte	0
 508 00ac 3F       		.uleb128 0x3f
 509 00ad 19       		.uleb128 0x19
 510 00ae 3C       		.uleb128 0x3c
 511 00af 19       		.uleb128 0x19
 512 00b0 6E       		.uleb128 0x6e
 513 00b1 0E       		.uleb128 0xe
 514 00b2 03       		.uleb128 0x3
 515 00b3 0E       		.uleb128 0xe
 516 00b4 3A       		.uleb128 0x3a
 517 00b5 0B       		.uleb128 0xb
 518 00b6 3B       		.uleb128 0x3b
 519 00b7 0B       		.uleb128 0xb
 520 00b8 00       		.byte	0
 521 00b9 00       		.byte	0
 522 00ba 0E       		.uleb128 0xe
 523 00bb 2E       		.uleb128 0x2e
ARM GAS  C:\Users\wl\AppData\Local\Temp\cct7kFQB.s 			page 11


 524 00bc 00       		.byte	0
 525 00bd 3F       		.uleb128 0x3f
 526 00be 19       		.uleb128 0x19
 527 00bf 3C       		.uleb128 0x3c
 528 00c0 19       		.uleb128 0x19
 529 00c1 6E       		.uleb128 0x6e
 530 00c2 0E       		.uleb128 0xe
 531 00c3 03       		.uleb128 0x3
 532 00c4 0E       		.uleb128 0xe
 533 00c5 3A       		.uleb128 0x3a
 534 00c6 0B       		.uleb128 0xb
 535 00c7 3B       		.uleb128 0x3b
 536 00c8 05       		.uleb128 0x5
 537 00c9 00       		.byte	0
 538 00ca 00       		.byte	0
 539 00cb 00       		.byte	0
 540              		.section	.debug_loc,"",%progbits
 541              	.Ldebug_loc0:
 542              	.LLST0:
 543 0000 26000000 		.4byte	.LVL8
 544 0004 36000000 		.4byte	.LVL9
 545 0008 0100     		.2byte	0x1
 546 000a 50       		.byte	0x50
 547 000b 00000000 		.4byte	0
 548 000f 00000000 		.4byte	0
 549              	.LLST1:
 550 0013 04000000 		.4byte	.LVL0
 551 0017 18000000 		.4byte	.LVL5
 552 001b 0300     		.2byte	0x3
 553 001d 09       		.byte	0x9
 554 001e FF       		.byte	0xff
 555 001f 9F       		.byte	0x9f
 556 0020 18000000 		.4byte	.LVL5
 557 0024 40000000 		.4byte	.LVL11
 558 0028 0100     		.2byte	0x1
 559 002a 55       		.byte	0x55
 560 002b 40000000 		.4byte	.LVL11
 561 002f 42000000 		.4byte	.LVL12
 562 0033 0100     		.2byte	0x1
 563 0035 54       		.byte	0x54
 564 0036 42000000 		.4byte	.LVL12
 565 003a 54000000 		.4byte	.LFE36
 566 003e 0100     		.2byte	0x1
 567 0040 55       		.byte	0x55
 568 0041 00000000 		.4byte	0
 569 0045 00000000 		.4byte	0
 570              		.section	.debug_aranges,"",%progbits
 571 0000 1C000000 		.4byte	0x1c
 572 0004 0200     		.2byte	0x2
 573 0006 00000000 		.4byte	.Ldebug_info0
 574 000a 04       		.byte	0x4
 575 000b 00       		.byte	0
 576 000c 0000     		.2byte	0
 577 000e 0000     		.2byte	0
 578 0010 00000000 		.4byte	.LFB36
 579 0014 54000000 		.4byte	.LFE36-.LFB36
 580 0018 00000000 		.4byte	0
ARM GAS  C:\Users\wl\AppData\Local\Temp\cct7kFQB.s 			page 12


 581 001c 00000000 		.4byte	0
 582              		.section	.debug_ranges,"",%progbits
 583              	.Ldebug_ranges0:
 584 0000 00000000 		.4byte	.LFB36
 585 0004 54000000 		.4byte	.LFE36
 586 0008 00000000 		.4byte	0
 587 000c 00000000 		.4byte	0
 588              		.section	.debug_line,"",%progbits
 589              	.Ldebug_line0:
 590 0000 20010000 		.section	.debug_str,"MS",%progbits,1
 590      0200F200 
 590      00000201 
 590      FB0E0D00 
 590      01010101 
 591              	.LASF15:
 592 0000 6F6C6473 		.ascii	"oldsliderval\000"
 592      6C696465 
 592      7276616C 
 592      00
 593              	.LASF21:
 594 000d 43617053 		.ascii	"CapSense_GetCentroidPos\000"
 594      656E7365 
 594      5F476574 
 594      43656E74 
 594      726F6964 
 595              	.LASF23:
 596 0025 55415254 		.ascii	"UART_UartPutString\000"
 596      5F556172 
 596      74507574 
 596      53747269 
 596      6E6700
 597              	.LASF9:
 598 0038 666C6F61 		.ascii	"float\000"
 598      7400
 599              	.LASF1:
 600 003e 756E7369 		.ascii	"unsigned char\000"
 600      676E6564 
 600      20636861 
 600      7200
 601              	.LASF20:
 602 004c 43617053 		.ascii	"CapSense_IsBusy\000"
 602      656E7365 
 602      5F497342 
 602      75737900 
 603              	.LASF5:
 604 005c 6C6F6E67 		.ascii	"long unsigned int\000"
 604      20756E73 
 604      69676E65 
 604      6420696E 
 604      7400
 605              	.LASF3:
 606 006e 73686F72 		.ascii	"short unsigned int\000"
 606      7420756E 
 606      7369676E 
 606      65642069 
 606      6E7400
 607              	.LASF16:
ARM GAS  C:\Users\wl\AppData\Local\Temp\cct7kFQB.s 			page 13


 608 0081 55415254 		.ascii	"UART_Start\000"
 608      5F537461 
 608      727400
 609              	.LASF10:
 610 008c 646F7562 		.ascii	"double\000"
 610      6C6500
 611              	.LASF19:
 612 0093 43617053 		.ascii	"CapSense_ScanEnabledWidgets\000"
 612      656E7365 
 612      5F536361 
 612      6E456E61 
 612      626C6564 
 613              	.LASF29:
 614 00af 6D61696E 		.ascii	"main\000"
 614      00
 615              	.LASF28:
 616 00b4 75696E74 		.ascii	"uint16\000"
 616      313600
 617              	.LASF14:
 618 00bb 736C6964 		.ascii	"sliderval\000"
 618      65727661 
 618      6C00
 619              	.LASF8:
 620 00c5 756E7369 		.ascii	"unsigned int\000"
 620      676E6564 
 620      20696E74 
 620      00
 621              	.LASF7:
 622 00d2 6C6F6E67 		.ascii	"long long unsigned int\000"
 622      206C6F6E 
 622      6720756E 
 622      7369676E 
 622      65642069 
 623              	.LASF22:
 624 00e9 73707269 		.ascii	"sprintf\000"
 624      6E746600 
 625              	.LASF25:
 626 00f1 474E5520 		.ascii	"GNU C11 5.4.1 20160609 (release) [ARM/embedded-5-br"
 626      43313120 
 626      352E342E 
 626      31203230 
 626      31363036 
 627 0124 616E6368 		.ascii	"anch revision 237715] -mcpu=cortex-m0 -mthumb -g -O"
 627      20726576 
 627      6973696F 
 627      6E203233 
 627      37373135 
 628 0157 67202D66 		.ascii	"g -ffunction-sections -ffat-lto-objects\000"
 628      66756E63 
 628      74696F6E 
 628      2D736563 
 628      74696F6E 
 629              	.LASF13:
 630 017f 73697A65 		.ascii	"sizetype\000"
 630      74797065 
 630      00
 631              	.LASF24:
ARM GAS  C:\Users\wl\AppData\Local\Temp\cct7kFQB.s 			page 14


 632 0188 43617053 		.ascii	"CapSense_UpdateEnabledBaselines\000"
 632      656E7365 
 632      5F557064 
 632      61746545 
 632      6E61626C 
 633              	.LASF6:
 634 01a8 6C6F6E67 		.ascii	"long long int\000"
 634      206C6F6E 
 634      6720696E 
 634      7400
 635              	.LASF26:
 636 01b6 6D61696E 		.ascii	"main.c\000"
 636      2E6300
 637              	.LASF11:
 638 01bd 63686172 		.ascii	"char\000"
 638      00
 639              	.LASF2:
 640 01c2 73686F72 		.ascii	"short int\000"
 640      7420696E 
 640      7400
 641              	.LASF4:
 642 01cc 6C6F6E67 		.ascii	"long int\000"
 642      20696E74 
 642      00
 643              	.LASF12:
 644 01d5 6C6F6E67 		.ascii	"long double\000"
 644      20646F75 
 644      626C6500 
 645              	.LASF0:
 646 01e1 7369676E 		.ascii	"signed char\000"
 646      65642063 
 646      68617200 
 647              	.LASF18:
 648 01ed 43617053 		.ascii	"CapSense_InitializeAllBaselines\000"
 648      656E7365 
 648      5F496E69 
 648      7469616C 
 648      697A6541 
 649              	.LASF27:
 650 020d 433A5C55 		.ascii	"C:\\Users\\wl\\Desktop\\cypressResource\\projects\\"
 650      73657273 
 650      5C776C5C 
 650      4465736B 
 650      746F705C 
 651 023a 576F726B 		.ascii	"Workspace01\\Lesson13-CapSense.cydsn\000"
 651      73706163 
 651      6530315C 
 651      4C657373 
 651      6F6E3133 
 652              	.LASF17:
 653 025e 43617053 		.ascii	"CapSense_Start\000"
 653      656E7365 
 653      5F537461 
 653      727400
 654              		.ident	"GCC: (GNU Tools for ARM Embedded Processors) 5.4.1 20160609 (release) [ARM/embedded-5-bran
