ARM GAS  C:\Users\wl\AppData\Local\Temp\ccjX5ChU.s 			page 1


   1              		.syntax unified
   2              		.cpu cortex-m0
   3              		.fpu softvfp
   4              		.eabi_attribute 20, 1
   5              		.eabi_attribute 21, 1
   6              		.eabi_attribute 23, 3
   7              		.eabi_attribute 24, 1
   8              		.eabi_attribute 25, 1
   9              		.eabi_attribute 26, 1
  10              		.eabi_attribute 30, 1
  11              		.eabi_attribute 34, 0
  12              		.eabi_attribute 18, 4
  13              		.thumb
  14              		.syntax unified
  15              		.file	"main.c"
  16              		.text
  17              	.Ltext0:
  18              		.cfi_sections	.debug_frame
  19              		.section	.text.main,"ax",%progbits
  20              		.align	2
  21              		.global	main
  22              		.code	16
  23              		.thumb_func
  24              		.type	main, %function
  25              	main:
  26              	.LFB35:
  27              		.file 1 "main.c"
   1:main.c        **** /* ========================================
   2:main.c        ****  *
   3:main.c        ****  * Copyright YOUR COMPANY, THE YEAR
   4:main.c        ****  * All Rights Reserved
   5:main.c        ****  * UNPUBLISHED, LICENSED SOFTWARE.
   6:main.c        ****  *
   7:main.c        ****  * CONFIDENTIAL AND PROPRIETARY INFORMATION
   8:main.c        ****  * WHICH IS THE PROPERTY OF your company.
   9:main.c        ****  *
  10:main.c        ****  * ========================================
  11:main.c        **** */
  12:main.c        **** #include "project.h"
  13:main.c        **** 
  14:main.c        **** 
  15:main.c        **** int main(void)
  16:main.c        **** {
  28              		.loc 1 16 0
  29              		.cfi_startproc
  30              		@ args = 0, pretend = 0, frame = 0
  31              		@ frame_needed = 0, uses_anonymous_args = 0
  32 0000 70B5     		push	{r4, r5, r6, lr}
  33              		.cfi_def_cfa_offset 16
  34              		.cfi_offset 4, -16
  35              		.cfi_offset 5, -12
  36              		.cfi_offset 6, -8
  37              		.cfi_offset 14, -4
  38              	.LVL0:
  17:main.c        ****     int status = 0;
  18:main.c        ****     int oldStatus = -1;
  19:main.c        ****     
ARM GAS  C:\Users\wl\AppData\Local\Temp\ccjX5ChU.s 			page 2


  20:main.c        ****     
  21:main.c        ****     CyGlobalIntEnable; /* Enable global interrupts. */
  39              		.loc 1 21 0
  40              		.syntax divided
  41              	@ 21 "main.c" 1
  42 0002 62B6     		CPSIE   i
  43              	@ 0 "" 2
  22:main.c        ****     /* Place your initialization/startup code here (e.g. MyInst_Start()) */
  23:main.c        ****     UART_Start();
  44              		.loc 1 23 0
  45              		.thumb
  46              		.syntax unified
  47 0004 FFF7FEFF 		bl	UART_Start
  48              	.LVL1:
  18:main.c        ****     
  49              		.loc 1 18 0
  50 0008 0125     		movs	r5, #1
  51 000a 6D42     		rsbs	r5, r5, #0
  52              	.LVL2:
  53              	.L2:
  24:main.c        ****     
  25:main.c        ****     for(;;)
  26:main.c        ****     {
  27:main.c        ****         status = Status_Reg_Read();
  54              		.loc 1 27 0
  55 000c FFF7FEFF 		bl	Status_Reg_Read
  56              	.LVL3:
  57 0010 0400     		movs	r4, r0
  58              	.LVL4:
  28:main.c        ****         if(status != oldStatus) 
  59              		.loc 1 28 0
  60 0012 8542     		cmp	r5, r0
  61 0014 FAD0     		beq	.L2
  29:main.c        ****         {
  30:main.c        ****             UART_UartPutChar('0' + status);
  62              		.loc 1 30 0
  63 0016 3030     		adds	r0, r0, #48
  64              	.LVL5:
  65 0018 FFF7FEFF 		bl	UART_SpiUartWriteTxData
  66              	.LVL6:
  31:main.c        ****             UART_UartPutChar('\r');
  67              		.loc 1 31 0
  68 001c 0D20     		movs	r0, #13
  69 001e FFF7FEFF 		bl	UART_SpiUartWriteTxData
  70              	.LVL7:
  32:main.c        ****             oldStatus = status;
  71              		.loc 1 32 0
  72 0022 2500     		movs	r5, r4
  73 0024 F2E7     		b	.L2
  74              		.cfi_endproc
  75              	.LFE35:
  76              		.size	main, .-main
  77 0026 C046     		.text
  78              	.Letext0:
  79              		.file 2 "Generated_Source\\PSoC4/UART.h"
  80              		.file 3 "Generated_Source\\PSoC4/Status_Reg.h"
  81              		.file 4 "Generated_Source\\PSoC4/UART_SPI_UART.h"
ARM GAS  C:\Users\wl\AppData\Local\Temp\ccjX5ChU.s 			page 3


  82              		.file 5 "Generated_Source\\PSoC4/cytypes.h"
  83              		.section	.debug_info,"",%progbits
  84              	.Ldebug_info0:
  85 0000 26010000 		.4byte	0x126
  86 0004 0400     		.2byte	0x4
  87 0006 00000000 		.4byte	.Ldebug_abbrev0
  88 000a 04       		.byte	0x4
  89 000b 01       		.uleb128 0x1
  90 000c 07010000 		.4byte	.LASF19
  91 0010 0C       		.byte	0xc
  92 0011 22000000 		.4byte	.LASF20
  93 0015 2E000000 		.4byte	.LASF21
  94 0019 00000000 		.4byte	.Ldebug_ranges0+0
  95 001d 00000000 		.4byte	0
  96 0021 00000000 		.4byte	.Ldebug_line0
  97 0025 02       		.uleb128 0x2
  98 0026 01       		.byte	0x1
  99 0027 06       		.byte	0x6
 100 0028 A8010000 		.4byte	.LASF0
 101 002c 02       		.uleb128 0x2
 102 002d 01       		.byte	0x1
 103 002e 08       		.byte	0x8
 104 002f CB000000 		.4byte	.LASF1
 105 0033 02       		.uleb128 0x2
 106 0034 02       		.byte	0x2
 107 0035 05       		.byte	0x5
 108 0036 C6010000 		.4byte	.LASF2
 109 003a 02       		.uleb128 0x2
 110 003b 02       		.byte	0x2
 111 003c 07       		.byte	0x7
 112 003d 95010000 		.4byte	.LASF3
 113 0041 02       		.uleb128 0x2
 114 0042 04       		.byte	0x4
 115 0043 05       		.byte	0x5
 116 0044 DE000000 		.4byte	.LASF4
 117 0048 02       		.uleb128 0x2
 118 0049 04       		.byte	0x4
 119 004a 07       		.byte	0x7
 120 004b 8D000000 		.4byte	.LASF5
 121 004f 02       		.uleb128 0x2
 122 0050 08       		.byte	0x8
 123 0051 05       		.byte	0x5
 124 0052 00000000 		.4byte	.LASF6
 125 0056 02       		.uleb128 0x2
 126 0057 08       		.byte	0x8
 127 0058 07       		.byte	0x7
 128 0059 9F000000 		.4byte	.LASF7
 129 005d 03       		.uleb128 0x3
 130 005e 04       		.byte	0x4
 131 005f 05       		.byte	0x5
 132 0060 696E7400 		.ascii	"int\000"
 133 0064 02       		.uleb128 0x2
 134 0065 04       		.byte	0x4
 135 0066 07       		.byte	0x7
 136 0067 15000000 		.4byte	.LASF8
 137 006b 04       		.uleb128 0x4
 138 006c 0E000000 		.4byte	.LASF22
ARM GAS  C:\Users\wl\AppData\Local\Temp\ccjX5ChU.s 			page 4


 139 0070 05       		.byte	0x5
 140 0071 E601     		.2byte	0x1e6
 141 0073 48000000 		.4byte	0x48
 142 0077 02       		.uleb128 0x2
 143 0078 04       		.byte	0x4
 144 0079 04       		.byte	0x4
 145 007a C0010000 		.4byte	.LASF9
 146 007e 02       		.uleb128 0x2
 147 007f 08       		.byte	0x8
 148 0080 04       		.byte	0x4
 149 0081 F0000000 		.4byte	.LASF10
 150 0085 02       		.uleb128 0x2
 151 0086 01       		.byte	0x1
 152 0087 08       		.byte	0x8
 153 0088 D9000000 		.4byte	.LASF11
 154 008c 02       		.uleb128 0x2
 155 008d 08       		.byte	0x8
 156 008e 04       		.byte	0x4
 157 008f B4010000 		.4byte	.LASF12
 158 0093 02       		.uleb128 0x2
 159 0094 04       		.byte	0x4
 160 0095 07       		.byte	0x7
 161 0096 E7000000 		.4byte	.LASF13
 162 009a 05       		.uleb128 0x5
 163 009b 29000000 		.4byte	.LASF23
 164 009f 01       		.byte	0x1
 165 00a0 0F       		.byte	0xf
 166 00a1 5D000000 		.4byte	0x5d
 167 00a5 00000000 		.4byte	.LFB35
 168 00a9 26000000 		.4byte	.LFE35-.LFB35
 169 00ad 01       		.uleb128 0x1
 170 00ae 9C       		.byte	0x9c
 171 00af 07010000 		.4byte	0x107
 172 00b3 06       		.uleb128 0x6
 173 00b4 86000000 		.4byte	.LASF14
 174 00b8 01       		.byte	0x1
 175 00b9 11       		.byte	0x11
 176 00ba 5D000000 		.4byte	0x5d
 177 00be 00000000 		.4byte	.LLST0
 178 00c2 06       		.uleb128 0x6
 179 00c3 B6000000 		.4byte	.LASF15
 180 00c7 01       		.byte	0x1
 181 00c8 12       		.byte	0x12
 182 00c9 5D000000 		.4byte	0x5d
 183 00cd 2A000000 		.4byte	.LLST1
 184 00d1 07       		.uleb128 0x7
 185 00d2 08000000 		.4byte	.LVL1
 186 00d6 07010000 		.4byte	0x107
 187 00da 07       		.uleb128 0x7
 188 00db 10000000 		.4byte	.LVL3
 189 00df 12010000 		.4byte	0x112
 190 00e3 08       		.uleb128 0x8
 191 00e4 1C000000 		.4byte	.LVL6
 192 00e8 1D010000 		.4byte	0x11d
 193 00ec F7000000 		.4byte	0xf7
 194 00f0 09       		.uleb128 0x9
 195 00f1 01       		.uleb128 0x1
ARM GAS  C:\Users\wl\AppData\Local\Temp\ccjX5ChU.s 			page 5


 196 00f2 50       		.byte	0x50
 197 00f3 02       		.uleb128 0x2
 198 00f4 74       		.byte	0x74
 199 00f5 30       		.sleb128 48
 200 00f6 00       		.byte	0
 201 00f7 0A       		.uleb128 0xa
 202 00f8 22000000 		.4byte	.LVL7
 203 00fc 1D010000 		.4byte	0x11d
 204 0100 09       		.uleb128 0x9
 205 0101 01       		.uleb128 0x1
 206 0102 50       		.byte	0x50
 207 0103 01       		.uleb128 0x1
 208 0104 3D       		.byte	0x3d
 209 0105 00       		.byte	0
 210 0106 00       		.byte	0
 211 0107 0B       		.uleb128 0xb
 212 0108 C0000000 		.4byte	.LASF16
 213 010c C0000000 		.4byte	.LASF16
 214 0110 02       		.byte	0x2
 215 0111 72       		.byte	0x72
 216 0112 0B       		.uleb128 0xb
 217 0113 F7000000 		.4byte	.LASF17
 218 0117 F7000000 		.4byte	.LASF17
 219 011b 03       		.byte	0x3
 220 011c 30       		.byte	0x30
 221 011d 0C       		.uleb128 0xc
 222 011e D0010000 		.4byte	.LASF18
 223 0122 D0010000 		.4byte	.LASF18
 224 0126 04       		.byte	0x4
 225 0127 4403     		.2byte	0x344
 226 0129 00       		.byte	0
 227              		.section	.debug_abbrev,"",%progbits
 228              	.Ldebug_abbrev0:
 229 0000 01       		.uleb128 0x1
 230 0001 11       		.uleb128 0x11
 231 0002 01       		.byte	0x1
 232 0003 25       		.uleb128 0x25
 233 0004 0E       		.uleb128 0xe
 234 0005 13       		.uleb128 0x13
 235 0006 0B       		.uleb128 0xb
 236 0007 03       		.uleb128 0x3
 237 0008 0E       		.uleb128 0xe
 238 0009 1B       		.uleb128 0x1b
 239 000a 0E       		.uleb128 0xe
 240 000b 55       		.uleb128 0x55
 241 000c 17       		.uleb128 0x17
 242 000d 11       		.uleb128 0x11
 243 000e 01       		.uleb128 0x1
 244 000f 10       		.uleb128 0x10
 245 0010 17       		.uleb128 0x17
 246 0011 00       		.byte	0
 247 0012 00       		.byte	0
 248 0013 02       		.uleb128 0x2
 249 0014 24       		.uleb128 0x24
 250 0015 00       		.byte	0
 251 0016 0B       		.uleb128 0xb
 252 0017 0B       		.uleb128 0xb
ARM GAS  C:\Users\wl\AppData\Local\Temp\ccjX5ChU.s 			page 6


 253 0018 3E       		.uleb128 0x3e
 254 0019 0B       		.uleb128 0xb
 255 001a 03       		.uleb128 0x3
 256 001b 0E       		.uleb128 0xe
 257 001c 00       		.byte	0
 258 001d 00       		.byte	0
 259 001e 03       		.uleb128 0x3
 260 001f 24       		.uleb128 0x24
 261 0020 00       		.byte	0
 262 0021 0B       		.uleb128 0xb
 263 0022 0B       		.uleb128 0xb
 264 0023 3E       		.uleb128 0x3e
 265 0024 0B       		.uleb128 0xb
 266 0025 03       		.uleb128 0x3
 267 0026 08       		.uleb128 0x8
 268 0027 00       		.byte	0
 269 0028 00       		.byte	0
 270 0029 04       		.uleb128 0x4
 271 002a 16       		.uleb128 0x16
 272 002b 00       		.byte	0
 273 002c 03       		.uleb128 0x3
 274 002d 0E       		.uleb128 0xe
 275 002e 3A       		.uleb128 0x3a
 276 002f 0B       		.uleb128 0xb
 277 0030 3B       		.uleb128 0x3b
 278 0031 05       		.uleb128 0x5
 279 0032 49       		.uleb128 0x49
 280 0033 13       		.uleb128 0x13
 281 0034 00       		.byte	0
 282 0035 00       		.byte	0
 283 0036 05       		.uleb128 0x5
 284 0037 2E       		.uleb128 0x2e
 285 0038 01       		.byte	0x1
 286 0039 3F       		.uleb128 0x3f
 287 003a 19       		.uleb128 0x19
 288 003b 03       		.uleb128 0x3
 289 003c 0E       		.uleb128 0xe
 290 003d 3A       		.uleb128 0x3a
 291 003e 0B       		.uleb128 0xb
 292 003f 3B       		.uleb128 0x3b
 293 0040 0B       		.uleb128 0xb
 294 0041 27       		.uleb128 0x27
 295 0042 19       		.uleb128 0x19
 296 0043 49       		.uleb128 0x49
 297 0044 13       		.uleb128 0x13
 298 0045 8701     		.uleb128 0x87
 299 0047 19       		.uleb128 0x19
 300 0048 11       		.uleb128 0x11
 301 0049 01       		.uleb128 0x1
 302 004a 12       		.uleb128 0x12
 303 004b 06       		.uleb128 0x6
 304 004c 40       		.uleb128 0x40
 305 004d 18       		.uleb128 0x18
 306 004e 9742     		.uleb128 0x2117
 307 0050 19       		.uleb128 0x19
 308 0051 01       		.uleb128 0x1
 309 0052 13       		.uleb128 0x13
ARM GAS  C:\Users\wl\AppData\Local\Temp\ccjX5ChU.s 			page 7


 310 0053 00       		.byte	0
 311 0054 00       		.byte	0
 312 0055 06       		.uleb128 0x6
 313 0056 34       		.uleb128 0x34
 314 0057 00       		.byte	0
 315 0058 03       		.uleb128 0x3
 316 0059 0E       		.uleb128 0xe
 317 005a 3A       		.uleb128 0x3a
 318 005b 0B       		.uleb128 0xb
 319 005c 3B       		.uleb128 0x3b
 320 005d 0B       		.uleb128 0xb
 321 005e 49       		.uleb128 0x49
 322 005f 13       		.uleb128 0x13
 323 0060 02       		.uleb128 0x2
 324 0061 17       		.uleb128 0x17
 325 0062 00       		.byte	0
 326 0063 00       		.byte	0
 327 0064 07       		.uleb128 0x7
 328 0065 898201   		.uleb128 0x4109
 329 0068 00       		.byte	0
 330 0069 11       		.uleb128 0x11
 331 006a 01       		.uleb128 0x1
 332 006b 31       		.uleb128 0x31
 333 006c 13       		.uleb128 0x13
 334 006d 00       		.byte	0
 335 006e 00       		.byte	0
 336 006f 08       		.uleb128 0x8
 337 0070 898201   		.uleb128 0x4109
 338 0073 01       		.byte	0x1
 339 0074 11       		.uleb128 0x11
 340 0075 01       		.uleb128 0x1
 341 0076 31       		.uleb128 0x31
 342 0077 13       		.uleb128 0x13
 343 0078 01       		.uleb128 0x1
 344 0079 13       		.uleb128 0x13
 345 007a 00       		.byte	0
 346 007b 00       		.byte	0
 347 007c 09       		.uleb128 0x9
 348 007d 8A8201   		.uleb128 0x410a
 349 0080 00       		.byte	0
 350 0081 02       		.uleb128 0x2
 351 0082 18       		.uleb128 0x18
 352 0083 9142     		.uleb128 0x2111
 353 0085 18       		.uleb128 0x18
 354 0086 00       		.byte	0
 355 0087 00       		.byte	0
 356 0088 0A       		.uleb128 0xa
 357 0089 898201   		.uleb128 0x4109
 358 008c 01       		.byte	0x1
 359 008d 11       		.uleb128 0x11
 360 008e 01       		.uleb128 0x1
 361 008f 31       		.uleb128 0x31
 362 0090 13       		.uleb128 0x13
 363 0091 00       		.byte	0
 364 0092 00       		.byte	0
 365 0093 0B       		.uleb128 0xb
 366 0094 2E       		.uleb128 0x2e
ARM GAS  C:\Users\wl\AppData\Local\Temp\ccjX5ChU.s 			page 8


 367 0095 00       		.byte	0
 368 0096 3F       		.uleb128 0x3f
 369 0097 19       		.uleb128 0x19
 370 0098 3C       		.uleb128 0x3c
 371 0099 19       		.uleb128 0x19
 372 009a 6E       		.uleb128 0x6e
 373 009b 0E       		.uleb128 0xe
 374 009c 03       		.uleb128 0x3
 375 009d 0E       		.uleb128 0xe
 376 009e 3A       		.uleb128 0x3a
 377 009f 0B       		.uleb128 0xb
 378 00a0 3B       		.uleb128 0x3b
 379 00a1 0B       		.uleb128 0xb
 380 00a2 00       		.byte	0
 381 00a3 00       		.byte	0
 382 00a4 0C       		.uleb128 0xc
 383 00a5 2E       		.uleb128 0x2e
 384 00a6 00       		.byte	0
 385 00a7 3F       		.uleb128 0x3f
 386 00a8 19       		.uleb128 0x19
 387 00a9 3C       		.uleb128 0x3c
 388 00aa 19       		.uleb128 0x19
 389 00ab 6E       		.uleb128 0x6e
 390 00ac 0E       		.uleb128 0xe
 391 00ad 03       		.uleb128 0x3
 392 00ae 0E       		.uleb128 0xe
 393 00af 3A       		.uleb128 0x3a
 394 00b0 0B       		.uleb128 0xb
 395 00b1 3B       		.uleb128 0x3b
 396 00b2 05       		.uleb128 0x5
 397 00b3 00       		.byte	0
 398 00b4 00       		.byte	0
 399 00b5 00       		.byte	0
 400              		.section	.debug_loc,"",%progbits
 401              	.Ldebug_loc0:
 402              	.LLST0:
 403 0000 02000000 		.4byte	.LVL0
 404 0004 0C000000 		.4byte	.LVL2
 405 0008 0200     		.2byte	0x2
 406 000a 30       		.byte	0x30
 407 000b 9F       		.byte	0x9f
 408 000c 12000000 		.4byte	.LVL4
 409 0010 18000000 		.4byte	.LVL5
 410 0014 0100     		.2byte	0x1
 411 0016 50       		.byte	0x50
 412 0017 18000000 		.4byte	.LVL5
 413 001b 26000000 		.4byte	.LFE35
 414 001f 0100     		.2byte	0x1
 415 0021 54       		.byte	0x54
 416 0022 00000000 		.4byte	0
 417 0026 00000000 		.4byte	0
 418              	.LLST1:
 419 002a 02000000 		.4byte	.LVL0
 420 002e 0C000000 		.4byte	.LVL2
 421 0032 0300     		.2byte	0x3
 422 0034 09       		.byte	0x9
 423 0035 FF       		.byte	0xff
ARM GAS  C:\Users\wl\AppData\Local\Temp\ccjX5ChU.s 			page 9


 424 0036 9F       		.byte	0x9f
 425 0037 0C000000 		.4byte	.LVL2
 426 003b 22000000 		.4byte	.LVL7
 427 003f 0100     		.2byte	0x1
 428 0041 55       		.byte	0x55
 429 0042 22000000 		.4byte	.LVL7
 430 0046 26000000 		.4byte	.LFE35
 431 004a 0100     		.2byte	0x1
 432 004c 54       		.byte	0x54
 433 004d 00000000 		.4byte	0
 434 0051 00000000 		.4byte	0
 435              		.section	.debug_aranges,"",%progbits
 436 0000 1C000000 		.4byte	0x1c
 437 0004 0200     		.2byte	0x2
 438 0006 00000000 		.4byte	.Ldebug_info0
 439 000a 04       		.byte	0x4
 440 000b 00       		.byte	0
 441 000c 0000     		.2byte	0
 442 000e 0000     		.2byte	0
 443 0010 00000000 		.4byte	.LFB35
 444 0014 26000000 		.4byte	.LFE35-.LFB35
 445 0018 00000000 		.4byte	0
 446 001c 00000000 		.4byte	0
 447              		.section	.debug_ranges,"",%progbits
 448              	.Ldebug_ranges0:
 449 0000 00000000 		.4byte	.LFB35
 450 0004 26000000 		.4byte	.LFE35
 451 0008 00000000 		.4byte	0
 452 000c 00000000 		.4byte	0
 453              		.section	.debug_line,"",%progbits
 454              	.Ldebug_line0:
 455 0000 8D000000 		.section	.debug_str,"MS",%progbits,1
 455      02006E00 
 455      00000201 
 455      FB0E0D00 
 455      01010101 
 456              	.LASF6:
 457 0000 6C6F6E67 		.ascii	"long long int\000"
 457      206C6F6E 
 457      6720696E 
 457      7400
 458              	.LASF22:
 459 000e 75696E74 		.ascii	"uint32\000"
 459      333200
 460              	.LASF8:
 461 0015 756E7369 		.ascii	"unsigned int\000"
 461      676E6564 
 461      20696E74 
 461      00
 462              	.LASF20:
 463 0022 6D61696E 		.ascii	"main.c\000"
 463      2E6300
 464              	.LASF23:
 465 0029 6D61696E 		.ascii	"main\000"
 465      00
 466              	.LASF21:
 467 002e 433A5C55 		.ascii	"C:\\Users\\wl\\Desktop\\cypressResource\\projects\\"
ARM GAS  C:\Users\wl\AppData\Local\Temp\ccjX5ChU.s 			page 10


 467      73657273 
 467      5C776C5C 
 467      4465736B 
 467      746F705C 
 468 005b 576F726B 		.ascii	"Workspace01\\Lesson14-Status Register.cydsn\000"
 468      73706163 
 468      6530315C 
 468      4C657373 
 468      6F6E3134 
 469              	.LASF14:
 470 0086 73746174 		.ascii	"status\000"
 470      757300
 471              	.LASF5:
 472 008d 6C6F6E67 		.ascii	"long unsigned int\000"
 472      20756E73 
 472      69676E65 
 472      6420696E 
 472      7400
 473              	.LASF7:
 474 009f 6C6F6E67 		.ascii	"long long unsigned int\000"
 474      206C6F6E 
 474      6720756E 
 474      7369676E 
 474      65642069 
 475              	.LASF15:
 476 00b6 6F6C6453 		.ascii	"oldStatus\000"
 476      74617475 
 476      7300
 477              	.LASF16:
 478 00c0 55415254 		.ascii	"UART_Start\000"
 478      5F537461 
 478      727400
 479              	.LASF1:
 480 00cb 756E7369 		.ascii	"unsigned char\000"
 480      676E6564 
 480      20636861 
 480      7200
 481              	.LASF11:
 482 00d9 63686172 		.ascii	"char\000"
 482      00
 483              	.LASF4:
 484 00de 6C6F6E67 		.ascii	"long int\000"
 484      20696E74 
 484      00
 485              	.LASF13:
 486 00e7 73697A65 		.ascii	"sizetype\000"
 486      74797065 
 486      00
 487              	.LASF10:
 488 00f0 646F7562 		.ascii	"double\000"
 488      6C6500
 489              	.LASF17:
 490 00f7 53746174 		.ascii	"Status_Reg_Read\000"
 490      75735F52 
 490      65675F52 
 490      65616400 
 491              	.LASF19:
ARM GAS  C:\Users\wl\AppData\Local\Temp\ccjX5ChU.s 			page 11


 492 0107 474E5520 		.ascii	"GNU C11 5.4.1 20160609 (release) [ARM/embedded-5-br"
 492      43313120 
 492      352E342E 
 492      31203230 
 492      31363036 
 493 013a 616E6368 		.ascii	"anch revision 237715] -mcpu=cortex-m0 -mthumb -g -O"
 493      20726576 
 493      6973696F 
 493      6E203233 
 493      37373135 
 494 016d 67202D66 		.ascii	"g -ffunction-sections -ffat-lto-objects\000"
 494      66756E63 
 494      74696F6E 
 494      2D736563 
 494      74696F6E 
 495              	.LASF3:
 496 0195 73686F72 		.ascii	"short unsigned int\000"
 496      7420756E 
 496      7369676E 
 496      65642069 
 496      6E7400
 497              	.LASF0:
 498 01a8 7369676E 		.ascii	"signed char\000"
 498      65642063 
 498      68617200 
 499              	.LASF12:
 500 01b4 6C6F6E67 		.ascii	"long double\000"
 500      20646F75 
 500      626C6500 
 501              	.LASF9:
 502 01c0 666C6F61 		.ascii	"float\000"
 502      7400
 503              	.LASF2:
 504 01c6 73686F72 		.ascii	"short int\000"
 504      7420696E 
 504      7400
 505              	.LASF18:
 506 01d0 55415254 		.ascii	"UART_SpiUartWriteTxData\000"
 506      5F537069 
 506      55617274 
 506      57726974 
 506      65547844 
 507              		.ident	"GCC: (GNU Tools for ARM Embedded Processors) 5.4.1 20160609 (release) [ARM/embedded-5-bran
