ARM GAS  C:\Users\wl\AppData\Local\Temp\ccUNgKGD.s 			page 1


   1              		.syntax unified
   2              		.cpu cortex-m0
   3              		.fpu softvfp
   4              		.eabi_attribute 20, 1
   5              		.eabi_attribute 21, 1
   6              		.eabi_attribute 23, 3
   7              		.eabi_attribute 24, 1
   8              		.eabi_attribute 25, 1
   9              		.eabi_attribute 26, 1
  10              		.eabi_attribute 30, 1
  11              		.eabi_attribute 34, 0
  12              		.eabi_attribute 18, 4
  13              		.thumb
  14              		.syntax unified
  15              		.file	"main.c"
  16              		.text
  17              	.Ltext0:
  18              		.cfi_sections	.debug_frame
  19              		.section	.text.main,"ax",%progbits
  20              		.align	2
  21              		.global	main
  22              		.code	16
  23              		.thumb_func
  24              		.type	main, %function
  25              	main:
  26              	.LFB35:
  27              		.file 1 "main.c"
   1:main.c        **** /* ========================================
   2:main.c        ****  *
   3:main.c        ****  * Copyright YOUR COMPANY, THE YEAR
   4:main.c        ****  * All Rights Reserved
   5:main.c        ****  * UNPUBLISHED, LICENSED SOFTWARE.
   6:main.c        ****  *
   7:main.c        ****  * CONFIDENTIAL AND PROPRIETARY INFORMATION
   8:main.c        ****  * WHICH IS THE PROPERTY OF your company.
   9:main.c        ****  *
  10:main.c        ****  * ========================================
  11:main.c        **** */
  12:main.c        **** #include "project.h"
  13:main.c        **** 
  14:main.c        **** int main(void)
  15:main.c        **** {
  28              		.loc 1 15 0
  29              		.cfi_startproc
  30              		@ Volatile: function does not return.
  31              		@ args = 0, pretend = 0, frame = 0
  32              		@ frame_needed = 0, uses_anonymous_args = 0
  33 0000 10B5     		push	{r4, lr}
  34              		.cfi_def_cfa_offset 8
  35              		.cfi_offset 4, -8
  36              		.cfi_offset 14, -4
  16:main.c        ****     CyGlobalIntEnable; /* Enable global interrupts. */
  37              		.loc 1 16 0
  38              		.syntax divided
  39              	@ 16 "main.c" 1
  40 0002 62B6     		CPSIE   i
  41              	@ 0 "" 2
ARM GAS  C:\Users\wl\AppData\Local\Temp\ccUNgKGD.s 			page 2


  42              		.thumb
  43              		.syntax unified
  44              	.L2:
  17:main.c        **** 
  18:main.c        ****     /* Place your initialization/startup code here (e.g. MyInst_Start()) */
  19:main.c        **** 
  20:main.c        ****     for(;;)
  21:main.c        ****     {
  22:main.c        ****         Pin_Red_Write(Pin_SW2_Read());   
  45              		.loc 1 22 0 discriminator 1
  46 0004 FFF7FEFF 		bl	Pin_SW2_Read
  47              	.LVL0:
  48 0008 FFF7FEFF 		bl	Pin_Red_Write
  49              	.LVL1:
  23:main.c        ****         Pin_Green_Write(~Pin_SW2_Read());
  50              		.loc 1 23 0 discriminator 1
  51 000c FFF7FEFF 		bl	Pin_SW2_Read
  52              	.LVL2:
  53 0010 C043     		mvns	r0, r0
  54 0012 C0B2     		uxtb	r0, r0
  55 0014 FFF7FEFF 		bl	Pin_Green_Write
  56              	.LVL3:
  57 0018 F4E7     		b	.L2
  58              		.cfi_endproc
  59              	.LFE35:
  60              		.size	main, .-main
  61 001a C046     		.text
  62              	.Letext0:
  63              		.file 2 "Generated_Source\\PSoC4/Pin_SW2.h"
  64              		.file 3 "Generated_Source\\PSoC4/Pin_Red.h"
  65              		.file 4 "Generated_Source\\PSoC4/Pin_Green.h"
  66              		.section	.debug_info,"",%progbits
  67              	.Ldebug_info0:
  68 0000 EA000000 		.4byte	0xea
  69 0004 0400     		.2byte	0x4
  70 0006 00000000 		.4byte	.Ldebug_abbrev0
  71 000a 04       		.byte	0x4
  72 000b 01       		.uleb128 0x1
  73 000c DF000000 		.4byte	.LASF17
  74 0010 0C       		.byte	0xc
  75 0011 2C000000 		.4byte	.LASF18
  76 0015 97000000 		.4byte	.LASF19
  77 0019 00000000 		.4byte	.Ldebug_ranges0+0
  78 001d 00000000 		.4byte	0
  79 0021 00000000 		.4byte	.Ldebug_line0
  80 0025 02       		.uleb128 0x2
  81 0026 01       		.byte	0x1
  82 0027 06       		.byte	0x6
  83 0028 80010000 		.4byte	.LASF0
  84 002c 02       		.uleb128 0x2
  85 002d 01       		.byte	0x1
  86 002e 08       		.byte	0x8
  87 002f 1E000000 		.4byte	.LASF1
  88 0033 02       		.uleb128 0x2
  89 0034 02       		.byte	0x2
  90 0035 05       		.byte	0x5
  91 0036 98010000 		.4byte	.LASF2
ARM GAS  C:\Users\wl\AppData\Local\Temp\ccUNgKGD.s 			page 3


  92 003a 02       		.uleb128 0x2
  93 003b 02       		.byte	0x2
  94 003c 07       		.byte	0x7
  95 003d 6D010000 		.4byte	.LASF3
  96 0041 02       		.uleb128 0x2
  97 0042 04       		.byte	0x4
  98 0043 05       		.byte	0x5
  99 0044 87000000 		.4byte	.LASF4
 100 0048 02       		.uleb128 0x2
 101 0049 04       		.byte	0x4
 102 004a 07       		.byte	0x7
 103 004b 38000000 		.4byte	.LASF5
 104 004f 02       		.uleb128 0x2
 105 0050 08       		.byte	0x8
 106 0051 05       		.byte	0x5
 107 0052 00000000 		.4byte	.LASF6
 108 0056 02       		.uleb128 0x2
 109 0057 08       		.byte	0x8
 110 0058 07       		.byte	0x7
 111 0059 4A000000 		.4byte	.LASF7
 112 005d 03       		.uleb128 0x3
 113 005e 04       		.byte	0x4
 114 005f 05       		.byte	0x5
 115 0060 696E7400 		.ascii	"int\000"
 116 0064 02       		.uleb128 0x2
 117 0065 04       		.byte	0x4
 118 0066 07       		.byte	0x7
 119 0067 A2010000 		.4byte	.LASF8
 120 006b 02       		.uleb128 0x2
 121 006c 04       		.byte	0x4
 122 006d 04       		.byte	0x4
 123 006e 61000000 		.4byte	.LASF9
 124 0072 02       		.uleb128 0x2
 125 0073 08       		.byte	0x8
 126 0074 04       		.byte	0x4
 127 0075 90000000 		.4byte	.LASF10
 128 0079 02       		.uleb128 0x2
 129 007a 01       		.byte	0x1
 130 007b 08       		.byte	0x8
 131 007c 82000000 		.4byte	.LASF11
 132 0080 02       		.uleb128 0x2
 133 0081 04       		.byte	0x4
 134 0082 07       		.byte	0x7
 135 0083 AF010000 		.4byte	.LASF12
 136 0087 02       		.uleb128 0x2
 137 0088 08       		.byte	0x8
 138 0089 04       		.byte	0x4
 139 008a 8C010000 		.4byte	.LASF13
 140 008e 04       		.uleb128 0x4
 141 008f 33000000 		.4byte	.LASF20
 142 0093 01       		.byte	0x1
 143 0094 0E       		.byte	0xe
 144 0095 5D000000 		.4byte	0x5d
 145 0099 00000000 		.4byte	.LFB35
 146 009d 1A000000 		.4byte	.LFE35-.LFB35
 147 00a1 01       		.uleb128 0x1
 148 00a2 9C       		.byte	0x9c
ARM GAS  C:\Users\wl\AppData\Local\Temp\ccUNgKGD.s 			page 4


 149 00a3 CC000000 		.4byte	0xcc
 150 00a7 05       		.uleb128 0x5
 151 00a8 08000000 		.4byte	.LVL0
 152 00ac CC000000 		.4byte	0xcc
 153 00b0 05       		.uleb128 0x5
 154 00b1 0C000000 		.4byte	.LVL1
 155 00b5 D7000000 		.4byte	0xd7
 156 00b9 05       		.uleb128 0x5
 157 00ba 10000000 		.4byte	.LVL2
 158 00be CC000000 		.4byte	0xcc
 159 00c2 05       		.uleb128 0x5
 160 00c3 18000000 		.4byte	.LVL3
 161 00c7 E2000000 		.4byte	0xe2
 162 00cb 00       		.byte	0
 163 00cc 06       		.uleb128 0x6
 164 00cd 75000000 		.4byte	.LASF14
 165 00d1 75000000 		.4byte	.LASF14
 166 00d5 02       		.byte	0x2
 167 00d6 32       		.byte	0x32
 168 00d7 06       		.uleb128 0x6
 169 00d8 67000000 		.4byte	.LASF15
 170 00dc 67000000 		.4byte	.LASF15
 171 00e0 03       		.byte	0x3
 172 00e1 33       		.byte	0x33
 173 00e2 06       		.uleb128 0x6
 174 00e3 0E000000 		.4byte	.LASF16
 175 00e7 0E000000 		.4byte	.LASF16
 176 00eb 04       		.byte	0x4
 177 00ec 33       		.byte	0x33
 178 00ed 00       		.byte	0
 179              		.section	.debug_abbrev,"",%progbits
 180              	.Ldebug_abbrev0:
 181 0000 01       		.uleb128 0x1
 182 0001 11       		.uleb128 0x11
 183 0002 01       		.byte	0x1
 184 0003 25       		.uleb128 0x25
 185 0004 0E       		.uleb128 0xe
 186 0005 13       		.uleb128 0x13
 187 0006 0B       		.uleb128 0xb
 188 0007 03       		.uleb128 0x3
 189 0008 0E       		.uleb128 0xe
 190 0009 1B       		.uleb128 0x1b
 191 000a 0E       		.uleb128 0xe
 192 000b 55       		.uleb128 0x55
 193 000c 17       		.uleb128 0x17
 194 000d 11       		.uleb128 0x11
 195 000e 01       		.uleb128 0x1
 196 000f 10       		.uleb128 0x10
 197 0010 17       		.uleb128 0x17
 198 0011 00       		.byte	0
 199 0012 00       		.byte	0
 200 0013 02       		.uleb128 0x2
 201 0014 24       		.uleb128 0x24
 202 0015 00       		.byte	0
 203 0016 0B       		.uleb128 0xb
 204 0017 0B       		.uleb128 0xb
 205 0018 3E       		.uleb128 0x3e
ARM GAS  C:\Users\wl\AppData\Local\Temp\ccUNgKGD.s 			page 5


 206 0019 0B       		.uleb128 0xb
 207 001a 03       		.uleb128 0x3
 208 001b 0E       		.uleb128 0xe
 209 001c 00       		.byte	0
 210 001d 00       		.byte	0
 211 001e 03       		.uleb128 0x3
 212 001f 24       		.uleb128 0x24
 213 0020 00       		.byte	0
 214 0021 0B       		.uleb128 0xb
 215 0022 0B       		.uleb128 0xb
 216 0023 3E       		.uleb128 0x3e
 217 0024 0B       		.uleb128 0xb
 218 0025 03       		.uleb128 0x3
 219 0026 08       		.uleb128 0x8
 220 0027 00       		.byte	0
 221 0028 00       		.byte	0
 222 0029 04       		.uleb128 0x4
 223 002a 2E       		.uleb128 0x2e
 224 002b 01       		.byte	0x1
 225 002c 3F       		.uleb128 0x3f
 226 002d 19       		.uleb128 0x19
 227 002e 03       		.uleb128 0x3
 228 002f 0E       		.uleb128 0xe
 229 0030 3A       		.uleb128 0x3a
 230 0031 0B       		.uleb128 0xb
 231 0032 3B       		.uleb128 0x3b
 232 0033 0B       		.uleb128 0xb
 233 0034 27       		.uleb128 0x27
 234 0035 19       		.uleb128 0x19
 235 0036 49       		.uleb128 0x49
 236 0037 13       		.uleb128 0x13
 237 0038 8701     		.uleb128 0x87
 238 003a 19       		.uleb128 0x19
 239 003b 11       		.uleb128 0x11
 240 003c 01       		.uleb128 0x1
 241 003d 12       		.uleb128 0x12
 242 003e 06       		.uleb128 0x6
 243 003f 40       		.uleb128 0x40
 244 0040 18       		.uleb128 0x18
 245 0041 9742     		.uleb128 0x2117
 246 0043 19       		.uleb128 0x19
 247 0044 01       		.uleb128 0x1
 248 0045 13       		.uleb128 0x13
 249 0046 00       		.byte	0
 250 0047 00       		.byte	0
 251 0048 05       		.uleb128 0x5
 252 0049 898201   		.uleb128 0x4109
 253 004c 00       		.byte	0
 254 004d 11       		.uleb128 0x11
 255 004e 01       		.uleb128 0x1
 256 004f 31       		.uleb128 0x31
 257 0050 13       		.uleb128 0x13
 258 0051 00       		.byte	0
 259 0052 00       		.byte	0
 260 0053 06       		.uleb128 0x6
 261 0054 2E       		.uleb128 0x2e
 262 0055 00       		.byte	0
ARM GAS  C:\Users\wl\AppData\Local\Temp\ccUNgKGD.s 			page 6


 263 0056 3F       		.uleb128 0x3f
 264 0057 19       		.uleb128 0x19
 265 0058 3C       		.uleb128 0x3c
 266 0059 19       		.uleb128 0x19
 267 005a 6E       		.uleb128 0x6e
 268 005b 0E       		.uleb128 0xe
 269 005c 03       		.uleb128 0x3
 270 005d 0E       		.uleb128 0xe
 271 005e 3A       		.uleb128 0x3a
 272 005f 0B       		.uleb128 0xb
 273 0060 3B       		.uleb128 0x3b
 274 0061 0B       		.uleb128 0xb
 275 0062 00       		.byte	0
 276 0063 00       		.byte	0
 277 0064 00       		.byte	0
 278              		.section	.debug_aranges,"",%progbits
 279 0000 1C000000 		.4byte	0x1c
 280 0004 0200     		.2byte	0x2
 281 0006 00000000 		.4byte	.Ldebug_info0
 282 000a 04       		.byte	0x4
 283 000b 00       		.byte	0
 284 000c 0000     		.2byte	0
 285 000e 0000     		.2byte	0
 286 0010 00000000 		.4byte	.LFB35
 287 0014 1A000000 		.4byte	.LFE35-.LFB35
 288 0018 00000000 		.4byte	0
 289 001c 00000000 		.4byte	0
 290              		.section	.debug_ranges,"",%progbits
 291              	.Ldebug_ranges0:
 292 0000 00000000 		.4byte	.LFB35
 293 0004 1A000000 		.4byte	.LFE35
 294 0008 00000000 		.4byte	0
 295 000c 00000000 		.4byte	0
 296              		.section	.debug_line,"",%progbits
 297              	.Ldebug_line0:
 298 0000 7D000000 		.section	.debug_str,"MS",%progbits,1
 298      02005D00 
 298      00000201 
 298      FB0E0D00 
 298      01010101 
 299              	.LASF6:
 300 0000 6C6F6E67 		.ascii	"long long int\000"
 300      206C6F6E 
 300      6720696E 
 300      7400
 301              	.LASF16:
 302 000e 50696E5F 		.ascii	"Pin_Green_Write\000"
 302      47726565 
 302      6E5F5772 
 302      69746500 
 303              	.LASF1:
 304 001e 756E7369 		.ascii	"unsigned char\000"
 304      676E6564 
 304      20636861 
 304      7200
 305              	.LASF18:
 306 002c 6D61696E 		.ascii	"main.c\000"
ARM GAS  C:\Users\wl\AppData\Local\Temp\ccUNgKGD.s 			page 7


 306      2E6300
 307              	.LASF20:
 308 0033 6D61696E 		.ascii	"main\000"
 308      00
 309              	.LASF5:
 310 0038 6C6F6E67 		.ascii	"long unsigned int\000"
 310      20756E73 
 310      69676E65 
 310      6420696E 
 310      7400
 311              	.LASF7:
 312 004a 6C6F6E67 		.ascii	"long long unsigned int\000"
 312      206C6F6E 
 312      6720756E 
 312      7369676E 
 312      65642069 
 313              	.LASF9:
 314 0061 666C6F61 		.ascii	"float\000"
 314      7400
 315              	.LASF15:
 316 0067 50696E5F 		.ascii	"Pin_Red_Write\000"
 316      5265645F 
 316      57726974 
 316      6500
 317              	.LASF14:
 318 0075 50696E5F 		.ascii	"Pin_SW2_Read\000"
 318      5357325F 
 318      52656164 
 318      00
 319              	.LASF11:
 320 0082 63686172 		.ascii	"char\000"
 320      00
 321              	.LASF4:
 322 0087 6C6F6E67 		.ascii	"long int\000"
 322      20696E74 
 322      00
 323              	.LASF10:
 324 0090 646F7562 		.ascii	"double\000"
 324      6C6500
 325              	.LASF19:
 326 0097 433A5C55 		.ascii	"C:\\Users\\wl\\Desktop\\cypressResource\\projects\\"
 326      73657273 
 326      5C776C5C 
 326      4465736B 
 326      746F705C 
 327 00c4 576F726B 		.ascii	"Workspace01\\InputPin.cydsn\000"
 327      73706163 
 327      6530315C 
 327      496E7075 
 327      7450696E 
 328              	.LASF17:
 329 00df 474E5520 		.ascii	"GNU C11 5.4.1 20160609 (release) [ARM/embedded-5-br"
 329      43313120 
 329      352E342E 
 329      31203230 
 329      31363036 
 330 0112 616E6368 		.ascii	"anch revision 237715] -mcpu=cortex-m0 -mthumb -g -O"
ARM GAS  C:\Users\wl\AppData\Local\Temp\ccUNgKGD.s 			page 8


 330      20726576 
 330      6973696F 
 330      6E203233 
 330      37373135 
 331 0145 67202D66 		.ascii	"g -ffunction-sections -ffat-lto-objects\000"
 331      66756E63 
 331      74696F6E 
 331      2D736563 
 331      74696F6E 
 332              	.LASF3:
 333 016d 73686F72 		.ascii	"short unsigned int\000"
 333      7420756E 
 333      7369676E 
 333      65642069 
 333      6E7400
 334              	.LASF0:
 335 0180 7369676E 		.ascii	"signed char\000"
 335      65642063 
 335      68617200 
 336              	.LASF13:
 337 018c 6C6F6E67 		.ascii	"long double\000"
 337      20646F75 
 337      626C6500 
 338              	.LASF2:
 339 0198 73686F72 		.ascii	"short int\000"
 339      7420696E 
 339      7400
 340              	.LASF8:
 341 01a2 756E7369 		.ascii	"unsigned int\000"
 341      676E6564 
 341      20696E74 
 341      00
 342              	.LASF12:
 343 01af 73697A65 		.ascii	"sizetype\000"
 343      74797065 
 343      00
 344              		.ident	"GCC: (GNU Tools for ARM Embedded Processors) 5.4.1 20160609 (release) [ARM/embedded-5-bran
