--------------- Build Started: 12/26/2019 12:19:53 Project: Lesson14-Status Register, Configuration: ARM GCC 5.4-2016-q2-update Debug ---------------
cydsfit.exe -.appdatapath "C:\Users\wl\AppData\Local\Cypress Semiconductor\PSoC Creator\4.2" -.fdsnotice -.fdswarpdepfile=warp_dependencies.txt -.fdselabdepfile=elab_dependencies.txt -.fdsbldfile=generated_files.txt -.fdsreffile=referenced_files.txt -p "C:\Users\wl\Desktop\cypressResource\projects\Workspace01\Lesson14-Status Register.cydsn\Lesson14-Status Register.cyprj" -d CY8C4248LQI-BL583 -s "C:\Users\wl\Desktop\cypressResource\projects\Workspace01\Lesson14-Status Register.cydsn\Generated_Source\PSoC4" -- -yv2 -q10 -ygs -o2 -v3 -.fftcfgtype=LE
Elaborating Design...
HDL Generation...
Synthesis...
Tech Mapping...
Analog Placement...
Analog Routing...
Analog Code Generation...
Digital Placement...
Digital Routing...
Bitstream Generation...
Bitstream Verification...
Static timing analysis...
API Generation...
Dependency Generation...
Cleanup...
arm-none-eabi-gcc.exe -mcpu=cortex-m0 -mthumb -I. -IGenerated_Source\PSoC4 -Wa,-alh=.\CortexM0\ARM_GCC_541\Debug/main.lst -g -D DEBUG -D CY_CORE_ID=0 -Wall -ffunction-sections -ffat-lto-objects -Og -c main.c -o .\CortexM0\ARM_GCC_541\Debug\main.o
arm-none-eabi-gcc.exe -mcpu=cortex-m0 -mthumb -I. -IGenerated_Source\PSoC4 -Wa,-alh=.\CortexM0\ARM_GCC_541\Debug/cyfitter_cfg.lst -g -D DEBUG -D CY_CORE_ID=0 -Wall -ffunction-sections -ffat-lto-objects -Og -c Generated_Source\PSoC4\cyfitter_cfg.c -o .\CortexM0\ARM_GCC_541\Debug\cyfitter_cfg.o
arm-none-eabi-gcc.exe -mcpu=cortex-m0 -mthumb -I. -IGenerated_Source\PSoC4 -Wa,-alh=.\CortexM0\ARM_GCC_541\Debug/Pin_Green.lst -g -D DEBUG -D CY_CORE_ID=0 -Wall -ffunction-sections -ffat-lto-objects -Og -c Generated_Source\PSoC4\Pin_Green.c -o .\CortexM0\ARM_GCC_541\Debug\Pin_Green.o
arm-none-eabi-gcc.exe -mcpu=cortex-m0 -mthumb -I. -IGenerated_Source\PSoC4 -Wa,-alh=.\CortexM0\ARM_GCC_541\Debug/Pin_Green_PM.lst -g -D DEBUG -D CY_CORE_ID=0 -Wall -ffunction-sections -ffat-lto-objects -Og -c Generated_Source\PSoC4\Pin_Green_PM.c -o .\CortexM0\ARM_GCC_541\Debug\Pin_Green_PM.o
arm-none-eabi-gcc.exe -mcpu=cortex-m0 -mthumb -I. -IGenerated_Source\PSoC4 -Wa,-alh=.\CortexM0\ARM_GCC_541\Debug/Pin_Red.lst -g -D DEBUG -D CY_CORE_ID=0 -Wall -ffunction-sections -ffat-lto-objects -Og -c Generated_Source\PSoC4\Pin_Red.c -o .\CortexM0\ARM_GCC_541\Debug\Pin_Red.o
arm-none-eabi-gcc.exe -mcpu=cortex-m0 -mthumb -I. -IGenerated_Source\PSoC4 -Wa,-alh=.\CortexM0\ARM_GCC_541\Debug/Pin_Red_PM.lst -g -D DEBUG -D CY_CORE_ID=0 -Wall -ffunction-sections -ffat-lto-objects -Og -c Generated_Source\PSoC4\Pin_Red_PM.c -o .\CortexM0\ARM_GCC_541\Debug\Pin_Red_PM.o
arm-none-eabi-gcc.exe -mcpu=cortex-m0 -mthumb -I. -IGenerated_Source\PSoC4 -Wa,-alh=.\CortexM0\ARM_GCC_541\Debug/Pin_Blue.lst -g -D DEBUG -D CY_CORE_ID=0 -Wall -ffunction-sections -ffat-lto-objects -Og -c Generated_Source\PSoC4\Pin_Blue.c -o .\CortexM0\ARM_GCC_541\Debug\Pin_Blue.o
arm-none-eabi-gcc.exe -mcpu=cortex-m0 -mthumb -I. -IGenerated_Source\PSoC4 -Wa,-alh=.\CortexM0\ARM_GCC_541\Debug/Pin_Blue_PM.lst -g -D DEBUG -D CY_CORE_ID=0 -Wall -ffunction-sections -ffat-lto-objects -Og -c Generated_Source\PSoC4\Pin_Blue_PM.c -o .\CortexM0\ARM_GCC_541\Debug\Pin_Blue_PM.o
arm-none-eabi-gcc.exe -mcpu=cortex-m0 -mthumb -I. -IGenerated_Source\PSoC4 -Wa,-alh=.\CortexM0\ARM_GCC_541\Debug/Cm0Start.lst -g -D DEBUG -D CY_CORE_ID=0 -Wall -ffunction-sections -ffat-lto-objects -Og -c Generated_Source\PSoC4\Cm0Start.c -o .\CortexM0\ARM_GCC_541\Debug\Cm0Start.o
arm-none-eabi-gcc.exe -mcpu=cortex-m0 -mthumb -I. -IGenerated_Source\PSoC4 -Wa,-alh=.\CortexM0\ARM_GCC_541\Debug/CyFlash.lst -g -D DEBUG -D CY_CORE_ID=0 -Wall -ffunction-sections -ffat-lto-objects -Og -c Generated_Source\PSoC4\CyFlash.c -o .\CortexM0\ARM_GCC_541\Debug\CyFlash.o
arm-none-eabi-gcc.exe -mcpu=cortex-m0 -mthumb -I. -IGenerated_Source\PSoC4 -Wa,-alh=.\CortexM0\ARM_GCC_541\Debug/CyLib.lst -g -D DEBUG -D CY_CORE_ID=0 -Wall -ffunction-sections -ffat-lto-objects -Og -c Generated_Source\PSoC4\CyLib.c -o .\CortexM0\ARM_GCC_541\Debug\CyLib.o
arm-none-eabi-gcc.exe -mcpu=cortex-m0 -mthumb -I. -IGenerated_Source\PSoC4 -Wa,-alh=.\CortexM0\ARM_GCC_541\Debug/cyPm.lst -g -D DEBUG -D CY_CORE_ID=0 -Wall -ffunction-sections -ffat-lto-objects -Og -c Generated_Source\PSoC4\cyPm.c -o .\CortexM0\ARM_GCC_541\Debug\cyPm.o
arm-none-eabi-gcc.exe -mcpu=cortex-m0 -mthumb -I. -IGenerated_Source\PSoC4 -Wa,-alh=.\CortexM0\ARM_GCC_541\Debug/cyutils.lst -g -D DEBUG -D CY_CORE_ID=0 -Wall -ffunction-sections -ffat-lto-objects -Og -c Generated_Source\PSoC4\cyutils.c -o .\CortexM0\ARM_GCC_541\Debug\cyutils.o
arm-none-eabi-gcc.exe -mcpu=cortex-m0 -mthumb -I. -IGenerated_Source\PSoC4 -Wa,-alh=.\CortexM0\ARM_GCC_541\Debug/CyDMA.lst -g -D DEBUG -D CY_CORE_ID=0 -Wall -ffunction-sections -ffat-lto-objects -Og -c Generated_Source\PSoC4\CyDMA.c -o .\CortexM0\ARM_GCC_541\Debug\CyDMA.o
arm-none-eabi-gcc.exe -mcpu=cortex-m0 -mthumb -I. -IGenerated_Source\PSoC4 -Wa,-alh=.\CortexM0\ARM_GCC_541\Debug/CyLFClk.lst -g -D DEBUG -D CY_CORE_ID=0 -Wall -ffunction-sections -ffat-lto-objects -Og -c Generated_Source\PSoC4\CyLFClk.c -o .\CortexM0\ARM_GCC_541\Debug\CyLFClk.o
arm-none-eabi-gcc.exe -mcpu=cortex-m0 -mthumb -I. -IGenerated_Source\PSoC4 -Wa,-alh=.\CortexM0\ARM_GCC_541\Debug/cy_em_eeprom.lst -g -D DEBUG -D CY_CORE_ID=0 -Wall -ffunction-sections -ffat-lto-objects -Og -c Generated_Source\PSoC4\cy_em_eeprom.c -o .\CortexM0\ARM_GCC_541\Debug\cy_em_eeprom.o
arm-none-eabi-gcc.exe -mcpu=cortex-m0 -mthumb -I. -IGenerated_Source\PSoC4 -Wa,-alh=.\CortexM0\ARM_GCC_541\Debug/Pin_SW2.lst -g -D DEBUG -D CY_CORE_ID=0 -Wall -ffunction-sections -ffat-lto-objects -Og -c Generated_Source\PSoC4\Pin_SW2.c -o .\CortexM0\ARM_GCC_541\Debug\Pin_SW2.o
arm-none-eabi-gcc.exe -mcpu=cortex-m0 -mthumb -I. -IGenerated_Source\PSoC4 -Wa,-alh=.\CortexM0\ARM_GCC_541\Debug/Pin_SW2_PM.lst -g -D DEBUG -D CY_CORE_ID=0 -Wall -ffunction-sections -ffat-lto-objects -Og -c Generated_Source\PSoC4\Pin_SW2_PM.c -o .\CortexM0\ARM_GCC_541\Debug\Pin_SW2_PM.o
arm-none-eabi-gcc.exe -mcpu=cortex-m0 -mthumb -I. -IGenerated_Source\PSoC4 -Wa,-alh=.\CortexM0\ARM_GCC_541\Debug/Status_Reg.lst -g -D DEBUG -D CY_CORE_ID=0 -Wall -ffunction-sections -ffat-lto-objects -Og -c Generated_Source\PSoC4\Status_Reg.c -o .\CortexM0\ARM_GCC_541\Debug\Status_Reg.o
arm-none-eabi-gcc.exe -mcpu=cortex-m0 -mthumb -I. -IGenerated_Source\PSoC4 -Wa,-alh=.\CortexM0\ARM_GCC_541\Debug/UART.lst -g -D DEBUG -D CY_CORE_ID=0 -Wall -ffunction-sections -ffat-lto-objects -Og -c Generated_Source\PSoC4\UART.c -o .\CortexM0\ARM_GCC_541\Debug\UART.o
arm-none-eabi-gcc.exe -mcpu=cortex-m0 -mthumb -I. -IGenerated_Source\PSoC4 -Wa,-alh=.\CortexM0\ARM_GCC_541\Debug/UART_SPI_UART.lst -g -D DEBUG -D CY_CORE_ID=0 -Wall -ffunction-sections -ffat-lto-objects -Og -c Generated_Source\PSoC4\UART_SPI_UART.c -o .\CortexM0\ARM_GCC_541\Debug\UART_SPI_UART.o
arm-none-eabi-gcc.exe -mcpu=cortex-m0 -mthumb -I. -IGenerated_Source\PSoC4 -Wa,-alh=.\CortexM0\ARM_GCC_541\Debug/UART_SPI_UART_INT.lst -g -D DEBUG -D CY_CORE_ID=0 -Wall -ffunction-sections -ffat-lto-objects -Og -c Generated_Source\PSoC4\UART_SPI_UART_INT.c -o .\CortexM0\ARM_GCC_541\Debug\UART_SPI_UART_INT.o
arm-none-eabi-gcc.exe -mcpu=cortex-m0 -mthumb -I. -IGenerated_Source\PSoC4 -Wa,-alh=.\CortexM0\ARM_GCC_541\Debug/UART_PM.lst -g -D DEBUG -D CY_CORE_ID=0 -Wall -ffunction-sections -ffat-lto-objects -Og -c Generated_Source\PSoC4\UART_PM.c -o .\CortexM0\ARM_GCC_541\Debug\UART_PM.o
arm-none-eabi-gcc.exe -mcpu=cortex-m0 -mthumb -I. -IGenerated_Source\PSoC4 -Wa,-alh=.\CortexM0\ARM_GCC_541\Debug/UART_UART.lst -g -D DEBUG -D CY_CORE_ID=0 -Wall -ffunction-sections -ffat-lto-objects -Og -c Generated_Source\PSoC4\UART_UART.c -o .\CortexM0\ARM_GCC_541\Debug\UART_UART.o
arm-none-eabi-gcc.exe -mcpu=cortex-m0 -mthumb -I. -IGenerated_Source\PSoC4 -Wa,-alh=.\CortexM0\ARM_GCC_541\Debug/UART_BOOT.lst -g -D DEBUG -D CY_CORE_ID=0 -Wall -ffunction-sections -ffat-lto-objects -Og -c Generated_Source\PSoC4\UART_BOOT.c -o .\CortexM0\ARM_GCC_541\Debug\UART_BOOT.o
arm-none-eabi-gcc.exe -mcpu=cortex-m0 -mthumb -I. -IGenerated_Source\PSoC4 -Wa,-alh=.\CortexM0\ARM_GCC_541\Debug/UART_UART_BOOT.lst -g -D DEBUG -D CY_CORE_ID=0 -Wall -ffunction-sections -ffat-lto-objects -Og -c Generated_Source\PSoC4\UART_UART_BOOT.c -o .\CortexM0\ARM_GCC_541\Debug\UART_UART_BOOT.o
arm-none-eabi-gcc.exe -mcpu=cortex-m0 -mthumb -I. -IGenerated_Source\PSoC4 -Wa,-alh=.\CortexM0\ARM_GCC_541\Debug/UART_SCBCLK.lst -g -D DEBUG -D CY_CORE_ID=0 -Wall -ffunction-sections -ffat-lto-objects -Og -c Generated_Source\PSoC4\UART_SCBCLK.c -o .\CortexM0\ARM_GCC_541\Debug\UART_SCBCLK.o
arm-none-eabi-gcc.exe -mcpu=cortex-m0 -mthumb -I. -IGenerated_Source\PSoC4 -Wa,-alh=.\CortexM0\ARM_GCC_541\Debug/UART_tx.lst -g -D DEBUG -D CY_CORE_ID=0 -Wall -ffunction-sections -ffat-lto-objects -Og -c Generated_Source\PSoC4\UART_tx.c -o .\CortexM0\ARM_GCC_541\Debug\UART_tx.o
arm-none-eabi-gcc.exe -mcpu=cortex-m0 -mthumb -I. -IGenerated_Source\PSoC4 -Wa,-alh=.\CortexM0\ARM_GCC_541\Debug/UART_tx_PM.lst -g -D DEBUG -D CY_CORE_ID=0 -Wall -ffunction-sections -ffat-lto-objects -Og -c Generated_Source\PSoC4\UART_tx_PM.c -o .\CortexM0\ARM_GCC_541\Debug\UART_tx_PM.o
arm-none-eabi-gcc.exe -mcpu=cortex-m0 -mthumb -I. -IGenerated_Source\PSoC4 -Wa,-alh=.\CortexM0\ARM_GCC_541\Debug/UART_rx.lst -g -D DEBUG -D CY_CORE_ID=0 -Wall -ffunction-sections -ffat-lto-objects -Og -c Generated_Source\PSoC4\UART_rx.c -o .\CortexM0\ARM_GCC_541\Debug\UART_rx.o
arm-none-eabi-gcc.exe -mcpu=cortex-m0 -mthumb -I. -IGenerated_Source\PSoC4 -Wa,-alh=.\CortexM0\ARM_GCC_541\Debug/UART_rx_PM.lst -g -D DEBUG -D CY_CORE_ID=0 -Wall -ffunction-sections -ffat-lto-objects -Og -c Generated_Source\PSoC4\UART_rx_PM.c -o .\CortexM0\ARM_GCC_541\Debug\UART_rx_PM.o
arm-none-eabi-gcc.exe -mcpu=cortex-m0 -mthumb -I. -IGenerated_Source\PSoC4 -Wa,-alh=.\CortexM0\ARM_GCC_541\Debug/Clock_1.lst -g -D DEBUG -D CY_CORE_ID=0 -Wall -ffunction-sections -ffat-lto-objects -Og -c Generated_Source\PSoC4\Clock_1.c -o .\CortexM0\ARM_GCC_541\Debug\Clock_1.o
arm-none-eabi-as.exe -mcpu=cortex-m0 -mthumb -I. -IGenerated_Source\PSoC4 -alh=.\CortexM0\ARM_GCC_541\Debug/CyBootAsmGnu.lst -g -W -o .\CortexM0\ARM_GCC_541\Debug\CyBootAsmGnu.o Generated_Source\PSoC4\CyBootAsmGnu.s
arm-none-eabi-ar.exe -rs ".\CortexM0\ARM_GCC_541\Debug\Lesson14-Status Register.a" .\CortexM0\ARM_GCC_541\Debug\Pin_Green.o .\CortexM0\ARM_GCC_541\Debug\Pin_Green_PM.o .\CortexM0\ARM_GCC_541\Debug\Pin_Red.o .\CortexM0\ARM_GCC_541\Debug\Pin_Red_PM.o .\CortexM0\ARM_GCC_541\Debug\Pin_Blue.o .\CortexM0\ARM_GCC_541\Debug\Pin_Blue_PM.o .\CortexM0\ARM_GCC_541\Debug\CyFlash.o .\CortexM0\ARM_GCC_541\Debug\CyLib.o .\CortexM0\ARM_GCC_541\Debug\cyPm.o .\CortexM0\ARM_GCC_541\Debug\cyutils.o .\CortexM0\ARM_GCC_541\Debug\CyDMA.o .\CortexM0\ARM_GCC_541\Debug\CyLFClk.o .\CortexM0\ARM_GCC_541\Debug\cy_em_eeprom.o .\CortexM0\ARM_GCC_541\Debug\Pin_SW2.o .\CortexM0\ARM_GCC_541\Debug\Pin_SW2_PM.o .\CortexM0\ARM_GCC_541\Debug\Status_Reg.o .\CortexM0\ARM_GCC_541\Debug\UART.o .\CortexM0\ARM_GCC_541\Debug\UART_SPI_UART.o .\CortexM0\ARM_GCC_541\Debug\UART_SPI_UART_INT.o .\CortexM0\ARM_GCC_541\Debug\UART_PM.o .\CortexM0\ARM_GCC_541\Debug\UART_UART.o .\CortexM0\ARM_GCC_541\Debug\UART_BOOT.o .\CortexM0\ARM_GCC_541\Debug\UART_UART_BOOT.o .\CortexM0\ARM_GCC_541\Debug\UART_SCBCLK.o .\CortexM0\ARM_GCC_541\Debug\UART_tx.o .\CortexM0\ARM_GCC_541\Debug\UART_tx_PM.o .\CortexM0\ARM_GCC_541\Debug\UART_rx.o .\CortexM0\ARM_GCC_541\Debug\UART_rx_PM.o .\CortexM0\ARM_GCC_541\Debug\Clock_1.o .\CortexM0\ARM_GCC_541\Debug\CyBootAsmGnu.o
arm-none-eabi-ar.exe: creating .\CortexM0\ARM_GCC_541\Debug\Lesson14-Status Register.a
arm-none-eabi-gcc.exe -Wl,--start-group -o "C:\Users\wl\Desktop\cypressResource\projects\Workspace01\Lesson14-Status Register.cydsn\CortexM0\ARM_GCC_541\Debug\Lesson14-Status Register.elf" .\CortexM0\ARM_GCC_541\Debug\main.o .\CortexM0\ARM_GCC_541\Debug\cyfitter_cfg.o .\CortexM0\ARM_GCC_541\Debug\cymetadata.o .\CortexM0\ARM_GCC_541\Debug\Cm0Start.o ".\CortexM0\ARM_GCC_541\Debug\Lesson14-Status Register.a" -mcpu=cortex-m0 -mthumb -L Generated_Source\PSoC4 "-Wl,-Map,.\CortexM0\ARM_GCC_541\Debug/Lesson14-Status Register.map" -T Generated_Source\PSoC4\cm0gcc.ld -specs=nano.specs -Wl,--gc-sections -g -ffunction-sections -Og -ffat-lto-objects -Wl,--end-group
cyelftool.exe -C "C:\Users\wl\Desktop\cypressResource\projects\Workspace01\Lesson14-Status Register.cydsn\CortexM0\ARM_GCC_541\Debug\Lesson14-Status Register.elf" --flash_row_size 256 --flash_size 262144 --flash_offset 0x00000000
No ELF section .cychecksum found, creating one
Application checksum calculated and stored in ELF section .cychecksum
Checksum calculated and stored in ELF section .cymeta
cyelftool.exe -S "C:\Users\wl\Desktop\cypressResource\projects\Workspace01\Lesson14-Status Register.cydsn\CortexM0\ARM_GCC_541\Debug\Lesson14-Status Register.elf"
Flash used: 2848 of 262144 bytes (1.1%).
SRAM used: 2576 of 32768 bytes (7.9%). Stack: 2048 bytes. Heap: 128 bytes.
--------------- Build Succeeded: 12/26/2019 12:20:04 ---------------
