ARM GAS  C:\Users\wl\AppData\Local\Temp\ccBgVvJ1.s 			page 1


   1              		.syntax unified
   2              		.cpu cortex-m0
   3              		.fpu softvfp
   4              		.eabi_attribute 20, 1
   5              		.eabi_attribute 21, 1
   6              		.eabi_attribute 23, 3
   7              		.eabi_attribute 24, 1
   8              		.eabi_attribute 25, 1
   9              		.eabi_attribute 26, 1
  10              		.eabi_attribute 30, 1
  11              		.eabi_attribute 34, 0
  12              		.eabi_attribute 18, 4
  13              		.thumb
  14              		.syntax unified
  15              		.file	"cyfitter_cfg.c"
  16              		.text
  17              	.Ltext0:
  18              		.cfi_sections	.debug_frame
  19              		.section	.text.AnalogSetDefault,"ax",%progbits
  20              		.align	2
  21              		.code	16
  22              		.thumb_func
  23              		.type	AnalogSetDefault, %function
  24              	AnalogSetDefault:
  25              	.LFB6:
  26              		.file 1 "Generated_Source\\PSoC4\\cyfitter_cfg.c"
   1:Generated_Source\PSoC4/cyfitter_cfg.c **** 
   2:Generated_Source\PSoC4/cyfitter_cfg.c **** /*******************************************************************************
   3:Generated_Source\PSoC4/cyfitter_cfg.c **** * File Name: cyfitter_cfg.c
   4:Generated_Source\PSoC4/cyfitter_cfg.c **** * 
   5:Generated_Source\PSoC4/cyfitter_cfg.c **** * PSoC Creator  4.2
   6:Generated_Source\PSoC4/cyfitter_cfg.c **** *
   7:Generated_Source\PSoC4/cyfitter_cfg.c **** * Description:
   8:Generated_Source\PSoC4/cyfitter_cfg.c **** * This file contains device initialization code.
   9:Generated_Source\PSoC4/cyfitter_cfg.c **** * Except for the user defined sections in CyClockStartupError(), this file should not be modified.
  10:Generated_Source\PSoC4/cyfitter_cfg.c **** * This file is automatically generated by PSoC Creator.
  11:Generated_Source\PSoC4/cyfitter_cfg.c **** *
  12:Generated_Source\PSoC4/cyfitter_cfg.c **** ********************************************************************************
  13:Generated_Source\PSoC4/cyfitter_cfg.c **** * Copyright (c) 2007-2018 Cypress Semiconductor.  All rights reserved.
  14:Generated_Source\PSoC4/cyfitter_cfg.c **** * You may use this file only in accordance with the license, terms, conditions, 
  15:Generated_Source\PSoC4/cyfitter_cfg.c **** * disclaimers, and limitations in the end user license agreement accompanying 
  16:Generated_Source\PSoC4/cyfitter_cfg.c **** * the software package with which this file was provided.
  17:Generated_Source\PSoC4/cyfitter_cfg.c **** ********************************************************************************/
  18:Generated_Source\PSoC4/cyfitter_cfg.c **** 
  19:Generated_Source\PSoC4/cyfitter_cfg.c **** #include <string.h>
  20:Generated_Source\PSoC4/cyfitter_cfg.c **** #include "cytypes.h"
  21:Generated_Source\PSoC4/cyfitter_cfg.c **** #include "cydevice_trm.h"
  22:Generated_Source\PSoC4/cyfitter_cfg.c **** #include "cyfitter.h"
  23:Generated_Source\PSoC4/cyfitter_cfg.c **** #include "CyLib.h"
  24:Generated_Source\PSoC4/cyfitter_cfg.c **** #include "CyLFClk.h"
  25:Generated_Source\PSoC4/cyfitter_cfg.c **** #include "cyfitter_cfg.h"
  26:Generated_Source\PSoC4/cyfitter_cfg.c **** #include "cyapicallbacks.h"
  27:Generated_Source\PSoC4/cyfitter_cfg.c **** 
  28:Generated_Source\PSoC4/cyfitter_cfg.c **** 
  29:Generated_Source\PSoC4/cyfitter_cfg.c **** #if defined(__GNUC__) || defined(__ARMCC_VERSION)
  30:Generated_Source\PSoC4/cyfitter_cfg.c ****     #define CYPACKED 
  31:Generated_Source\PSoC4/cyfitter_cfg.c ****     #define CYPACKED_ATTR __attribute__ ((packed))
ARM GAS  C:\Users\wl\AppData\Local\Temp\ccBgVvJ1.s 			page 2


  32:Generated_Source\PSoC4/cyfitter_cfg.c ****     #define CYALIGNED __attribute__ ((aligned))
  33:Generated_Source\PSoC4/cyfitter_cfg.c ****     #define CY_CFG_UNUSED __attribute__ ((unused))
  34:Generated_Source\PSoC4/cyfitter_cfg.c ****     #ifndef CY_CFG_SECTION
  35:Generated_Source\PSoC4/cyfitter_cfg.c ****         #define CY_CFG_SECTION __attribute__ ((section(".psocinit")))
  36:Generated_Source\PSoC4/cyfitter_cfg.c ****     #endif
  37:Generated_Source\PSoC4/cyfitter_cfg.c ****     
  38:Generated_Source\PSoC4/cyfitter_cfg.c ****     #if defined(__ARMCC_VERSION)
  39:Generated_Source\PSoC4/cyfitter_cfg.c ****         #define CY_CFG_MEMORY_BARRIER() __memory_changed()
  40:Generated_Source\PSoC4/cyfitter_cfg.c ****     #else
  41:Generated_Source\PSoC4/cyfitter_cfg.c ****         #define CY_CFG_MEMORY_BARRIER() __sync_synchronize()
  42:Generated_Source\PSoC4/cyfitter_cfg.c ****     #endif
  43:Generated_Source\PSoC4/cyfitter_cfg.c ****     
  44:Generated_Source\PSoC4/cyfitter_cfg.c **** #elif defined(__ICCARM__)
  45:Generated_Source\PSoC4/cyfitter_cfg.c ****     #include <intrinsics.h>
  46:Generated_Source\PSoC4/cyfitter_cfg.c **** 
  47:Generated_Source\PSoC4/cyfitter_cfg.c ****     #define CYPACKED __packed
  48:Generated_Source\PSoC4/cyfitter_cfg.c ****     #define CYPACKED_ATTR 
  49:Generated_Source\PSoC4/cyfitter_cfg.c ****     #define CYALIGNED _Pragma("data_alignment=4")
  50:Generated_Source\PSoC4/cyfitter_cfg.c ****     #define CY_CFG_UNUSED _Pragma("diag_suppress=Pe177")
  51:Generated_Source\PSoC4/cyfitter_cfg.c ****     #define CY_CFG_SECTION _Pragma("location=\".psocinit\"")
  52:Generated_Source\PSoC4/cyfitter_cfg.c ****     
  53:Generated_Source\PSoC4/cyfitter_cfg.c ****     #define CY_CFG_MEMORY_BARRIER() __DMB()
  54:Generated_Source\PSoC4/cyfitter_cfg.c ****     
  55:Generated_Source\PSoC4/cyfitter_cfg.c **** #else
  56:Generated_Source\PSoC4/cyfitter_cfg.c ****     #error Unsupported toolchain
  57:Generated_Source\PSoC4/cyfitter_cfg.c **** #endif
  58:Generated_Source\PSoC4/cyfitter_cfg.c **** 
  59:Generated_Source\PSoC4/cyfitter_cfg.c **** #ifndef CYCODE
  60:Generated_Source\PSoC4/cyfitter_cfg.c ****     #define CYCODE
  61:Generated_Source\PSoC4/cyfitter_cfg.c **** #endif
  62:Generated_Source\PSoC4/cyfitter_cfg.c **** #ifndef CYDATA
  63:Generated_Source\PSoC4/cyfitter_cfg.c ****     #define CYDATA
  64:Generated_Source\PSoC4/cyfitter_cfg.c **** #endif
  65:Generated_Source\PSoC4/cyfitter_cfg.c **** #ifndef CYFAR
  66:Generated_Source\PSoC4/cyfitter_cfg.c ****     #define CYFAR
  67:Generated_Source\PSoC4/cyfitter_cfg.c **** #endif
  68:Generated_Source\PSoC4/cyfitter_cfg.c **** #ifndef CYXDATA
  69:Generated_Source\PSoC4/cyfitter_cfg.c ****     #define CYXDATA
  70:Generated_Source\PSoC4/cyfitter_cfg.c **** #endif
  71:Generated_Source\PSoC4/cyfitter_cfg.c **** 
  72:Generated_Source\PSoC4/cyfitter_cfg.c **** 
  73:Generated_Source\PSoC4/cyfitter_cfg.c **** CY_CFG_UNUSED
  74:Generated_Source\PSoC4/cyfitter_cfg.c **** static void CYMEMZERO(void *s, size_t n);
  75:Generated_Source\PSoC4/cyfitter_cfg.c **** CY_CFG_UNUSED
  76:Generated_Source\PSoC4/cyfitter_cfg.c **** static void CYMEMZERO(void *s, size_t n)
  77:Generated_Source\PSoC4/cyfitter_cfg.c **** {
  78:Generated_Source\PSoC4/cyfitter_cfg.c **** 	(void)memset(s, 0, n);
  79:Generated_Source\PSoC4/cyfitter_cfg.c **** }
  80:Generated_Source\PSoC4/cyfitter_cfg.c **** CY_CFG_UNUSED
  81:Generated_Source\PSoC4/cyfitter_cfg.c **** static void CYCONFIGCPY(void *dest, const void *src, size_t n);
  82:Generated_Source\PSoC4/cyfitter_cfg.c **** CY_CFG_UNUSED
  83:Generated_Source\PSoC4/cyfitter_cfg.c **** static void CYCONFIGCPY(void *dest, const void *src, size_t n)
  84:Generated_Source\PSoC4/cyfitter_cfg.c **** {
  85:Generated_Source\PSoC4/cyfitter_cfg.c **** 	(void)memcpy(dest, src, n);
  86:Generated_Source\PSoC4/cyfitter_cfg.c **** }
  87:Generated_Source\PSoC4/cyfitter_cfg.c **** CY_CFG_UNUSED
  88:Generated_Source\PSoC4/cyfitter_cfg.c **** static void CYCONFIGCPYCODE(void *dest, const void *src, size_t n);
ARM GAS  C:\Users\wl\AppData\Local\Temp\ccBgVvJ1.s 			page 3


  89:Generated_Source\PSoC4/cyfitter_cfg.c **** CY_CFG_UNUSED
  90:Generated_Source\PSoC4/cyfitter_cfg.c **** static void CYCONFIGCPYCODE(void *dest, const void *src, size_t n)
  91:Generated_Source\PSoC4/cyfitter_cfg.c **** {
  92:Generated_Source\PSoC4/cyfitter_cfg.c **** 	(void)memcpy(dest, src, n);
  93:Generated_Source\PSoC4/cyfitter_cfg.c **** }
  94:Generated_Source\PSoC4/cyfitter_cfg.c **** 
  95:Generated_Source\PSoC4/cyfitter_cfg.c **** 
  96:Generated_Source\PSoC4/cyfitter_cfg.c **** 
  97:Generated_Source\PSoC4/cyfitter_cfg.c **** 
  98:Generated_Source\PSoC4/cyfitter_cfg.c **** /* Clock startup error codes                                                   */
  99:Generated_Source\PSoC4/cyfitter_cfg.c **** #define CYCLOCKSTART_NO_ERROR    0u
 100:Generated_Source\PSoC4/cyfitter_cfg.c **** #define CYCLOCKSTART_XTAL_ERROR  1u
 101:Generated_Source\PSoC4/cyfitter_cfg.c **** #define CYCLOCKSTART_32KHZ_ERROR 2u
 102:Generated_Source\PSoC4/cyfitter_cfg.c **** #define CYCLOCKSTART_PLL_ERROR   3u
 103:Generated_Source\PSoC4/cyfitter_cfg.c **** #define CYCLOCKSTART_FLL_ERROR   4u
 104:Generated_Source\PSoC4/cyfitter_cfg.c **** #define CYCLOCKSTART_WCO_ERROR   5u
 105:Generated_Source\PSoC4/cyfitter_cfg.c **** 
 106:Generated_Source\PSoC4/cyfitter_cfg.c **** 
 107:Generated_Source\PSoC4/cyfitter_cfg.c **** #ifdef CY_NEED_CYCLOCKSTARTUPERROR
 108:Generated_Source\PSoC4/cyfitter_cfg.c **** /*******************************************************************************
 109:Generated_Source\PSoC4/cyfitter_cfg.c **** * Function Name: CyClockStartupError
 110:Generated_Source\PSoC4/cyfitter_cfg.c **** ********************************************************************************
 111:Generated_Source\PSoC4/cyfitter_cfg.c **** * Summary:
 112:Generated_Source\PSoC4/cyfitter_cfg.c **** *  If an error is encountered during clock configuration (crystal startup error,
 113:Generated_Source\PSoC4/cyfitter_cfg.c **** *  PLL lock error, etc.), the system will end up here.  Unless reimplemented by
 114:Generated_Source\PSoC4/cyfitter_cfg.c **** *  the customer, this function will stop in an infinite loop.
 115:Generated_Source\PSoC4/cyfitter_cfg.c **** *
 116:Generated_Source\PSoC4/cyfitter_cfg.c **** * Parameters:
 117:Generated_Source\PSoC4/cyfitter_cfg.c **** *   void
 118:Generated_Source\PSoC4/cyfitter_cfg.c **** *
 119:Generated_Source\PSoC4/cyfitter_cfg.c **** * Return:
 120:Generated_Source\PSoC4/cyfitter_cfg.c **** *   void
 121:Generated_Source\PSoC4/cyfitter_cfg.c **** *
 122:Generated_Source\PSoC4/cyfitter_cfg.c **** *******************************************************************************/
 123:Generated_Source\PSoC4/cyfitter_cfg.c **** CY_CFG_UNUSED
 124:Generated_Source\PSoC4/cyfitter_cfg.c **** static void CyClockStartupError(uint8 errorCode);
 125:Generated_Source\PSoC4/cyfitter_cfg.c **** CY_CFG_UNUSED
 126:Generated_Source\PSoC4/cyfitter_cfg.c **** static void CyClockStartupError(uint8 errorCode)
 127:Generated_Source\PSoC4/cyfitter_cfg.c **** {
 128:Generated_Source\PSoC4/cyfitter_cfg.c ****     /* To remove the compiler warning if errorCode not used.                */
 129:Generated_Source\PSoC4/cyfitter_cfg.c ****     errorCode = errorCode;
 130:Generated_Source\PSoC4/cyfitter_cfg.c **** 
 131:Generated_Source\PSoC4/cyfitter_cfg.c ****     /* If we have a clock startup error (bad MHz crystal, PLL lock, etc.),  */
 132:Generated_Source\PSoC4/cyfitter_cfg.c ****     /* we will end up here to allow the customer to implement something to  */
 133:Generated_Source\PSoC4/cyfitter_cfg.c ****     /* deal with the clock condition.                                       */
 134:Generated_Source\PSoC4/cyfitter_cfg.c **** 
 135:Generated_Source\PSoC4/cyfitter_cfg.c **** #ifdef CY_CFG_CLOCK_STARTUP_ERROR_CALLBACK
 136:Generated_Source\PSoC4/cyfitter_cfg.c ****     CY_CFG_Clock_Startup_ErrorCallback();
 137:Generated_Source\PSoC4/cyfitter_cfg.c **** #else
 138:Generated_Source\PSoC4/cyfitter_cfg.c ****     /*  If not using CY_CFG_CLOCK_STARTUP_ERROR_CALLBACK, place your clock startup code here. */
 139:Generated_Source\PSoC4/cyfitter_cfg.c ****     /* `#START CyClockStartupError` */
 140:Generated_Source\PSoC4/cyfitter_cfg.c **** 
 141:Generated_Source\PSoC4/cyfitter_cfg.c **** 
 142:Generated_Source\PSoC4/cyfitter_cfg.c **** 
 143:Generated_Source\PSoC4/cyfitter_cfg.c ****     /* `#END` */
 144:Generated_Source\PSoC4/cyfitter_cfg.c **** 
 145:Generated_Source\PSoC4/cyfitter_cfg.c ****     while(1) {}
ARM GAS  C:\Users\wl\AppData\Local\Temp\ccBgVvJ1.s 			page 4


 146:Generated_Source\PSoC4/cyfitter_cfg.c **** #endif /* CY_CFG_CLOCK_STARTUP_ERROR_CALLBACK */
 147:Generated_Source\PSoC4/cyfitter_cfg.c **** }
 148:Generated_Source\PSoC4/cyfitter_cfg.c **** #endif
 149:Generated_Source\PSoC4/cyfitter_cfg.c **** 
 150:Generated_Source\PSoC4/cyfitter_cfg.c **** 
 151:Generated_Source\PSoC4/cyfitter_cfg.c **** 
 152:Generated_Source\PSoC4/cyfitter_cfg.c **** /*******************************************************************************
 153:Generated_Source\PSoC4/cyfitter_cfg.c **** * Function Name: ClockSetup
 154:Generated_Source\PSoC4/cyfitter_cfg.c **** ********************************************************************************
 155:Generated_Source\PSoC4/cyfitter_cfg.c **** *
 156:Generated_Source\PSoC4/cyfitter_cfg.c **** * Summary:
 157:Generated_Source\PSoC4/cyfitter_cfg.c **** *   Performs the initialization of all of the clocks in the device based on the
 158:Generated_Source\PSoC4/cyfitter_cfg.c **** *   settings in the Clock tab of the DWR.  This includes enabling the requested
 159:Generated_Source\PSoC4/cyfitter_cfg.c **** *   clocks and setting the necessary dividers to produce the desired frequency. 
 160:Generated_Source\PSoC4/cyfitter_cfg.c **** *
 161:Generated_Source\PSoC4/cyfitter_cfg.c **** * Parameters:
 162:Generated_Source\PSoC4/cyfitter_cfg.c **** *   void
 163:Generated_Source\PSoC4/cyfitter_cfg.c **** *
 164:Generated_Source\PSoC4/cyfitter_cfg.c **** * Return:
 165:Generated_Source\PSoC4/cyfitter_cfg.c **** *   void
 166:Generated_Source\PSoC4/cyfitter_cfg.c **** *
 167:Generated_Source\PSoC4/cyfitter_cfg.c **** *******************************************************************************/
 168:Generated_Source\PSoC4/cyfitter_cfg.c **** static void ClockSetup(void);
 169:Generated_Source\PSoC4/cyfitter_cfg.c **** CY_CFG_SECTION
 170:Generated_Source\PSoC4/cyfitter_cfg.c **** static void ClockSetup(void)
 171:Generated_Source\PSoC4/cyfitter_cfg.c **** {
 172:Generated_Source\PSoC4/cyfitter_cfg.c **** 
 173:Generated_Source\PSoC4/cyfitter_cfg.c **** 	/* Set Flash Cycles based on max possible frequency in case a glitch occurs during ClockSetup(). *
 174:Generated_Source\PSoC4/cyfitter_cfg.c **** 	CY_SET_REG32((void CYXDATA *)(CYREG_CPUSS_FLASH_CTL), (0x0012u));
 175:Generated_Source\PSoC4/cyfitter_cfg.c **** 
 176:Generated_Source\PSoC4/cyfitter_cfg.c **** 	/* Start the WCO */
 177:Generated_Source\PSoC4/cyfitter_cfg.c **** 	CySysClkWcoStart();
 178:Generated_Source\PSoC4/cyfitter_cfg.c **** 	CyDelayCycles(12000000u); /* WCO may take up to 500ms to start */
 179:Generated_Source\PSoC4/cyfitter_cfg.c **** 	(void)CySysClkWcoSetPowerMode(CY_SYS_CLK_WCO_LPM);    /* Switch to the low power mode */
 180:Generated_Source\PSoC4/cyfitter_cfg.c **** 
 181:Generated_Source\PSoC4/cyfitter_cfg.c **** 	/* Setup and trim IMO based on desired frequency. */
 182:Generated_Source\PSoC4/cyfitter_cfg.c **** 	CySysClkWriteImoFreq(48u);
 183:Generated_Source\PSoC4/cyfitter_cfg.c **** 	/* CYDEV_CLK_ILO_CONFIG Starting address: CYDEV_CLK_ILO_CONFIG */
 184:Generated_Source\PSoC4/cyfitter_cfg.c **** 	CY_SET_REG32((void *)(CYREG_CLK_ILO_CONFIG), 0x80000006u);
 185:Generated_Source\PSoC4/cyfitter_cfg.c **** 
 186:Generated_Source\PSoC4/cyfitter_cfg.c **** 	/* CYDEV_WDT_CONFIG Starting address: CYDEV_WDT_CONFIG */
 187:Generated_Source\PSoC4/cyfitter_cfg.c **** 	CY_SET_REG32((void *)(CYREG_WDT_CONFIG), 0x40000000u);
 188:Generated_Source\PSoC4/cyfitter_cfg.c **** 
 189:Generated_Source\PSoC4/cyfitter_cfg.c **** 
 190:Generated_Source\PSoC4/cyfitter_cfg.c **** 	/* Enable fast start mode for XO */
 191:Generated_Source\PSoC4/cyfitter_cfg.c **** 	CY_SET_REG32((void*)CYREG_BLE_BLERD_BB_XO, CY_GET_REG32((void*)CYREG_BLE_BLERD_BB_XO) | (uint32)0x
 192:Generated_Source\PSoC4/cyfitter_cfg.c **** 	CY_SET_REG32((void *)(CYREG_BLE_BLERD_BB_XO_CAPTRIM), 0x00003E2Du);
 193:Generated_Source\PSoC4/cyfitter_cfg.c **** 	/*Set XTAL(ECO) divider*/
 194:Generated_Source\PSoC4/cyfitter_cfg.c **** 	CY_SET_REG32((void *)(CYREG_BLE_BLESS_XTAL_CLK_DIV_CONFIG), 0x00000000u);
 195:Generated_Source\PSoC4/cyfitter_cfg.c **** 	/* Disable Crystal Stable Interrupt before enabling ECO */
 196:Generated_Source\PSoC4/cyfitter_cfg.c **** 	CY_SET_REG32((void*)CYREG_BLE_BLESS_LL_DSM_CTRL, CY_GET_REG32((void*)CYREG_BLE_BLESS_LL_DSM_CTRL) 
 197:Generated_Source\PSoC4/cyfitter_cfg.c **** 	/* Start the ECO and do not check status since it is not needed for HFCLK */
 198:Generated_Source\PSoC4/cyfitter_cfg.c **** 	(void)CySysClkEcoStart(2000u);
 199:Generated_Source\PSoC4/cyfitter_cfg.c **** 	CyDelayUs(1500u); /* Wait to stabilize */
 200:Generated_Source\PSoC4/cyfitter_cfg.c **** 
 201:Generated_Source\PSoC4/cyfitter_cfg.c **** 	/* Setup phase aligned clocks */
 202:Generated_Source\PSoC4/cyfitter_cfg.c **** 
ARM GAS  C:\Users\wl\AppData\Local\Temp\ccBgVvJ1.s 			page 5


 203:Generated_Source\PSoC4/cyfitter_cfg.c **** 	/* CYDEV_CLK_IMO_CONFIG Starting address: CYDEV_CLK_IMO_CONFIG */
 204:Generated_Source\PSoC4/cyfitter_cfg.c **** 	CY_SET_REG32((void *)(CYREG_CLK_IMO_CONFIG), 0x80000000u);
 205:Generated_Source\PSoC4/cyfitter_cfg.c **** 
 206:Generated_Source\PSoC4/cyfitter_cfg.c **** 	/* CYDEV_CLK_SELECT Starting address: CYDEV_CLK_SELECT */
 207:Generated_Source\PSoC4/cyfitter_cfg.c **** 	CY_SET_REG32((void *)(CYREG_CLK_SELECT), 0x00040000u);
 208:Generated_Source\PSoC4/cyfitter_cfg.c **** 
 209:Generated_Source\PSoC4/cyfitter_cfg.c **** 	(void)CyIntSetVector(8u, &CySysWdtIsr);
 210:Generated_Source\PSoC4/cyfitter_cfg.c **** 	CyIntEnable(8u);
 211:Generated_Source\PSoC4/cyfitter_cfg.c **** 	CY_SET_REG32((void *)(CYREG_WDT_CONFIG), 0x40000000u);
 212:Generated_Source\PSoC4/cyfitter_cfg.c **** }
 213:Generated_Source\PSoC4/cyfitter_cfg.c **** 
 214:Generated_Source\PSoC4/cyfitter_cfg.c **** 
 215:Generated_Source\PSoC4/cyfitter_cfg.c **** /* Analog API Functions */
 216:Generated_Source\PSoC4/cyfitter_cfg.c **** 
 217:Generated_Source\PSoC4/cyfitter_cfg.c **** 
 218:Generated_Source\PSoC4/cyfitter_cfg.c **** /*******************************************************************************
 219:Generated_Source\PSoC4/cyfitter_cfg.c **** * Function Name: AnalogSetDefault
 220:Generated_Source\PSoC4/cyfitter_cfg.c **** ********************************************************************************
 221:Generated_Source\PSoC4/cyfitter_cfg.c **** *
 222:Generated_Source\PSoC4/cyfitter_cfg.c **** * Summary:
 223:Generated_Source\PSoC4/cyfitter_cfg.c **** *  Sets up the analog portions of the chip to default values based on chip
 224:Generated_Source\PSoC4/cyfitter_cfg.c **** *  configuration options from the project.
 225:Generated_Source\PSoC4/cyfitter_cfg.c **** *
 226:Generated_Source\PSoC4/cyfitter_cfg.c **** * Parameters:
 227:Generated_Source\PSoC4/cyfitter_cfg.c **** *  void
 228:Generated_Source\PSoC4/cyfitter_cfg.c **** *
 229:Generated_Source\PSoC4/cyfitter_cfg.c **** * Return:
 230:Generated_Source\PSoC4/cyfitter_cfg.c **** *  void
 231:Generated_Source\PSoC4/cyfitter_cfg.c **** *
 232:Generated_Source\PSoC4/cyfitter_cfg.c **** *******************************************************************************/
 233:Generated_Source\PSoC4/cyfitter_cfg.c **** static void AnalogSetDefault(void);
 234:Generated_Source\PSoC4/cyfitter_cfg.c **** static void AnalogSetDefault(void)
 235:Generated_Source\PSoC4/cyfitter_cfg.c **** {
  27              		.loc 1 235 0
  28              		.cfi_startproc
  29              		@ args = 0, pretend = 0, frame = 0
  30              		@ frame_needed = 0, uses_anonymous_args = 0
  31              		@ link register save eliminated.
 236:Generated_Source\PSoC4/cyfitter_cfg.c **** 	CY_SET_XTND_REG32((void CYFAR *)CYREG_CTBM0_DFT_CTRL, 0x00000003u);
  32              		.loc 1 236 0
  33 0000 0323     		movs	r3, #3
  34 0002 044A     		ldr	r2, .L2
  35 0004 1360     		str	r3, [r2]
 237:Generated_Source\PSoC4/cyfitter_cfg.c **** 	CY_SET_XTND_REG32((void CYFAR *)CYREG_CTBM1_DFT_CTRL, 0x00000003u);
  36              		.loc 1 237 0
  37 0006 044A     		ldr	r2, .L2+4
  38 0008 1360     		str	r3, [r2]
 238:Generated_Source\PSoC4/cyfitter_cfg.c **** 	CY_SET_XTND_REG32((void CYFAR *)CYREG_PASS_DSAB_DSAB_CTRL, 0x00000000u);
  39              		.loc 1 238 0
  40 000a 0022     		movs	r2, #0
  41 000c 034B     		ldr	r3, .L2+8
  42 000e 1A60     		str	r2, [r3]
 239:Generated_Source\PSoC4/cyfitter_cfg.c **** }
  43              		.loc 1 239 0
  44              		@ sp needed
  45 0010 7047     		bx	lr
  46              	.L3:
ARM GAS  C:\Users\wl\AppData\Local\Temp\ccBgVvJ1.s 			page 6


  47 0012 C046     		.align	2
  48              	.L2:
  49 0014 30003040 		.word	1076887600
  50 0018 30003140 		.word	1076953136
  51 001c 000E3F40 		.word	1077874176
  52              		.cfi_endproc
  53              	.LFE6:
  54              		.size	AnalogSetDefault, .-AnalogSetDefault
  55              		.section	.text.CYMEMZERO,"ax",%progbits
  56              		.align	2
  57              		.code	16
  58              		.thumb_func
  59              		.type	CYMEMZERO, %function
  60              	CYMEMZERO:
  61              	.LFB2:
  77:Generated_Source\PSoC4/cyfitter_cfg.c **** 	(void)memset(s, 0, n);
  62              		.loc 1 77 0
  63              		.cfi_startproc
  64              		@ args = 0, pretend = 0, frame = 0
  65              		@ frame_needed = 0, uses_anonymous_args = 0
  66              	.LVL0:
  67 0000 10B5     		push	{r4, lr}
  68              		.cfi_def_cfa_offset 8
  69              		.cfi_offset 4, -8
  70              		.cfi_offset 14, -4
  71 0002 0A00     		movs	r2, r1
  78:Generated_Source\PSoC4/cyfitter_cfg.c **** }
  72              		.loc 1 78 0
  73 0004 0021     		movs	r1, #0
  74              	.LVL1:
  75 0006 FFF7FEFF 		bl	memset
  76              	.LVL2:
  79:Generated_Source\PSoC4/cyfitter_cfg.c **** CY_CFG_UNUSED
  77              		.loc 1 79 0
  78              		@ sp needed
  79 000a 10BD     		pop	{r4, pc}
  80              		.cfi_endproc
  81              	.LFE2:
  82              		.size	CYMEMZERO, .-CYMEMZERO
  83              		.section	.psocinit,"ax",%progbits
  84              		.align	2
  85              		.code	16
  86              		.thumb_func
  87              		.type	ClockSetup, %function
  88              	ClockSetup:
  89              	.LFB5:
 171:Generated_Source\PSoC4/cyfitter_cfg.c **** 
  90              		.loc 1 171 0
  91              		.cfi_startproc
  92              		@ args = 0, pretend = 0, frame = 0
  93              		@ frame_needed = 0, uses_anonymous_args = 0
  94 0000 70B5     		push	{r4, r5, r6, lr}
  95              		.cfi_def_cfa_offset 16
  96              		.cfi_offset 4, -16
  97              		.cfi_offset 5, -12
  98              		.cfi_offset 6, -8
  99              		.cfi_offset 14, -4
ARM GAS  C:\Users\wl\AppData\Local\Temp\ccBgVvJ1.s 			page 7


 174:Generated_Source\PSoC4/cyfitter_cfg.c **** 
 100              		.loc 1 174 0
 101 0002 1222     		movs	r2, #18
 102 0004 1D4B     		ldr	r3, .L6
 103 0006 1A60     		str	r2, [r3]
 177:Generated_Source\PSoC4/cyfitter_cfg.c **** 	CyDelayCycles(12000000u); /* WCO may take up to 500ms to start */
 104              		.loc 1 177 0
 105 0008 FFF7FEFF 		bl	CySysClkWcoStart
 106              	.LVL3:
 178:Generated_Source\PSoC4/cyfitter_cfg.c **** 	(void)CySysClkWcoSetPowerMode(CY_SYS_CLK_WCO_LPM);    /* Switch to the low power mode */
 107              		.loc 1 178 0
 108 000c 1C48     		ldr	r0, .L6+4
 109 000e FFF7FEFF 		bl	CyDelayCycles
 110              	.LVL4:
 179:Generated_Source\PSoC4/cyfitter_cfg.c **** 
 111              		.loc 1 179 0
 112 0012 0120     		movs	r0, #1
 113 0014 FFF7FEFF 		bl	CySysClkWcoSetPowerMode
 114              	.LVL5:
 182:Generated_Source\PSoC4/cyfitter_cfg.c **** 	/* CYDEV_CLK_ILO_CONFIG Starting address: CYDEV_CLK_ILO_CONFIG */
 115              		.loc 1 182 0
 116 0018 3020     		movs	r0, #48
 117 001a FFF7FEFF 		bl	CySysClkWriteImoFreq
 118              	.LVL6:
 184:Generated_Source\PSoC4/cyfitter_cfg.c **** 
 119              		.loc 1 184 0
 120 001e 194A     		ldr	r2, .L6+8
 121 0020 194B     		ldr	r3, .L6+12
 122 0022 1A60     		str	r2, [r3]
 187:Generated_Source\PSoC4/cyfitter_cfg.c **** 
 123              		.loc 1 187 0
 124 0024 194C     		ldr	r4, .L6+16
 125 0026 8025     		movs	r5, #128
 126 0028 ED05     		lsls	r5, r5, #23
 127 002a 2560     		str	r5, [r4]
 191:Generated_Source\PSoC4/cyfitter_cfg.c **** 	CY_SET_REG32((void *)(CYREG_BLE_BLERD_BB_XO_CAPTRIM), 0x00003E2Du);
 128              		.loc 1 191 0
 129 002c 184A     		ldr	r2, .L6+20
 130 002e 1168     		ldr	r1, [r2]
 131 0030 0223     		movs	r3, #2
 132 0032 0B43     		orrs	r3, r1
 133 0034 1360     		str	r3, [r2]
 192:Generated_Source\PSoC4/cyfitter_cfg.c **** 	/*Set XTAL(ECO) divider*/
 134              		.loc 1 192 0
 135 0036 174A     		ldr	r2, .L6+24
 136 0038 174B     		ldr	r3, .L6+28
 137 003a 1A60     		str	r2, [r3]
 194:Generated_Source\PSoC4/cyfitter_cfg.c **** 	/* Disable Crystal Stable Interrupt before enabling ECO */
 138              		.loc 1 194 0
 139 003c 0022     		movs	r2, #0
 140 003e 174B     		ldr	r3, .L6+32
 141 0040 1A60     		str	r2, [r3]
 196:Generated_Source\PSoC4/cyfitter_cfg.c **** 	/* Start the ECO and do not check status since it is not needed for HFCLK */
 142              		.loc 1 196 0
 143 0042 174A     		ldr	r2, .L6+36
 144 0044 1368     		ldr	r3, [r2]
 145 0046 0821     		movs	r1, #8
ARM GAS  C:\Users\wl\AppData\Local\Temp\ccBgVvJ1.s 			page 8


 146 0048 8B43     		bics	r3, r1
 147 004a 1360     		str	r3, [r2]
 198:Generated_Source\PSoC4/cyfitter_cfg.c **** 	CyDelayUs(1500u); /* Wait to stabilize */
 148              		.loc 1 198 0
 149 004c FA20     		movs	r0, #250
 150 004e C000     		lsls	r0, r0, #3
 151 0050 FFF7FEFF 		bl	CySysClkEcoStart
 152              	.LVL7:
 199:Generated_Source\PSoC4/cyfitter_cfg.c **** 
 153              		.loc 1 199 0
 154 0054 1348     		ldr	r0, .L6+40
 155 0056 FFF7FEFF 		bl	CyDelayUs
 156              	.LVL8:
 204:Generated_Source\PSoC4/cyfitter_cfg.c **** 
 157              		.loc 1 204 0
 158 005a 8022     		movs	r2, #128
 159 005c 1206     		lsls	r2, r2, #24
 160 005e 124B     		ldr	r3, .L6+44
 161 0060 1A60     		str	r2, [r3]
 207:Generated_Source\PSoC4/cyfitter_cfg.c **** 
 162              		.loc 1 207 0
 163 0062 8022     		movs	r2, #128
 164 0064 D202     		lsls	r2, r2, #11
 165 0066 114B     		ldr	r3, .L6+48
 166 0068 1A60     		str	r2, [r3]
 209:Generated_Source\PSoC4/cyfitter_cfg.c **** 	CyIntEnable(8u);
 167              		.loc 1 209 0
 168 006a 1149     		ldr	r1, .L6+52
 169 006c 0820     		movs	r0, #8
 170 006e FFF7FEFF 		bl	CyIntSetVector
 171              	.LVL9:
 210:Generated_Source\PSoC4/cyfitter_cfg.c **** 	CY_SET_REG32((void *)(CYREG_WDT_CONFIG), 0x40000000u);
 172              		.loc 1 210 0
 173 0072 0820     		movs	r0, #8
 174 0074 FFF7FEFF 		bl	CyIntEnable
 175              	.LVL10:
 211:Generated_Source\PSoC4/cyfitter_cfg.c **** }
 176              		.loc 1 211 0
 177 0078 2560     		str	r5, [r4]
 212:Generated_Source\PSoC4/cyfitter_cfg.c **** 
 178              		.loc 1 212 0
 179              		@ sp needed
 180 007a 70BD     		pop	{r4, r5, r6, pc}
 181              	.L7:
 182              		.align	2
 183              	.L6:
 184 007c 30001040 		.word	1074790448
 185 0080 001BB700 		.word	12000000
 186 0084 06000080 		.word	-2147483642
 187 0088 04010B40 		.word	1074462980
 188 008c 0C020B40 		.word	1074463244
 189 0090 78002E40 		.word	1076756600
 190 0094 2D3E0000 		.word	15917
 191 0098 7C002E40 		.word	1076756604
 192 009c 64F02E40 		.word	1076818020
 193 00a0 6CF02E40 		.word	1076818028
 194 00a4 DC050000 		.word	1500
ARM GAS  C:\Users\wl\AppData\Local\Temp\ccBgVvJ1.s 			page 9


 195 00a8 08010B40 		.word	1074462984
 196 00ac 00010B40 		.word	1074462976
 197 00b0 00000000 		.word	CySysWdtIsr
 198              		.cfi_endproc
 199              	.LFE5:
 200              		.size	ClockSetup, .-ClockSetup
 201              		.align	2
 202              		.global	cyfitter_cfg
 203              		.code	16
 204              		.thumb_func
 205              		.type	cyfitter_cfg, %function
 206              	cyfitter_cfg:
 207              	.LFB7:
 240:Generated_Source\PSoC4/cyfitter_cfg.c **** 
 241:Generated_Source\PSoC4/cyfitter_cfg.c **** 
 242:Generated_Source\PSoC4/cyfitter_cfg.c **** 
 243:Generated_Source\PSoC4/cyfitter_cfg.c **** 
 244:Generated_Source\PSoC4/cyfitter_cfg.c **** /*******************************************************************************
 245:Generated_Source\PSoC4/cyfitter_cfg.c **** * Function Name: cyfitter_cfg
 246:Generated_Source\PSoC4/cyfitter_cfg.c **** ********************************************************************************
 247:Generated_Source\PSoC4/cyfitter_cfg.c **** * Summary:
 248:Generated_Source\PSoC4/cyfitter_cfg.c **** *  This function is called by the start-up code for the selected device. It
 249:Generated_Source\PSoC4/cyfitter_cfg.c **** *  performs all of the necessary device configuration based on the design
 250:Generated_Source\PSoC4/cyfitter_cfg.c **** *  settings.  This includes settings from the Design Wide Resources (DWR) such
 251:Generated_Source\PSoC4/cyfitter_cfg.c **** *  as Clocks and Pins as well as any component configuration that is necessary.
 252:Generated_Source\PSoC4/cyfitter_cfg.c **** *
 253:Generated_Source\PSoC4/cyfitter_cfg.c **** * Parameters:
 254:Generated_Source\PSoC4/cyfitter_cfg.c **** *   void
 255:Generated_Source\PSoC4/cyfitter_cfg.c **** *
 256:Generated_Source\PSoC4/cyfitter_cfg.c **** * Return:
 257:Generated_Source\PSoC4/cyfitter_cfg.c **** *   void
 258:Generated_Source\PSoC4/cyfitter_cfg.c **** *
 259:Generated_Source\PSoC4/cyfitter_cfg.c **** *******************************************************************************/
 260:Generated_Source\PSoC4/cyfitter_cfg.c **** CY_CFG_SECTION
 261:Generated_Source\PSoC4/cyfitter_cfg.c **** void cyfitter_cfg(void)
 262:Generated_Source\PSoC4/cyfitter_cfg.c **** {
 208              		.loc 1 262 0
 209              		.cfi_startproc
 210              		@ args = 0, pretend = 0, frame = 0
 211              		@ frame_needed = 0, uses_anonymous_args = 0
 212 00b4 10B5     		push	{r4, lr}
 213              		.cfi_def_cfa_offset 8
 214              		.cfi_offset 4, -8
 215              		.cfi_offset 14, -4
 263:Generated_Source\PSoC4/cyfitter_cfg.c **** 	/* Disable interrupts by default. Let user enable if/when they want. */
 264:Generated_Source\PSoC4/cyfitter_cfg.c **** 	CyGlobalIntDisable;
 216              		.loc 1 264 0
 217              		.syntax divided
 218              	@ 264 "Generated_Source\PSoC4\cyfitter_cfg.c" 1
 219 00b6 72B6     		CPSID   i
 220              	@ 0 "" 2
 265:Generated_Source\PSoC4/cyfitter_cfg.c **** 
 266:Generated_Source\PSoC4/cyfitter_cfg.c **** 	CY_SET_REG32((void *)(CYREG_BLE_BLESS_LL_DSM_CTRL), 0x00000000u);
 221              		.loc 1 266 0
 222              		.thumb
 223              		.syntax unified
 224 00b8 0022     		movs	r2, #0
ARM GAS  C:\Users\wl\AppData\Local\Temp\ccBgVvJ1.s 			page 10


 225 00ba 204B     		ldr	r3, .L11
 226 00bc 1A60     		str	r2, [r3]
 227              	.LVL11:
 228              	.LBB2:
 267:Generated_Source\PSoC4/cyfitter_cfg.c **** 
 268:Generated_Source\PSoC4/cyfitter_cfg.c **** 	{
 269:Generated_Source\PSoC4/cyfitter_cfg.c **** 
 270:Generated_Source\PSoC4/cyfitter_cfg.c **** 		CYPACKED typedef struct {
 271:Generated_Source\PSoC4/cyfitter_cfg.c **** 			void CYFAR *address;
 272:Generated_Source\PSoC4/cyfitter_cfg.c **** 			uint16 size;
 273:Generated_Source\PSoC4/cyfitter_cfg.c **** 		} CYPACKED_ATTR cfg_memset_t;
 274:Generated_Source\PSoC4/cyfitter_cfg.c **** 
 275:Generated_Source\PSoC4/cyfitter_cfg.c **** 		static const cfg_memset_t CYCODE cfg_memset_list[] = {
 276:Generated_Source\PSoC4/cyfitter_cfg.c **** 			/* address, size */
 277:Generated_Source\PSoC4/cyfitter_cfg.c **** 			{(void CYFAR *)(CYDEV_UDB_P0_U0_BASE), 1024u},
 278:Generated_Source\PSoC4/cyfitter_cfg.c **** 			{(void CYFAR *)(CYDEV_UDB_DSI0_BASE), 1024u},
 279:Generated_Source\PSoC4/cyfitter_cfg.c **** 		};
 280:Generated_Source\PSoC4/cyfitter_cfg.c **** 
 281:Generated_Source\PSoC4/cyfitter_cfg.c **** 		uint8 CYDATA i;
 282:Generated_Source\PSoC4/cyfitter_cfg.c **** 
 283:Generated_Source\PSoC4/cyfitter_cfg.c **** 		/* Zero out critical memory blocks before beginning configuration */
 284:Generated_Source\PSoC4/cyfitter_cfg.c **** 		for (i = 0u; i < (sizeof(cfg_memset_list)/sizeof(cfg_memset_list[0])); i++)
 229              		.loc 1 284 0
 230 00be 0024     		movs	r4, #0
 231 00c0 0FE0     		b	.L9
 232              	.LVL12:
 233              	.L10:
 234              	.LBB3:
 285:Generated_Source\PSoC4/cyfitter_cfg.c **** 		{
 286:Generated_Source\PSoC4/cyfitter_cfg.c **** 			const cfg_memset_t CYCODE * CYDATA ms = &cfg_memset_list[i];
 287:Generated_Source\PSoC4/cyfitter_cfg.c **** 			CYMEMZERO(ms->address, (size_t)(uint32)(ms->size));
 235              		.loc 1 287 0 discriminator 3
 236 00c2 1F48     		ldr	r0, .L11+4
 237 00c4 6200     		lsls	r2, r4, #1
 238 00c6 1319     		adds	r3, r2, r4
 239 00c8 5900     		lsls	r1, r3, #1
 240 00ca 0B00     		movs	r3, r1
 241 00cc 4118     		adds	r1, r0, r1
 242 00ce 8988     		ldrh	r1, [r1, #4]
 243 00d0 1A5A     		ldrh	r2, [r3, r0]
 244 00d2 C318     		adds	r3, r0, r3
 245 00d4 5888     		ldrh	r0, [r3, #2]
 246 00d6 0004     		lsls	r0, r0, #16
 247 00d8 1043     		orrs	r0, r2
 248 00da FFF7FEFF 		bl	CYMEMZERO
 249              	.LVL13:
 250              	.LBE3:
 284:Generated_Source\PSoC4/cyfitter_cfg.c **** 		{
 251              		.loc 1 284 0 discriminator 3
 252 00de 0134     		adds	r4, r4, #1
 253              	.LVL14:
 254 00e0 E4B2     		uxtb	r4, r4
 255              	.LVL15:
 256              	.L9:
 284:Generated_Source\PSoC4/cyfitter_cfg.c **** 		{
 257              		.loc 1 284 0 is_stmt 0 discriminator 1
 258 00e2 012C     		cmp	r4, #1
ARM GAS  C:\Users\wl\AppData\Local\Temp\ccBgVvJ1.s 			page 11


 259 00e4 EDD9     		bls	.L10
 288:Generated_Source\PSoC4/cyfitter_cfg.c **** 		}
 289:Generated_Source\PSoC4/cyfitter_cfg.c **** 
 290:Generated_Source\PSoC4/cyfitter_cfg.c **** 		/* HSIOM Starting address: CYDEV_HSIOM_BASE */
 291:Generated_Source\PSoC4/cyfitter_cfg.c **** 		CY_SET_REG32((void *)(CYDEV_HSIOM_BASE), 0xEE000000u);
 260              		.loc 1 291 0 is_stmt 1
 261 00e6 EE22     		movs	r2, #238
 262 00e8 1206     		lsls	r2, r2, #24
 263 00ea 164B     		ldr	r3, .L11+8
 264 00ec 1A60     		str	r2, [r3]
 292:Generated_Source\PSoC4/cyfitter_cfg.c **** 
 293:Generated_Source\PSoC4/cyfitter_cfg.c **** 		/* UDB_PA_0 Starting address: CYDEV_UDB_PA0_BASE */
 294:Generated_Source\PSoC4/cyfitter_cfg.c **** 		CY_SET_REG32((void *)(CYDEV_UDB_PA0_BASE), 0x00990000u);
 265              		.loc 1 294 0
 266 00ee 9923     		movs	r3, #153
 267 00f0 1B04     		lsls	r3, r3, #16
 268 00f2 154A     		ldr	r2, .L11+12
 269 00f4 1360     		str	r3, [r2]
 295:Generated_Source\PSoC4/cyfitter_cfg.c **** 
 296:Generated_Source\PSoC4/cyfitter_cfg.c **** 		/* UDB_PA_2 Starting address: CYDEV_UDB_PA2_BASE */
 297:Generated_Source\PSoC4/cyfitter_cfg.c **** 		CY_SET_REG32((void *)(CYDEV_UDB_PA2_BASE), 0x00990000u);
 270              		.loc 1 297 0
 271 00f6 154A     		ldr	r2, .L11+16
 272 00f8 1360     		str	r3, [r2]
 298:Generated_Source\PSoC4/cyfitter_cfg.c **** 
 299:Generated_Source\PSoC4/cyfitter_cfg.c **** 		/* UDB_PA_3 Starting address: CYDEV_UDB_PA3_BASE */
 300:Generated_Source\PSoC4/cyfitter_cfg.c **** 		CY_SET_REG32((void *)(CYDEV_UDB_PA3_BASE), 0x00990000u);
 273              		.loc 1 300 0
 274 00fa 154A     		ldr	r2, .L11+20
 275 00fc 1360     		str	r3, [r2]
 301:Generated_Source\PSoC4/cyfitter_cfg.c **** 
 302:Generated_Source\PSoC4/cyfitter_cfg.c **** 		/* Enable digital routing */
 303:Generated_Source\PSoC4/cyfitter_cfg.c **** 		CY_SET_XTND_REG8((void *)CYREG_UDB_UDBIF_BANK_CTL, (uint8)(CY_GET_XTND_REG8((void *)CYREG_UDB_UDB
 276              		.loc 1 303 0
 277 00fe 154A     		ldr	r2, .L11+24
 278 0100 1178     		ldrb	r1, [r2]
 279 0102 0623     		movs	r3, #6
 280 0104 0B43     		orrs	r3, r1
 281 0106 DBB2     		uxtb	r3, r3
 282 0108 1370     		strb	r3, [r2]
 283              	.LBE2:
 304:Generated_Source\PSoC4/cyfitter_cfg.c **** 	}
 305:Generated_Source\PSoC4/cyfitter_cfg.c **** 
 306:Generated_Source\PSoC4/cyfitter_cfg.c **** 	/* Perform second pass device configuration. These items must be configured in specific order afte
 307:Generated_Source\PSoC4/cyfitter_cfg.c **** 	/* IOPINS0_0 Starting address: CYDEV_GPIO_PRT0_BASE */
 308:Generated_Source\PSoC4/cyfitter_cfg.c **** 	CY_SET_REG32((void *)(CYREG_GPIO_PRT0_PC), 0x00D80000u);
 284              		.loc 1 308 0
 285 010a D823     		movs	r3, #216
 286 010c 1B04     		lsls	r3, r3, #16
 287 010e 124A     		ldr	r2, .L11+28
 288 0110 1360     		str	r3, [r2]
 309:Generated_Source\PSoC4/cyfitter_cfg.c **** 
 310:Generated_Source\PSoC4/cyfitter_cfg.c **** 	/* IOPINS0_2 Starting address: CYDEV_GPIO_PRT2_BASE */
 311:Generated_Source\PSoC4/cyfitter_cfg.c **** 	CY_SET_REG32((void *)(CYDEV_GPIO_PRT2_BASE), 0x000000C0u);
 289              		.loc 1 311 0
 290 0112 C022     		movs	r2, #192
 291 0114 1149     		ldr	r1, .L11+32
ARM GAS  C:\Users\wl\AppData\Local\Temp\ccBgVvJ1.s 			page 12


 292 0116 0A60     		str	r2, [r1]
 312:Generated_Source\PSoC4/cyfitter_cfg.c **** 	CY_SET_REG32((void *)(CYREG_GPIO_PRT2_PC), 0x00580000u);
 293              		.loc 1 312 0
 294 0118 B020     		movs	r0, #176
 295 011a C003     		lsls	r0, r0, #15
 296 011c 1049     		ldr	r1, .L11+36
 297 011e 0860     		str	r0, [r1]
 313:Generated_Source\PSoC4/cyfitter_cfg.c **** 	CY_SET_REG32((void *)(CYREG_GPIO_PRT2_INTR_CFG), 0x00008000u);
 298              		.loc 1 313 0
 299 0120 8020     		movs	r0, #128
 300 0122 0002     		lsls	r0, r0, #8
 301 0124 0F49     		ldr	r1, .L11+40
 302 0126 0860     		str	r0, [r1]
 314:Generated_Source\PSoC4/cyfitter_cfg.c **** 
 315:Generated_Source\PSoC4/cyfitter_cfg.c **** 	/* IOPINS0_3 Starting address: CYDEV_GPIO_PRT3_BASE */
 316:Generated_Source\PSoC4/cyfitter_cfg.c **** 	CY_SET_REG32((void *)(CYDEV_GPIO_PRT3_BASE), 0x000000C0u);
 303              		.loc 1 316 0
 304 0128 0F49     		ldr	r1, .L11+44
 305 012a 0A60     		str	r2, [r1]
 317:Generated_Source\PSoC4/cyfitter_cfg.c **** 	CY_SET_REG32((void *)(CYREG_GPIO_PRT3_PC), 0x00D80000u);
 306              		.loc 1 317 0
 307 012c 0F4A     		ldr	r2, .L11+48
 308 012e 1360     		str	r3, [r2]
 318:Generated_Source\PSoC4/cyfitter_cfg.c **** 
 319:Generated_Source\PSoC4/cyfitter_cfg.c **** 
 320:Generated_Source\PSoC4/cyfitter_cfg.c **** 	/* Setup clocks based on selections from Clock DWR */
 321:Generated_Source\PSoC4/cyfitter_cfg.c **** 	ClockSetup();
 309              		.loc 1 321 0
 310 0130 FFF766FF 		bl	ClockSetup
 311              	.LVL16:
 322:Generated_Source\PSoC4/cyfitter_cfg.c **** 
 323:Generated_Source\PSoC4/cyfitter_cfg.c **** 	/* Perform basic analog initialization to defaults */
 324:Generated_Source\PSoC4/cyfitter_cfg.c **** 	AnalogSetDefault();
 312              		.loc 1 324 0
 313 0134 FFF7FEFF 		bl	AnalogSetDefault
 314              	.LVL17:
 325:Generated_Source\PSoC4/cyfitter_cfg.c **** 
 326:Generated_Source\PSoC4/cyfitter_cfg.c **** }
 315              		.loc 1 326 0
 316              		@ sp needed
 317              	.LVL18:
 318 0138 10BD     		pop	{r4, pc}
 319              	.L12:
 320 013a C046     		.align	2
 321              	.L11:
 322 013c 6CF02E40 		.word	1076818028
 323 0140 00000000 		.word	.LANCHOR0
 324 0144 00000240 		.word	1073872896
 325 0148 00500F40 		.word	1074745344
 326 014c 20500F40 		.word	1074745376
 327 0150 30500F40 		.word	1074745392
 328 0154 00700F40 		.word	1074753536
 329 0158 08000440 		.word	1074003976
 330 015c 00020440 		.word	1074004480
 331 0160 08020440 		.word	1074004488
 332 0164 0C020440 		.word	1074004492
 333 0168 00030440 		.word	1074004736
ARM GAS  C:\Users\wl\AppData\Local\Temp\ccBgVvJ1.s 			page 13


 334 016c 08030440 		.word	1074004744
 335              		.cfi_endproc
 336              	.LFE7:
 337              		.size	cyfitter_cfg, .-cyfitter_cfg
 338              		.section	.rodata
 339              		.align	2
 340              		.set	.LANCHOR0,. + 0
 341              		.type	cfg_memset_list.4893, %object
 342              		.size	cfg_memset_list.4893, 12
 343              	cfg_memset_list.4893:
 344 0000 00300F40 		.word	1074737152
 345 0004 0004     		.short	1024
 346 0006 00400F40 		.4byte	1074741248
 347 000a 0004     		.short	1024
 348              		.text
 349              	.Letext0:
 350              		.file 2 "c:\\program files (x86)\\cypress\\psoc creator\\4.2\\psoc creator\\import\\gnu\\arm\\5.4.
 351              		.file 3 "Generated_Source\\PSoC4\\cytypes.h"
 352              		.file 4 "Generated_Source\\PSoC4\\CyLFClk.h"
 353              		.file 5 "Generated_Source\\PSoC4\\CyLib.h"
 354              		.section	.debug_info,"",%progbits
 355              	.Ldebug_info0:
 356 0000 29030000 		.4byte	0x329
 357 0004 0400     		.2byte	0x4
 358 0006 00000000 		.4byte	.Ldebug_abbrev0
 359 000a 04       		.byte	0x4
 360 000b 01       		.uleb128 0x1
 361 000c 84010000 		.4byte	.LASF34
 362 0010 0C       		.byte	0xc
 363 0011 96020000 		.4byte	.LASF35
 364 0015 C4000000 		.4byte	.LASF36
 365 0019 00000000 		.4byte	.Ldebug_ranges0+0
 366 001d 00000000 		.4byte	0
 367 0021 00000000 		.4byte	.Ldebug_line0
 368 0025 02       		.uleb128 0x2
 369 0026 04       		.byte	0x4
 370 0027 05       		.byte	0x5
 371 0028 696E7400 		.ascii	"int\000"
 372 002c 03       		.uleb128 0x3
 373 002d 14000000 		.4byte	.LASF12
 374 0031 02       		.byte	0x2
 375 0032 D8       		.byte	0xd8
 376 0033 37000000 		.4byte	0x37
 377 0037 04       		.uleb128 0x4
 378 0038 04       		.byte	0x4
 379 0039 07       		.byte	0x7
 380 003a 4B010000 		.4byte	.LASF0
 381 003e 04       		.uleb128 0x4
 382 003f 08       		.byte	0x8
 383 0040 05       		.byte	0x5
 384 0041 28020000 		.4byte	.LASF1
 385 0045 04       		.uleb128 0x4
 386 0046 08       		.byte	0x8
 387 0047 04       		.byte	0x4
 388 0048 7E020000 		.4byte	.LASF2
 389 004c 04       		.uleb128 0x4
 390 004d 01       		.byte	0x1
ARM GAS  C:\Users\wl\AppData\Local\Temp\ccBgVvJ1.s 			page 14


 391 004e 06       		.byte	0x6
 392 004f 8A020000 		.4byte	.LASF3
 393 0053 04       		.uleb128 0x4
 394 0054 01       		.byte	0x1
 395 0055 08       		.byte	0x8
 396 0056 15010000 		.4byte	.LASF4
 397 005a 04       		.uleb128 0x4
 398 005b 02       		.byte	0x2
 399 005c 05       		.byte	0x5
 400 005d 56020000 		.4byte	.LASF5
 401 0061 04       		.uleb128 0x4
 402 0062 02       		.byte	0x2
 403 0063 07       		.byte	0x7
 404 0064 56000000 		.4byte	.LASF6
 405 0068 04       		.uleb128 0x4
 406 0069 04       		.byte	0x4
 407 006a 05       		.byte	0x5
 408 006b 75020000 		.4byte	.LASF7
 409 006f 04       		.uleb128 0x4
 410 0070 04       		.byte	0x4
 411 0071 07       		.byte	0x7
 412 0072 91000000 		.4byte	.LASF8
 413 0076 04       		.uleb128 0x4
 414 0077 08       		.byte	0x8
 415 0078 07       		.byte	0x7
 416 0079 6D010000 		.4byte	.LASF9
 417 007d 04       		.uleb128 0x4
 418 007e 04       		.byte	0x4
 419 007f 07       		.byte	0x7
 420 0080 1F020000 		.4byte	.LASF10
 421 0084 05       		.uleb128 0x5
 422 0085 04       		.byte	0x4
 423 0086 04       		.uleb128 0x4
 424 0087 01       		.byte	0x1
 425 0088 08       		.byte	0x8
 426 0089 40020000 		.4byte	.LASF11
 427 008d 06       		.uleb128 0x6
 428 008e A3000000 		.4byte	.LASF13
 429 0092 03       		.byte	0x3
 430 0093 E401     		.2byte	0x1e4
 431 0095 53000000 		.4byte	0x53
 432 0099 06       		.uleb128 0x6
 433 009a 3D010000 		.4byte	.LASF14
 434 009e 03       		.byte	0x3
 435 009f E501     		.2byte	0x1e5
 436 00a1 61000000 		.4byte	0x61
 437 00a5 06       		.uleb128 0x6
 438 00a6 44010000 		.4byte	.LASF15
 439 00aa 03       		.byte	0x3
 440 00ab E601     		.2byte	0x1e6
 441 00ad 6F000000 		.4byte	0x6f
 442 00b1 04       		.uleb128 0x4
 443 00b2 04       		.byte	0x4
 444 00b3 04       		.byte	0x4
 445 00b4 69000000 		.4byte	.LASF16
 446 00b8 04       		.uleb128 0x4
 447 00b9 08       		.byte	0x8
ARM GAS  C:\Users\wl\AppData\Local\Temp\ccBgVvJ1.s 			page 15


 448 00ba 04       		.byte	0x4
 449 00bb 2A010000 		.4byte	.LASF17
 450 00bf 06       		.uleb128 0x6
 451 00c0 8C000000 		.4byte	.LASF18
 452 00c4 03       		.byte	0x3
 453 00c5 8E02     		.2byte	0x28e
 454 00c7 CB000000 		.4byte	0xcb
 455 00cb 07       		.uleb128 0x7
 456 00cc 8D000000 		.4byte	0x8d
 457 00d0 06       		.uleb128 0x6
 458 00d1 0E000000 		.4byte	.LASF19
 459 00d5 03       		.byte	0x3
 460 00d6 9002     		.2byte	0x290
 461 00d8 DC000000 		.4byte	0xdc
 462 00dc 07       		.uleb128 0x7
 463 00dd A5000000 		.4byte	0xa5
 464 00e1 08       		.uleb128 0x8
 465 00e2 1B000000 		.4byte	.LASF37
 466 00e6 01       		.byte	0x1
 467 00e7 EA       		.byte	0xea
 468 00e8 00000000 		.4byte	.LFB6
 469 00ec 20000000 		.4byte	.LFE6-.LFB6
 470 00f0 01       		.uleb128 0x1
 471 00f1 9C       		.byte	0x9c
 472 00f2 09       		.uleb128 0x9
 473 00f3 BA000000 		.4byte	.LASF20
 474 00f7 01       		.byte	0x1
 475 00f8 4C       		.byte	0x4c
 476 00f9 00000000 		.4byte	.LFB2
 477 00fd 0C000000 		.4byte	.LFE2-.LFB2
 478 0101 01       		.uleb128 0x1
 479 0102 9C       		.byte	0x9c
 480 0103 3F010000 		.4byte	0x13f
 481 0107 0A       		.uleb128 0xa
 482 0108 7300     		.ascii	"s\000"
 483 010a 01       		.byte	0x1
 484 010b 4C       		.byte	0x4c
 485 010c 84000000 		.4byte	0x84
 486 0110 00000000 		.4byte	.LLST0
 487 0114 0A       		.uleb128 0xa
 488 0115 6E00     		.ascii	"n\000"
 489 0117 01       		.byte	0x1
 490 0118 4C       		.byte	0x4c
 491 0119 2C000000 		.4byte	0x2c
 492 011d 21000000 		.4byte	.LLST1
 493 0121 0B       		.uleb128 0xb
 494 0122 0A000000 		.4byte	.LVL2
 495 0126 CB020000 		.4byte	0x2cb
 496 012a 0C       		.uleb128 0xc
 497 012b 01       		.uleb128 0x1
 498 012c 50       		.byte	0x50
 499 012d 03       		.uleb128 0x3
 500 012e F3       		.byte	0xf3
 501 012f 01       		.uleb128 0x1
 502 0130 50       		.byte	0x50
 503 0131 0C       		.uleb128 0xc
 504 0132 01       		.uleb128 0x1
ARM GAS  C:\Users\wl\AppData\Local\Temp\ccBgVvJ1.s 			page 16


 505 0133 51       		.byte	0x51
 506 0134 01       		.uleb128 0x1
 507 0135 30       		.byte	0x30
 508 0136 0C       		.uleb128 0xc
 509 0137 01       		.uleb128 0x1
 510 0138 52       		.byte	0x52
 511 0139 03       		.uleb128 0x3
 512 013a F3       		.byte	0xf3
 513 013b 01       		.uleb128 0x1
 514 013c 51       		.byte	0x51
 515 013d 00       		.byte	0
 516 013e 00       		.byte	0
 517 013f 09       		.uleb128 0x9
 518 0140 4B000000 		.4byte	.LASF21
 519 0144 01       		.byte	0x1
 520 0145 AA       		.byte	0xaa
 521 0146 00000000 		.4byte	.LFB5
 522 014a B4000000 		.4byte	.LFE5-.LFB5
 523 014e 01       		.uleb128 0x1
 524 014f 9C       		.byte	0x9c
 525 0150 E8010000 		.4byte	0x1e8
 526 0154 0D       		.uleb128 0xd
 527 0155 0C000000 		.4byte	.LVL3
 528 0159 D4020000 		.4byte	0x2d4
 529 015d 0E       		.uleb128 0xe
 530 015e 12000000 		.4byte	.LVL4
 531 0162 DF020000 		.4byte	0x2df
 532 0166 74010000 		.4byte	0x174
 533 016a 0C       		.uleb128 0xc
 534 016b 01       		.uleb128 0x1
 535 016c 50       		.byte	0x50
 536 016d 05       		.uleb128 0x5
 537 016e 0C       		.byte	0xc
 538 016f 001BB700 		.4byte	0xb71b00
 539 0173 00       		.byte	0
 540 0174 0E       		.uleb128 0xe
 541 0175 18000000 		.4byte	.LVL5
 542 0179 EA020000 		.4byte	0x2ea
 543 017d 87010000 		.4byte	0x187
 544 0181 0C       		.uleb128 0xc
 545 0182 01       		.uleb128 0x1
 546 0183 50       		.byte	0x50
 547 0184 01       		.uleb128 0x1
 548 0185 31       		.byte	0x31
 549 0186 00       		.byte	0
 550 0187 0E       		.uleb128 0xe
 551 0188 1E000000 		.4byte	.LVL6
 552 018c F5020000 		.4byte	0x2f5
 553 0190 9B010000 		.4byte	0x19b
 554 0194 0C       		.uleb128 0xc
 555 0195 01       		.uleb128 0x1
 556 0196 50       		.byte	0x50
 557 0197 02       		.uleb128 0x2
 558 0198 08       		.byte	0x8
 559 0199 30       		.byte	0x30
 560 019a 00       		.byte	0
 561 019b 0E       		.uleb128 0xe
ARM GAS  C:\Users\wl\AppData\Local\Temp\ccBgVvJ1.s 			page 17


 562 019c 54000000 		.4byte	.LVL7
 563 01a0 00030000 		.4byte	0x300
 564 01a4 B0010000 		.4byte	0x1b0
 565 01a8 0C       		.uleb128 0xc
 566 01a9 01       		.uleb128 0x1
 567 01aa 50       		.byte	0x50
 568 01ab 03       		.uleb128 0x3
 569 01ac 0A       		.byte	0xa
 570 01ad D007     		.2byte	0x7d0
 571 01af 00       		.byte	0
 572 01b0 0E       		.uleb128 0xe
 573 01b1 5A000000 		.4byte	.LVL8
 574 01b5 0B030000 		.4byte	0x30b
 575 01b9 C5010000 		.4byte	0x1c5
 576 01bd 0C       		.uleb128 0xc
 577 01be 01       		.uleb128 0x1
 578 01bf 50       		.byte	0x50
 579 01c0 03       		.uleb128 0x3
 580 01c1 0A       		.byte	0xa
 581 01c2 DC05     		.2byte	0x5dc
 582 01c4 00       		.byte	0
 583 01c5 0E       		.uleb128 0xe
 584 01c6 72000000 		.4byte	.LVL9
 585 01ca 16030000 		.4byte	0x316
 586 01ce D8010000 		.4byte	0x1d8
 587 01d2 0C       		.uleb128 0xc
 588 01d3 01       		.uleb128 0x1
 589 01d4 50       		.byte	0x50
 590 01d5 01       		.uleb128 0x1
 591 01d6 38       		.byte	0x38
 592 01d7 00       		.byte	0
 593 01d8 0B       		.uleb128 0xb
 594 01d9 78000000 		.4byte	.LVL10
 595 01dd 21030000 		.4byte	0x321
 596 01e1 0C       		.uleb128 0xc
 597 01e2 01       		.uleb128 0x1
 598 01e3 50       		.byte	0x50
 599 01e4 01       		.uleb128 0x1
 600 01e5 38       		.byte	0x38
 601 01e6 00       		.byte	0
 602 01e7 00       		.byte	0
 603 01e8 0F       		.uleb128 0xf
 604 01e9 58010000 		.4byte	.LASF38
 605 01ed 01       		.byte	0x1
 606 01ee 0501     		.2byte	0x105
 607 01f0 B4000000 		.4byte	.LFB7
 608 01f4 BC000000 		.4byte	.LFE7-.LFB7
 609 01f8 01       		.uleb128 0x1
 610 01f9 9C       		.byte	0x9c
 611 01fa CB020000 		.4byte	0x2cb
 612 01fe 10       		.uleb128 0x10
 613 01ff BE000000 		.4byte	.LBB2
 614 0203 4C000000 		.4byte	.LBE2-.LBB2
 615 0207 B8020000 		.4byte	0x2b8
 616 020b 11       		.uleb128 0x11
 617 020c 06       		.byte	0x6
 618 020d 01       		.byte	0x1
ARM GAS  C:\Users\wl\AppData\Local\Temp\ccBgVvJ1.s 			page 18


 619 020e 0E01     		.2byte	0x10e
 620 0210 2F020000 		.4byte	0x22f
 621 0214 12       		.uleb128 0x12
 622 0215 65010000 		.4byte	.LASF22
 623 0219 01       		.byte	0x1
 624 021a 0F01     		.2byte	0x10f
 625 021c 84000000 		.4byte	0x84
 626 0220 00       		.byte	0
 627 0221 12       		.uleb128 0x12
 628 0222 6F000000 		.4byte	.LASF23
 629 0226 01       		.byte	0x1
 630 0227 1001     		.2byte	0x110
 631 0229 99000000 		.4byte	0x99
 632 022d 04       		.byte	0x4
 633 022e 00       		.byte	0
 634 022f 06       		.uleb128 0x6
 635 0230 12020000 		.4byte	.LASF24
 636 0234 01       		.byte	0x1
 637 0235 1101     		.2byte	0x111
 638 0237 0B020000 		.4byte	0x20b
 639 023b 13       		.uleb128 0x13
 640 023c 4B020000 		.4byte	0x24b
 641 0240 4B020000 		.4byte	0x24b
 642 0244 14       		.uleb128 0x14
 643 0245 7D000000 		.4byte	0x7d
 644 0249 01       		.byte	0x1
 645 024a 00       		.byte	0
 646 024b 15       		.uleb128 0x15
 647 024c 2F020000 		.4byte	0x22f
 648 0250 16       		.uleb128 0x16
 649 0251 3B000000 		.4byte	.LASF25
 650 0255 01       		.byte	0x1
 651 0256 1301     		.2byte	0x113
 652 0258 62020000 		.4byte	0x262
 653 025c 05       		.uleb128 0x5
 654 025d 03       		.byte	0x3
 655 025e 00000000 		.4byte	cfg_memset_list.4893
 656 0262 15       		.uleb128 0x15
 657 0263 3B020000 		.4byte	0x23b
 658 0267 17       		.uleb128 0x17
 659 0268 6900     		.ascii	"i\000"
 660 026a 01       		.byte	0x1
 661 026b 1901     		.2byte	0x119
 662 026d 8D000000 		.4byte	0x8d
 663 0271 4D000000 		.4byte	.LLST2
 664 0275 18       		.uleb128 0x18
 665 0276 C2000000 		.4byte	.LBB3
 666 027a 1C000000 		.4byte	.LBE3-.LBB3
 667 027e 17       		.uleb128 0x17
 668 027f 6D7300   		.ascii	"ms\000"
 669 0282 01       		.byte	0x1
 670 0283 1E01     		.2byte	0x11e
 671 0285 8D020000 		.4byte	0x28d
 672 0289 77000000 		.4byte	.LLST3
 673 028d 19       		.uleb128 0x19
 674 028e 04       		.byte	0x4
 675 028f 4B020000 		.4byte	0x24b
ARM GAS  C:\Users\wl\AppData\Local\Temp\ccBgVvJ1.s 			page 19


 676 0293 0B       		.uleb128 0xb
 677 0294 DE000000 		.4byte	.LVL13
 678 0298 F2000000 		.4byte	0xf2
 679 029c 0C       		.uleb128 0xc
 680 029d 01       		.uleb128 0x1
 681 029e 51       		.byte	0x51
 682 029f 15       		.uleb128 0x15
 683 02a0 74       		.byte	0x74
 684 02a1 00       		.sleb128 0
 685 02a2 31       		.byte	0x31
 686 02a3 24       		.byte	0x24
 687 02a4 74       		.byte	0x74
 688 02a5 00       		.sleb128 0
 689 02a6 22       		.byte	0x22
 690 02a7 31       		.byte	0x31
 691 02a8 24       		.byte	0x24
 692 02a9 03       		.byte	0x3
 693 02aa 04000000 		.4byte	.LANCHOR0+4
 694 02ae 22       		.byte	0x22
 695 02af 94       		.byte	0x94
 696 02b0 02       		.byte	0x2
 697 02b1 0A       		.byte	0xa
 698 02b2 FFFF     		.2byte	0xffff
 699 02b4 1A       		.byte	0x1a
 700 02b5 00       		.byte	0
 701 02b6 00       		.byte	0
 702 02b7 00       		.byte	0
 703 02b8 0D       		.uleb128 0xd
 704 02b9 34010000 		.4byte	.LVL16
 705 02bd 3F010000 		.4byte	0x13f
 706 02c1 0D       		.uleb128 0xd
 707 02c2 38010000 		.4byte	.LVL17
 708 02c6 E1000000 		.4byte	0xe1
 709 02ca 00       		.byte	0
 710 02cb 1A       		.uleb128 0x1a
 711 02cc 23010000 		.4byte	.LASF39
 712 02d0 23010000 		.4byte	.LASF39
 713 02d4 1B       		.uleb128 0x1b
 714 02d5 A9000000 		.4byte	.LASF26
 715 02d9 A9000000 		.4byte	.LASF26
 716 02dd 04       		.byte	0x4
 717 02de 4E       		.byte	0x4e
 718 02df 1B       		.uleb128 0x1b
 719 02e0 00000000 		.4byte	.LASF27
 720 02e4 00000000 		.4byte	.LASF27
 721 02e8 05       		.byte	0x5
 722 02e9 DC       		.byte	0xdc
 723 02ea 1B       		.uleb128 0x1b
 724 02eb 74000000 		.4byte	.LASF28
 725 02ef 74000000 		.4byte	.LASF28
 726 02f3 04       		.byte	0x4
 727 02f4 50       		.byte	0x50
 728 02f5 1B       		.uleb128 0x1b
 729 02f6 60020000 		.4byte	.LASF29
 730 02fa 60020000 		.4byte	.LASF29
 731 02fe 05       		.byte	0x5
 732 02ff 6C       		.byte	0x6c
ARM GAS  C:\Users\wl\AppData\Local\Temp\ccBgVvJ1.s 			page 20


 733 0300 1B       		.uleb128 0x1b
 734 0301 45020000 		.4byte	.LASF30
 735 0305 45020000 		.4byte	.LASF30
 736 0309 05       		.byte	0x5
 737 030a 84       		.byte	0x84
 738 030b 1B       		.uleb128 0x1b
 739 030c 36020000 		.4byte	.LASF31
 740 0310 36020000 		.4byte	.LASF31
 741 0314 05       		.byte	0x5
 742 0315 DA       		.byte	0xda
 743 0316 1B       		.uleb128 0x1b
 744 0317 2C000000 		.4byte	.LASF32
 745 031b 2C000000 		.4byte	.LASF32
 746 031f 05       		.byte	0x5
 747 0320 BD       		.byte	0xbd
 748 0321 1B       		.uleb128 0x1b
 749 0322 31010000 		.4byte	.LASF33
 750 0326 31010000 		.4byte	.LASF33
 751 032a 05       		.byte	0x5
 752 032b C3       		.byte	0xc3
 753 032c 00       		.byte	0
 754              		.section	.debug_abbrev,"",%progbits
 755              	.Ldebug_abbrev0:
 756 0000 01       		.uleb128 0x1
 757 0001 11       		.uleb128 0x11
 758 0002 01       		.byte	0x1
 759 0003 25       		.uleb128 0x25
 760 0004 0E       		.uleb128 0xe
 761 0005 13       		.uleb128 0x13
 762 0006 0B       		.uleb128 0xb
 763 0007 03       		.uleb128 0x3
 764 0008 0E       		.uleb128 0xe
 765 0009 1B       		.uleb128 0x1b
 766 000a 0E       		.uleb128 0xe
 767 000b 55       		.uleb128 0x55
 768 000c 17       		.uleb128 0x17
 769 000d 11       		.uleb128 0x11
 770 000e 01       		.uleb128 0x1
 771 000f 10       		.uleb128 0x10
 772 0010 17       		.uleb128 0x17
 773 0011 00       		.byte	0
 774 0012 00       		.byte	0
 775 0013 02       		.uleb128 0x2
 776 0014 24       		.uleb128 0x24
 777 0015 00       		.byte	0
 778 0016 0B       		.uleb128 0xb
 779 0017 0B       		.uleb128 0xb
 780 0018 3E       		.uleb128 0x3e
 781 0019 0B       		.uleb128 0xb
 782 001a 03       		.uleb128 0x3
 783 001b 08       		.uleb128 0x8
 784 001c 00       		.byte	0
 785 001d 00       		.byte	0
 786 001e 03       		.uleb128 0x3
 787 001f 16       		.uleb128 0x16
 788 0020 00       		.byte	0
 789 0021 03       		.uleb128 0x3
ARM GAS  C:\Users\wl\AppData\Local\Temp\ccBgVvJ1.s 			page 21


 790 0022 0E       		.uleb128 0xe
 791 0023 3A       		.uleb128 0x3a
 792 0024 0B       		.uleb128 0xb
 793 0025 3B       		.uleb128 0x3b
 794 0026 0B       		.uleb128 0xb
 795 0027 49       		.uleb128 0x49
 796 0028 13       		.uleb128 0x13
 797 0029 00       		.byte	0
 798 002a 00       		.byte	0
 799 002b 04       		.uleb128 0x4
 800 002c 24       		.uleb128 0x24
 801 002d 00       		.byte	0
 802 002e 0B       		.uleb128 0xb
 803 002f 0B       		.uleb128 0xb
 804 0030 3E       		.uleb128 0x3e
 805 0031 0B       		.uleb128 0xb
 806 0032 03       		.uleb128 0x3
 807 0033 0E       		.uleb128 0xe
 808 0034 00       		.byte	0
 809 0035 00       		.byte	0
 810 0036 05       		.uleb128 0x5
 811 0037 0F       		.uleb128 0xf
 812 0038 00       		.byte	0
 813 0039 0B       		.uleb128 0xb
 814 003a 0B       		.uleb128 0xb
 815 003b 00       		.byte	0
 816 003c 00       		.byte	0
 817 003d 06       		.uleb128 0x6
 818 003e 16       		.uleb128 0x16
 819 003f 00       		.byte	0
 820 0040 03       		.uleb128 0x3
 821 0041 0E       		.uleb128 0xe
 822 0042 3A       		.uleb128 0x3a
 823 0043 0B       		.uleb128 0xb
 824 0044 3B       		.uleb128 0x3b
 825 0045 05       		.uleb128 0x5
 826 0046 49       		.uleb128 0x49
 827 0047 13       		.uleb128 0x13
 828 0048 00       		.byte	0
 829 0049 00       		.byte	0
 830 004a 07       		.uleb128 0x7
 831 004b 35       		.uleb128 0x35
 832 004c 00       		.byte	0
 833 004d 49       		.uleb128 0x49
 834 004e 13       		.uleb128 0x13
 835 004f 00       		.byte	0
 836 0050 00       		.byte	0
 837 0051 08       		.uleb128 0x8
 838 0052 2E       		.uleb128 0x2e
 839 0053 00       		.byte	0
 840 0054 03       		.uleb128 0x3
 841 0055 0E       		.uleb128 0xe
 842 0056 3A       		.uleb128 0x3a
 843 0057 0B       		.uleb128 0xb
 844 0058 3B       		.uleb128 0x3b
 845 0059 0B       		.uleb128 0xb
 846 005a 27       		.uleb128 0x27
ARM GAS  C:\Users\wl\AppData\Local\Temp\ccBgVvJ1.s 			page 22


 847 005b 19       		.uleb128 0x19
 848 005c 11       		.uleb128 0x11
 849 005d 01       		.uleb128 0x1
 850 005e 12       		.uleb128 0x12
 851 005f 06       		.uleb128 0x6
 852 0060 40       		.uleb128 0x40
 853 0061 18       		.uleb128 0x18
 854 0062 9742     		.uleb128 0x2117
 855 0064 19       		.uleb128 0x19
 856 0065 00       		.byte	0
 857 0066 00       		.byte	0
 858 0067 09       		.uleb128 0x9
 859 0068 2E       		.uleb128 0x2e
 860 0069 01       		.byte	0x1
 861 006a 03       		.uleb128 0x3
 862 006b 0E       		.uleb128 0xe
 863 006c 3A       		.uleb128 0x3a
 864 006d 0B       		.uleb128 0xb
 865 006e 3B       		.uleb128 0x3b
 866 006f 0B       		.uleb128 0xb
 867 0070 27       		.uleb128 0x27
 868 0071 19       		.uleb128 0x19
 869 0072 11       		.uleb128 0x11
 870 0073 01       		.uleb128 0x1
 871 0074 12       		.uleb128 0x12
 872 0075 06       		.uleb128 0x6
 873 0076 40       		.uleb128 0x40
 874 0077 18       		.uleb128 0x18
 875 0078 9742     		.uleb128 0x2117
 876 007a 19       		.uleb128 0x19
 877 007b 01       		.uleb128 0x1
 878 007c 13       		.uleb128 0x13
 879 007d 00       		.byte	0
 880 007e 00       		.byte	0
 881 007f 0A       		.uleb128 0xa
 882 0080 05       		.uleb128 0x5
 883 0081 00       		.byte	0
 884 0082 03       		.uleb128 0x3
 885 0083 08       		.uleb128 0x8
 886 0084 3A       		.uleb128 0x3a
 887 0085 0B       		.uleb128 0xb
 888 0086 3B       		.uleb128 0x3b
 889 0087 0B       		.uleb128 0xb
 890 0088 49       		.uleb128 0x49
 891 0089 13       		.uleb128 0x13
 892 008a 02       		.uleb128 0x2
 893 008b 17       		.uleb128 0x17
 894 008c 00       		.byte	0
 895 008d 00       		.byte	0
 896 008e 0B       		.uleb128 0xb
 897 008f 898201   		.uleb128 0x4109
 898 0092 01       		.byte	0x1
 899 0093 11       		.uleb128 0x11
 900 0094 01       		.uleb128 0x1
 901 0095 31       		.uleb128 0x31
 902 0096 13       		.uleb128 0x13
 903 0097 00       		.byte	0
ARM GAS  C:\Users\wl\AppData\Local\Temp\ccBgVvJ1.s 			page 23


 904 0098 00       		.byte	0
 905 0099 0C       		.uleb128 0xc
 906 009a 8A8201   		.uleb128 0x410a
 907 009d 00       		.byte	0
 908 009e 02       		.uleb128 0x2
 909 009f 18       		.uleb128 0x18
 910 00a0 9142     		.uleb128 0x2111
 911 00a2 18       		.uleb128 0x18
 912 00a3 00       		.byte	0
 913 00a4 00       		.byte	0
 914 00a5 0D       		.uleb128 0xd
 915 00a6 898201   		.uleb128 0x4109
 916 00a9 00       		.byte	0
 917 00aa 11       		.uleb128 0x11
 918 00ab 01       		.uleb128 0x1
 919 00ac 31       		.uleb128 0x31
 920 00ad 13       		.uleb128 0x13
 921 00ae 00       		.byte	0
 922 00af 00       		.byte	0
 923 00b0 0E       		.uleb128 0xe
 924 00b1 898201   		.uleb128 0x4109
 925 00b4 01       		.byte	0x1
 926 00b5 11       		.uleb128 0x11
 927 00b6 01       		.uleb128 0x1
 928 00b7 31       		.uleb128 0x31
 929 00b8 13       		.uleb128 0x13
 930 00b9 01       		.uleb128 0x1
 931 00ba 13       		.uleb128 0x13
 932 00bb 00       		.byte	0
 933 00bc 00       		.byte	0
 934 00bd 0F       		.uleb128 0xf
 935 00be 2E       		.uleb128 0x2e
 936 00bf 01       		.byte	0x1
 937 00c0 3F       		.uleb128 0x3f
 938 00c1 19       		.uleb128 0x19
 939 00c2 03       		.uleb128 0x3
 940 00c3 0E       		.uleb128 0xe
 941 00c4 3A       		.uleb128 0x3a
 942 00c5 0B       		.uleb128 0xb
 943 00c6 3B       		.uleb128 0x3b
 944 00c7 05       		.uleb128 0x5
 945 00c8 27       		.uleb128 0x27
 946 00c9 19       		.uleb128 0x19
 947 00ca 11       		.uleb128 0x11
 948 00cb 01       		.uleb128 0x1
 949 00cc 12       		.uleb128 0x12
 950 00cd 06       		.uleb128 0x6
 951 00ce 40       		.uleb128 0x40
 952 00cf 18       		.uleb128 0x18
 953 00d0 9742     		.uleb128 0x2117
 954 00d2 19       		.uleb128 0x19
 955 00d3 01       		.uleb128 0x1
 956 00d4 13       		.uleb128 0x13
 957 00d5 00       		.byte	0
 958 00d6 00       		.byte	0
 959 00d7 10       		.uleb128 0x10
 960 00d8 0B       		.uleb128 0xb
ARM GAS  C:\Users\wl\AppData\Local\Temp\ccBgVvJ1.s 			page 24


 961 00d9 01       		.byte	0x1
 962 00da 11       		.uleb128 0x11
 963 00db 01       		.uleb128 0x1
 964 00dc 12       		.uleb128 0x12
 965 00dd 06       		.uleb128 0x6
 966 00de 01       		.uleb128 0x1
 967 00df 13       		.uleb128 0x13
 968 00e0 00       		.byte	0
 969 00e1 00       		.byte	0
 970 00e2 11       		.uleb128 0x11
 971 00e3 13       		.uleb128 0x13
 972 00e4 01       		.byte	0x1
 973 00e5 0B       		.uleb128 0xb
 974 00e6 0B       		.uleb128 0xb
 975 00e7 3A       		.uleb128 0x3a
 976 00e8 0B       		.uleb128 0xb
 977 00e9 3B       		.uleb128 0x3b
 978 00ea 05       		.uleb128 0x5
 979 00eb 01       		.uleb128 0x1
 980 00ec 13       		.uleb128 0x13
 981 00ed 00       		.byte	0
 982 00ee 00       		.byte	0
 983 00ef 12       		.uleb128 0x12
 984 00f0 0D       		.uleb128 0xd
 985 00f1 00       		.byte	0
 986 00f2 03       		.uleb128 0x3
 987 00f3 0E       		.uleb128 0xe
 988 00f4 3A       		.uleb128 0x3a
 989 00f5 0B       		.uleb128 0xb
 990 00f6 3B       		.uleb128 0x3b
 991 00f7 05       		.uleb128 0x5
 992 00f8 49       		.uleb128 0x49
 993 00f9 13       		.uleb128 0x13
 994 00fa 38       		.uleb128 0x38
 995 00fb 0B       		.uleb128 0xb
 996 00fc 00       		.byte	0
 997 00fd 00       		.byte	0
 998 00fe 13       		.uleb128 0x13
 999 00ff 01       		.uleb128 0x1
 1000 0100 01       		.byte	0x1
 1001 0101 49       		.uleb128 0x49
 1002 0102 13       		.uleb128 0x13
 1003 0103 01       		.uleb128 0x1
 1004 0104 13       		.uleb128 0x13
 1005 0105 00       		.byte	0
 1006 0106 00       		.byte	0
 1007 0107 14       		.uleb128 0x14
 1008 0108 21       		.uleb128 0x21
 1009 0109 00       		.byte	0
 1010 010a 49       		.uleb128 0x49
 1011 010b 13       		.uleb128 0x13
 1012 010c 2F       		.uleb128 0x2f
 1013 010d 0B       		.uleb128 0xb
 1014 010e 00       		.byte	0
 1015 010f 00       		.byte	0
 1016 0110 15       		.uleb128 0x15
 1017 0111 26       		.uleb128 0x26
ARM GAS  C:\Users\wl\AppData\Local\Temp\ccBgVvJ1.s 			page 25


 1018 0112 00       		.byte	0
 1019 0113 49       		.uleb128 0x49
 1020 0114 13       		.uleb128 0x13
 1021 0115 00       		.byte	0
 1022 0116 00       		.byte	0
 1023 0117 16       		.uleb128 0x16
 1024 0118 34       		.uleb128 0x34
 1025 0119 00       		.byte	0
 1026 011a 03       		.uleb128 0x3
 1027 011b 0E       		.uleb128 0xe
 1028 011c 3A       		.uleb128 0x3a
 1029 011d 0B       		.uleb128 0xb
 1030 011e 3B       		.uleb128 0x3b
 1031 011f 05       		.uleb128 0x5
 1032 0120 49       		.uleb128 0x49
 1033 0121 13       		.uleb128 0x13
 1034 0122 02       		.uleb128 0x2
 1035 0123 18       		.uleb128 0x18
 1036 0124 00       		.byte	0
 1037 0125 00       		.byte	0
 1038 0126 17       		.uleb128 0x17
 1039 0127 34       		.uleb128 0x34
 1040 0128 00       		.byte	0
 1041 0129 03       		.uleb128 0x3
 1042 012a 08       		.uleb128 0x8
 1043 012b 3A       		.uleb128 0x3a
 1044 012c 0B       		.uleb128 0xb
 1045 012d 3B       		.uleb128 0x3b
 1046 012e 05       		.uleb128 0x5
 1047 012f 49       		.uleb128 0x49
 1048 0130 13       		.uleb128 0x13
 1049 0131 02       		.uleb128 0x2
 1050 0132 17       		.uleb128 0x17
 1051 0133 00       		.byte	0
 1052 0134 00       		.byte	0
 1053 0135 18       		.uleb128 0x18
 1054 0136 0B       		.uleb128 0xb
 1055 0137 01       		.byte	0x1
 1056 0138 11       		.uleb128 0x11
 1057 0139 01       		.uleb128 0x1
 1058 013a 12       		.uleb128 0x12
 1059 013b 06       		.uleb128 0x6
 1060 013c 00       		.byte	0
 1061 013d 00       		.byte	0
 1062 013e 19       		.uleb128 0x19
 1063 013f 0F       		.uleb128 0xf
 1064 0140 00       		.byte	0
 1065 0141 0B       		.uleb128 0xb
 1066 0142 0B       		.uleb128 0xb
 1067 0143 49       		.uleb128 0x49
 1068 0144 13       		.uleb128 0x13
 1069 0145 00       		.byte	0
 1070 0146 00       		.byte	0
 1071 0147 1A       		.uleb128 0x1a
 1072 0148 2E       		.uleb128 0x2e
 1073 0149 00       		.byte	0
 1074 014a 3F       		.uleb128 0x3f
ARM GAS  C:\Users\wl\AppData\Local\Temp\ccBgVvJ1.s 			page 26


 1075 014b 19       		.uleb128 0x19
 1076 014c 3C       		.uleb128 0x3c
 1077 014d 19       		.uleb128 0x19
 1078 014e 6E       		.uleb128 0x6e
 1079 014f 0E       		.uleb128 0xe
 1080 0150 03       		.uleb128 0x3
 1081 0151 0E       		.uleb128 0xe
 1082 0152 00       		.byte	0
 1083 0153 00       		.byte	0
 1084 0154 1B       		.uleb128 0x1b
 1085 0155 2E       		.uleb128 0x2e
 1086 0156 00       		.byte	0
 1087 0157 3F       		.uleb128 0x3f
 1088 0158 19       		.uleb128 0x19
 1089 0159 3C       		.uleb128 0x3c
 1090 015a 19       		.uleb128 0x19
 1091 015b 6E       		.uleb128 0x6e
 1092 015c 0E       		.uleb128 0xe
 1093 015d 03       		.uleb128 0x3
 1094 015e 0E       		.uleb128 0xe
 1095 015f 3A       		.uleb128 0x3a
 1096 0160 0B       		.uleb128 0xb
 1097 0161 3B       		.uleb128 0x3b
 1098 0162 0B       		.uleb128 0xb
 1099 0163 00       		.byte	0
 1100 0164 00       		.byte	0
 1101 0165 00       		.byte	0
 1102              		.section	.debug_loc,"",%progbits
 1103              	.Ldebug_loc0:
 1104              	.LLST0:
 1105 0000 00000000 		.4byte	.LVL0
 1106 0004 09000000 		.4byte	.LVL2-1
 1107 0008 0100     		.2byte	0x1
 1108 000a 50       		.byte	0x50
 1109 000b 09000000 		.4byte	.LVL2-1
 1110 000f 0C000000 		.4byte	.LFE2
 1111 0013 0400     		.2byte	0x4
 1112 0015 F3       		.byte	0xf3
 1113 0016 01       		.uleb128 0x1
 1114 0017 50       		.byte	0x50
 1115 0018 9F       		.byte	0x9f
 1116 0019 00000000 		.4byte	0
 1117 001d 00000000 		.4byte	0
 1118              	.LLST1:
 1119 0021 00000000 		.4byte	.LVL0
 1120 0025 06000000 		.4byte	.LVL1
 1121 0029 0100     		.2byte	0x1
 1122 002b 51       		.byte	0x51
 1123 002c 06000000 		.4byte	.LVL1
 1124 0030 09000000 		.4byte	.LVL2-1
 1125 0034 0100     		.2byte	0x1
 1126 0036 52       		.byte	0x52
 1127 0037 09000000 		.4byte	.LVL2-1
 1128 003b 0C000000 		.4byte	.LFE2
 1129 003f 0400     		.2byte	0x4
 1130 0041 F3       		.byte	0xf3
 1131 0042 01       		.uleb128 0x1
ARM GAS  C:\Users\wl\AppData\Local\Temp\ccBgVvJ1.s 			page 27


 1132 0043 51       		.byte	0x51
 1133 0044 9F       		.byte	0x9f
 1134 0045 00000000 		.4byte	0
 1135 0049 00000000 		.4byte	0
 1136              	.LLST2:
 1137 004d BE000000 		.4byte	.LVL11
 1138 0051 C2000000 		.4byte	.LVL12
 1139 0055 0200     		.2byte	0x2
 1140 0057 30       		.byte	0x30
 1141 0058 9F       		.byte	0x9f
 1142 0059 C2000000 		.4byte	.LVL12
 1143 005d E0000000 		.4byte	.LVL14
 1144 0061 0100     		.2byte	0x1
 1145 0063 54       		.byte	0x54
 1146 0064 E2000000 		.4byte	.LVL15
 1147 0068 38010000 		.4byte	.LVL18
 1148 006c 0100     		.2byte	0x1
 1149 006e 54       		.byte	0x54
 1150 006f 00000000 		.4byte	0
 1151 0073 00000000 		.4byte	0
 1152              	.LLST3:
 1153 0077 C2000000 		.4byte	.LVL12
 1154 007b E0000000 		.4byte	.LVL14
 1155 007f 0B00     		.2byte	0xb
 1156 0081 74       		.byte	0x74
 1157 0082 00       		.sleb128 0
 1158 0083 36       		.byte	0x36
 1159 0084 1E       		.byte	0x1e
 1160 0085 03       		.byte	0x3
 1161 0086 00000000 		.4byte	cfg_memset_list.4893
 1162 008a 22       		.byte	0x22
 1163 008b 9F       		.byte	0x9f
 1164 008c E0000000 		.4byte	.LVL14
 1165 0090 E2000000 		.4byte	.LVL15
 1166 0094 0B00     		.2byte	0xb
 1167 0096 74       		.byte	0x74
 1168 0097 7F       		.sleb128 -1
 1169 0098 36       		.byte	0x36
 1170 0099 1E       		.byte	0x1e
 1171 009a 03       		.byte	0x3
 1172 009b 00000000 		.4byte	cfg_memset_list.4893
 1173 009f 22       		.byte	0x22
 1174 00a0 9F       		.byte	0x9f
 1175 00a1 00000000 		.4byte	0
 1176 00a5 00000000 		.4byte	0
 1177              		.section	.debug_aranges,"",%progbits
 1178 0000 34000000 		.4byte	0x34
 1179 0004 0200     		.2byte	0x2
 1180 0006 00000000 		.4byte	.Ldebug_info0
 1181 000a 04       		.byte	0x4
 1182 000b 00       		.byte	0
 1183 000c 0000     		.2byte	0
 1184 000e 0000     		.2byte	0
 1185 0010 00000000 		.4byte	.LFB6
 1186 0014 20000000 		.4byte	.LFE6-.LFB6
 1187 0018 00000000 		.4byte	.LFB2
 1188 001c 0C000000 		.4byte	.LFE2-.LFB2
ARM GAS  C:\Users\wl\AppData\Local\Temp\ccBgVvJ1.s 			page 28


 1189 0020 00000000 		.4byte	.LFB5
 1190 0024 B4000000 		.4byte	.LFE5-.LFB5
 1191 0028 B4000000 		.4byte	.LFB7
 1192 002c BC000000 		.4byte	.LFE7-.LFB7
 1193 0030 00000000 		.4byte	0
 1194 0034 00000000 		.4byte	0
 1195              		.section	.debug_ranges,"",%progbits
 1196              	.Ldebug_ranges0:
 1197 0000 00000000 		.4byte	.LFB6
 1198 0004 20000000 		.4byte	.LFE6
 1199 0008 00000000 		.4byte	.LFB2
 1200 000c 0C000000 		.4byte	.LFE2
 1201 0010 00000000 		.4byte	.LFB5
 1202 0014 B4000000 		.4byte	.LFE5
 1203 0018 B4000000 		.4byte	.LFB7
 1204 001c 70010000 		.4byte	.LFE7
 1205 0020 00000000 		.4byte	0
 1206 0024 00000000 		.4byte	0
 1207              		.section	.debug_line,"",%progbits
 1208              	.Ldebug_line0:
 1209 0000 5A010000 		.section	.debug_str,"MS",%progbits,1
 1209      0200E300 
 1209      00000201 
 1209      FB0E0D00 
 1209      01010101 
 1210              	.LASF27:
 1211 0000 43794465 		.ascii	"CyDelayCycles\000"
 1211      6C617943 
 1211      79636C65 
 1211      7300
 1212              	.LASF19:
 1213 000e 72656733 		.ascii	"reg32\000"
 1213      3200
 1214              	.LASF12:
 1215 0014 73697A65 		.ascii	"size_t\000"
 1215      5F7400
 1216              	.LASF37:
 1217 001b 416E616C 		.ascii	"AnalogSetDefault\000"
 1217      6F675365 
 1217      74446566 
 1217      61756C74 
 1217      00
 1218              	.LASF32:
 1219 002c 4379496E 		.ascii	"CyIntSetVector\000"
 1219      74536574 
 1219      56656374 
 1219      6F7200
 1220              	.LASF25:
 1221 003b 6366675F 		.ascii	"cfg_memset_list\000"
 1221      6D656D73 
 1221      65745F6C 
 1221      69737400 
 1222              	.LASF21:
 1223 004b 436C6F63 		.ascii	"ClockSetup\000"
 1223      6B536574 
 1223      757000
 1224              	.LASF6:
ARM GAS  C:\Users\wl\AppData\Local\Temp\ccBgVvJ1.s 			page 29


 1225 0056 73686F72 		.ascii	"short unsigned int\000"
 1225      7420756E 
 1225      7369676E 
 1225      65642069 
 1225      6E7400
 1226              	.LASF16:
 1227 0069 666C6F61 		.ascii	"float\000"
 1227      7400
 1228              	.LASF23:
 1229 006f 73697A65 		.ascii	"size\000"
 1229      00
 1230              	.LASF28:
 1231 0074 43795379 		.ascii	"CySysClkWcoSetPowerMode\000"
 1231      73436C6B 
 1231      57636F53 
 1231      6574506F 
 1231      7765724D 
 1232              	.LASF18:
 1233 008c 72656738 		.ascii	"reg8\000"
 1233      00
 1234              	.LASF8:
 1235 0091 6C6F6E67 		.ascii	"long unsigned int\000"
 1235      20756E73 
 1235      69676E65 
 1235      6420696E 
 1235      7400
 1236              	.LASF13:
 1237 00a3 75696E74 		.ascii	"uint8\000"
 1237      3800
 1238              	.LASF26:
 1239 00a9 43795379 		.ascii	"CySysClkWcoStart\000"
 1239      73436C6B 
 1239      57636F53 
 1239      74617274 
 1239      00
 1240              	.LASF20:
 1241 00ba 43594D45 		.ascii	"CYMEMZERO\000"
 1241      4D5A4552 
 1241      4F00
 1242              	.LASF36:
 1243 00c4 433A5C55 		.ascii	"C:\\Users\\wl\\Desktop\\cypressResource\\projects\\"
 1243      73657273 
 1243      5C776C5C 
 1243      4465736B 
 1243      746F705C 
 1244 00f1 576F726B 		.ascii	"Workspace01\\Lesson3-Interrupt.cydsn\000"
 1244      73706163 
 1244      6530315C 
 1244      4C657373 
 1244      6F6E332D 
 1245              	.LASF4:
 1246 0115 756E7369 		.ascii	"unsigned char\000"
 1246      676E6564 
 1246      20636861 
 1246      7200
 1247              	.LASF39:
 1248 0123 6D656D73 		.ascii	"memset\000"
ARM GAS  C:\Users\wl\AppData\Local\Temp\ccBgVvJ1.s 			page 30


 1248      657400
 1249              	.LASF17:
 1250 012a 646F7562 		.ascii	"double\000"
 1250      6C6500
 1251              	.LASF33:
 1252 0131 4379496E 		.ascii	"CyIntEnable\000"
 1252      74456E61 
 1252      626C6500 
 1253              	.LASF14:
 1254 013d 75696E74 		.ascii	"uint16\000"
 1254      313600
 1255              	.LASF15:
 1256 0144 75696E74 		.ascii	"uint32\000"
 1256      333200
 1257              	.LASF0:
 1258 014b 756E7369 		.ascii	"unsigned int\000"
 1258      676E6564 
 1258      20696E74 
 1258      00
 1259              	.LASF38:
 1260 0158 63796669 		.ascii	"cyfitter_cfg\000"
 1260      74746572 
 1260      5F636667 
 1260      00
 1261              	.LASF22:
 1262 0165 61646472 		.ascii	"address\000"
 1262      65737300 
 1263              	.LASF9:
 1264 016d 6C6F6E67 		.ascii	"long long unsigned int\000"
 1264      206C6F6E 
 1264      6720756E 
 1264      7369676E 
 1264      65642069 
 1265              	.LASF34:
 1266 0184 474E5520 		.ascii	"GNU C11 5.4.1 20160609 (release) [ARM/embedded-5-br"
 1266      43313120 
 1266      352E342E 
 1266      31203230 
 1266      31363036 
 1267 01b7 616E6368 		.ascii	"anch revision 237715] -mcpu=cortex-m0 -mthumb -g -O"
 1267      20726576 
 1267      6973696F 
 1267      6E203233 
 1267      37373135 
 1268 01ea 67202D66 		.ascii	"g -ffunction-sections -ffat-lto-objects\000"
 1268      66756E63 
 1268      74696F6E 
 1268      2D736563 
 1268      74696F6E 
 1269              	.LASF24:
 1270 0212 6366675F 		.ascii	"cfg_memset_t\000"
 1270      6D656D73 
 1270      65745F74 
 1270      00
 1271              	.LASF10:
 1272 021f 73697A65 		.ascii	"sizetype\000"
 1272      74797065 
ARM GAS  C:\Users\wl\AppData\Local\Temp\ccBgVvJ1.s 			page 31


 1272      00
 1273              	.LASF1:
 1274 0228 6C6F6E67 		.ascii	"long long int\000"
 1274      206C6F6E 
 1274      6720696E 
 1274      7400
 1275              	.LASF31:
 1276 0236 43794465 		.ascii	"CyDelayUs\000"
 1276      6C617955 
 1276      7300
 1277              	.LASF11:
 1278 0240 63686172 		.ascii	"char\000"
 1278      00
 1279              	.LASF30:
 1280 0245 43795379 		.ascii	"CySysClkEcoStart\000"
 1280      73436C6B 
 1280      45636F53 
 1280      74617274 
 1280      00
 1281              	.LASF5:
 1282 0256 73686F72 		.ascii	"short int\000"
 1282      7420696E 
 1282      7400
 1283              	.LASF29:
 1284 0260 43795379 		.ascii	"CySysClkWriteImoFreq\000"
 1284      73436C6B 
 1284      57726974 
 1284      65496D6F 
 1284      46726571 
 1285              	.LASF7:
 1286 0275 6C6F6E67 		.ascii	"long int\000"
 1286      20696E74 
 1286      00
 1287              	.LASF2:
 1288 027e 6C6F6E67 		.ascii	"long double\000"
 1288      20646F75 
 1288      626C6500 
 1289              	.LASF3:
 1290 028a 7369676E 		.ascii	"signed char\000"
 1290      65642063 
 1290      68617200 
 1291              	.LASF35:
 1292 0296 47656E65 		.ascii	"Generated_Source\\PSoC4\\cyfitter_cfg.c\000"
 1292      72617465 
 1292      645F536F 
 1292      75726365 
 1292      5C50536F 
 1293              		.ident	"GCC: (GNU Tools for ARM Embedded Processors) 5.4.1 20160609 (release) [ARM/embedded-5-bran
