ARM GAS  C:\Users\wl\AppData\Local\Temp\cclFLx1c.s 			page 1


   1              		.syntax unified
   2              		.cpu cortex-m0
   3              		.fpu softvfp
   4              		.eabi_attribute 20, 1
   5              		.eabi_attribute 21, 1
   6              		.eabi_attribute 23, 3
   7              		.eabi_attribute 24, 1
   8              		.eabi_attribute 25, 1
   9              		.eabi_attribute 26, 1
  10              		.eabi_attribute 30, 1
  11              		.eabi_attribute 34, 0
  12              		.eabi_attribute 18, 4
  13              		.thumb
  14              		.syntax unified
  15              		.file	"main.c"
  16              		.text
  17              	.Ltext0:
  18              		.cfi_sections	.debug_frame
  19              		.section	.text.Pin_SW2_Handler,"ax",%progbits
  20              		.align	2
  21              		.global	Pin_SW2_Handler
  22              		.code	16
  23              		.thumb_func
  24              		.type	Pin_SW2_Handler, %function
  25              	Pin_SW2_Handler:
  26              	.LFB35:
  27              		.file 1 "main.c"
   1:main.c        **** /* ========================================
   2:main.c        ****  *
   3:main.c        ****  * Copyright YOUR COMPANY, THE YEAR
   4:main.c        ****  * All Rights Reserved
   5:main.c        ****  * UNPUBLISHED, LICENSED SOFTWARE.
   6:main.c        ****  *
   7:main.c        ****  * CONFIDENTIAL AND PROPRIETARY INFORMATION
   8:main.c        ****  * WHICH IS THE PROPERTY OF your company.
   9:main.c        ****  *
  10:main.c        ****  * ========================================
  11:main.c        **** */
  12:main.c        **** #include "project.h"
  13:main.c        **** 
  14:main.c        **** 
  15:main.c        **** CY_ISR(Pin_SW2_Handler) 
  16:main.c        **** {
  28              		.loc 1 16 0
  29              		.cfi_startproc
  30              		@ args = 0, pretend = 0, frame = 0
  31              		@ frame_needed = 0, uses_anonymous_args = 0
  32 0000 10B5     		push	{r4, lr}
  33              		.cfi_def_cfa_offset 8
  34              		.cfi_offset 4, -8
  35              		.cfi_offset 14, -4
  17:main.c        ****     Pin_Red_Write(~Pin_Red_Read()); 
  36              		.loc 1 17 0
  37 0002 FFF7FEFF 		bl	Pin_Red_Read
  38              	.LVL0:
  39 0006 C043     		mvns	r0, r0
  40 0008 C0B2     		uxtb	r0, r0
ARM GAS  C:\Users\wl\AppData\Local\Temp\cclFLx1c.s 			page 2


  41 000a FFF7FEFF 		bl	Pin_Red_Write
  42              	.LVL1:
  18:main.c        ****     Pin_Green_Write(~Pin_Green_Read());   
  43              		.loc 1 18 0
  44 000e FFF7FEFF 		bl	Pin_Green_Read
  45              	.LVL2:
  46 0012 C043     		mvns	r0, r0
  47 0014 C0B2     		uxtb	r0, r0
  48 0016 FFF7FEFF 		bl	Pin_Green_Write
  49              	.LVL3:
  19:main.c        ****     Pin_SW2_ClearInterrupt();
  50              		.loc 1 19 0
  51 001a FFF7FEFF 		bl	Pin_SW2_ClearInterrupt
  52              	.LVL4:
  20:main.c        ****         
  21:main.c        **** }
  53              		.loc 1 21 0
  54              		@ sp needed
  55 001e 10BD     		pop	{r4, pc}
  56              		.cfi_endproc
  57              	.LFE35:
  58              		.size	Pin_SW2_Handler, .-Pin_SW2_Handler
  59              		.section	.text.main,"ax",%progbits
  60              		.align	2
  61              		.global	main
  62              		.code	16
  63              		.thumb_func
  64              		.type	main, %function
  65              	main:
  66              	.LFB36:
  22:main.c        **** 
  23:main.c        **** int main(void)
  24:main.c        **** {
  67              		.loc 1 24 0
  68              		.cfi_startproc
  69              		@ Volatile: function does not return.
  70              		@ args = 0, pretend = 0, frame = 0
  71              		@ frame_needed = 0, uses_anonymous_args = 0
  72 0000 10B5     		push	{r4, lr}
  73              		.cfi_def_cfa_offset 8
  74              		.cfi_offset 4, -8
  75              		.cfi_offset 14, -4
  25:main.c        ****     CyGlobalIntEnable; /* Enable global interrupts. */
  76              		.loc 1 25 0
  77              		.syntax divided
  78              	@ 25 "main.c" 1
  79 0002 62B6     		CPSIE   i
  80              	@ 0 "" 2
  26:main.c        ****     
  27:main.c        ****     Pin_SW2_Int_StartEx(Pin_SW2_Handler);
  81              		.loc 1 27 0
  82              		.thumb
  83              		.syntax unified
  84 0004 0448     		ldr	r0, .L4
  85 0006 FFF7FEFF 		bl	Pin_SW2_Int_StartEx
  86              	.LVL5:
  28:main.c        ****     Pin_Green_Write(~Pin_Green_Read());   
ARM GAS  C:\Users\wl\AppData\Local\Temp\cclFLx1c.s 			page 3


  87              		.loc 1 28 0
  88 000a FFF7FEFF 		bl	Pin_Green_Read
  89              	.LVL6:
  90 000e C043     		mvns	r0, r0
  91 0010 C0B2     		uxtb	r0, r0
  92 0012 FFF7FEFF 		bl	Pin_Green_Write
  93              	.LVL7:
  94              	.L3:
  95 0016 FEE7     		b	.L3
  96              	.L5:
  97              		.align	2
  98              	.L4:
  99 0018 00000000 		.word	Pin_SW2_Handler
 100              		.cfi_endproc
 101              	.LFE36:
 102              		.size	main, .-main
 103              		.text
 104              	.Letext0:
 105              		.file 2 "Generated_Source\\PSoC4/Pin_Red.h"
 106              		.file 3 "Generated_Source\\PSoC4/Pin_Green.h"
 107              		.file 4 "Generated_Source\\PSoC4/Pin_SW2.h"
 108              		.file 5 "Generated_Source\\PSoC4/Pin_SW2_Int.h"
 109              		.section	.debug_info,"",%progbits
 110              	.Ldebug_info0:
 111 0000 53010000 		.4byte	0x153
 112 0004 0400     		.2byte	0x4
 113 0006 00000000 		.4byte	.Ldebug_abbrev0
 114 000a 04       		.byte	0x4
 115 000b 01       		.uleb128 0x1
 116 000c 25010000 		.4byte	.LASF20
 117 0010 0C       		.byte	0xc
 118 0011 32000000 		.4byte	.LASF21
 119 0015 3E000000 		.4byte	.LASF22
 120 0019 00000000 		.4byte	.Ldebug_ranges0+0
 121 001d 00000000 		.4byte	0
 122 0021 00000000 		.4byte	.Ldebug_line0
 123 0025 02       		.uleb128 0x2
 124 0026 01       		.byte	0x1
 125 0027 06       		.byte	0x6
 126 0028 C6010000 		.4byte	.LASF0
 127 002c 02       		.uleb128 0x2
 128 002d 01       		.byte	0x1
 129 002e 08       		.byte	0x8
 130 002f E8000000 		.4byte	.LASF1
 131 0033 02       		.uleb128 0x2
 132 0034 02       		.byte	0x2
 133 0035 05       		.byte	0x5
 134 0036 EB010000 		.4byte	.LASF2
 135 003a 02       		.uleb128 0x2
 136 003b 02       		.byte	0x2
 137 003c 07       		.byte	0x7
 138 003d B3010000 		.4byte	.LASF3
 139 0041 02       		.uleb128 0x2
 140 0042 04       		.byte	0x4
 141 0043 05       		.byte	0x5
 142 0044 06010000 		.4byte	.LASF4
 143 0048 02       		.uleb128 0x2
ARM GAS  C:\Users\wl\AppData\Local\Temp\cclFLx1c.s 			page 4


 144 0049 04       		.byte	0x4
 145 004a 07       		.byte	0x7
 146 004b 8F000000 		.4byte	.LASF5
 147 004f 02       		.uleb128 0x2
 148 0050 08       		.byte	0x8
 149 0051 05       		.byte	0x5
 150 0052 00000000 		.4byte	.LASF6
 151 0056 02       		.uleb128 0x2
 152 0057 08       		.byte	0x8
 153 0058 07       		.byte	0x7
 154 0059 A1000000 		.4byte	.LASF7
 155 005d 03       		.uleb128 0x3
 156 005e 04       		.byte	0x4
 157 005f 05       		.byte	0x5
 158 0060 696E7400 		.ascii	"int\000"
 159 0064 02       		.uleb128 0x2
 160 0065 04       		.byte	0x4
 161 0066 07       		.byte	0x7
 162 0067 F5010000 		.4byte	.LASF8
 163 006b 02       		.uleb128 0x2
 164 006c 04       		.byte	0x4
 165 006d 04       		.byte	0x4
 166 006e D4000000 		.4byte	.LASF9
 167 0072 02       		.uleb128 0x2
 168 0073 08       		.byte	0x8
 169 0074 04       		.byte	0x4
 170 0075 1E010000 		.4byte	.LASF10
 171 0079 02       		.uleb128 0x2
 172 007a 01       		.byte	0x1
 173 007b 08       		.byte	0x8
 174 007c CF000000 		.4byte	.LASF11
 175 0080 02       		.uleb128 0x2
 176 0081 04       		.byte	0x4
 177 0082 07       		.byte	0x7
 178 0083 02020000 		.4byte	.LASF12
 179 0087 02       		.uleb128 0x2
 180 0088 08       		.byte	0x8
 181 0089 04       		.byte	0x4
 182 008a D2010000 		.4byte	.LASF13
 183 008e 04       		.uleb128 0x4
 184 008f F6000000 		.4byte	.LASF23
 185 0093 01       		.byte	0x1
 186 0094 0F       		.byte	0xf
 187 0095 00000000 		.4byte	.LFB35
 188 0099 20000000 		.4byte	.LFE35-.LFB35
 189 009d 01       		.uleb128 0x1
 190 009e 9C       		.byte	0x9c
 191 009f D1000000 		.4byte	0xd1
 192 00a3 05       		.uleb128 0x5
 193 00a4 06000000 		.4byte	.LVL0
 194 00a8 14010000 		.4byte	0x114
 195 00ac 05       		.uleb128 0x5
 196 00ad 0E000000 		.4byte	.LVL1
 197 00b1 1F010000 		.4byte	0x11f
 198 00b5 05       		.uleb128 0x5
 199 00b6 12000000 		.4byte	.LVL2
 200 00ba 2A010000 		.4byte	0x12a
ARM GAS  C:\Users\wl\AppData\Local\Temp\cclFLx1c.s 			page 5


 201 00be 05       		.uleb128 0x5
 202 00bf 1A000000 		.4byte	.LVL3
 203 00c3 35010000 		.4byte	0x135
 204 00c7 05       		.uleb128 0x5
 205 00c8 1E000000 		.4byte	.LVL4
 206 00cc 40010000 		.4byte	0x140
 207 00d0 00       		.byte	0
 208 00d1 06       		.uleb128 0x6
 209 00d2 39000000 		.4byte	.LASF24
 210 00d6 01       		.byte	0x1
 211 00d7 17       		.byte	0x17
 212 00d8 5D000000 		.4byte	0x5d
 213 00dc 00000000 		.4byte	.LFB36
 214 00e0 1C000000 		.4byte	.LFE36-.LFB36
 215 00e4 01       		.uleb128 0x1
 216 00e5 9C       		.byte	0x9c
 217 00e6 14010000 		.4byte	0x114
 218 00ea 07       		.uleb128 0x7
 219 00eb 0A000000 		.4byte	.LVL5
 220 00ef 4B010000 		.4byte	0x14b
 221 00f3 01010000 		.4byte	0x101
 222 00f7 08       		.uleb128 0x8
 223 00f8 01       		.uleb128 0x1
 224 00f9 50       		.byte	0x50
 225 00fa 05       		.uleb128 0x5
 226 00fb 03       		.byte	0x3
 227 00fc 00000000 		.4byte	Pin_SW2_Handler
 228 0100 00       		.byte	0
 229 0101 05       		.uleb128 0x5
 230 0102 0E000000 		.4byte	.LVL6
 231 0106 2A010000 		.4byte	0x12a
 232 010a 05       		.uleb128 0x5
 233 010b 16000000 		.4byte	.LVL7
 234 010f 35010000 		.4byte	0x135
 235 0113 00       		.byte	0
 236 0114 09       		.uleb128 0x9
 237 0115 DE010000 		.4byte	.LASF14
 238 0119 DE010000 		.4byte	.LASF14
 239 011d 02       		.byte	0x2
 240 011e 32       		.byte	0x32
 241 011f 09       		.uleb128 0x9
 242 0120 DA000000 		.4byte	.LASF15
 243 0124 DA000000 		.4byte	.LASF15
 244 0128 02       		.byte	0x2
 245 0129 33       		.byte	0x33
 246 012a 09       		.uleb128 0x9
 247 012b 0F010000 		.4byte	.LASF16
 248 012f 0F010000 		.4byte	.LASF16
 249 0133 03       		.byte	0x3
 250 0134 32       		.byte	0x32
 251 0135 09       		.uleb128 0x9
 252 0136 22000000 		.4byte	.LASF17
 253 013a 22000000 		.4byte	.LASF17
 254 013e 03       		.byte	0x3
 255 013f 33       		.byte	0x33
 256 0140 09       		.uleb128 0x9
 257 0141 B8000000 		.4byte	.LASF18
ARM GAS  C:\Users\wl\AppData\Local\Temp\cclFLx1c.s 			page 6


 258 0145 B8000000 		.4byte	.LASF18
 259 0149 04       		.byte	0x4
 260 014a 39       		.byte	0x39
 261 014b 09       		.uleb128 0x9
 262 014c 0E000000 		.4byte	.LASF19
 263 0150 0E000000 		.4byte	.LASF19
 264 0154 05       		.byte	0x5
 265 0155 18       		.byte	0x18
 266 0156 00       		.byte	0
 267              		.section	.debug_abbrev,"",%progbits
 268              	.Ldebug_abbrev0:
 269 0000 01       		.uleb128 0x1
 270 0001 11       		.uleb128 0x11
 271 0002 01       		.byte	0x1
 272 0003 25       		.uleb128 0x25
 273 0004 0E       		.uleb128 0xe
 274 0005 13       		.uleb128 0x13
 275 0006 0B       		.uleb128 0xb
 276 0007 03       		.uleb128 0x3
 277 0008 0E       		.uleb128 0xe
 278 0009 1B       		.uleb128 0x1b
 279 000a 0E       		.uleb128 0xe
 280 000b 55       		.uleb128 0x55
 281 000c 17       		.uleb128 0x17
 282 000d 11       		.uleb128 0x11
 283 000e 01       		.uleb128 0x1
 284 000f 10       		.uleb128 0x10
 285 0010 17       		.uleb128 0x17
 286 0011 00       		.byte	0
 287 0012 00       		.byte	0
 288 0013 02       		.uleb128 0x2
 289 0014 24       		.uleb128 0x24
 290 0015 00       		.byte	0
 291 0016 0B       		.uleb128 0xb
 292 0017 0B       		.uleb128 0xb
 293 0018 3E       		.uleb128 0x3e
 294 0019 0B       		.uleb128 0xb
 295 001a 03       		.uleb128 0x3
 296 001b 0E       		.uleb128 0xe
 297 001c 00       		.byte	0
 298 001d 00       		.byte	0
 299 001e 03       		.uleb128 0x3
 300 001f 24       		.uleb128 0x24
 301 0020 00       		.byte	0
 302 0021 0B       		.uleb128 0xb
 303 0022 0B       		.uleb128 0xb
 304 0023 3E       		.uleb128 0x3e
 305 0024 0B       		.uleb128 0xb
 306 0025 03       		.uleb128 0x3
 307 0026 08       		.uleb128 0x8
 308 0027 00       		.byte	0
 309 0028 00       		.byte	0
 310 0029 04       		.uleb128 0x4
 311 002a 2E       		.uleb128 0x2e
 312 002b 01       		.byte	0x1
 313 002c 3F       		.uleb128 0x3f
 314 002d 19       		.uleb128 0x19
ARM GAS  C:\Users\wl\AppData\Local\Temp\cclFLx1c.s 			page 7


 315 002e 03       		.uleb128 0x3
 316 002f 0E       		.uleb128 0xe
 317 0030 3A       		.uleb128 0x3a
 318 0031 0B       		.uleb128 0xb
 319 0032 3B       		.uleb128 0x3b
 320 0033 0B       		.uleb128 0xb
 321 0034 27       		.uleb128 0x27
 322 0035 19       		.uleb128 0x19
 323 0036 11       		.uleb128 0x11
 324 0037 01       		.uleb128 0x1
 325 0038 12       		.uleb128 0x12
 326 0039 06       		.uleb128 0x6
 327 003a 40       		.uleb128 0x40
 328 003b 18       		.uleb128 0x18
 329 003c 9742     		.uleb128 0x2117
 330 003e 19       		.uleb128 0x19
 331 003f 01       		.uleb128 0x1
 332 0040 13       		.uleb128 0x13
 333 0041 00       		.byte	0
 334 0042 00       		.byte	0
 335 0043 05       		.uleb128 0x5
 336 0044 898201   		.uleb128 0x4109
 337 0047 00       		.byte	0
 338 0048 11       		.uleb128 0x11
 339 0049 01       		.uleb128 0x1
 340 004a 31       		.uleb128 0x31
 341 004b 13       		.uleb128 0x13
 342 004c 00       		.byte	0
 343 004d 00       		.byte	0
 344 004e 06       		.uleb128 0x6
 345 004f 2E       		.uleb128 0x2e
 346 0050 01       		.byte	0x1
 347 0051 3F       		.uleb128 0x3f
 348 0052 19       		.uleb128 0x19
 349 0053 03       		.uleb128 0x3
 350 0054 0E       		.uleb128 0xe
 351 0055 3A       		.uleb128 0x3a
 352 0056 0B       		.uleb128 0xb
 353 0057 3B       		.uleb128 0x3b
 354 0058 0B       		.uleb128 0xb
 355 0059 27       		.uleb128 0x27
 356 005a 19       		.uleb128 0x19
 357 005b 49       		.uleb128 0x49
 358 005c 13       		.uleb128 0x13
 359 005d 8701     		.uleb128 0x87
 360 005f 19       		.uleb128 0x19
 361 0060 11       		.uleb128 0x11
 362 0061 01       		.uleb128 0x1
 363 0062 12       		.uleb128 0x12
 364 0063 06       		.uleb128 0x6
 365 0064 40       		.uleb128 0x40
 366 0065 18       		.uleb128 0x18
 367 0066 9742     		.uleb128 0x2117
 368 0068 19       		.uleb128 0x19
 369 0069 01       		.uleb128 0x1
 370 006a 13       		.uleb128 0x13
 371 006b 00       		.byte	0
ARM GAS  C:\Users\wl\AppData\Local\Temp\cclFLx1c.s 			page 8


 372 006c 00       		.byte	0
 373 006d 07       		.uleb128 0x7
 374 006e 898201   		.uleb128 0x4109
 375 0071 01       		.byte	0x1
 376 0072 11       		.uleb128 0x11
 377 0073 01       		.uleb128 0x1
 378 0074 31       		.uleb128 0x31
 379 0075 13       		.uleb128 0x13
 380 0076 01       		.uleb128 0x1
 381 0077 13       		.uleb128 0x13
 382 0078 00       		.byte	0
 383 0079 00       		.byte	0
 384 007a 08       		.uleb128 0x8
 385 007b 8A8201   		.uleb128 0x410a
 386 007e 00       		.byte	0
 387 007f 02       		.uleb128 0x2
 388 0080 18       		.uleb128 0x18
 389 0081 9142     		.uleb128 0x2111
 390 0083 18       		.uleb128 0x18
 391 0084 00       		.byte	0
 392 0085 00       		.byte	0
 393 0086 09       		.uleb128 0x9
 394 0087 2E       		.uleb128 0x2e
 395 0088 00       		.byte	0
 396 0089 3F       		.uleb128 0x3f
 397 008a 19       		.uleb128 0x19
 398 008b 3C       		.uleb128 0x3c
 399 008c 19       		.uleb128 0x19
 400 008d 6E       		.uleb128 0x6e
 401 008e 0E       		.uleb128 0xe
 402 008f 03       		.uleb128 0x3
 403 0090 0E       		.uleb128 0xe
 404 0091 3A       		.uleb128 0x3a
 405 0092 0B       		.uleb128 0xb
 406 0093 3B       		.uleb128 0x3b
 407 0094 0B       		.uleb128 0xb
 408 0095 00       		.byte	0
 409 0096 00       		.byte	0
 410 0097 00       		.byte	0
 411              		.section	.debug_aranges,"",%progbits
 412 0000 24000000 		.4byte	0x24
 413 0004 0200     		.2byte	0x2
 414 0006 00000000 		.4byte	.Ldebug_info0
 415 000a 04       		.byte	0x4
 416 000b 00       		.byte	0
 417 000c 0000     		.2byte	0
 418 000e 0000     		.2byte	0
 419 0010 00000000 		.4byte	.LFB35
 420 0014 20000000 		.4byte	.LFE35-.LFB35
 421 0018 00000000 		.4byte	.LFB36
 422 001c 1C000000 		.4byte	.LFE36-.LFB36
 423 0020 00000000 		.4byte	0
 424 0024 00000000 		.4byte	0
 425              		.section	.debug_ranges,"",%progbits
 426              	.Ldebug_ranges0:
 427 0000 00000000 		.4byte	.LFB35
 428 0004 20000000 		.4byte	.LFE35
ARM GAS  C:\Users\wl\AppData\Local\Temp\cclFLx1c.s 			page 9


 429 0008 00000000 		.4byte	.LFB36
 430 000c 1C000000 		.4byte	.LFE36
 431 0010 00000000 		.4byte	0
 432 0014 00000000 		.4byte	0
 433              		.section	.debug_line,"",%progbits
 434              	.Ldebug_line0:
 435 0000 99000000 		.section	.debug_str,"MS",%progbits,1
 435      02006E00 
 435      00000201 
 435      FB0E0D00 
 435      01010101 
 436              	.LASF6:
 437 0000 6C6F6E67 		.ascii	"long long int\000"
 437      206C6F6E 
 437      6720696E 
 437      7400
 438              	.LASF19:
 439 000e 50696E5F 		.ascii	"Pin_SW2_Int_StartEx\000"
 439      5357325F 
 439      496E745F 
 439      53746172 
 439      74457800 
 440              	.LASF17:
 441 0022 50696E5F 		.ascii	"Pin_Green_Write\000"
 441      47726565 
 441      6E5F5772 
 441      69746500 
 442              	.LASF21:
 443 0032 6D61696E 		.ascii	"main.c\000"
 443      2E6300
 444              	.LASF24:
 445 0039 6D61696E 		.ascii	"main\000"
 445      00
 446              	.LASF22:
 447 003e 433A5C55 		.ascii	"C:\\Users\\wl\\Desktop\\cypressResource\\projects\\"
 447      73657273 
 447      5C776C5C 
 447      4465736B 
 447      746F705C 
 448 006b 576F726B 		.ascii	"Workspace01\\Lesson3-Interrupt.cydsn\000"
 448      73706163 
 448      6530315C 
 448      4C657373 
 448      6F6E332D 
 449              	.LASF5:
 450 008f 6C6F6E67 		.ascii	"long unsigned int\000"
 450      20756E73 
 450      69676E65 
 450      6420696E 
 450      7400
 451              	.LASF7:
 452 00a1 6C6F6E67 		.ascii	"long long unsigned int\000"
 452      206C6F6E 
 452      6720756E 
 452      7369676E 
 452      65642069 
 453              	.LASF18:
ARM GAS  C:\Users\wl\AppData\Local\Temp\cclFLx1c.s 			page 10


 454 00b8 50696E5F 		.ascii	"Pin_SW2_ClearInterrupt\000"
 454      5357325F 
 454      436C6561 
 454      72496E74 
 454      65727275 
 455              	.LASF11:
 456 00cf 63686172 		.ascii	"char\000"
 456      00
 457              	.LASF9:
 458 00d4 666C6F61 		.ascii	"float\000"
 458      7400
 459              	.LASF15:
 460 00da 50696E5F 		.ascii	"Pin_Red_Write\000"
 460      5265645F 
 460      57726974 
 460      6500
 461              	.LASF1:
 462 00e8 756E7369 		.ascii	"unsigned char\000"
 462      676E6564 
 462      20636861 
 462      7200
 463              	.LASF23:
 464 00f6 50696E5F 		.ascii	"Pin_SW2_Handler\000"
 464      5357325F 
 464      48616E64 
 464      6C657200 
 465              	.LASF4:
 466 0106 6C6F6E67 		.ascii	"long int\000"
 466      20696E74 
 466      00
 467              	.LASF16:
 468 010f 50696E5F 		.ascii	"Pin_Green_Read\000"
 468      47726565 
 468      6E5F5265 
 468      616400
 469              	.LASF10:
 470 011e 646F7562 		.ascii	"double\000"
 470      6C6500
 471              	.LASF20:
 472 0125 474E5520 		.ascii	"GNU C11 5.4.1 20160609 (release) [ARM/embedded-5-br"
 472      43313120 
 472      352E342E 
 472      31203230 
 472      31363036 
 473 0158 616E6368 		.ascii	"anch revision 237715] -mcpu=cortex-m0 -mthumb -g -O"
 473      20726576 
 473      6973696F 
 473      6E203233 
 473      37373135 
 474 018b 67202D66 		.ascii	"g -ffunction-sections -ffat-lto-objects\000"
 474      66756E63 
 474      74696F6E 
 474      2D736563 
 474      74696F6E 
 475              	.LASF3:
 476 01b3 73686F72 		.ascii	"short unsigned int\000"
 476      7420756E 
ARM GAS  C:\Users\wl\AppData\Local\Temp\cclFLx1c.s 			page 11


 476      7369676E 
 476      65642069 
 476      6E7400
 477              	.LASF0:
 478 01c6 7369676E 		.ascii	"signed char\000"
 478      65642063 
 478      68617200 
 479              	.LASF13:
 480 01d2 6C6F6E67 		.ascii	"long double\000"
 480      20646F75 
 480      626C6500 
 481              	.LASF14:
 482 01de 50696E5F 		.ascii	"Pin_Red_Read\000"
 482      5265645F 
 482      52656164 
 482      00
 483              	.LASF2:
 484 01eb 73686F72 		.ascii	"short int\000"
 484      7420696E 
 484      7400
 485              	.LASF8:
 486 01f5 756E7369 		.ascii	"unsigned int\000"
 486      676E6564 
 486      20696E74 
 486      00
 487              	.LASF12:
 488 0202 73697A65 		.ascii	"sizetype\000"
 488      74797065 
 488      00
 489              		.ident	"GCC: (GNU Tools for ARM Embedded Processors) 5.4.1 20160609 (release) [ARM/embedded-5-bran
